2021-12-21T03:55:08+00:00 CRITICAL Uncaught Error: Call to a member function get_cart_contents_count() on null in E:\laragon\www\chutetest\wp-content\themes\generatepress_child\functions.php:1539
Stack trace:
#0 E:\laragon\www\chutetest\wp-includes\class-wp-hook.php(303): empty_cart('')
#1 E:\laragon\www\chutetest\wp-includes\class-wp-hook.php(327): WP_Hook->apply_filters(NULL, Array)
#2 E:\laragon\www\chutetest\wp-includes\plugin.php(470): WP_Hook->do_action(Array)
#3 E:\laragon\www\chutetest\wp-settings.php(578): do_action('init')
#4 E:\laragon\www\chutetest\wp-config.php(102): require_once('E:\\laragon\\www\\...')
#5 E:\laragon\www\chutetest\wp-load.php(50): require_once('E:\\laragon\\www\\...')
#6 E:\laragon\www\chutetest\wp-cron.php(44): require_once('E:\\laragon\\www\\...')
#7 {main}
  thrown dans E:\laragon\www\chutetest\wp-content\themes\generatepress_child\functions.php à la ligne 1539

2021-12-21T03:56:19+00:00 CRITICAL Uncaught Error: Call to a member function get_cart_contents_count() on null in E:\laragon\www\chutetest\wp-content\themes\generatepress_child\functions.php:1539
Stack trace:
#0 E:\laragon\www\chutetest\wp-includes\class-wp-hook.php(303): empty_cart('')
#1 E:\laragon\www\chutetest\wp-includes\class-wp-hook.php(327): WP_Hook->apply_filters(NULL, Array)
#2 E:\laragon\www\chutetest\wp-includes\plugin.php(470): WP_Hook->do_action(Array)
#3 E:\laragon\www\chutetest\wp-settings.php(578): do_action('init')
#4 E:\laragon\www\chutetest\wp-config.php(102): require_once('E:\\laragon\\www\\...')
#5 E:\laragon\www\chutetest\wp-load.php(50): require_once('E:\\laragon\\www\\...')
#6 E:\laragon\www\chutetest\wp-cron.php(44): require_once('E:\\laragon\\www\\...')
#7 {main}
  thrown dans E:\laragon\www\chutetest\wp-content\themes\generatepress_child\functions.php à la ligne 1539

2021-12-21T03:56:43+00:00 CRITICAL Uncaught Error: Call to a member function get_cart_contents_count() on null in E:\laragon\www\chutetest\wp-content\themes\generatepress_child\functions.php:1539
Stack trace:
#0 E:\laragon\www\chutetest\wp-includes\class-wp-hook.php(303): empty_cart('')
#1 E:\laragon\www\chutetest\wp-includes\class-wp-hook.php(327): WP_Hook->apply_filters(NULL, Array)
#2 E:\laragon\www\chutetest\wp-includes\plugin.php(470): WP_Hook->do_action(Array)
#3 E:\laragon\www\chutetest\wp-settings.php(578): do_action('init')
#4 E:\laragon\www\chutetest\wp-config.php(102): require_once('E:\\laragon\\www\\...')
#5 E:\laragon\www\chutetest\wp-load.php(50): require_once('E:\\laragon\\www\\...')
#6 E:\laragon\www\chutetest\wp-blog-header.php(13): require_once('E:\\laragon\\www\\...')
#7 E:\laragon\www\chutetest\index.php(17): require('E:\\laragon\\www\\...')
#8 {main}
  thrown dans E:\laragon\www\chutetest\wp-content\themes\generatepress_child\functions.php à la ligne 1539

2021-12-21T03:56:43+00:00 CRITICAL Uncaught Error: Call to a member function get_cart_contents_count() on null in E:\laragon\www\chutetest\wp-content\themes\generatepress_child\functions.php:1539
Stack trace:
#0 E:\laragon\www\chutetest\wp-includes\class-wp-hook.php(303): empty_cart('')
#1 E:\laragon\www\chutetest\wp-includes\class-wp-hook.php(327): WP_Hook->apply_filters(NULL, Array)
#2 E:\laragon\www\chutetest\wp-includes\plugin.php(470): WP_Hook->do_action(Array)
#3 E:\laragon\www\chutetest\wp-settings.php(578): do_action('init')
#4 E:\laragon\www\chutetest\wp-config.php(102): require_once('E:\\laragon\\www\\...')
#5 E:\laragon\www\chutetest\wp-load.php(50): require_once('E:\\laragon\\www\\...')
#6 E:\laragon\www\chutetest\wp-blog-header.php(13): require_once('E:\\laragon\\www\\...')
#7 E:\laragon\www\chutetest\index.php(17): require('E:\\laragon\\www\\...')
#8 {main}
  thrown dans E:\laragon\www\chutetest\wp-content\themes\generatepress_child\functions.php à la ligne 1539

2021-12-21T03:56:43+00:00 CRITICAL Uncaught Error: Call to a member function get_cart_contents_count() on null in E:\laragon\www\chutetest\wp-content\themes\generatepress_child\functions.php:1539
Stack trace:
#0 E:\laragon\www\chutetest\wp-includes\class-wp-hook.php(303): empty_cart('')
#1 E:\laragon\www\chutetest\wp-includes\class-wp-hook.php(327): WP_Hook->apply_filters(NULL, Array)
#2 E:\laragon\www\chutetest\wp-includes\plugin.php(470): WP_Hook->do_action(Array)
#3 E:\laragon\www\chutetest\wp-settings.php(578): do_action('init')
#4 E:\laragon\www\chutetest\wp-config.php(102): require_once('E:\\laragon\\www\\...')
#5 E:\laragon\www\chutetest\wp-load.php(50): require_once('E:\\laragon\\www\\...')
#6 E:\laragon\www\chutetest\wp-blog-header.php(13): require_once('E:\\laragon\\www\\...')
#7 E:\laragon\www\chutetest\index.php(17): require('E:\\laragon\\www\\...')
#8 {main}
  thrown dans E:\laragon\www\chutetest\wp-content\themes\generatepress_child\functions.php à la ligne 1539

2021-12-21T03:56:43+00:00 CRITICAL Uncaught Error: Call to a member function get_cart_contents_count() on null in E:\laragon\www\chutetest\wp-content\themes\generatepress_child\functions.php:1539
Stack trace:
#0 E:\laragon\www\chutetest\wp-includes\class-wp-hook.php(303): empty_cart('')
#1 E:\laragon\www\chutetest\wp-includes\class-wp-hook.php(327): WP_Hook->apply_filters(NULL, Array)
#2 E:\laragon\www\chutetest\wp-includes\plugin.php(470): WP_Hook->do_action(Array)
#3 E:\laragon\www\chutetest\wp-settings.php(578): do_action('init')
#4 E:\laragon\www\chutetest\wp-config.php(102): require_once('E:\\laragon\\www\\...')
#5 E:\laragon\www\chutetest\wp-load.php(50): require_once('E:\\laragon\\www\\...')
#6 E:\laragon\www\chutetest\wp-blog-header.php(13): require_once('E:\\laragon\\www\\...')
#7 E:\laragon\www\chutetest\index.php(17): require('E:\\laragon\\www\\...')
#8 {main}
  thrown dans E:\laragon\www\chutetest\wp-content\themes\generatepress_child\functions.php à la ligne 1539

2021-12-21T03:57:26+00:00 CRITICAL Uncaught Error: Call to a member function get_cart_contents_count() on null in E:\laragon\www\chutetest\wp-content\themes\generatepress_child\functions.php:1539
Stack trace:
#0 E:\laragon\www\chutetest\wp-includes\class-wp-hook.php(303): empty_cart('')
#1 E:\laragon\www\chutetest\wp-includes\class-wp-hook.php(327): WP_Hook->apply_filters(NULL, Array)
#2 E:\laragon\www\chutetest\wp-includes\plugin.php(470): WP_Hook->do_action(Array)
#3 E:\laragon\www\chutetest\wp-settings.php(578): do_action('init')
#4 E:\laragon\www\chutetest\wp-config.php(102): require_once('E:\\laragon\\www\\...')
#5 E:\laragon\www\chutetest\wp-load.php(50): require_once('E:\\laragon\\www\\...')
#6 E:\laragon\www\chutetest\wp-cron.php(44): require_once('E:\\laragon\\www\\...')
#7 {main}
  thrown dans E:\laragon\www\chutetest\wp-content\themes\generatepress_child\functions.php à la ligne 1539

2021-12-21T03:58:26+00:00 CRITICAL Uncaught Error: Call to a member function get_cart_contents_count() on null in E:\laragon\www\chutetest\wp-content\themes\generatepress_child\functions.php:1539
Stack trace:
#0 E:\laragon\www\chutetest\wp-includes\class-wp-hook.php(303): empty_cart('')
#1 E:\laragon\www\chutetest\wp-includes\class-wp-hook.php(327): WP_Hook->apply_filters(NULL, Array)
#2 E:\laragon\www\chutetest\wp-includes\plugin.php(470): WP_Hook->do_action(Array)
#3 E:\laragon\www\chutetest\wp-settings.php(578): do_action('init')
#4 E:\laragon\www\chutetest\wp-config.php(102): require_once('E:\\laragon\\www\\...')
#5 E:\laragon\www\chutetest\wp-load.php(50): require_once('E:\\laragon\\www\\...')
#6 E:\laragon\www\chutetest\wp-cron.php(44): require_once('E:\\laragon\\www\\...')
#7 {main}
  thrown dans E:\laragon\www\chutetest\wp-content\themes\generatepress_child\functions.php à la ligne 1539

2021-12-21T04:03:30+00:00 CRITICAL Uncaught Error: Call to a member function get_cart_contents_count() on null in E:\laragon\www\chutetest\wp-content\themes\generatepress_child\functions.php:1539
Stack trace:
#0 E:\laragon\www\chutetest\wp-includes\class-wp-hook.php(303): empty_cart('')
#1 E:\laragon\www\chutetest\wp-includes\class-wp-hook.php(327): WP_Hook->apply_filters(NULL, Array)
#2 E:\laragon\www\chutetest\wp-includes\plugin.php(470): WP_Hook->do_action(Array)
#3 E:\laragon\www\chutetest\wp-settings.php(578): do_action('init')
#4 E:\laragon\www\chutetest\wp-config.php(102): require_once('E:\\laragon\\www\\...')
#5 E:\laragon\www\chutetest\wp-load.php(50): require_once('E:\\laragon\\www\\...')
#6 E:\laragon\www\chutetest\wp-cron.php(44): require_once('E:\\laragon\\www\\...')
#7 {main}
  thrown dans E:\laragon\www\chutetest\wp-content\themes\generatepress_child\functions.php à la ligne 1539

2021-12-21T05:13:21+00:00 CRITICAL Uncaught Error: Call to a member function get_cart_contents_count() on null in E:\laragon\www\chutetest\wp-content\themes\generatepress_child\functions.php:1539
Stack trace:
#0 E:\laragon\www\chutetest\wp-includes\class-wp-hook.php(303): empty_cart('')
#1 E:\laragon\www\chutetest\wp-includes\class-wp-hook.php(327): WP_Hook->apply_filters(NULL, Array)
#2 E:\laragon\www\chutetest\wp-includes\plugin.php(470): WP_Hook->do_action(Array)
#3 E:\laragon\www\chutetest\wp-settings.php(578): do_action('init')
#4 E:\laragon\www\chutetest\wp-config.php(102): require_once('E:\\laragon\\www\\...')
#5 E:\laragon\www\chutetest\wp-load.php(50): require_once('E:\\laragon\\www\\...')
#6 E:\laragon\www\chutetest\wp-cron.php(44): require_once('E:\\laragon\\www\\...')
#7 {main}
  thrown dans E:\laragon\www\chutetest\wp-content\themes\generatepress_child\functions.php à la ligne 1539

