2022-02-10T06:08:47+00:00 CRITICAL Uncaught Error: Call to a member function get_cart_contents_count() on null in E:\laragon\www\chutetest\wp-content\themes\generatepress_child\functions.php:1539
Stack trace:
#0 E:\laragon\www\chutetest\wp-includes\class-wp-hook.php(303): empty_cart('')
#1 E:\laragon\www\chutetest\wp-includes\class-wp-hook.php(327): WP_Hook->apply_filters(NULL, Array)
#2 E:\laragon\www\chutetest\wp-includes\plugin.php(470): WP_Hook->do_action(Array)
#3 E:\laragon\www\chutetest\wp-settings.php(578): do_action('init')
#4 E:\laragon\www\chutetest\wp-config.php(102): require_once('E:\\laragon\\www\\...')
#5 E:\laragon\www\chutetest\wp-load.php(50): require_once('E:\\laragon\\www\\...')
#6 E:\laragon\www\chutetest\wp-cron.php(44): require_once('E:\\laragon\\www\\...')
#7 {main}
  thrown dans E:\laragon\www\chutetest\wp-content\themes\generatepress_child\functions.php à la ligne 1539

2022-02-10T06:08:47+00:00 CRITICAL Uncaught Error: Call to a member function get_cart_contents_count() on null in E:\laragon\www\chutetest\wp-content\themes\generatepress_child\functions.php:1539
Stack trace:
#0 E:\laragon\www\chutetest\wp-includes\class-wp-hook.php(303): empty_cart('')
#1 E:\laragon\www\chutetest\wp-includes\class-wp-hook.php(327): WP_Hook->apply_filters(NULL, Array)
#2 E:\laragon\www\chutetest\wp-includes\plugin.php(470): WP_Hook->do_action(Array)
#3 E:\laragon\www\chutetest\wp-settings.php(578): do_action('init')
#4 E:\laragon\www\chutetest\wp-config.php(102): require_once('E:\\laragon\\www\\...')
#5 E:\laragon\www\chutetest\wp-load.php(50): require_once('E:\\laragon\\www\\...')
#6 E:\laragon\www\chutetest\wp-cron.php(44): require_once('E:\\laragon\\www\\...')
#7 {main}
  thrown dans E:\laragon\www\chutetest\wp-content\themes\generatepress_child\functions.php à la ligne 1539

2022-02-10T06:13:59+00:00 CRITICAL Uncaught Error: Call to a member function get_cart_contents_count() on null in E:\laragon\www\chutetest\wp-content\themes\generatepress_child\functions.php:1539
Stack trace:
#0 E:\laragon\www\chutetest\wp-includes\class-wp-hook.php(303): empty_cart('')
#1 E:\laragon\www\chutetest\wp-includes\class-wp-hook.php(327): WP_Hook->apply_filters(NULL, Array)
#2 E:\laragon\www\chutetest\wp-includes\plugin.php(470): WP_Hook->do_action(Array)
#3 E:\laragon\www\chutetest\wp-settings.php(578): do_action('init')
#4 E:\laragon\www\chutetest\wp-config.php(102): require_once('E:\\laragon\\www\\...')
#5 E:\laragon\www\chutetest\wp-load.php(50): require_once('E:\\laragon\\www\\...')
#6 E:\laragon\www\chutetest\wp-cron.php(44): require_once('E:\\laragon\\www\\...')
#7 {main}
  thrown dans E:\laragon\www\chutetest\wp-content\themes\generatepress_child\functions.php à la ligne 1539

2022-02-10T06:15:25+00:00 CRITICAL Uncaught Error: Call to a member function get_cart_contents_count() on null in E:\laragon\www\chutetest\wp-content\themes\generatepress_child\functions.php:1539
Stack trace:
#0 E:\laragon\www\chutetest\wp-includes\class-wp-hook.php(303): empty_cart('')
#1 E:\laragon\www\chutetest\wp-includes\class-wp-hook.php(327): WP_Hook->apply_filters(NULL, Array)
#2 E:\laragon\www\chutetest\wp-includes\plugin.php(470): WP_Hook->do_action(Array)
#3 E:\laragon\www\chutetest\wp-settings.php(578): do_action('init')
#4 E:\laragon\www\chutetest\wp-config.php(102): require_once('E:\\laragon\\www\\...')
#5 E:\laragon\www\chutetest\wp-load.php(50): require_once('E:\\laragon\\www\\...')
#6 E:\laragon\www\chutetest\wp-cron.php(44): require_once('E:\\laragon\\www\\...')
#7 {main}
  thrown dans E:\laragon\www\chutetest\wp-content\themes\generatepress_child\functions.php à la ligne 1539

2022-02-10T06:21:17+00:00 CRITICAL Maximum execution time of 300 seconds exceeded dans E:\laragon\www\chutetest\wp-includes\Requests\Transport\cURL.php à la ligne 165

2022-02-10T06:30:26+00:00 CRITICAL Uncaught Error: Call to a member function get_cart_contents_count() on null in E:\laragon\www\chutetest\wp-content\themes\generatepress_child\functions.php:1539
Stack trace:
#0 E:\laragon\www\chutetest\wp-includes\class-wp-hook.php(303): empty_cart('')
#1 E:\laragon\www\chutetest\wp-includes\class-wp-hook.php(327): WP_Hook->apply_filters(NULL, Array)
#2 E:\laragon\www\chutetest\wp-includes\plugin.php(470): WP_Hook->do_action(Array)
#3 E:\laragon\www\chutetest\wp-settings.php(578): do_action('init')
#4 E:\laragon\www\chutetest\wp-config.php(102): require_once('E:\\laragon\\www\\...')
#5 E:\laragon\www\chutetest\wp-load.php(50): require_once('E:\\laragon\\www\\...')
#6 E:\laragon\www\chutetest\wp-cron.php(44): require_once('E:\\laragon\\www\\...')
#7 {main}
  thrown dans E:\laragon\www\chutetest\wp-content\themes\generatepress_child\functions.php à la ligne 1539

2022-02-10T06:31:48+00:00 CRITICAL Uncaught Error: Call to a member function get_cart_contents_count() on null in E:\laragon\www\chutetest\wp-content\themes\generatepress_child\functions.php:1539
Stack trace:
#0 E:\laragon\www\chutetest\wp-includes\class-wp-hook.php(303): empty_cart('')
#1 E:\laragon\www\chutetest\wp-includes\class-wp-hook.php(327): WP_Hook->apply_filters(NULL, Array)
#2 E:\laragon\www\chutetest\wp-includes\plugin.php(470): WP_Hook->do_action(Array)
#3 E:\laragon\www\chutetest\wp-settings.php(578): do_action('init')
#4 E:\laragon\www\chutetest\wp-config.php(102): require_once('E:\\laragon\\www\\...')
#5 E:\laragon\www\chutetest\wp-load.php(50): require_once('E:\\laragon\\www\\...')
#6 E:\laragon\www\chutetest\wp-cron.php(44): require_once('E:\\laragon\\www\\...')
#7 {main}
  thrown dans E:\laragon\www\chutetest\wp-content\themes\generatepress_child\functions.php à la ligne 1539

2022-02-10T06:46:17+00:00 CRITICAL Uncaught Error: Call to a member function get_cart_contents_count() on null in E:\laragon\www\chutetest\wp-content\themes\generatepress_child\functions.php:1539
Stack trace:
#0 E:\laragon\www\chutetest\wp-includes\class-wp-hook.php(303): empty_cart('')
#1 E:\laragon\www\chutetest\wp-includes\class-wp-hook.php(327): WP_Hook->apply_filters(NULL, Array)
#2 E:\laragon\www\chutetest\wp-includes\plugin.php(470): WP_Hook->do_action(Array)
#3 E:\laragon\www\chutetest\wp-settings.php(578): do_action('init')
#4 E:\laragon\www\chutetest\wp-config.php(102): require_once('E:\\laragon\\www\\...')
#5 E:\laragon\www\chutetest\wp-load.php(50): require_once('E:\\laragon\\www\\...')
#6 E:\laragon\www\chutetest\wp-cron.php(44): require_once('E:\\laragon\\www\\...')
#7 {main}
  thrown dans E:\laragon\www\chutetest\wp-content\themes\generatepress_child\functions.php à la ligne 1539

2022-02-10T06:47:27+00:00 CRITICAL Uncaught Error: Call to a member function get_cart_contents_count() on null in E:\laragon\www\chutetest\wp-content\themes\generatepress_child\functions.php:1539
Stack trace:
#0 E:\laragon\www\chutetest\wp-includes\class-wp-hook.php(303): empty_cart('')
#1 E:\laragon\www\chutetest\wp-includes\class-wp-hook.php(327): WP_Hook->apply_filters(NULL, Array)
#2 E:\laragon\www\chutetest\wp-includes\plugin.php(470): WP_Hook->do_action(Array)
#3 E:\laragon\www\chutetest\wp-settings.php(578): do_action('init')
#4 E:\laragon\www\chutetest\wp-config.php(102): require_once('E:\\laragon\\www\\...')
#5 E:\laragon\www\chutetest\wp-load.php(50): require_once('E:\\laragon\\www\\...')
#6 E:\laragon\www\chutetest\wp-cron.php(44): require_once('E:\\laragon\\www\\...')
#7 {main}
  thrown dans E:\laragon\www\chutetest\wp-content\themes\generatepress_child\functions.php à la ligne 1539

2022-02-10T06:48:27+00:00 CRITICAL Uncaught Error: Call to a member function get_cart_contents_count() on null in E:\laragon\www\chutetest\wp-content\themes\generatepress_child\functions.php:1539
Stack trace:
#0 E:\laragon\www\chutetest\wp-includes\class-wp-hook.php(303): empty_cart('')
#1 E:\laragon\www\chutetest\wp-includes\class-wp-hook.php(327): WP_Hook->apply_filters(NULL, Array)
#2 E:\laragon\www\chutetest\wp-includes\plugin.php(470): WP_Hook->do_action(Array)
#3 E:\laragon\www\chutetest\wp-settings.php(578): do_action('init')
#4 E:\laragon\www\chutetest\wp-config.php(102): require_once('E:\\laragon\\www\\...')
#5 E:\laragon\www\chutetest\wp-load.php(50): require_once('E:\\laragon\\www\\...')
#6 E:\laragon\www\chutetest\wp-cron.php(44): require_once('E:\\laragon\\www\\...')
#7 {main}
  thrown dans E:\laragon\www\chutetest\wp-content\themes\generatepress_child\functions.php à la ligne 1539

2022-02-10T06:50:27+00:00 CRITICAL Uncaught Error: Call to a member function get_cart_contents_count() on null in E:\laragon\www\chutetest\wp-content\themes\generatepress_child\functions.php:1539
Stack trace:
#0 E:\laragon\www\chutetest\wp-includes\class-wp-hook.php(303): empty_cart('')
#1 E:\laragon\www\chutetest\wp-includes\class-wp-hook.php(327): WP_Hook->apply_filters(NULL, Array)
#2 E:\laragon\www\chutetest\wp-includes\plugin.php(470): WP_Hook->do_action(Array)
#3 E:\laragon\www\chutetest\wp-settings.php(578): do_action('init')
#4 E:\laragon\www\chutetest\wp-config.php(102): require_once('E:\\laragon\\www\\...')
#5 E:\laragon\www\chutetest\wp-load.php(50): require_once('E:\\laragon\\www\\...')
#6 E:\laragon\www\chutetest\wp-cron.php(44): require_once('E:\\laragon\\www\\...')
#7 {main}
  thrown dans E:\laragon\www\chutetest\wp-content\themes\generatepress_child\functions.php à la ligne 1539

2022-02-10T06:52:27+00:00 CRITICAL Uncaught Error: Call to a member function get_cart_contents_count() on null in E:\laragon\www\chutetest\wp-content\themes\generatepress_child\functions.php:1539
Stack trace:
#0 E:\laragon\www\chutetest\wp-includes\class-wp-hook.php(303): empty_cart('')
#1 E:\laragon\www\chutetest\wp-includes\class-wp-hook.php(327): WP_Hook->apply_filters(NULL, Array)
#2 E:\laragon\www\chutetest\wp-includes\plugin.php(470): WP_Hook->do_action(Array)
#3 E:\laragon\www\chutetest\wp-settings.php(578): do_action('init')
#4 E:\laragon\www\chutetest\wp-config.php(102): require_once('E:\\laragon\\www\\...')
#5 E:\laragon\www\chutetest\wp-load.php(50): require_once('E:\\laragon\\www\\...')
#6 E:\laragon\www\chutetest\wp-cron.php(44): require_once('E:\\laragon\\www\\...')
#7 {main}
  thrown dans E:\laragon\www\chutetest\wp-content\themes\generatepress_child\functions.php à la ligne 1539

2022-02-10T06:54:27+00:00 CRITICAL Uncaught Error: Call to a member function get_cart_contents_count() on null in E:\laragon\www\chutetest\wp-content\themes\generatepress_child\functions.php:1539
Stack trace:
#0 E:\laragon\www\chutetest\wp-includes\class-wp-hook.php(303): empty_cart('')
#1 E:\laragon\www\chutetest\wp-includes\class-wp-hook.php(327): WP_Hook->apply_filters(NULL, Array)
#2 E:\laragon\www\chutetest\wp-includes\plugin.php(470): WP_Hook->do_action(Array)
#3 E:\laragon\www\chutetest\wp-settings.php(578): do_action('init')
#4 E:\laragon\www\chutetest\wp-config.php(102): require_once('E:\\laragon\\www\\...')
#5 E:\laragon\www\chutetest\wp-load.php(50): require_once('E:\\laragon\\www\\...')
#6 E:\laragon\www\chutetest\wp-cron.php(44): require_once('E:\\laragon\\www\\...')
#7 {main}
  thrown dans E:\laragon\www\chutetest\wp-content\themes\generatepress_child\functions.php à la ligne 1539

2022-02-10T06:55:27+00:00 CRITICAL Uncaught Error: Call to a member function get_cart_contents_count() on null in E:\laragon\www\chutetest\wp-content\themes\generatepress_child\functions.php:1539
Stack trace:
#0 E:\laragon\www\chutetest\wp-includes\class-wp-hook.php(303): empty_cart('')
#1 E:\laragon\www\chutetest\wp-includes\class-wp-hook.php(327): WP_Hook->apply_filters(NULL, Array)
#2 E:\laragon\www\chutetest\wp-includes\plugin.php(470): WP_Hook->do_action(Array)
#3 E:\laragon\www\chutetest\wp-settings.php(578): do_action('init')
#4 E:\laragon\www\chutetest\wp-config.php(102): require_once('E:\\laragon\\www\\...')
#5 E:\laragon\www\chutetest\wp-load.php(50): require_once('E:\\laragon\\www\\...')
#6 E:\laragon\www\chutetest\wp-cron.php(44): require_once('E:\\laragon\\www\\...')
#7 {main}
  thrown dans E:\laragon\www\chutetest\wp-content\themes\generatepress_child\functions.php à la ligne 1539

2022-02-10T06:57:28+00:00 CRITICAL Uncaught Error: Call to a member function get_cart_contents_count() on null in E:\laragon\www\chutetest\wp-content\themes\generatepress_child\functions.php:1539
Stack trace:
#0 E:\laragon\www\chutetest\wp-includes\class-wp-hook.php(303): empty_cart('')
#1 E:\laragon\www\chutetest\wp-includes\class-wp-hook.php(327): WP_Hook->apply_filters(NULL, Array)
#2 E:\laragon\www\chutetest\wp-includes\plugin.php(470): WP_Hook->do_action(Array)
#3 E:\laragon\www\chutetest\wp-settings.php(578): do_action('init')
#4 E:\laragon\www\chutetest\wp-config.php(102): require_once('E:\\laragon\\www\\...')
#5 E:\laragon\www\chutetest\wp-load.php(50): require_once('E:\\laragon\\www\\...')
#6 E:\laragon\www\chutetest\wp-cron.php(44): require_once('E:\\laragon\\www\\...')
#7 {main}
  thrown dans E:\laragon\www\chutetest\wp-content\themes\generatepress_child\functions.php à la ligne 1539

2022-02-10T06:59:16+00:00 CRITICAL Uncaught Error: Call to a member function get_cart_contents_count() on null in E:\laragon\www\chutetest\wp-content\themes\generatepress_child\functions.php:1539
Stack trace:
#0 E:\laragon\www\chutetest\wp-includes\class-wp-hook.php(303): empty_cart('')
#1 E:\laragon\www\chutetest\wp-includes\class-wp-hook.php(327): WP_Hook->apply_filters(NULL, Array)
#2 E:\laragon\www\chutetest\wp-includes\plugin.php(470): WP_Hook->do_action(Array)
#3 E:\laragon\www\chutetest\wp-settings.php(578): do_action('init')
#4 E:\laragon\www\chutetest\wp-config.php(102): require_once('E:\\laragon\\www\\...')
#5 E:\laragon\www\chutetest\wp-load.php(50): require_once('E:\\laragon\\www\\...')
#6 E:\laragon\www\chutetest\wp-cron.php(44): require_once('E:\\laragon\\www\\...')
#7 {main}
  thrown dans E:\laragon\www\chutetest\wp-content\themes\generatepress_child\functions.php à la ligne 1539

2022-02-10T07:14:07+00:00 CRITICAL Uncaught Error: Call to a member function get_cart_contents_count() on null in E:\laragon\www\chutetest\wp-content\themes\generatepress_child\functions.php:1539
Stack trace:
#0 E:\laragon\www\chutetest\wp-includes\class-wp-hook.php(303): empty_cart('')
#1 E:\laragon\www\chutetest\wp-includes\class-wp-hook.php(327): WP_Hook->apply_filters(NULL, Array)
#2 E:\laragon\www\chutetest\wp-includes\plugin.php(470): WP_Hook->do_action(Array)
#3 E:\laragon\www\chutetest\wp-settings.php(578): do_action('init')
#4 E:\laragon\www\chutetest\wp-config.php(102): require_once('E:\\laragon\\www\\...')
#5 E:\laragon\www\chutetest\wp-load.php(50): require_once('E:\\laragon\\www\\...')
#6 E:\laragon\www\chutetest\wp-cron.php(44): require_once('E:\\laragon\\www\\...')
#7 {main}
  thrown dans E:\laragon\www\chutetest\wp-content\themes\generatepress_child\functions.php à la ligne 1539

2022-02-10T07:40:36+00:00 CRITICAL Uncaught Error: Call to a member function get_cart_contents_count() on null in E:\laragon\www\chutetest\wp-content\themes\generatepress_child\functions.php:1539
Stack trace:
#0 E:\laragon\www\chutetest\wp-includes\class-wp-hook.php(303): empty_cart('')
#1 E:\laragon\www\chutetest\wp-includes\class-wp-hook.php(327): WP_Hook->apply_filters(NULL, Array)
#2 E:\laragon\www\chutetest\wp-includes\plugin.php(470): WP_Hook->do_action(Array)
#3 E:\laragon\www\chutetest\wp-settings.php(578): do_action('init')
#4 E:\laragon\www\chutetest\wp-config.php(102): require_once('E:\\laragon\\www\\...')
#5 E:\laragon\www\chutetest\wp-load.php(50): require_once('E:\\laragon\\www\\...')
#6 E:\laragon\www\chutetest\wp-cron.php(44): require_once('E:\\laragon\\www\\...')
#7 {main}
  thrown dans E:\laragon\www\chutetest\wp-content\themes\generatepress_child\functions.php à la ligne 1539

2022-02-10T09:21:02+00:00 CRITICAL Uncaught Error: Call to a member function get_cart_contents_count() on null in E:\laragon\www\chutetest\wp-content\themes\generatepress_child\functions.php:1539
Stack trace:
#0 E:\laragon\www\chutetest\wp-includes\class-wp-hook.php(303): empty_cart('')
#1 E:\laragon\www\chutetest\wp-includes\class-wp-hook.php(327): WP_Hook->apply_filters(NULL, Array)
#2 E:\laragon\www\chutetest\wp-includes\plugin.php(470): WP_Hook->do_action(Array)
#3 E:\laragon\www\chutetest\wp-settings.php(578): do_action('init')
#4 E:\laragon\www\chutetest\wp-config.php(102): require_once('E:\\laragon\\www\\...')
#5 E:\laragon\www\chutetest\wp-load.php(50): require_once('E:\\laragon\\www\\...')
#6 E:\laragon\www\chutetest\wp-cron.php(44): require_once('E:\\laragon\\www\\...')
#7 {main}
  thrown dans E:\laragon\www\chutetest\wp-content\themes\generatepress_child\functions.php à la ligne 1539

2022-02-10T09:22:15+00:00 CRITICAL Uncaught Error: Call to a member function get_cart_contents_count() on null in E:\laragon\www\chutetest\wp-content\themes\generatepress_child\functions.php:1539
Stack trace:
#0 E:\laragon\www\chutetest\wp-includes\class-wp-hook.php(303): empty_cart('')
#1 E:\laragon\www\chutetest\wp-includes\class-wp-hook.php(327): WP_Hook->apply_filters(NULL, Array)
#2 E:\laragon\www\chutetest\wp-includes\plugin.php(470): WP_Hook->do_action(Array)
#3 E:\laragon\www\chutetest\wp-settings.php(578): do_action('init')
#4 E:\laragon\www\chutetest\wp-config.php(102): require_once('E:\\laragon\\www\\...')
#5 E:\laragon\www\chutetest\wp-load.php(50): require_once('E:\\laragon\\www\\...')
#6 E:\laragon\www\chutetest\wp-cron.php(44): require_once('E:\\laragon\\www\\...')
#7 {main}
  thrown dans E:\laragon\www\chutetest\wp-content\themes\generatepress_child\functions.php à la ligne 1539

2022-02-10T09:22:16+00:00 CRITICAL Uncaught Error: Call to a member function get_cart_contents_count() on null in E:\laragon\www\chutetest\wp-content\themes\generatepress_child\functions.php:1539
Stack trace:
#0 E:\laragon\www\chutetest\wp-includes\class-wp-hook.php(303): empty_cart('')
#1 E:\laragon\www\chutetest\wp-includes\class-wp-hook.php(327): WP_Hook->apply_filters(NULL, Array)
#2 E:\laragon\www\chutetest\wp-includes\plugin.php(470): WP_Hook->do_action(Array)
#3 E:\laragon\www\chutetest\wp-settings.php(578): do_action('init')
#4 E:\laragon\www\chutetest\wp-config.php(102): require_once('E:\\laragon\\www\\...')
#5 E:\laragon\www\chutetest\wp-load.php(50): require_once('E:\\laragon\\www\\...')
#6 E:\laragon\www\chutetest\wp-cron.php(44): require_once('E:\\laragon\\www\\...')
#7 {main}
  thrown dans E:\laragon\www\chutetest\wp-content\themes\generatepress_child\functions.php à la ligne 1539

2022-02-10T09:23:43+00:00 CRITICAL Uncaught Error: Call to a member function get_cart_contents_count() on null in E:\laragon\www\chutetest\wp-content\themes\generatepress_child\functions.php:1539
Stack trace:
#0 E:\laragon\www\chutetest\wp-includes\class-wp-hook.php(303): empty_cart('')
#1 E:\laragon\www\chutetest\wp-includes\class-wp-hook.php(327): WP_Hook->apply_filters(NULL, Array)
#2 E:\laragon\www\chutetest\wp-includes\plugin.php(470): WP_Hook->do_action(Array)
#3 E:\laragon\www\chutetest\wp-settings.php(578): do_action('init')
#4 E:\laragon\www\chutetest\wp-config.php(102): require_once('E:\\laragon\\www\\...')
#5 E:\laragon\www\chutetest\wp-load.php(50): require_once('E:\\laragon\\www\\...')
#6 E:\laragon\www\chutetest\wp-cron.php(44): require_once('E:\\laragon\\www\\...')
#7 {main}
  thrown dans E:\laragon\www\chutetest\wp-content\themes\generatepress_child\functions.php à la ligne 1539

2022-02-10T09:25:44+00:00 CRITICAL Uncaught Error: Call to a member function get_cart_contents_count() on null in E:\laragon\www\chutetest\wp-content\themes\generatepress_child\functions.php:1539
Stack trace:
#0 E:\laragon\www\chutetest\wp-includes\class-wp-hook.php(303): empty_cart('')
#1 E:\laragon\www\chutetest\wp-includes\class-wp-hook.php(327): WP_Hook->apply_filters(NULL, Array)
#2 E:\laragon\www\chutetest\wp-includes\plugin.php(470): WP_Hook->do_action(Array)
#3 E:\laragon\www\chutetest\wp-settings.php(578): do_action('init')
#4 E:\laragon\www\chutetest\wp-config.php(102): require_once('E:\\laragon\\www\\...')
#5 E:\laragon\www\chutetest\wp-load.php(50): require_once('E:\\laragon\\www\\...')
#6 E:\laragon\www\chutetest\wp-cron.php(44): require_once('E:\\laragon\\www\\...')
#7 {main}
  thrown dans E:\laragon\www\chutetest\wp-content\themes\generatepress_child\functions.php à la ligne 1539

2022-02-10T09:27:44+00:00 CRITICAL Uncaught Error: Call to a member function get_cart_contents_count() on null in E:\laragon\www\chutetest\wp-content\themes\generatepress_child\functions.php:1539
Stack trace:
#0 E:\laragon\www\chutetest\wp-includes\class-wp-hook.php(303): empty_cart('')
#1 E:\laragon\www\chutetest\wp-includes\class-wp-hook.php(327): WP_Hook->apply_filters(NULL, Array)
#2 E:\laragon\www\chutetest\wp-includes\plugin.php(470): WP_Hook->do_action(Array)
#3 E:\laragon\www\chutetest\wp-settings.php(578): do_action('init')
#4 E:\laragon\www\chutetest\wp-config.php(102): require_once('E:\\laragon\\www\\...')
#5 E:\laragon\www\chutetest\wp-load.php(50): require_once('E:\\laragon\\www\\...')
#6 E:\laragon\www\chutetest\wp-cron.php(44): require_once('E:\\laragon\\www\\...')
#7 {main}
  thrown dans E:\laragon\www\chutetest\wp-content\themes\generatepress_child\functions.php à la ligne 1539

2022-02-10T09:29:44+00:00 CRITICAL Uncaught Error: Call to a member function get_cart_contents_count() on null in E:\laragon\www\chutetest\wp-content\themes\generatepress_child\functions.php:1539
Stack trace:
#0 E:\laragon\www\chutetest\wp-includes\class-wp-hook.php(303): empty_cart('')
#1 E:\laragon\www\chutetest\wp-includes\class-wp-hook.php(327): WP_Hook->apply_filters(NULL, Array)
#2 E:\laragon\www\chutetest\wp-includes\plugin.php(470): WP_Hook->do_action(Array)
#3 E:\laragon\www\chutetest\wp-settings.php(578): do_action('init')
#4 E:\laragon\www\chutetest\wp-config.php(102): require_once('E:\\laragon\\www\\...')
#5 E:\laragon\www\chutetest\wp-load.php(50): require_once('E:\\laragon\\www\\...')
#6 E:\laragon\www\chutetest\wp-cron.php(44): require_once('E:\\laragon\\www\\...')
#7 {main}
  thrown dans E:\laragon\www\chutetest\wp-content\themes\generatepress_child\functions.php à la ligne 1539

2022-02-10T09:31:44+00:00 CRITICAL Uncaught Error: Call to a member function get_cart_contents_count() on null in E:\laragon\www\chutetest\wp-content\themes\generatepress_child\functions.php:1539
Stack trace:
#0 E:\laragon\www\chutetest\wp-includes\class-wp-hook.php(303): empty_cart('')
#1 E:\laragon\www\chutetest\wp-includes\class-wp-hook.php(327): WP_Hook->apply_filters(NULL, Array)
#2 E:\laragon\www\chutetest\wp-includes\plugin.php(470): WP_Hook->do_action(Array)
#3 E:\laragon\www\chutetest\wp-settings.php(578): do_action('init')
#4 E:\laragon\www\chutetest\wp-config.php(102): require_once('E:\\laragon\\www\\...')
#5 E:\laragon\www\chutetest\wp-load.php(50): require_once('E:\\laragon\\www\\...')
#6 E:\laragon\www\chutetest\wp-cron.php(44): require_once('E:\\laragon\\www\\...')
#7 {main}
  thrown dans E:\laragon\www\chutetest\wp-content\themes\generatepress_child\functions.php à la ligne 1539

2022-02-10T09:35:51+00:00 CRITICAL Uncaught Error: Call to a member function get_cart_contents_count() on null in E:\laragon\www\chutetest\wp-content\themes\generatepress_child\functions.php:1539
Stack trace:
#0 E:\laragon\www\chutetest\wp-includes\class-wp-hook.php(303): empty_cart('')
#1 E:\laragon\www\chutetest\wp-includes\class-wp-hook.php(327): WP_Hook->apply_filters(NULL, Array)
#2 E:\laragon\www\chutetest\wp-includes\plugin.php(470): WP_Hook->do_action(Array)
#3 E:\laragon\www\chutetest\wp-settings.php(578): do_action('init')
#4 E:\laragon\www\chutetest\wp-config.php(102): require_once('E:\\laragon\\www\\...')
#5 E:\laragon\www\chutetest\wp-load.php(50): require_once('E:\\laragon\\www\\...')
#6 E:\laragon\www\chutetest\wp-cron.php(44): require_once('E:\\laragon\\www\\...')
#7 {main}
  thrown dans E:\laragon\www\chutetest\wp-content\themes\generatepress_child\functions.php à la ligne 1539

2022-02-10T09:37:51+00:00 CRITICAL Uncaught Error: Call to a member function get_cart_contents_count() on null in E:\laragon\www\chutetest\wp-content\themes\generatepress_child\functions.php:1539
Stack trace:
#0 E:\laragon\www\chutetest\wp-includes\class-wp-hook.php(303): empty_cart('')
#1 E:\laragon\www\chutetest\wp-includes\class-wp-hook.php(327): WP_Hook->apply_filters(NULL, Array)
#2 E:\laragon\www\chutetest\wp-includes\plugin.php(470): WP_Hook->do_action(Array)
#3 E:\laragon\www\chutetest\wp-settings.php(578): do_action('init')
#4 E:\laragon\www\chutetest\wp-config.php(102): require_once('E:\\laragon\\www\\...')
#5 E:\laragon\www\chutetest\wp-load.php(50): require_once('E:\\laragon\\www\\...')
#6 E:\laragon\www\chutetest\wp-cron.php(44): require_once('E:\\laragon\\www\\...')
#7 {main}
  thrown dans E:\laragon\www\chutetest\wp-content\themes\generatepress_child\functions.php à la ligne 1539

2022-02-10T09:39:52+00:00 CRITICAL Uncaught Error: Call to a member function get_cart_contents_count() on null in E:\laragon\www\chutetest\wp-content\themes\generatepress_child\functions.php:1539
Stack trace:
#0 E:\laragon\www\chutetest\wp-includes\class-wp-hook.php(303): empty_cart('')
#1 E:\laragon\www\chutetest\wp-includes\class-wp-hook.php(327): WP_Hook->apply_filters(NULL, Array)
#2 E:\laragon\www\chutetest\wp-includes\plugin.php(470): WP_Hook->do_action(Array)
#3 E:\laragon\www\chutetest\wp-settings.php(578): do_action('init')
#4 E:\laragon\www\chutetest\wp-config.php(102): require_once('E:\\laragon\\www\\...')
#5 E:\laragon\www\chutetest\wp-load.php(50): require_once('E:\\laragon\\www\\...')
#6 E:\laragon\www\chutetest\wp-cron.php(44): require_once('E:\\laragon\\www\\...')
#7 {main}
  thrown dans E:\laragon\www\chutetest\wp-content\themes\generatepress_child\functions.php à la ligne 1539

2022-02-10T09:41:05+00:00 CRITICAL Uncaught Error: Call to a member function get_cart_contents_count() on null in E:\laragon\www\chutetest\wp-content\themes\generatepress_child\functions.php:1539
Stack trace:
#0 E:\laragon\www\chutetest\wp-includes\class-wp-hook.php(303): empty_cart('')
#1 E:\laragon\www\chutetest\wp-includes\class-wp-hook.php(327): WP_Hook->apply_filters(NULL, Array)
#2 E:\laragon\www\chutetest\wp-includes\plugin.php(470): WP_Hook->do_action(Array)
#3 E:\laragon\www\chutetest\wp-settings.php(578): do_action('init')
#4 E:\laragon\www\chutetest\wp-config.php(102): require_once('E:\\laragon\\www\\...')
#5 E:\laragon\www\chutetest\wp-load.php(50): require_once('E:\\laragon\\www\\...')
#6 E:\laragon\www\chutetest\wp-cron.php(44): require_once('E:\\laragon\\www\\...')
#7 {main}
  thrown dans E:\laragon\www\chutetest\wp-content\themes\generatepress_child\functions.php à la ligne 1539

2022-02-10T09:42:05+00:00 CRITICAL Uncaught Error: Call to a member function get_cart_contents_count() on null in E:\laragon\www\chutetest\wp-content\themes\generatepress_child\functions.php:1539
Stack trace:
#0 E:\laragon\www\chutetest\wp-includes\class-wp-hook.php(303): empty_cart('')
#1 E:\laragon\www\chutetest\wp-includes\class-wp-hook.php(327): WP_Hook->apply_filters(NULL, Array)
#2 E:\laragon\www\chutetest\wp-includes\plugin.php(470): WP_Hook->do_action(Array)
#3 E:\laragon\www\chutetest\wp-settings.php(578): do_action('init')
#4 E:\laragon\www\chutetest\wp-config.php(102): require_once('E:\\laragon\\www\\...')
#5 E:\laragon\www\chutetest\wp-load.php(50): require_once('E:\\laragon\\www\\...')
#6 E:\laragon\www\chutetest\wp-cron.php(44): require_once('E:\\laragon\\www\\...')
#7 {main}
  thrown dans E:\laragon\www\chutetest\wp-content\themes\generatepress_child\functions.php à la ligne 1539

2022-02-10T09:45:06+00:00 CRITICAL Uncaught Error: Call to a member function get_cart_contents_count() on null in E:\laragon\www\chutetest\wp-content\themes\generatepress_child\functions.php:1539
Stack trace:
#0 E:\laragon\www\chutetest\wp-includes\class-wp-hook.php(303): empty_cart('')
#1 E:\laragon\www\chutetest\wp-includes\class-wp-hook.php(327): WP_Hook->apply_filters(NULL, Array)
#2 E:\laragon\www\chutetest\wp-includes\plugin.php(470): WP_Hook->do_action(Array)
#3 E:\laragon\www\chutetest\wp-settings.php(578): do_action('init')
#4 E:\laragon\www\chutetest\wp-config.php(102): require_once('E:\\laragon\\www\\...')
#5 E:\laragon\www\chutetest\wp-load.php(50): require_once('E:\\laragon\\www\\...')
#6 E:\laragon\www\chutetest\wp-cron.php(44): require_once('E:\\laragon\\www\\...')
#7 {main}
  thrown dans E:\laragon\www\chutetest\wp-content\themes\generatepress_child\functions.php à la ligne 1539

2022-02-10T09:47:07+00:00 CRITICAL Uncaught Error: Call to a member function get_cart_contents_count() on null in E:\laragon\www\chutetest\wp-content\themes\generatepress_child\functions.php:1539
Stack trace:
#0 E:\laragon\www\chutetest\wp-includes\class-wp-hook.php(303): empty_cart('')
#1 E:\laragon\www\chutetest\wp-includes\class-wp-hook.php(327): WP_Hook->apply_filters(NULL, Array)
#2 E:\laragon\www\chutetest\wp-includes\plugin.php(470): WP_Hook->do_action(Array)
#3 E:\laragon\www\chutetest\wp-settings.php(578): do_action('init')
#4 E:\laragon\www\chutetest\wp-config.php(102): require_once('E:\\laragon\\www\\...')
#5 E:\laragon\www\chutetest\wp-load.php(50): require_once('E:\\laragon\\www\\...')
#6 E:\laragon\www\chutetest\wp-cron.php(44): require_once('E:\\laragon\\www\\...')
#7 {main}
  thrown dans E:\laragon\www\chutetest\wp-content\themes\generatepress_child\functions.php à la ligne 1539

2022-02-10T09:49:00+00:00 CRITICAL Uncaught Error: Call to a member function get_cart_contents_count() on null in E:\laragon\www\chutetest\wp-content\themes\generatepress_child\functions.php:1539
Stack trace:
#0 E:\laragon\www\chutetest\wp-includes\class-wp-hook.php(303): empty_cart('')
#1 E:\laragon\www\chutetest\wp-includes\class-wp-hook.php(327): WP_Hook->apply_filters(NULL, Array)
#2 E:\laragon\www\chutetest\wp-includes\plugin.php(470): WP_Hook->do_action(Array)
#3 E:\laragon\www\chutetest\wp-settings.php(578): do_action('init')
#4 E:\laragon\www\chutetest\wp-config.php(102): require_once('E:\\laragon\\www\\...')
#5 E:\laragon\www\chutetest\wp-load.php(50): require_once('E:\\laragon\\www\\...')
#6 E:\laragon\www\chutetest\wp-cron.php(44): require_once('E:\\laragon\\www\\...')
#7 {main}
  thrown dans E:\laragon\www\chutetest\wp-content\themes\generatepress_child\functions.php à la ligne 1539

2022-02-10T09:50:04+00:00 CRITICAL Uncaught Error: Call to a member function get_cart_contents_count() on null in E:\laragon\www\chutetest\wp-content\themes\generatepress_child\functions.php:1539
Stack trace:
#0 E:\laragon\www\chutetest\wp-includes\class-wp-hook.php(303): empty_cart('')
#1 E:\laragon\www\chutetest\wp-includes\class-wp-hook.php(327): WP_Hook->apply_filters(NULL, Array)
#2 E:\laragon\www\chutetest\wp-includes\plugin.php(470): WP_Hook->do_action(Array)
#3 E:\laragon\www\chutetest\wp-settings.php(578): do_action('init')
#4 E:\laragon\www\chutetest\wp-config.php(102): require_once('E:\\laragon\\www\\...')
#5 E:\laragon\www\chutetest\wp-load.php(50): require_once('E:\\laragon\\www\\...')
#6 E:\laragon\www\chutetest\wp-cron.php(44): require_once('E:\\laragon\\www\\...')
#7 {main}
  thrown dans E:\laragon\www\chutetest\wp-content\themes\generatepress_child\functions.php à la ligne 1539

2022-02-10T09:52:04+00:00 CRITICAL Uncaught Error: Call to a member function get_cart_contents_count() on null in E:\laragon\www\chutetest\wp-content\themes\generatepress_child\functions.php:1539
Stack trace:
#0 E:\laragon\www\chutetest\wp-includes\class-wp-hook.php(303): empty_cart('')
#1 E:\laragon\www\chutetest\wp-includes\class-wp-hook.php(327): WP_Hook->apply_filters(NULL, Array)
#2 E:\laragon\www\chutetest\wp-includes\plugin.php(470): WP_Hook->do_action(Array)
#3 E:\laragon\www\chutetest\wp-settings.php(578): do_action('init')
#4 E:\laragon\www\chutetest\wp-config.php(102): require_once('E:\\laragon\\www\\...')
#5 E:\laragon\www\chutetest\wp-load.php(50): require_once('E:\\laragon\\www\\...')
#6 E:\laragon\www\chutetest\wp-cron.php(44): require_once('E:\\laragon\\www\\...')
#7 {main}
  thrown dans E:\laragon\www\chutetest\wp-content\themes\generatepress_child\functions.php à la ligne 1539

2022-02-10T09:54:05+00:00 CRITICAL Uncaught Error: Call to a member function get_cart_contents_count() on null in E:\laragon\www\chutetest\wp-content\themes\generatepress_child\functions.php:1539
Stack trace:
#0 E:\laragon\www\chutetest\wp-includes\class-wp-hook.php(303): empty_cart('')
#1 E:\laragon\www\chutetest\wp-includes\class-wp-hook.php(327): WP_Hook->apply_filters(NULL, Array)
#2 E:\laragon\www\chutetest\wp-includes\plugin.php(470): WP_Hook->do_action(Array)
#3 E:\laragon\www\chutetest\wp-settings.php(578): do_action('init')
#4 E:\laragon\www\chutetest\wp-config.php(102): require_once('E:\\laragon\\www\\...')
#5 E:\laragon\www\chutetest\wp-load.php(50): require_once('E:\\laragon\\www\\...')
#6 E:\laragon\www\chutetest\wp-cron.php(44): require_once('E:\\laragon\\www\\...')
#7 {main}
  thrown dans E:\laragon\www\chutetest\wp-content\themes\generatepress_child\functions.php à la ligne 1539

