2022-02-22T08:45:55+00:00 CRITICAL Uncaught Error: Call to a member function get_cart_contents_count() on null in E:\laragon\www\chutetest\wp-content\themes\generatepress_child\functions.php:1539
Stack trace:
#0 E:\laragon\www\chutetest\wp-includes\class-wp-hook.php(303): empty_cart('')
#1 E:\laragon\www\chutetest\wp-includes\class-wp-hook.php(327): WP_Hook->apply_filters(NULL, Array)
#2 E:\laragon\www\chutetest\wp-includes\plugin.php(470): WP_Hook->do_action(Array)
#3 E:\laragon\www\chutetest\wp-settings.php(578): do_action('init')
#4 E:\laragon\www\chutetest\wp-config.php(102): require_once('E:\\laragon\\www\\...')
#5 E:\laragon\www\chutetest\wp-load.php(50): require_once('E:\\laragon\\www\\...')
#6 E:\laragon\www\chutetest\wp-cron.php(44): require_once('E:\\laragon\\www\\...')
#7 {main}
  thrown dans E:\laragon\www\chutetest\wp-content\themes\generatepress_child\functions.php à la ligne 1539

2022-02-22T08:45:55+00:00 CRITICAL Uncaught Error: Call to a member function get_cart_contents_count() on null in E:\laragon\www\chutetest\wp-content\themes\generatepress_child\functions.php:1539
Stack trace:
#0 E:\laragon\www\chutetest\wp-includes\class-wp-hook.php(303): empty_cart('')
#1 E:\laragon\www\chutetest\wp-includes\class-wp-hook.php(327): WP_Hook->apply_filters(NULL, Array)
#2 E:\laragon\www\chutetest\wp-includes\plugin.php(470): WP_Hook->do_action(Array)
#3 E:\laragon\www\chutetest\wp-settings.php(578): do_action('init')
#4 E:\laragon\www\chutetest\wp-config.php(102): require_once('E:\\laragon\\www\\...')
#5 E:\laragon\www\chutetest\wp-load.php(50): require_once('E:\\laragon\\www\\...')
#6 E:\laragon\www\chutetest\wp-cron.php(44): require_once('E:\\laragon\\www\\...')
#7 {main}
  thrown dans E:\laragon\www\chutetest\wp-content\themes\generatepress_child\functions.php à la ligne 1539

2022-02-22T08:47:25+00:00 CRITICAL Uncaught Error: Call to a member function get_cart_contents_count() on null in E:\laragon\www\chutetest\wp-content\themes\generatepress_child\functions.php:1539
Stack trace:
#0 E:\laragon\www\chutetest\wp-includes\class-wp-hook.php(303): empty_cart('')
#1 E:\laragon\www\chutetest\wp-includes\class-wp-hook.php(327): WP_Hook->apply_filters(NULL, Array)
#2 E:\laragon\www\chutetest\wp-includes\plugin.php(470): WP_Hook->do_action(Array)
#3 E:\laragon\www\chutetest\wp-settings.php(578): do_action('init')
#4 E:\laragon\www\chutetest\wp-config.php(102): require_once('E:\\laragon\\www\\...')
#5 E:\laragon\www\chutetest\wp-load.php(50): require_once('E:\\laragon\\www\\...')
#6 E:\laragon\www\chutetest\wp-cron.php(44): require_once('E:\\laragon\\www\\...')
#7 {main}
  thrown dans E:\laragon\www\chutetest\wp-content\themes\generatepress_child\functions.php à la ligne 1539

2022-02-22T08:49:26+00:00 CRITICAL Uncaught Error: Call to a member function get_cart_contents_count() on null in E:\laragon\www\chutetest\wp-content\themes\generatepress_child\functions.php:1539
Stack trace:
#0 E:\laragon\www\chutetest\wp-includes\class-wp-hook.php(303): empty_cart('')
#1 E:\laragon\www\chutetest\wp-includes\class-wp-hook.php(327): WP_Hook->apply_filters(NULL, Array)
#2 E:\laragon\www\chutetest\wp-includes\plugin.php(470): WP_Hook->do_action(Array)
#3 E:\laragon\www\chutetest\wp-settings.php(578): do_action('init')
#4 E:\laragon\www\chutetest\wp-config.php(102): require_once('E:\\laragon\\www\\...')
#5 E:\laragon\www\chutetest\wp-load.php(50): require_once('E:\\laragon\\www\\...')
#6 E:\laragon\www\chutetest\wp-cron.php(44): require_once('E:\\laragon\\www\\...')
#7 {main}
  thrown dans E:\laragon\www\chutetest\wp-content\themes\generatepress_child\functions.php à la ligne 1539

2022-02-22T09:22:18+00:00 CRITICAL Uncaught Error: Call to a member function get_cart_contents_count() on null in E:\laragon\www\chutetest\wp-content\themes\generatepress_child\functions.php:1539
Stack trace:
#0 E:\laragon\www\chutetest\wp-includes\class-wp-hook.php(303): empty_cart('')
#1 E:\laragon\www\chutetest\wp-includes\class-wp-hook.php(327): WP_Hook->apply_filters(NULL, Array)
#2 E:\laragon\www\chutetest\wp-includes\plugin.php(470): WP_Hook->do_action(Array)
#3 E:\laragon\www\chutetest\wp-settings.php(578): do_action('init')
#4 E:\laragon\www\chutetest\wp-config.php(102): require_once('E:\\laragon\\www\\...')
#5 E:\laragon\www\chutetest\wp-load.php(50): require_once('E:\\laragon\\www\\...')
#6 E:\laragon\www\chutetest\wp-cron.php(44): require_once('E:\\laragon\\www\\...')
#7 {main}
  thrown dans E:\laragon\www\chutetest\wp-content\themes\generatepress_child\functions.php à la ligne 1539

2022-02-22T09:29:20+00:00 CRITICAL Uncaught Error: Call to a member function get_cart_contents_count() on null in E:\laragon\www\chutetest\wp-content\themes\generatepress_child\functions.php:1539
Stack trace:
#0 E:\laragon\www\chutetest\wp-includes\class-wp-hook.php(303): empty_cart('')
#1 E:\laragon\www\chutetest\wp-includes\class-wp-hook.php(327): WP_Hook->apply_filters(NULL, Array)
#2 E:\laragon\www\chutetest\wp-includes\plugin.php(470): WP_Hook->do_action(Array)
#3 E:\laragon\www\chutetest\wp-settings.php(578): do_action('init')
#4 E:\laragon\www\chutetest\wp-config.php(102): require_once('E:\\laragon\\www\\...')
#5 E:\laragon\www\chutetest\wp-load.php(50): require_once('E:\\laragon\\www\\...')
#6 E:\laragon\www\chutetest\wp-cron.php(44): require_once('E:\\laragon\\www\\...')
#7 {main}
  thrown dans E:\laragon\www\chutetest\wp-content\themes\generatepress_child\functions.php à la ligne 1539

2022-02-22T09:30:45+00:00 CRITICAL Uncaught Error: Call to a member function get_cart_contents_count() on null in E:\laragon\www\chutetest\wp-content\themes\generatepress_child\functions.php:1539
Stack trace:
#0 E:\laragon\www\chutetest\wp-includes\class-wp-hook.php(303): empty_cart('')
#1 E:\laragon\www\chutetest\wp-includes\class-wp-hook.php(327): WP_Hook->apply_filters(NULL, Array)
#2 E:\laragon\www\chutetest\wp-includes\plugin.php(470): WP_Hook->do_action(Array)
#3 E:\laragon\www\chutetest\wp-settings.php(578): do_action('init')
#4 E:\laragon\www\chutetest\wp-config.php(102): require_once('E:\\laragon\\www\\...')
#5 E:\laragon\www\chutetest\wp-load.php(50): require_once('E:\\laragon\\www\\...')
#6 E:\laragon\www\chutetest\wp-cron.php(44): require_once('E:\\laragon\\www\\...')
#7 {main}
  thrown dans E:\laragon\www\chutetest\wp-content\themes\generatepress_child\functions.php à la ligne 1539

2022-02-22T09:32:36+00:00 CRITICAL Uncaught Error: Call to a member function get_cart_contents_count() on null in E:\laragon\www\chutetest\wp-content\themes\generatepress_child\functions.php:1539
Stack trace:
#0 E:\laragon\www\chutetest\wp-includes\class-wp-hook.php(303): empty_cart('')
#1 E:\laragon\www\chutetest\wp-includes\class-wp-hook.php(327): WP_Hook->apply_filters(NULL, Array)
#2 E:\laragon\www\chutetest\wp-includes\plugin.php(470): WP_Hook->do_action(Array)
#3 E:\laragon\www\chutetest\wp-settings.php(578): do_action('init')
#4 E:\laragon\www\chutetest\wp-config.php(102): require_once('E:\\laragon\\www\\...')
#5 E:\laragon\www\chutetest\wp-load.php(50): require_once('E:\\laragon\\www\\...')
#6 E:\laragon\www\chutetest\wp-cron.php(44): require_once('E:\\laragon\\www\\...')
#7 {main}
  thrown dans E:\laragon\www\chutetest\wp-content\themes\generatepress_child\functions.php à la ligne 1539

2022-02-22T09:32:56+00:00 CRITICAL Uncaught Error: Call to a member function get_cart_contents_count() on null in E:\laragon\www\chutetest\wp-content\themes\generatepress_child\functions.php:1539
Stack trace:
#0 E:\laragon\www\chutetest\wp-includes\class-wp-hook.php(303): empty_cart('')
#1 E:\laragon\www\chutetest\wp-includes\class-wp-hook.php(327): WP_Hook->apply_filters(NULL, Array)
#2 E:\laragon\www\chutetest\wp-includes\plugin.php(470): WP_Hook->do_action(Array)
#3 E:\laragon\www\chutetest\wp-settings.php(578): do_action('init')
#4 E:\laragon\www\chutetest\wp-config.php(102): require_once('E:\\laragon\\www\\...')
#5 E:\laragon\www\chutetest\wp-load.php(50): require_once('E:\\laragon\\www\\...')
#6 E:\laragon\www\chutetest\wp-blog-header.php(13): require_once('E:\\laragon\\www\\...')
#7 E:\laragon\www\chutetest\index.php(17): require('E:\\laragon\\www\\...')
#8 {main}
  thrown dans E:\laragon\www\chutetest\wp-content\themes\generatepress_child\functions.php à la ligne 1539

2022-02-22T09:32:56+00:00 CRITICAL Uncaught Error: Call to a member function get_cart_contents_count() on null in E:\laragon\www\chutetest\wp-content\themes\generatepress_child\functions.php:1539
Stack trace:
#0 E:\laragon\www\chutetest\wp-includes\class-wp-hook.php(303): empty_cart('')
#1 E:\laragon\www\chutetest\wp-includes\class-wp-hook.php(327): WP_Hook->apply_filters(NULL, Array)
#2 E:\laragon\www\chutetest\wp-includes\plugin.php(470): WP_Hook->do_action(Array)
#3 E:\laragon\www\chutetest\wp-settings.php(578): do_action('init')
#4 E:\laragon\www\chutetest\wp-config.php(102): require_once('E:\\laragon\\www\\...')
#5 E:\laragon\www\chutetest\wp-load.php(50): require_once('E:\\laragon\\www\\...')
#6 E:\laragon\www\chutetest\wp-blog-header.php(13): require_once('E:\\laragon\\www\\...')
#7 E:\laragon\www\chutetest\index.php(17): require('E:\\laragon\\www\\...')
#8 {main}
  thrown dans E:\laragon\www\chutetest\wp-content\themes\generatepress_child\functions.php à la ligne 1539

2022-02-22T09:32:56+00:00 CRITICAL Uncaught Error: Call to a member function get_cart_contents_count() on null in E:\laragon\www\chutetest\wp-content\themes\generatepress_child\functions.php:1539
Stack trace:
#0 E:\laragon\www\chutetest\wp-includes\class-wp-hook.php(303): empty_cart('')
#1 E:\laragon\www\chutetest\wp-includes\class-wp-hook.php(327): WP_Hook->apply_filters(NULL, Array)
#2 E:\laragon\www\chutetest\wp-includes\plugin.php(470): WP_Hook->do_action(Array)
#3 E:\laragon\www\chutetest\wp-settings.php(578): do_action('init')
#4 E:\laragon\www\chutetest\wp-config.php(102): require_once('E:\\laragon\\www\\...')
#5 E:\laragon\www\chutetest\wp-load.php(50): require_once('E:\\laragon\\www\\...')
#6 E:\laragon\www\chutetest\wp-blog-header.php(13): require_once('E:\\laragon\\www\\...')
#7 E:\laragon\www\chutetest\index.php(17): require('E:\\laragon\\www\\...')
#8 {main}
  thrown dans E:\laragon\www\chutetest\wp-content\themes\generatepress_child\functions.php à la ligne 1539

2022-02-22T09:33:05+00:00 CRITICAL Uncaught Error: Call to a member function get_cart_contents_count() on null in E:\laragon\www\chutetest\wp-content\themes\generatepress_child\functions.php:1539
Stack trace:
#0 E:\laragon\www\chutetest\wp-includes\class-wp-hook.php(303): empty_cart('')
#1 E:\laragon\www\chutetest\wp-includes\class-wp-hook.php(327): WP_Hook->apply_filters(NULL, Array)
#2 E:\laragon\www\chutetest\wp-includes\plugin.php(470): WP_Hook->do_action(Array)
#3 E:\laragon\www\chutetest\wp-settings.php(578): do_action('init')
#4 E:\laragon\www\chutetest\wp-config.php(102): require_once('E:\\laragon\\www\\...')
#5 E:\laragon\www\chutetest\wp-load.php(50): require_once('E:\\laragon\\www\\...')
#6 E:\laragon\www\chutetest\wp-blog-header.php(13): require_once('E:\\laragon\\www\\...')
#7 E:\laragon\www\chutetest\index.php(17): require('E:\\laragon\\www\\...')
#8 {main}
  thrown dans E:\laragon\www\chutetest\wp-content\themes\generatepress_child\functions.php à la ligne 1539

2022-02-22T09:33:15+00:00 CRITICAL Uncaught Error: Call to a member function get_cart_contents_count() on null in E:\laragon\www\chutetest\wp-content\themes\generatepress_child\functions.php:1539
Stack trace:
#0 E:\laragon\www\chutetest\wp-includes\class-wp-hook.php(303): empty_cart('')
#1 E:\laragon\www\chutetest\wp-includes\class-wp-hook.php(327): WP_Hook->apply_filters(NULL, Array)
#2 E:\laragon\www\chutetest\wp-includes\plugin.php(470): WP_Hook->do_action(Array)
#3 E:\laragon\www\chutetest\wp-settings.php(578): do_action('init')
#4 E:\laragon\www\chutetest\wp-config.php(102): require_once('E:\\laragon\\www\\...')
#5 E:\laragon\www\chutetest\wp-load.php(50): require_once('E:\\laragon\\www\\...')
#6 E:\laragon\www\chutetest\wp-blog-header.php(13): require_once('E:\\laragon\\www\\...')
#7 E:\laragon\www\chutetest\index.php(17): require('E:\\laragon\\www\\...')
#8 {main}
  thrown dans E:\laragon\www\chutetest\wp-content\themes\generatepress_child\functions.php à la ligne 1539

2022-02-22T09:33:21+00:00 CRITICAL Uncaught Error: Call to a member function get_cart_contents_count() on null in E:\laragon\www\chutetest\wp-content\themes\generatepress_child\functions.php:1539
Stack trace:
#0 E:\laragon\www\chutetest\wp-includes\class-wp-hook.php(303): empty_cart('')
#1 E:\laragon\www\chutetest\wp-includes\class-wp-hook.php(327): WP_Hook->apply_filters(NULL, Array)
#2 E:\laragon\www\chutetest\wp-includes\plugin.php(470): WP_Hook->do_action(Array)
#3 E:\laragon\www\chutetest\wp-settings.php(578): do_action('init')
#4 E:\laragon\www\chutetest\wp-config.php(102): require_once('E:\\laragon\\www\\...')
#5 E:\laragon\www\chutetest\wp-load.php(50): require_once('E:\\laragon\\www\\...')
#6 E:\laragon\www\chutetest\wp-blog-header.php(13): require_once('E:\\laragon\\www\\...')
#7 E:\laragon\www\chutetest\index.php(17): require('E:\\laragon\\www\\...')
#8 {main}
  thrown dans E:\laragon\www\chutetest\wp-content\themes\generatepress_child\functions.php à la ligne 1539

2022-02-22T09:33:30+00:00 CRITICAL Uncaught Error: Call to a member function get_cart_contents_count() on null in E:\laragon\www\chutetest\wp-content\themes\generatepress_child\functions.php:1539
Stack trace:
#0 E:\laragon\www\chutetest\wp-includes\class-wp-hook.php(303): empty_cart('')
#1 E:\laragon\www\chutetest\wp-includes\class-wp-hook.php(327): WP_Hook->apply_filters(NULL, Array)
#2 E:\laragon\www\chutetest\wp-includes\plugin.php(470): WP_Hook->do_action(Array)
#3 E:\laragon\www\chutetest\wp-settings.php(578): do_action('init')
#4 E:\laragon\www\chutetest\wp-config.php(102): require_once('E:\\laragon\\www\\...')
#5 E:\laragon\www\chutetest\wp-load.php(50): require_once('E:\\laragon\\www\\...')
#6 E:\laragon\www\chutetest\wp-blog-header.php(13): require_once('E:\\laragon\\www\\...')
#7 E:\laragon\www\chutetest\index.php(17): require('E:\\laragon\\www\\...')
#8 {main}
  thrown dans E:\laragon\www\chutetest\wp-content\themes\generatepress_child\functions.php à la ligne 1539

2022-02-22T09:33:37+00:00 CRITICAL Uncaught Error: Call to a member function get_cart_contents_count() on null in E:\laragon\www\chutetest\wp-content\themes\generatepress_child\functions.php:1539
Stack trace:
#0 E:\laragon\www\chutetest\wp-includes\class-wp-hook.php(303): empty_cart('')
#1 E:\laragon\www\chutetest\wp-includes\class-wp-hook.php(327): WP_Hook->apply_filters(NULL, Array)
#2 E:\laragon\www\chutetest\wp-includes\plugin.php(470): WP_Hook->do_action(Array)
#3 E:\laragon\www\chutetest\wp-settings.php(578): do_action('init')
#4 E:\laragon\www\chutetest\wp-config.php(102): require_once('E:\\laragon\\www\\...')
#5 E:\laragon\www\chutetest\wp-load.php(50): require_once('E:\\laragon\\www\\...')
#6 E:\laragon\www\chutetest\wp-blog-header.php(13): require_once('E:\\laragon\\www\\...')
#7 E:\laragon\www\chutetest\index.php(17): require('E:\\laragon\\www\\...')
#8 {main}
  thrown dans E:\laragon\www\chutetest\wp-content\themes\generatepress_child\functions.php à la ligne 1539

