2021-11-11T03:36:00+00:00 CRITICAL Uncaught Error: Call to a member function get_sku() on null in E:\laragon\www\chutetest\wp-content\themes\generatepress_child\functions.php:1512
Stack trace:
#0 E:\laragon\www\chutetest\wp-includes\class-wp-hook.php(303): add_to_certificate_callback('')
#1 E:\laragon\www\chutetest\wp-includes\class-wp-hook.php(327): WP_Hook->apply_filters('', Array)
#2 E:\laragon\www\chutetest\wp-includes\plugin.php(470): WP_Hook->do_action(Array)
#3 E:\laragon\www\chutetest\wp-admin\admin-ajax.php(210): do_action('wp_ajax_nopriv_...')
#4 {main}
  thrown dans E:\laragon\www\chutetest\wp-content\themes\generatepress_child\functions.php à la ligne 1512

2021-11-11T03:37:02+00:00 CRITICAL Uncaught Error: Call to a member function get_sku() on null in E:\laragon\www\chutetest\wp-content\themes\generatepress_child\functions.php:1512
Stack trace:
#0 E:\laragon\www\chutetest\wp-includes\class-wp-hook.php(303): add_to_certificate_callback('')
#1 E:\laragon\www\chutetest\wp-includes\class-wp-hook.php(327): WP_Hook->apply_filters('', Array)
#2 E:\laragon\www\chutetest\wp-includes\plugin.php(470): WP_Hook->do_action(Array)
#3 E:\laragon\www\chutetest\wp-admin\admin-ajax.php(210): do_action('wp_ajax_nopriv_...')
#4 {main}
  thrown dans E:\laragon\www\chutetest\wp-content\themes\generatepress_child\functions.php à la ligne 1512

2021-11-11T03:37:45+00:00 CRITICAL Uncaught Error: Call to a member function get_sku() on null in E:\laragon\www\chutetest\wp-content\themes\generatepress_child\functions.php:1512
Stack trace:
#0 E:\laragon\www\chutetest\wp-includes\class-wp-hook.php(303): add_to_certificate_callback('')
#1 E:\laragon\www\chutetest\wp-includes\class-wp-hook.php(327): WP_Hook->apply_filters('', Array)
#2 E:\laragon\www\chutetest\wp-includes\plugin.php(470): WP_Hook->do_action(Array)
#3 E:\laragon\www\chutetest\wp-admin\admin-ajax.php(210): do_action('wp_ajax_nopriv_...')
#4 {main}
  thrown dans E:\laragon\www\chutetest\wp-content\themes\generatepress_child\functions.php à la ligne 1512

2021-11-11T03:38:31+00:00 CRITICAL Uncaught Error: Call to a member function get_sku() on null in E:\laragon\www\chutetest\wp-content\themes\generatepress_child\functions.php:1512
Stack trace:
#0 E:\laragon\www\chutetest\wp-includes\class-wp-hook.php(303): add_to_certificate_callback('')
#1 E:\laragon\www\chutetest\wp-includes\class-wp-hook.php(327): WP_Hook->apply_filters('', Array)
#2 E:\laragon\www\chutetest\wp-includes\plugin.php(470): WP_Hook->do_action(Array)
#3 E:\laragon\www\chutetest\wp-admin\admin-ajax.php(210): do_action('wp_ajax_nopriv_...')
#4 {main}
  thrown dans E:\laragon\www\chutetest\wp-content\themes\generatepress_child\functions.php à la ligne 1512

2021-11-11T03:42:42+00:00 CRITICAL Uncaught Error: Call to a member function get_sku() on null in E:\laragon\www\chutetest\wp-content\themes\generatepress_child\functions.php:1512
Stack trace:
#0 E:\laragon\www\chutetest\wp-includes\class-wp-hook.php(303): add_to_certificate_callback('')
#1 E:\laragon\www\chutetest\wp-includes\class-wp-hook.php(327): WP_Hook->apply_filters('', Array)
#2 E:\laragon\www\chutetest\wp-includes\plugin.php(470): WP_Hook->do_action(Array)
#3 E:\laragon\www\chutetest\wp-admin\admin-ajax.php(210): do_action('wp_ajax_nopriv_...')
#4 {main}
  thrown dans E:\laragon\www\chutetest\wp-content\themes\generatepress_child\functions.php à la ligne 1512

