2021-11-12T01:04:41+00:00 CRITICAL Uncaught Error: Call to a member function get_cart_contents_count() on null in E:\laragon\www\chutetest\wp-content\themes\generatepress_child\functions.php:1535
Stack trace:
#0 E:\laragon\www\chutetest\wp-includes\class-wp-hook.php(303): empty_cart('')
#1 E:\laragon\www\chutetest\wp-includes\class-wp-hook.php(327): WP_Hook->apply_filters(NULL, Array)
#2 E:\laragon\www\chutetest\wp-includes\plugin.php(470): WP_Hook->do_action(Array)
#3 E:\laragon\www\chutetest\wp-settings.php(578): do_action('init')
#4 E:\laragon\www\chutetest\wp-config.php(102): require_once('E:\\laragon\\www\\...')
#5 E:\laragon\www\chutetest\wp-load.php(50): require_once('E:\\laragon\\www\\...')
#6 E:\laragon\www\chutetest\wp-cron.php(44): require_once('E:\\laragon\\www\\...')
#7 {main}
  thrown dans E:\laragon\www\chutetest\wp-content\themes\generatepress_child\functions.php à la ligne 1535

2021-11-12T01:06:51+00:00 CRITICAL Uncaught Error: Call to a member function get_cart_contents_count() on null in E:\laragon\www\chutetest\wp-content\themes\generatepress_child\functions.php:1535
Stack trace:
#0 E:\laragon\www\chutetest\wp-includes\class-wp-hook.php(303): empty_cart('')
#1 E:\laragon\www\chutetest\wp-includes\class-wp-hook.php(327): WP_Hook->apply_filters(NULL, Array)
#2 E:\laragon\www\chutetest\wp-includes\plugin.php(470): WP_Hook->do_action(Array)
#3 E:\laragon\www\chutetest\wp-settings.php(578): do_action('init')
#4 E:\laragon\www\chutetest\wp-config.php(102): require_once('E:\\laragon\\www\\...')
#5 E:\laragon\www\chutetest\wp-load.php(50): require_once('E:\\laragon\\www\\...')
#6 E:\laragon\www\chutetest\wp-cron.php(44): require_once('E:\\laragon\\www\\...')
#7 {main}
  thrown dans E:\laragon\www\chutetest\wp-content\themes\generatepress_child\functions.php à la ligne 1535

2021-11-12T01:35:02+00:00 CRITICAL Uncaught Error: Call to a member function get_cart_contents_count() on null in E:\laragon\www\chutetest\wp-content\themes\generatepress_child\functions.php:1535
Stack trace:
#0 E:\laragon\www\chutetest\wp-includes\class-wp-hook.php(303): empty_cart('')
#1 E:\laragon\www\chutetest\wp-includes\class-wp-hook.php(327): WP_Hook->apply_filters(NULL, Array)
#2 E:\laragon\www\chutetest\wp-includes\plugin.php(470): WP_Hook->do_action(Array)
#3 E:\laragon\www\chutetest\wp-settings.php(578): do_action('init')
#4 E:\laragon\www\chutetest\wp-config.php(102): require_once('E:\\laragon\\www\\...')
#5 E:\laragon\www\chutetest\wp-load.php(50): require_once('E:\\laragon\\www\\...')
#6 E:\laragon\www\chutetest\wp-admin\admin.php(34): require_once('E:\\laragon\\www\\...')
#7 E:\laragon\www\chutetest\wp-admin\index.php(10): require_once('E:\\laragon\\www\\...')
#8 {main}
  thrown dans E:\laragon\www\chutetest\wp-content\themes\generatepress_child\functions.php à la ligne 1535

2021-11-12T01:35:06+00:00 CRITICAL Uncaught Error: Call to a member function get_cart_contents_count() on null in E:\laragon\www\chutetest\wp-content\themes\generatepress_child\functions.php:1535
Stack trace:
#0 E:\laragon\www\chutetest\wp-includes\class-wp-hook.php(303): empty_cart('')
#1 E:\laragon\www\chutetest\wp-includes\class-wp-hook.php(327): WP_Hook->apply_filters(NULL, Array)
#2 E:\laragon\www\chutetest\wp-includes\plugin.php(470): WP_Hook->do_action(Array)
#3 E:\laragon\www\chutetest\wp-settings.php(578): do_action('init')
#4 E:\laragon\www\chutetest\wp-config.php(102): require_once('E:\\laragon\\www\\...')
#5 E:\laragon\www\chutetest\wp-load.php(50): require_once('E:\\laragon\\www\\...')
#6 E:\laragon\www\chutetest\wp-cron.php(44): require_once('E:\\laragon\\www\\...')
#7 {main}
  thrown dans E:\laragon\www\chutetest\wp-content\themes\generatepress_child\functions.php à la ligne 1535

2021-11-12T01:36:07+00:00 CRITICAL Uncaught Error: Call to a member function get_cart_contents_count() on null in E:\laragon\www\chutetest\wp-content\themes\generatepress_child\functions.php:1535
Stack trace:
#0 E:\laragon\www\chutetest\wp-includes\class-wp-hook.php(303): empty_cart('')
#1 E:\laragon\www\chutetest\wp-includes\class-wp-hook.php(327): WP_Hook->apply_filters(NULL, Array)
#2 E:\laragon\www\chutetest\wp-includes\plugin.php(470): WP_Hook->do_action(Array)
#3 E:\laragon\www\chutetest\wp-settings.php(578): do_action('init')
#4 E:\laragon\www\chutetest\wp-config.php(102): require_once('E:\\laragon\\www\\...')
#5 E:\laragon\www\chutetest\wp-load.php(50): require_once('E:\\laragon\\www\\...')
#6 E:\laragon\www\chutetest\wp-cron.php(44): require_once('E:\\laragon\\www\\...')
#7 {main}
  thrown dans E:\laragon\www\chutetest\wp-content\themes\generatepress_child\functions.php à la ligne 1535

2021-11-12T01:36:15+00:00 CRITICAL Uncaught Error: Call to a member function get_cart_contents_count() on null in E:\laragon\www\chutetest\wp-content\themes\generatepress_child\functions.php:1535
Stack trace:
#0 E:\laragon\www\chutetest\wp-includes\class-wp-hook.php(303): empty_cart('')
#1 E:\laragon\www\chutetest\wp-includes\class-wp-hook.php(327): WP_Hook->apply_filters(NULL, Array)
#2 E:\laragon\www\chutetest\wp-includes\plugin.php(470): WP_Hook->do_action(Array)
#3 E:\laragon\www\chutetest\wp-settings.php(578): do_action('init')
#4 E:\laragon\www\chutetest\wp-config.php(102): require_once('E:\\laragon\\www\\...')
#5 E:\laragon\www\chutetest\wp-load.php(50): require_once('E:\\laragon\\www\\...')
#6 E:\laragon\www\chutetest\wp-admin\admin.php(34): require_once('E:\\laragon\\www\\...')
#7 E:\laragon\www\chutetest\wp-admin\index.php(10): require_once('E:\\laragon\\www\\...')
#8 {main}
  thrown dans E:\laragon\www\chutetest\wp-content\themes\generatepress_child\functions.php à la ligne 1535

2021-11-12T01:40:21+00:00 CRITICAL Uncaught Error: Call to a member function get_cart_contents_count() on null in E:\laragon\www\chutetest\wp-content\themes\generatepress_child\functions.php:1536
Stack trace:
#0 E:\laragon\www\chutetest\wp-includes\class-wp-hook.php(303): empty_cart('')
#1 E:\laragon\www\chutetest\wp-includes\class-wp-hook.php(327): WP_Hook->apply_filters(NULL, Array)
#2 E:\laragon\www\chutetest\wp-includes\plugin.php(470): WP_Hook->do_action(Array)
#3 E:\laragon\www\chutetest\wp-settings.php(578): do_action('init')
#4 E:\laragon\www\chutetest\wp-config.php(102): require_once('E:\\laragon\\www\\...')
#5 E:\laragon\www\chutetest\wp-load.php(50): require_once('E:\\laragon\\www\\...')
#6 E:\laragon\www\chutetest\wp-cron.php(44): require_once('E:\\laragon\\www\\...')
#7 {main}
  thrown dans E:\laragon\www\chutetest\wp-content\themes\generatepress_child\functions.php à la ligne 1536

2021-11-12T01:42:14+00:00 CRITICAL Uncaught Error: Call to a member function get_cart_contents_count() on null in E:\laragon\www\chutetest\wp-content\themes\generatepress_child\functions.php:1536
Stack trace:
#0 E:\laragon\www\chutetest\wp-includes\class-wp-hook.php(303): empty_cart('')
#1 E:\laragon\www\chutetest\wp-includes\class-wp-hook.php(327): WP_Hook->apply_filters(NULL, Array)
#2 E:\laragon\www\chutetest\wp-includes\plugin.php(470): WP_Hook->do_action(Array)
#3 E:\laragon\www\chutetest\wp-settings.php(578): do_action('init')
#4 E:\laragon\www\chutetest\wp-config.php(102): require_once('E:\\laragon\\www\\...')
#5 E:\laragon\www\chutetest\wp-load.php(50): require_once('E:\\laragon\\www\\...')
#6 E:\laragon\www\chutetest\wp-cron.php(44): require_once('E:\\laragon\\www\\...')
#7 {main}
  thrown dans E:\laragon\www\chutetest\wp-content\themes\generatepress_child\functions.php à la ligne 1536

2021-11-12T01:43:14+00:00 CRITICAL Uncaught Error: Call to a member function get_cart_contents_count() on null in E:\laragon\www\chutetest\wp-content\themes\generatepress_child\functions.php:1536
Stack trace:
#0 E:\laragon\www\chutetest\wp-includes\class-wp-hook.php(303): empty_cart('')
#1 E:\laragon\www\chutetest\wp-includes\class-wp-hook.php(327): WP_Hook->apply_filters(NULL, Array)
#2 E:\laragon\www\chutetest\wp-includes\plugin.php(470): WP_Hook->do_action(Array)
#3 E:\laragon\www\chutetest\wp-settings.php(578): do_action('init')
#4 E:\laragon\www\chutetest\wp-config.php(102): require_once('E:\\laragon\\www\\...')
#5 E:\laragon\www\chutetest\wp-load.php(50): require_once('E:\\laragon\\www\\...')
#6 E:\laragon\www\chutetest\wp-cron.php(44): require_once('E:\\laragon\\www\\...')
#7 {main}
  thrown dans E:\laragon\www\chutetest\wp-content\themes\generatepress_child\functions.php à la ligne 1536

2021-11-12T01:44:30+00:00 CRITICAL Uncaught Error: Call to a member function get_cart_contents_count() on null in E:\laragon\www\chutetest\wp-content\themes\generatepress_child\functions.php:1536
Stack trace:
#0 E:\laragon\www\chutetest\wp-includes\class-wp-hook.php(303): empty_cart('')
#1 E:\laragon\www\chutetest\wp-includes\class-wp-hook.php(327): WP_Hook->apply_filters(NULL, Array)
#2 E:\laragon\www\chutetest\wp-includes\plugin.php(470): WP_Hook->do_action(Array)
#3 E:\laragon\www\chutetest\wp-settings.php(578): do_action('init')
#4 E:\laragon\www\chutetest\wp-config.php(102): require_once('E:\\laragon\\www\\...')
#5 E:\laragon\www\chutetest\wp-load.php(50): require_once('E:\\laragon\\www\\...')
#6 E:\laragon\www\chutetest\wp-cron.php(44): require_once('E:\\laragon\\www\\...')
#7 {main}
  thrown dans E:\laragon\www\chutetest\wp-content\themes\generatepress_child\functions.php à la ligne 1536

2021-11-12T01:45:56+00:00 CRITICAL Uncaught Error: Call to a member function get_cart_contents_count() on null in E:\laragon\www\chutetest\wp-content\themes\generatepress_child\functions.php:1536
Stack trace:
#0 E:\laragon\www\chutetest\wp-includes\class-wp-hook.php(303): empty_cart('')
#1 E:\laragon\www\chutetest\wp-includes\class-wp-hook.php(327): WP_Hook->apply_filters(NULL, Array)
#2 E:\laragon\www\chutetest\wp-includes\plugin.php(470): WP_Hook->do_action(Array)
#3 E:\laragon\www\chutetest\wp-settings.php(578): do_action('init')
#4 E:\laragon\www\chutetest\wp-config.php(102): require_once('E:\\laragon\\www\\...')
#5 E:\laragon\www\chutetest\wp-load.php(50): require_once('E:\\laragon\\www\\...')
#6 E:\laragon\www\chutetest\wp-cron.php(44): require_once('E:\\laragon\\www\\...')
#7 {main}
  thrown dans E:\laragon\www\chutetest\wp-content\themes\generatepress_child\functions.php à la ligne 1536

2021-11-12T01:46:32+00:00 CRITICAL Uncaught Error: Call to a member function get_cart_contents_count() on null in E:\laragon\www\chutetest\wp-content\themes\generatepress_child\functions.php:1536
Stack trace:
#0 E:\laragon\www\chutetest\wp-includes\class-wp-hook.php(303): empty_cart('')
#1 E:\laragon\www\chutetest\wp-includes\class-wp-hook.php(327): WP_Hook->apply_filters(NULL, Array)
#2 E:\laragon\www\chutetest\wp-includes\plugin.php(470): WP_Hook->do_action(Array)
#3 E:\laragon\www\chutetest\wp-settings.php(578): do_action('init')
#4 E:\laragon\www\chutetest\wp-config.php(102): require_once('E:\\laragon\\www\\...')
#5 E:\laragon\www\chutetest\wp-load.php(50): require_once('E:\\laragon\\www\\...')
#6 E:\laragon\www\chutetest\wp-blog-header.php(13): require_once('E:\\laragon\\www\\...')
#7 E:\laragon\www\chutetest\index.php(17): require('E:\\laragon\\www\\...')
#8 {main}
  thrown dans E:\laragon\www\chutetest\wp-content\themes\generatepress_child\functions.php à la ligne 1536

2021-11-12T01:47:13+00:00 CRITICAL Uncaught Error: Call to a member function get_cart_contents_count() on null in E:\laragon\www\chutetest\wp-content\themes\generatepress_child\functions.php:1536
Stack trace:
#0 E:\laragon\www\chutetest\wp-includes\class-wp-hook.php(303): empty_cart('')
#1 E:\laragon\www\chutetest\wp-includes\class-wp-hook.php(327): WP_Hook->apply_filters(NULL, Array)
#2 E:\laragon\www\chutetest\wp-includes\plugin.php(470): WP_Hook->do_action(Array)
#3 E:\laragon\www\chutetest\wp-settings.php(578): do_action('init')
#4 E:\laragon\www\chutetest\wp-config.php(102): require_once('E:\\laragon\\www\\...')
#5 E:\laragon\www\chutetest\wp-load.php(50): require_once('E:\\laragon\\www\\...')
#6 E:\laragon\www\chutetest\wp-blog-header.php(13): require_once('E:\\laragon\\www\\...')
#7 E:\laragon\www\chutetest\index.php(17): require('E:\\laragon\\www\\...')
#8 {main}
  thrown dans E:\laragon\www\chutetest\wp-content\themes\generatepress_child\functions.php à la ligne 1536

2021-11-12T01:47:14+00:00 CRITICAL Uncaught Error: Call to a member function get_cart_contents_count() on null in E:\laragon\www\chutetest\wp-content\themes\generatepress_child\functions.php:1536
Stack trace:
#0 E:\laragon\www\chutetest\wp-includes\class-wp-hook.php(303): empty_cart('')
#1 E:\laragon\www\chutetest\wp-includes\class-wp-hook.php(327): WP_Hook->apply_filters(NULL, Array)
#2 E:\laragon\www\chutetest\wp-includes\plugin.php(470): WP_Hook->do_action(Array)
#3 E:\laragon\www\chutetest\wp-settings.php(578): do_action('init')
#4 E:\laragon\www\chutetest\wp-config.php(102): require_once('E:\\laragon\\www\\...')
#5 E:\laragon\www\chutetest\wp-load.php(50): require_once('E:\\laragon\\www\\...')
#6 E:\laragon\www\chutetest\wp-blog-header.php(13): require_once('E:\\laragon\\www\\...')
#7 E:\laragon\www\chutetest\index.php(17): require('E:\\laragon\\www\\...')
#8 {main}
  thrown dans E:\laragon\www\chutetest\wp-content\themes\generatepress_child\functions.php à la ligne 1536

2021-11-12T01:47:14+00:00 CRITICAL Uncaught Error: Call to a member function get_cart_contents_count() on null in E:\laragon\www\chutetest\wp-content\themes\generatepress_child\functions.php:1536
Stack trace:
#0 E:\laragon\www\chutetest\wp-includes\class-wp-hook.php(303): empty_cart('')
#1 E:\laragon\www\chutetest\wp-includes\class-wp-hook.php(327): WP_Hook->apply_filters(NULL, Array)
#2 E:\laragon\www\chutetest\wp-includes\plugin.php(470): WP_Hook->do_action(Array)
#3 E:\laragon\www\chutetest\wp-settings.php(578): do_action('init')
#4 E:\laragon\www\chutetest\wp-config.php(102): require_once('E:\\laragon\\www\\...')
#5 E:\laragon\www\chutetest\wp-load.php(50): require_once('E:\\laragon\\www\\...')
#6 E:\laragon\www\chutetest\wp-blog-header.php(13): require_once('E:\\laragon\\www\\...')
#7 E:\laragon\www\chutetest\index.php(17): require('E:\\laragon\\www\\...')
#8 {main}
  thrown dans E:\laragon\www\chutetest\wp-content\themes\generatepress_child\functions.php à la ligne 1536

2021-11-12T01:47:15+00:00 CRITICAL Uncaught Error: Call to a member function get_cart_contents_count() on null in E:\laragon\www\chutetest\wp-content\themes\generatepress_child\functions.php:1536
Stack trace:
#0 E:\laragon\www\chutetest\wp-includes\class-wp-hook.php(303): empty_cart('')
#1 E:\laragon\www\chutetest\wp-includes\class-wp-hook.php(327): WP_Hook->apply_filters(NULL, Array)
#2 E:\laragon\www\chutetest\wp-includes\plugin.php(470): WP_Hook->do_action(Array)
#3 E:\laragon\www\chutetest\wp-settings.php(578): do_action('init')
#4 E:\laragon\www\chutetest\wp-config.php(102): require_once('E:\\laragon\\www\\...')
#5 E:\laragon\www\chutetest\wp-load.php(50): require_once('E:\\laragon\\www\\...')
#6 E:\laragon\www\chutetest\wp-blog-header.php(13): require_once('E:\\laragon\\www\\...')
#7 E:\laragon\www\chutetest\index.php(17): require('E:\\laragon\\www\\...')
#8 {main}
  thrown dans E:\laragon\www\chutetest\wp-content\themes\generatepress_child\functions.php à la ligne 1536

2021-11-12T01:47:15+00:00 CRITICAL Uncaught Error: Call to a member function get_cart_contents_count() on null in E:\laragon\www\chutetest\wp-content\themes\generatepress_child\functions.php:1536
Stack trace:
#0 E:\laragon\www\chutetest\wp-includes\class-wp-hook.php(303): empty_cart('')
#1 E:\laragon\www\chutetest\wp-includes\class-wp-hook.php(327): WP_Hook->apply_filters(NULL, Array)
#2 E:\laragon\www\chutetest\wp-includes\plugin.php(470): WP_Hook->do_action(Array)
#3 E:\laragon\www\chutetest\wp-settings.php(578): do_action('init')
#4 E:\laragon\www\chutetest\wp-config.php(102): require_once('E:\\laragon\\www\\...')
#5 E:\laragon\www\chutetest\wp-load.php(50): require_once('E:\\laragon\\www\\...')
#6 E:\laragon\www\chutetest\wp-blog-header.php(13): require_once('E:\\laragon\\www\\...')
#7 E:\laragon\www\chutetest\index.php(17): require('E:\\laragon\\www\\...')
#8 {main}
  thrown dans E:\laragon\www\chutetest\wp-content\themes\generatepress_child\functions.php à la ligne 1536

2021-11-12T01:47:15+00:00 CRITICAL Uncaught Error: Call to a member function get_cart_contents_count() on null in E:\laragon\www\chutetest\wp-content\themes\generatepress_child\functions.php:1536
Stack trace:
#0 E:\laragon\www\chutetest\wp-includes\class-wp-hook.php(303): empty_cart('')
#1 E:\laragon\www\chutetest\wp-includes\class-wp-hook.php(327): WP_Hook->apply_filters(NULL, Array)
#2 E:\laragon\www\chutetest\wp-includes\plugin.php(470): WP_Hook->do_action(Array)
#3 E:\laragon\www\chutetest\wp-settings.php(578): do_action('init')
#4 E:\laragon\www\chutetest\wp-config.php(102): require_once('E:\\laragon\\www\\...')
#5 E:\laragon\www\chutetest\wp-load.php(50): require_once('E:\\laragon\\www\\...')
#6 E:\laragon\www\chutetest\wp-blog-header.php(13): require_once('E:\\laragon\\www\\...')
#7 E:\laragon\www\chutetest\index.php(17): require('E:\\laragon\\www\\...')
#8 {main}
  thrown dans E:\laragon\www\chutetest\wp-content\themes\generatepress_child\functions.php à la ligne 1536

2021-11-12T01:47:15+00:00 CRITICAL Uncaught Error: Call to a member function get_cart_contents_count() on null in E:\laragon\www\chutetest\wp-content\themes\generatepress_child\functions.php:1536
Stack trace:
#0 E:\laragon\www\chutetest\wp-includes\class-wp-hook.php(303): empty_cart('')
#1 E:\laragon\www\chutetest\wp-includes\class-wp-hook.php(327): WP_Hook->apply_filters(NULL, Array)
#2 E:\laragon\www\chutetest\wp-includes\plugin.php(470): WP_Hook->do_action(Array)
#3 E:\laragon\www\chutetest\wp-settings.php(578): do_action('init')
#4 E:\laragon\www\chutetest\wp-config.php(102): require_once('E:\\laragon\\www\\...')
#5 E:\laragon\www\chutetest\wp-load.php(50): require_once('E:\\laragon\\www\\...')
#6 E:\laragon\www\chutetest\wp-blog-header.php(13): require_once('E:\\laragon\\www\\...')
#7 E:\laragon\www\chutetest\index.php(17): require('E:\\laragon\\www\\...')
#8 {main}
  thrown dans E:\laragon\www\chutetest\wp-content\themes\generatepress_child\functions.php à la ligne 1536

2021-11-12T01:47:16+00:00 CRITICAL Uncaught Error: Call to a member function get_cart_contents_count() on null in E:\laragon\www\chutetest\wp-content\themes\generatepress_child\functions.php:1536
Stack trace:
#0 E:\laragon\www\chutetest\wp-includes\class-wp-hook.php(303): empty_cart('')
#1 E:\laragon\www\chutetest\wp-includes\class-wp-hook.php(327): WP_Hook->apply_filters(NULL, Array)
#2 E:\laragon\www\chutetest\wp-includes\plugin.php(470): WP_Hook->do_action(Array)
#3 E:\laragon\www\chutetest\wp-settings.php(578): do_action('init')
#4 E:\laragon\www\chutetest\wp-config.php(102): require_once('E:\\laragon\\www\\...')
#5 E:\laragon\www\chutetest\wp-load.php(50): require_once('E:\\laragon\\www\\...')
#6 E:\laragon\www\chutetest\wp-blog-header.php(13): require_once('E:\\laragon\\www\\...')
#7 E:\laragon\www\chutetest\index.php(17): require('E:\\laragon\\www\\...')
#8 {main}
  thrown dans E:\laragon\www\chutetest\wp-content\themes\generatepress_child\functions.php à la ligne 1536

2021-11-12T01:47:57+00:00 CRITICAL Uncaught Error: Call to a member function get_cart_contents_count() on null in E:\laragon\www\chutetest\wp-content\themes\generatepress_child\functions.php:1536
Stack trace:
#0 E:\laragon\www\chutetest\wp-includes\class-wp-hook.php(303): empty_cart('')
#1 E:\laragon\www\chutetest\wp-includes\class-wp-hook.php(327): WP_Hook->apply_filters(NULL, Array)
#2 E:\laragon\www\chutetest\wp-includes\plugin.php(470): WP_Hook->do_action(Array)
#3 E:\laragon\www\chutetest\wp-settings.php(578): do_action('init')
#4 E:\laragon\www\chutetest\wp-config.php(102): require_once('E:\\laragon\\www\\...')
#5 E:\laragon\www\chutetest\wp-load.php(50): require_once('E:\\laragon\\www\\...')
#6 E:\laragon\www\chutetest\wp-cron.php(44): require_once('E:\\laragon\\www\\...')
#7 {main}
  thrown dans E:\laragon\www\chutetest\wp-content\themes\generatepress_child\functions.php à la ligne 1536

2021-11-12T01:49:54+00:00 CRITICAL Uncaught Error: Call to a member function get_cart_contents_count() on null in E:\laragon\www\chutetest\wp-content\themes\generatepress_child\functions.php:1536
Stack trace:
#0 E:\laragon\www\chutetest\wp-includes\class-wp-hook.php(303): empty_cart('')
#1 E:\laragon\www\chutetest\wp-includes\class-wp-hook.php(327): WP_Hook->apply_filters(NULL, Array)
#2 E:\laragon\www\chutetest\wp-includes\plugin.php(470): WP_Hook->do_action(Array)
#3 E:\laragon\www\chutetest\wp-settings.php(578): do_action('init')
#4 E:\laragon\www\chutetest\wp-config.php(102): require_once('E:\\laragon\\www\\...')
#5 E:\laragon\www\chutetest\wp-load.php(50): require_once('E:\\laragon\\www\\...')
#6 E:\laragon\www\chutetest\wp-cron.php(44): require_once('E:\\laragon\\www\\...')
#7 {main}
  thrown dans E:\laragon\www\chutetest\wp-content\themes\generatepress_child\functions.php à la ligne 1536

2021-11-12T01:51:35+00:00 CRITICAL Uncaught Error: Call to a member function get_cart_contents_count() on null in E:\laragon\www\chutetest\wp-content\themes\generatepress_child\functions.php:1536
Stack trace:
#0 E:\laragon\www\chutetest\wp-includes\class-wp-hook.php(303): empty_cart('')
#1 E:\laragon\www\chutetest\wp-includes\class-wp-hook.php(327): WP_Hook->apply_filters(NULL, Array)
#2 E:\laragon\www\chutetest\wp-includes\plugin.php(470): WP_Hook->do_action(Array)
#3 E:\laragon\www\chutetest\wp-settings.php(578): do_action('init')
#4 E:\laragon\www\chutetest\wp-config.php(102): require_once('E:\\laragon\\www\\...')
#5 E:\laragon\www\chutetest\wp-load.php(50): require_once('E:\\laragon\\www\\...')
#6 E:\laragon\www\chutetest\wp-cron.php(44): require_once('E:\\laragon\\www\\...')
#7 {main}
  thrown dans E:\laragon\www\chutetest\wp-content\themes\generatepress_child\functions.php à la ligne 1536

2021-11-12T02:42:45+00:00 CRITICAL syntax error, unexpected 'remove_certificate' (T_STRING), expecting '(' dans E:\laragon\www\chutetest\wp-content\themes\generatepress_child\functions.php à la ligne 1549

2021-11-12T02:42:47+00:00 CRITICAL syntax error, unexpected 'remove_certificate' (T_STRING), expecting '(' dans E:\laragon\www\chutetest\wp-content\themes\generatepress_child\functions.php à la ligne 1549

2021-11-12T02:43:05+00:00 CRITICAL Uncaught Error: Call to a member function get_cart_contents_count() on null in E:\laragon\www\chutetest\wp-content\themes\generatepress_child\functions.php:1536
Stack trace:
#0 E:\laragon\www\chutetest\wp-includes\class-wp-hook.php(303): empty_cart('')
#1 E:\laragon\www\chutetest\wp-includes\class-wp-hook.php(327): WP_Hook->apply_filters(NULL, Array)
#2 E:\laragon\www\chutetest\wp-includes\plugin.php(470): WP_Hook->do_action(Array)
#3 E:\laragon\www\chutetest\wp-settings.php(578): do_action('init')
#4 E:\laragon\www\chutetest\wp-config.php(102): require_once('E:\\laragon\\www\\...')
#5 E:\laragon\www\chutetest\wp-load.php(50): require_once('E:\\laragon\\www\\...')
#6 E:\laragon\www\chutetest\wp-cron.php(44): require_once('E:\\laragon\\www\\...')
#7 {main}
  thrown dans E:\laragon\www\chutetest\wp-content\themes\generatepress_child\functions.php à la ligne 1536

2021-11-12T03:38:54+00:00 CRITICAL Uncaught Error: Call to a member function get_cart_contents_count() on null in E:\laragon\www\chutetest\wp-content\themes\generatepress_child\functions.php:1536
Stack trace:
#0 E:\laragon\www\chutetest\wp-includes\class-wp-hook.php(303): empty_cart('')
#1 E:\laragon\www\chutetest\wp-includes\class-wp-hook.php(327): WP_Hook->apply_filters(NULL, Array)
#2 E:\laragon\www\chutetest\wp-includes\plugin.php(470): WP_Hook->do_action(Array)
#3 E:\laragon\www\chutetest\wp-settings.php(578): do_action('init')
#4 E:\laragon\www\chutetest\wp-config.php(102): require_once('E:\\laragon\\www\\...')
#5 E:\laragon\www\chutetest\wp-load.php(50): require_once('E:\\laragon\\www\\...')
#6 E:\laragon\www\chutetest\wp-cron.php(44): require_once('E:\\laragon\\www\\...')
#7 {main}
  thrown dans E:\laragon\www\chutetest\wp-content\themes\generatepress_child\functions.php à la ligne 1536

2021-11-12T03:42:10+00:00 CRITICAL Uncaught Error: Call to a member function get_cart_contents_count() on null in E:\laragon\www\chutetest\wp-content\themes\generatepress_child\functions.php:1536
Stack trace:
#0 E:\laragon\www\chutetest\wp-includes\class-wp-hook.php(303): empty_cart('')
#1 E:\laragon\www\chutetest\wp-includes\class-wp-hook.php(327): WP_Hook->apply_filters(NULL, Array)
#2 E:\laragon\www\chutetest\wp-includes\plugin.php(470): WP_Hook->do_action(Array)
#3 E:\laragon\www\chutetest\wp-settings.php(578): do_action('init')
#4 E:\laragon\www\chutetest\wp-config.php(102): require_once('E:\\laragon\\www\\...')
#5 E:\laragon\www\chutetest\wp-load.php(50): require_once('E:\\laragon\\www\\...')
#6 E:\laragon\www\chutetest\wp-cron.php(44): require_once('E:\\laragon\\www\\...')
#7 {main}
  thrown dans E:\laragon\www\chutetest\wp-content\themes\generatepress_child\functions.php à la ligne 1536

2021-11-12T03:43:14+00:00 CRITICAL Uncaught Error: Call to a member function get_cart_contents_count() on null in E:\laragon\www\chutetest\wp-content\themes\generatepress_child\functions.php:1536
Stack trace:
#0 E:\laragon\www\chutetest\wp-includes\class-wp-hook.php(303): empty_cart('')
#1 E:\laragon\www\chutetest\wp-includes\class-wp-hook.php(327): WP_Hook->apply_filters(NULL, Array)
#2 E:\laragon\www\chutetest\wp-includes\plugin.php(470): WP_Hook->do_action(Array)
#3 E:\laragon\www\chutetest\wp-settings.php(578): do_action('init')
#4 E:\laragon\www\chutetest\wp-config.php(102): require_once('E:\\laragon\\www\\...')
#5 E:\laragon\www\chutetest\wp-load.php(50): require_once('E:\\laragon\\www\\...')
#6 E:\laragon\www\chutetest\wp-cron.php(44): require_once('E:\\laragon\\www\\...')
#7 {main}
  thrown dans E:\laragon\www\chutetest\wp-content\themes\generatepress_child\functions.php à la ligne 1536

2021-11-12T03:44:28+00:00 CRITICAL Uncaught Error: Call to a member function get_cart_contents_count() on null in E:\laragon\www\chutetest\wp-content\themes\generatepress_child\functions.php:1536
Stack trace:
#0 E:\laragon\www\chutetest\wp-includes\class-wp-hook.php(303): empty_cart('')
#1 E:\laragon\www\chutetest\wp-includes\class-wp-hook.php(327): WP_Hook->apply_filters(NULL, Array)
#2 E:\laragon\www\chutetest\wp-includes\plugin.php(470): WP_Hook->do_action(Array)
#3 E:\laragon\www\chutetest\wp-settings.php(578): do_action('init')
#4 E:\laragon\www\chutetest\wp-config.php(102): require_once('E:\\laragon\\www\\...')
#5 E:\laragon\www\chutetest\wp-load.php(50): require_once('E:\\laragon\\www\\...')
#6 E:\laragon\www\chutetest\wp-cron.php(44): require_once('E:\\laragon\\www\\...')
#7 {main}
  thrown dans E:\laragon\www\chutetest\wp-content\themes\generatepress_child\functions.php à la ligne 1536

2021-11-12T03:46:09+00:00 CRITICAL Uncaught Error: Call to a member function get_cart_contents_count() on null in E:\laragon\www\chutetest\wp-content\themes\generatepress_child\functions.php:1536
Stack trace:
#0 E:\laragon\www\chutetest\wp-includes\class-wp-hook.php(303): empty_cart('')
#1 E:\laragon\www\chutetest\wp-includes\class-wp-hook.php(327): WP_Hook->apply_filters(NULL, Array)
#2 E:\laragon\www\chutetest\wp-includes\plugin.php(470): WP_Hook->do_action(Array)
#3 E:\laragon\www\chutetest\wp-settings.php(578): do_action('init')
#4 E:\laragon\www\chutetest\wp-config.php(102): require_once('E:\\laragon\\www\\...')
#5 E:\laragon\www\chutetest\wp-load.php(50): require_once('E:\\laragon\\www\\...')
#6 E:\laragon\www\chutetest\wp-cron.php(44): require_once('E:\\laragon\\www\\...')
#7 {main}
  thrown dans E:\laragon\www\chutetest\wp-content\themes\generatepress_child\functions.php à la ligne 1536

2021-11-12T05:54:37+00:00 CRITICAL Uncaught Error: Call to a member function get_cart_contents_count() on null in E:\laragon\www\chutetest\wp-content\themes\generatepress_child\functions.php:1536
Stack trace:
#0 E:\laragon\www\chutetest\wp-includes\class-wp-hook.php(303): empty_cart('')
#1 E:\laragon\www\chutetest\wp-includes\class-wp-hook.php(327): WP_Hook->apply_filters(NULL, Array)
#2 E:\laragon\www\chutetest\wp-includes\plugin.php(470): WP_Hook->do_action(Array)
#3 E:\laragon\www\chutetest\wp-settings.php(578): do_action('init')
#4 E:\laragon\www\chutetest\wp-config.php(102): require_once('E:\\laragon\\www\\...')
#5 E:\laragon\www\chutetest\wp-load.php(50): require_once('E:\\laragon\\www\\...')
#6 E:\laragon\www\chutetest\wp-cron.php(44): require_once('E:\\laragon\\www\\...')
#7 {main}
  thrown dans E:\laragon\www\chutetest\wp-content\themes\generatepress_child\functions.php à la ligne 1536

2021-11-12T06:03:12+00:00 CRITICAL Uncaught Error: Call to a member function get_cart_contents_count() on null in E:\laragon\www\chutetest\wp-content\themes\generatepress_child\functions.php:1536
Stack trace:
#0 E:\laragon\www\chutetest\wp-includes\class-wp-hook.php(303): empty_cart('')
#1 E:\laragon\www\chutetest\wp-includes\class-wp-hook.php(327): WP_Hook->apply_filters(NULL, Array)
#2 E:\laragon\www\chutetest\wp-includes\plugin.php(470): WP_Hook->do_action(Array)
#3 E:\laragon\www\chutetest\wp-settings.php(578): do_action('init')
#4 E:\laragon\www\chutetest\wp-config.php(102): require_once('E:\\laragon\\www\\...')
#5 E:\laragon\www\chutetest\wp-load.php(50): require_once('E:\\laragon\\www\\...')
#6 E:\laragon\www\chutetest\wp-cron.php(44): require_once('E:\\laragon\\www\\...')
#7 {main}
  thrown dans E:\laragon\www\chutetest\wp-content\themes\generatepress_child\functions.php à la ligne 1536

2021-11-12T06:04:15+00:00 CRITICAL Uncaught Error: Call to a member function get_cart_contents_count() on null in E:\laragon\www\chutetest\wp-content\themes\generatepress_child\functions.php:1536
Stack trace:
#0 E:\laragon\www\chutetest\wp-includes\class-wp-hook.php(303): empty_cart('')
#1 E:\laragon\www\chutetest\wp-includes\class-wp-hook.php(327): WP_Hook->apply_filters(NULL, Array)
#2 E:\laragon\www\chutetest\wp-includes\plugin.php(470): WP_Hook->do_action(Array)
#3 E:\laragon\www\chutetest\wp-settings.php(578): do_action('init')
#4 E:\laragon\www\chutetest\wp-config.php(102): require_once('E:\\laragon\\www\\...')
#5 E:\laragon\www\chutetest\wp-load.php(50): require_once('E:\\laragon\\www\\...')
#6 E:\laragon\www\chutetest\wp-cron.php(44): require_once('E:\\laragon\\www\\...')
#7 {main}
  thrown dans E:\laragon\www\chutetest\wp-content\themes\generatepress_child\functions.php à la ligne 1536

2021-11-12T06:04:15+00:00 CRITICAL Uncaught Error: Call to a member function get_cart_contents_count() on null in E:\laragon\www\chutetest\wp-content\themes\generatepress_child\functions.php:1536
Stack trace:
#0 E:\laragon\www\chutetest\wp-includes\class-wp-hook.php(303): empty_cart('')
#1 E:\laragon\www\chutetest\wp-includes\class-wp-hook.php(327): WP_Hook->apply_filters(NULL, Array)
#2 E:\laragon\www\chutetest\wp-includes\plugin.php(470): WP_Hook->do_action(Array)
#3 E:\laragon\www\chutetest\wp-settings.php(578): do_action('init')
#4 E:\laragon\www\chutetest\wp-config.php(102): require_once('E:\\laragon\\www\\...')
#5 E:\laragon\www\chutetest\wp-load.php(50): require_once('E:\\laragon\\www\\...')
#6 E:\laragon\www\chutetest\wp-cron.php(44): require_once('E:\\laragon\\www\\...')
#7 {main}
  thrown dans E:\laragon\www\chutetest\wp-content\themes\generatepress_child\functions.php à la ligne 1536

2021-11-12T07:30:46+00:00 CRITICAL Uncaught Error: Call to a member function get_cart_contents_count() on null in E:\laragon\www\chutetest\wp-content\themes\generatepress_child\functions.php:1536
Stack trace:
#0 E:\laragon\www\chutetest\wp-includes\class-wp-hook.php(303): empty_cart('')
#1 E:\laragon\www\chutetest\wp-includes\class-wp-hook.php(327): WP_Hook->apply_filters(NULL, Array)
#2 E:\laragon\www\chutetest\wp-includes\plugin.php(470): WP_Hook->do_action(Array)
#3 E:\laragon\www\chutetest\wp-settings.php(578): do_action('init')
#4 E:\laragon\www\chutetest\wp-config.php(102): require_once('E:\\laragon\\www\\...')
#5 E:\laragon\www\chutetest\wp-load.php(50): require_once('E:\\laragon\\www\\...')
#6 E:\laragon\www\chutetest\wp-cron.php(44): require_once('E:\\laragon\\www\\...')
#7 {main}
  thrown dans E:\laragon\www\chutetest\wp-content\themes\generatepress_child\functions.php à la ligne 1536

2021-11-12T07:31:46+00:00 CRITICAL Uncaught Error: Call to a member function get_cart_contents_count() on null in E:\laragon\www\chutetest\wp-content\themes\generatepress_child\functions.php:1536
Stack trace:
#0 E:\laragon\www\chutetest\wp-includes\class-wp-hook.php(303): empty_cart('')
#1 E:\laragon\www\chutetest\wp-includes\class-wp-hook.php(327): WP_Hook->apply_filters(NULL, Array)
#2 E:\laragon\www\chutetest\wp-includes\plugin.php(470): WP_Hook->do_action(Array)
#3 E:\laragon\www\chutetest\wp-settings.php(578): do_action('init')
#4 E:\laragon\www\chutetest\wp-config.php(102): require_once('E:\\laragon\\www\\...')
#5 E:\laragon\www\chutetest\wp-load.php(50): require_once('E:\\laragon\\www\\...')
#6 E:\laragon\www\chutetest\wp-cron.php(44): require_once('E:\\laragon\\www\\...')
#7 {main}
  thrown dans E:\laragon\www\chutetest\wp-content\themes\generatepress_child\functions.php à la ligne 1536

2021-11-12T07:33:13+00:00 CRITICAL Uncaught Error: Call to a member function get_cart_contents_count() on null in E:\laragon\www\chutetest\wp-content\themes\generatepress_child\functions.php:1536
Stack trace:
#0 E:\laragon\www\chutetest\wp-includes\class-wp-hook.php(303): empty_cart('')
#1 E:\laragon\www\chutetest\wp-includes\class-wp-hook.php(327): WP_Hook->apply_filters(NULL, Array)
#2 E:\laragon\www\chutetest\wp-includes\plugin.php(470): WP_Hook->do_action(Array)
#3 E:\laragon\www\chutetest\wp-settings.php(578): do_action('init')
#4 E:\laragon\www\chutetest\wp-config.php(102): require_once('E:\\laragon\\www\\...')
#5 E:\laragon\www\chutetest\wp-load.php(50): require_once('E:\\laragon\\www\\...')
#6 E:\laragon\www\chutetest\wp-cron.php(44): require_once('E:\\laragon\\www\\...')
#7 {main}
  thrown dans E:\laragon\www\chutetest\wp-content\themes\generatepress_child\functions.php à la ligne 1536

2021-11-12T07:36:22+00:00 CRITICAL Uncaught Error: Call to a member function get_cart_contents_count() on null in E:\laragon\www\chutetest\wp-content\themes\generatepress_child\functions.php:1536
Stack trace:
#0 E:\laragon\www\chutetest\wp-includes\class-wp-hook.php(303): empty_cart('')
#1 E:\laragon\www\chutetest\wp-includes\class-wp-hook.php(327): WP_Hook->apply_filters(NULL, Array)
#2 E:\laragon\www\chutetest\wp-includes\plugin.php(470): WP_Hook->do_action(Array)
#3 E:\laragon\www\chutetest\wp-settings.php(578): do_action('init')
#4 E:\laragon\www\chutetest\wp-config.php(102): require_once('E:\\laragon\\www\\...')
#5 E:\laragon\www\chutetest\wp-load.php(50): require_once('E:\\laragon\\www\\...')
#6 E:\laragon\www\chutetest\wp-cron.php(44): require_once('E:\\laragon\\www\\...')
#7 {main}
  thrown dans E:\laragon\www\chutetest\wp-content\themes\generatepress_child\functions.php à la ligne 1536

2021-11-12T07:38:24+00:00 CRITICAL Uncaught Error: Call to a member function get_cart_contents_count() on null in E:\laragon\www\chutetest\wp-content\themes\generatepress_child\functions.php:1536
Stack trace:
#0 E:\laragon\www\chutetest\wp-includes\class-wp-hook.php(303): empty_cart('')
#1 E:\laragon\www\chutetest\wp-includes\class-wp-hook.php(327): WP_Hook->apply_filters(NULL, Array)
#2 E:\laragon\www\chutetest\wp-includes\plugin.php(470): WP_Hook->do_action(Array)
#3 E:\laragon\www\chutetest\wp-settings.php(578): do_action('init')
#4 E:\laragon\www\chutetest\wp-config.php(102): require_once('E:\\laragon\\www\\...')
#5 E:\laragon\www\chutetest\wp-load.php(50): require_once('E:\\laragon\\www\\...')
#6 E:\laragon\www\chutetest\wp-cron.php(44): require_once('E:\\laragon\\www\\...')
#7 {main}
  thrown dans E:\laragon\www\chutetest\wp-content\themes\generatepress_child\functions.php à la ligne 1536

2021-11-12T07:39:40+00:00 CRITICAL Uncaught Error: Call to a member function get_cart_contents_count() on null in E:\laragon\www\chutetest\wp-content\themes\generatepress_child\functions.php:1536
Stack trace:
#0 E:\laragon\www\chutetest\wp-includes\class-wp-hook.php(303): empty_cart('')
#1 E:\laragon\www\chutetest\wp-includes\class-wp-hook.php(327): WP_Hook->apply_filters(NULL, Array)
#2 E:\laragon\www\chutetest\wp-includes\plugin.php(470): WP_Hook->do_action(Array)
#3 E:\laragon\www\chutetest\wp-settings.php(578): do_action('init')
#4 E:\laragon\www\chutetest\wp-config.php(102): require_once('E:\\laragon\\www\\...')
#5 E:\laragon\www\chutetest\wp-load.php(50): require_once('E:\\laragon\\www\\...')
#6 E:\laragon\www\chutetest\wp-cron.php(44): require_once('E:\\laragon\\www\\...')
#7 {main}
  thrown dans E:\laragon\www\chutetest\wp-content\themes\generatepress_child\functions.php à la ligne 1536

2021-11-12T07:40:48+00:00 CRITICAL Uncaught Error: Call to a member function get_cart_contents_count() on null in E:\laragon\www\chutetest\wp-content\themes\generatepress_child\functions.php:1536
Stack trace:
#0 E:\laragon\www\chutetest\wp-includes\class-wp-hook.php(303): empty_cart('')
#1 E:\laragon\www\chutetest\wp-includes\class-wp-hook.php(327): WP_Hook->apply_filters(NULL, Array)
#2 E:\laragon\www\chutetest\wp-includes\plugin.php(470): WP_Hook->do_action(Array)
#3 E:\laragon\www\chutetest\wp-settings.php(578): do_action('init')
#4 E:\laragon\www\chutetest\wp-config.php(102): require_once('E:\\laragon\\www\\...')
#5 E:\laragon\www\chutetest\wp-load.php(50): require_once('E:\\laragon\\www\\...')
#6 E:\laragon\www\chutetest\wp-cron.php(44): require_once('E:\\laragon\\www\\...')
#7 {main}
  thrown dans E:\laragon\www\chutetest\wp-content\themes\generatepress_child\functions.php à la ligne 1536

2021-11-12T08:01:36+00:00 CRITICAL Uncaught Error: Call to a member function get_cart_contents_count() on null in E:\laragon\www\chutetest\wp-content\themes\generatepress_child\functions.php:1536
Stack trace:
#0 E:\laragon\www\chutetest\wp-includes\class-wp-hook.php(303): empty_cart('')
#1 E:\laragon\www\chutetest\wp-includes\class-wp-hook.php(327): WP_Hook->apply_filters(NULL, Array)
#2 E:\laragon\www\chutetest\wp-includes\plugin.php(470): WP_Hook->do_action(Array)
#3 E:\laragon\www\chutetest\wp-settings.php(578): do_action('init')
#4 E:\laragon\www\chutetest\wp-config.php(102): require_once('E:\\laragon\\www\\...')
#5 E:\laragon\www\chutetest\wp-load.php(50): require_once('E:\\laragon\\www\\...')
#6 E:\laragon\www\chutetest\wp-cron.php(44): require_once('E:\\laragon\\www\\...')
#7 {main}
  thrown dans E:\laragon\www\chutetest\wp-content\themes\generatepress_child\functions.php à la ligne 1536

2021-11-12T08:02:45+00:00 CRITICAL Uncaught Error: Call to a member function get_cart_contents_count() on null in E:\laragon\www\chutetest\wp-content\themes\generatepress_child\functions.php:1536
Stack trace:
#0 E:\laragon\www\chutetest\wp-includes\class-wp-hook.php(303): empty_cart('')
#1 E:\laragon\www\chutetest\wp-includes\class-wp-hook.php(327): WP_Hook->apply_filters(NULL, Array)
#2 E:\laragon\www\chutetest\wp-includes\plugin.php(470): WP_Hook->do_action(Array)
#3 E:\laragon\www\chutetest\wp-settings.php(578): do_action('init')
#4 E:\laragon\www\chutetest\wp-config.php(102): require_once('E:\\laragon\\www\\...')
#5 E:\laragon\www\chutetest\wp-load.php(50): require_once('E:\\laragon\\www\\...')
#6 E:\laragon\www\chutetest\wp-cron.php(44): require_once('E:\\laragon\\www\\...')
#7 {main}
  thrown dans E:\laragon\www\chutetest\wp-content\themes\generatepress_child\functions.php à la ligne 1536

2021-11-12T08:02:45+00:00 CRITICAL Uncaught Error: Call to a member function get_cart_contents_count() on null in E:\laragon\www\chutetest\wp-content\themes\generatepress_child\functions.php:1536
Stack trace:
#0 E:\laragon\www\chutetest\wp-includes\class-wp-hook.php(303): empty_cart('')
#1 E:\laragon\www\chutetest\wp-includes\class-wp-hook.php(327): WP_Hook->apply_filters(NULL, Array)
#2 E:\laragon\www\chutetest\wp-includes\plugin.php(470): WP_Hook->do_action(Array)
#3 E:\laragon\www\chutetest\wp-settings.php(578): do_action('init')
#4 E:\laragon\www\chutetest\wp-config.php(102): require_once('E:\\laragon\\www\\...')
#5 E:\laragon\www\chutetest\wp-load.php(50): require_once('E:\\laragon\\www\\...')
#6 E:\laragon\www\chutetest\wp-cron.php(44): require_once('E:\\laragon\\www\\...')
#7 {main}
  thrown dans E:\laragon\www\chutetest\wp-content\themes\generatepress_child\functions.php à la ligne 1536

2021-11-12T08:03:47+00:00 CRITICAL Uncaught Error: Call to a member function get_cart_contents_count() on null in E:\laragon\www\chutetest\wp-content\themes\generatepress_child\functions.php:1536
Stack trace:
#0 E:\laragon\www\chutetest\wp-includes\class-wp-hook.php(303): empty_cart('')
#1 E:\laragon\www\chutetest\wp-includes\class-wp-hook.php(327): WP_Hook->apply_filters(NULL, Array)
#2 E:\laragon\www\chutetest\wp-includes\plugin.php(470): WP_Hook->do_action(Array)
#3 E:\laragon\www\chutetest\wp-settings.php(578): do_action('init')
#4 E:\laragon\www\chutetest\wp-config.php(102): require_once('E:\\laragon\\www\\...')
#5 E:\laragon\www\chutetest\wp-load.php(50): require_once('E:\\laragon\\www\\...')
#6 E:\laragon\www\chutetest\wp-cron.php(44): require_once('E:\\laragon\\www\\...')
#7 {main}
  thrown dans E:\laragon\www\chutetest\wp-content\themes\generatepress_child\functions.php à la ligne 1536

2021-11-12T08:42:09+00:00 CRITICAL Uncaught Error: Call to a member function get_cart_contents_count() on null in E:\laragon\www\chutetest\wp-content\themes\generatepress_child\functions.php:1536
Stack trace:
#0 E:\laragon\www\chutetest\wp-includes\class-wp-hook.php(303): empty_cart('')
#1 E:\laragon\www\chutetest\wp-includes\class-wp-hook.php(327): WP_Hook->apply_filters(NULL, Array)
#2 E:\laragon\www\chutetest\wp-includes\plugin.php(470): WP_Hook->do_action(Array)
#3 E:\laragon\www\chutetest\wp-settings.php(578): do_action('init')
#4 E:\laragon\www\chutetest\wp-config.php(102): require_once('E:\\laragon\\www\\...')
#5 E:\laragon\www\chutetest\wp-load.php(50): require_once('E:\\laragon\\www\\...')
#6 E:\laragon\www\chutetest\wp-cron.php(44): require_once('E:\\laragon\\www\\...')
#7 {main}
  thrown dans E:\laragon\www\chutetest\wp-content\themes\generatepress_child\functions.php à la ligne 1536

2021-11-12T08:43:17+00:00 CRITICAL Uncaught Error: Call to a member function get_cart_contents_count() on null in E:\laragon\www\chutetest\wp-content\themes\generatepress_child\functions.php:1536
Stack trace:
#0 E:\laragon\www\chutetest\wp-includes\class-wp-hook.php(303): empty_cart('')
#1 E:\laragon\www\chutetest\wp-includes\class-wp-hook.php(327): WP_Hook->apply_filters(NULL, Array)
#2 E:\laragon\www\chutetest\wp-includes\plugin.php(470): WP_Hook->do_action(Array)
#3 E:\laragon\www\chutetest\wp-settings.php(578): do_action('init')
#4 E:\laragon\www\chutetest\wp-config.php(102): require_once('E:\\laragon\\www\\...')
#5 E:\laragon\www\chutetest\wp-load.php(50): require_once('E:\\laragon\\www\\...')
#6 E:\laragon\www\chutetest\wp-cron.php(44): require_once('E:\\laragon\\www\\...')
#7 {main}
  thrown dans E:\laragon\www\chutetest\wp-content\themes\generatepress_child\functions.php à la ligne 1536

2021-11-12T09:13:08+00:00 CRITICAL Uncaught Error: Call to a member function get_cart_contents_count() on null in E:\laragon\www\chutetest\wp-content\themes\generatepress_child\functions.php:1536
Stack trace:
#0 E:\laragon\www\chutetest\wp-includes\class-wp-hook.php(303): empty_cart('')
#1 E:\laragon\www\chutetest\wp-includes\class-wp-hook.php(327): WP_Hook->apply_filters(NULL, Array)
#2 E:\laragon\www\chutetest\wp-includes\plugin.php(470): WP_Hook->do_action(Array)
#3 E:\laragon\www\chutetest\wp-settings.php(578): do_action('init')
#4 E:\laragon\www\chutetest\wp-config.php(102): require_once('E:\\laragon\\www\\...')
#5 E:\laragon\www\chutetest\wp-load.php(50): require_once('E:\\laragon\\www\\...')
#6 E:\laragon\www\chutetest\wp-cron.php(44): require_once('E:\\laragon\\www\\...')
#7 {main}
  thrown dans E:\laragon\www\chutetest\wp-content\themes\generatepress_child\functions.php à la ligne 1536

2021-11-12T09:14:08+00:00 CRITICAL Uncaught Error: Call to a member function get_cart_contents_count() on null in E:\laragon\www\chutetest\wp-content\themes\generatepress_child\functions.php:1536
Stack trace:
#0 E:\laragon\www\chutetest\wp-includes\class-wp-hook.php(303): empty_cart('')
#1 E:\laragon\www\chutetest\wp-includes\class-wp-hook.php(327): WP_Hook->apply_filters(NULL, Array)
#2 E:\laragon\www\chutetest\wp-includes\plugin.php(470): WP_Hook->do_action(Array)
#3 E:\laragon\www\chutetest\wp-settings.php(578): do_action('init')
#4 E:\laragon\www\chutetest\wp-config.php(102): require_once('E:\\laragon\\www\\...')
#5 E:\laragon\www\chutetest\wp-load.php(50): require_once('E:\\laragon\\www\\...')
#6 E:\laragon\www\chutetest\wp-cron.php(44): require_once('E:\\laragon\\www\\...')
#7 {main}
  thrown dans E:\laragon\www\chutetest\wp-content\themes\generatepress_child\functions.php à la ligne 1536

2021-11-12T09:15:35+00:00 CRITICAL Uncaught Error: Call to a member function get_cart_contents_count() on null in E:\laragon\www\chutetest\wp-content\themes\generatepress_child\functions.php:1536
Stack trace:
#0 E:\laragon\www\chutetest\wp-includes\class-wp-hook.php(303): empty_cart('')
#1 E:\laragon\www\chutetest\wp-includes\class-wp-hook.php(327): WP_Hook->apply_filters(NULL, Array)
#2 E:\laragon\www\chutetest\wp-includes\plugin.php(470): WP_Hook->do_action(Array)
#3 E:\laragon\www\chutetest\wp-settings.php(578): do_action('init')
#4 E:\laragon\www\chutetest\wp-config.php(102): require_once('E:\\laragon\\www\\...')
#5 E:\laragon\www\chutetest\wp-load.php(50): require_once('E:\\laragon\\www\\...')
#6 E:\laragon\www\chutetest\wp-cron.php(44): require_once('E:\\laragon\\www\\...')
#7 {main}
  thrown dans E:\laragon\www\chutetest\wp-content\themes\generatepress_child\functions.php à la ligne 1536

2021-11-12T09:17:39+00:00 CRITICAL Uncaught Error: Call to a member function get_cart_contents_count() on null in E:\laragon\www\chutetest\wp-content\themes\generatepress_child\functions.php:1536
Stack trace:
#0 E:\laragon\www\chutetest\wp-includes\class-wp-hook.php(303): empty_cart('')
#1 E:\laragon\www\chutetest\wp-includes\class-wp-hook.php(327): WP_Hook->apply_filters(NULL, Array)
#2 E:\laragon\www\chutetest\wp-includes\plugin.php(470): WP_Hook->do_action(Array)
#3 E:\laragon\www\chutetest\wp-settings.php(578): do_action('init')
#4 E:\laragon\www\chutetest\wp-config.php(102): require_once('E:\\laragon\\www\\...')
#5 E:\laragon\www\chutetest\wp-load.php(50): require_once('E:\\laragon\\www\\...')
#6 E:\laragon\www\chutetest\wp-cron.php(44): require_once('E:\\laragon\\www\\...')
#7 {main}
  thrown dans E:\laragon\www\chutetest\wp-content\themes\generatepress_child\functions.php à la ligne 1536

2021-11-12T09:26:01+00:00 CRITICAL Uncaught Error: Call to a member function get_cart_contents_count() on null in E:\laragon\www\chutetest\wp-content\themes\generatepress_child\functions.php:1538
Stack trace:
#0 E:\laragon\www\chutetest\wp-includes\class-wp-hook.php(303): empty_cart('')
#1 E:\laragon\www\chutetest\wp-includes\class-wp-hook.php(327): WP_Hook->apply_filters(NULL, Array)
#2 E:\laragon\www\chutetest\wp-includes\plugin.php(470): WP_Hook->do_action(Array)
#3 E:\laragon\www\chutetest\wp-settings.php(578): do_action('init')
#4 E:\laragon\www\chutetest\wp-config.php(102): require_once('E:\\laragon\\www\\...')
#5 E:\laragon\www\chutetest\wp-load.php(50): require_once('E:\\laragon\\www\\...')
#6 E:\laragon\www\chutetest\wp-cron.php(44): require_once('E:\\laragon\\www\\...')
#7 {main}
  thrown dans E:\laragon\www\chutetest\wp-content\themes\generatepress_child\functions.php à la ligne 1538

2021-11-12T09:27:03+00:00 CRITICAL Uncaught Error: Call to a member function get_cart_contents_count() on null in E:\laragon\www\chutetest\wp-content\themes\generatepress_child\functions.php:1538
Stack trace:
#0 E:\laragon\www\chutetest\wp-includes\class-wp-hook.php(303): empty_cart('')
#1 E:\laragon\www\chutetest\wp-includes\class-wp-hook.php(327): WP_Hook->apply_filters(NULL, Array)
#2 E:\laragon\www\chutetest\wp-includes\plugin.php(470): WP_Hook->do_action(Array)
#3 E:\laragon\www\chutetest\wp-settings.php(578): do_action('init')
#4 E:\laragon\www\chutetest\wp-config.php(102): require_once('E:\\laragon\\www\\...')
#5 E:\laragon\www\chutetest\wp-load.php(50): require_once('E:\\laragon\\www\\...')
#6 E:\laragon\www\chutetest\wp-cron.php(44): require_once('E:\\laragon\\www\\...')
#7 {main}
  thrown dans E:\laragon\www\chutetest\wp-content\themes\generatepress_child\functions.php à la ligne 1538

2021-11-12T09:27:03+00:00 CRITICAL Uncaught Error: Call to a member function get_cart_contents_count() on null in E:\laragon\www\chutetest\wp-content\themes\generatepress_child\functions.php:1538
Stack trace:
#0 E:\laragon\www\chutetest\wp-includes\class-wp-hook.php(303): empty_cart('')
#1 E:\laragon\www\chutetest\wp-includes\class-wp-hook.php(327): WP_Hook->apply_filters(NULL, Array)
#2 E:\laragon\www\chutetest\wp-includes\plugin.php(470): WP_Hook->do_action(Array)
#3 E:\laragon\www\chutetest\wp-settings.php(578): do_action('init')
#4 E:\laragon\www\chutetest\wp-config.php(102): require_once('E:\\laragon\\www\\...')
#5 E:\laragon\www\chutetest\wp-load.php(50): require_once('E:\\laragon\\www\\...')
#6 E:\laragon\www\chutetest\wp-cron.php(44): require_once('E:\\laragon\\www\\...')
#7 {main}
  thrown dans E:\laragon\www\chutetest\wp-content\themes\generatepress_child\functions.php à la ligne 1538

2021-11-12T09:32:54+00:00 CRITICAL Uncaught Error: Call to a member function get_cart_contents_count() on null in E:\laragon\www\chutetest\wp-content\themes\generatepress_child\functions.php:1538
Stack trace:
#0 E:\laragon\www\chutetest\wp-includes\class-wp-hook.php(303): empty_cart('')
#1 E:\laragon\www\chutetest\wp-includes\class-wp-hook.php(327): WP_Hook->apply_filters(NULL, Array)
#2 E:\laragon\www\chutetest\wp-includes\plugin.php(470): WP_Hook->do_action(Array)
#3 E:\laragon\www\chutetest\wp-settings.php(578): do_action('init')
#4 E:\laragon\www\chutetest\wp-config.php(102): require_once('E:\\laragon\\www\\...')
#5 E:\laragon\www\chutetest\wp-load.php(50): require_once('E:\\laragon\\www\\...')
#6 E:\laragon\www\chutetest\wp-cron.php(44): require_once('E:\\laragon\\www\\...')
#7 {main}
  thrown dans E:\laragon\www\chutetest\wp-content\themes\generatepress_child\functions.php à la ligne 1538

2021-11-12T09:34:08+00:00 CRITICAL Uncaught Error: Call to a member function get_cart_contents_count() on null in E:\laragon\www\chutetest\wp-content\themes\generatepress_child\functions.php:1538
Stack trace:
#0 E:\laragon\www\chutetest\wp-includes\class-wp-hook.php(303): empty_cart('')
#1 E:\laragon\www\chutetest\wp-includes\class-wp-hook.php(327): WP_Hook->apply_filters(NULL, Array)
#2 E:\laragon\www\chutetest\wp-includes\plugin.php(470): WP_Hook->do_action(Array)
#3 E:\laragon\www\chutetest\wp-settings.php(578): do_action('init')
#4 E:\laragon\www\chutetest\wp-config.php(102): require_once('E:\\laragon\\www\\...')
#5 E:\laragon\www\chutetest\wp-load.php(50): require_once('E:\\laragon\\www\\...')
#6 E:\laragon\www\chutetest\wp-cron.php(44): require_once('E:\\laragon\\www\\...')
#7 {main}
  thrown dans E:\laragon\www\chutetest\wp-content\themes\generatepress_child\functions.php à la ligne 1538

