2021-10-18T00:23:02+00:00 CRITICAL Maximum execution time of 120 seconds exceeded dans E:\laragon\www\chutetest\wp-includes\wp-db.php à la ligne 2056

2021-10-18T00:32:05+00:00 CRITICAL Maximum execution time of 120 seconds exceeded dans E:\laragon\www\chutetest\wp-includes\wp-db.php à la ligne 2056

2021-10-18T00:41:43+00:00 CRITICAL Maximum execution time of 120 seconds exceeded dans E:\laragon\www\chutetest\wp-includes\wp-db.php à la ligne 2056

2021-10-18T00:43:59+00:00 CRITICAL Maximum execution time of 120 seconds exceeded dans E:\laragon\www\chutetest\wp-includes\wp-db.php à la ligne 2056

2021-10-18T00:47:04+00:00 CRITICAL Maximum execution time of 120 seconds exceeded dans E:\laragon\www\chutetest\wp-includes\wp-db.php à la ligne 2056

2021-10-18T00:47:50+00:00 CRITICAL Maximum execution time of 120 seconds exceeded dans E:\laragon\www\chutetest\wp-includes\wp-db.php à la ligne 2056

2021-10-18T00:48:41+00:00 CRITICAL Maximum execution time of 120 seconds exceeded dans E:\laragon\www\chutetest\wp-includes\plugin.php à la ligne 257

2021-10-18T00:49:17+00:00 CRITICAL Maximum execution time of 120 seconds exceeded dans E:\laragon\www\chutetest\wp-includes\wp-db.php à la ligne 2056

2021-10-18T00:49:54+00:00 CRITICAL Maximum execution time of 120 seconds exceeded dans E:\laragon\www\chutetest\wp-includes\wp-db.php à la ligne 2056

2021-10-18T00:49:54+00:00 CRITICAL Maximum execution time of 120 seconds exceeded dans E:\laragon\www\chutetest\wp-includes\class-wp-hook.php à la ligne 302

2021-10-18T00:49:54+00:00 CRITICAL Maximum execution time of 120 seconds exceeded dans E:\laragon\www\chutetest\wp-includes\wp-db.php à la ligne 2056

2021-10-18T00:49:55+00:00 CRITICAL Maximum execution time of 120 seconds exceeded dans E:\laragon\www\chutetest\wp-includes\wp-db.php à la ligne 2056

2021-10-18T00:50:18+00:00 CRITICAL Maximum execution time of 120 seconds exceeded dans E:\laragon\www\chutetest\wp-includes\wp-db.php à la ligne 2056

2021-10-18T00:51:18+00:00 CRITICAL Maximum execution time of 120 seconds exceeded dans E:\laragon\www\chutetest\wp-includes\wp-db.php à la ligne 2056

2021-10-18T00:52:18+00:00 CRITICAL Maximum execution time of 120 seconds exceeded dans E:\laragon\www\chutetest\wp-includes\wp-db.php à la ligne 2056

2021-10-18T00:53:17+00:00 CRITICAL Maximum execution time of 120 seconds exceeded dans E:\laragon\www\chutetest\wp-includes\wp-db.php à la ligne 2056

2021-10-18T00:54:17+00:00 CRITICAL Maximum execution time of 120 seconds exceeded dans E:\laragon\www\chutetest\wp-includes\wp-db.php à la ligne 2056

2021-10-18T00:55:17+00:00 CRITICAL Maximum execution time of 120 seconds exceeded dans E:\laragon\www\chutetest\wp-includes\wp-db.php à la ligne 2056

2021-10-18T00:56:17+00:00 CRITICAL Maximum execution time of 120 seconds exceeded dans E:\laragon\www\chutetest\wp-includes\wp-db.php à la ligne 2056

2021-10-18T00:57:17+00:00 CRITICAL Maximum execution time of 120 seconds exceeded dans E:\laragon\www\chutetest\wp-includes\wp-db.php à la ligne 2056

2021-10-18T00:58:18+00:00 CRITICAL Maximum execution time of 120 seconds exceeded dans E:\laragon\www\chutetest\wp-includes\wp-db.php à la ligne 2056

2021-10-18T00:59:18+00:00 CRITICAL Maximum execution time of 120 seconds exceeded dans E:\laragon\www\chutetest\wp-includes\wp-db.php à la ligne 2056

2021-10-18T00:59:49+00:00 CRITICAL Maximum execution time of 120 seconds exceeded dans E:\laragon\www\chutetest\wp-includes\wp-db.php à la ligne 2056

2021-10-18T01:00:13+00:00 CRITICAL Maximum execution time of 120 seconds exceeded dans E:\laragon\www\chutetest\wp-includes\wp-db.php à la ligne 2056

2021-10-18T01:00:18+00:00 CRITICAL Maximum execution time of 120 seconds exceeded dans E:\laragon\www\chutetest\wp-includes\wp-db.php à la ligne 1367

2021-10-18T01:01:22+00:00 CRITICAL Maximum execution time of 120 seconds exceeded dans E:\laragon\www\chutetest\wp-includes\wp-db.php à la ligne 2056

2021-10-18T01:01:25+00:00 CRITICAL Maximum execution time of 120 seconds exceeded dans E:\laragon\www\chutetest\wp-includes\wp-db.php à la ligne 2056

2021-10-18T01:01:33+00:00 CRITICAL Maximum execution time of 120 seconds exceeded dans E:\laragon\www\chutetest\wp-includes\wp-db.php à la ligne 2056

2021-10-18T01:02:20+00:00 CRITICAL Maximum execution time of 120 seconds exceeded dans E:\laragon\www\chutetest\wp-includes\wp-db.php à la ligne 1370

2021-10-18T01:02:25+00:00 CRITICAL Maximum execution time of 120 seconds exceeded dans E:\laragon\www\chutetest\wp-includes\wp-db.php à la ligne 2056

2021-10-18T01:05:08+00:00 CRITICAL Maximum execution time of 120 seconds exceeded dans E:\laragon\www\chutetest\wp-includes\wp-db.php à la ligne 2056

2021-10-18T01:18:30+00:00 CRITICAL Uncaught TypeError: Argument 2 passed to Elementor\TemplateLibrary\Source_Local::on_save_post() must be an instance of WP_Post, null given, called in E:\laragon\www\chutetest\wp-includes\class-wp-hook.php on line 305 and defined in E:\laragon\www\chutetest\wp-content\plugins\elementor\includes\template-library\sources\local.php:1046
Stack trace:
#0 E:\laragon\www\chutetest\wp-includes\class-wp-hook.php(305): Elementor\TemplateLibrary\Source_Local->on_save_post(81298, NULL)
#1 E:\laragon\www\chutetest\wp-includes\class-wp-hook.php(327): WP_Hook->apply_filters(NULL, Array)
#2 E:\laragon\www\chutetest\wp-includes\plugin.php(470): WP_Hook->do_action(Array)
#3 E:\laragon\www\chutetest\wp-includes\post.php(4468): do_action('save_post', 81298, NULL, true)
#4 E:\laragon\www\chutetest\wp-includes\post.php(4570): wp_insert_post(Array, false, true)
#5 E:\laragon\www\chutetest\wp-content\plugins\order-import-export-for-woocommerce\admin\modules\order\import\import.php(1772): wp_update_post(Array)
#6 E:\laragon\www\chutet dans E:\laragon\www\chutetest\wp-content\plugins\elementor\includes\template-library\sources\local.php à la ligne 1046

2021-10-18T01:24:27+00:00 CRITICAL Uncaught TypeError: Argument 2 passed to Elementor\TemplateLibrary\Source_Local::on_save_post() must be an instance of WP_Post, null given, called in E:\laragon\www\chutetest\wp-includes\class-wp-hook.php on line 305 and defined in E:\laragon\www\chutetest\wp-content\plugins\elementor\includes\template-library\sources\local.php:1046
Stack trace:
#0 E:\laragon\www\chutetest\wp-includes\class-wp-hook.php(305): Elementor\TemplateLibrary\Source_Local->on_save_post(81303, NULL)
#1 E:\laragon\www\chutetest\wp-includes\class-wp-hook.php(327): WP_Hook->apply_filters(NULL, Array)
#2 E:\laragon\www\chutetest\wp-includes\plugin.php(470): WP_Hook->do_action(Array)
#3 E:\laragon\www\chutetest\wp-includes\post.php(4468): do_action('save_post', 81303, NULL, true)
#4 E:\laragon\www\chutetest\wp-includes\post.php(4570): wp_insert_post(Array, false, true)
#5 E:\laragon\www\chutetest\wp-content\plugins\order-import-export-for-woocommerce\admin\modules\order\import\import.php(1772): wp_update_post(Array)
#6 E:\laragon\www\chutet dans E:\laragon\www\chutetest\wp-content\plugins\elementor\includes\template-library\sources\local.php à la ligne 1046

2021-10-18T01:37:31+00:00 CRITICAL Maximum execution time of 600 seconds exceeded dans E:\laragon\www\chutetest\wp-includes\Requests\Transport\cURL.php à la ligne 165

2021-10-18T01:53:25+00:00 CRITICAL Maximum execution time of 600 seconds exceeded dans E:\laragon\www\chutetest\wp-includes\Requests\Transport\cURL.php à la ligne 165

2021-10-18T02:26:00+00:00 CRITICAL Maximum execution time of 600 seconds exceeded dans E:\laragon\www\chutetest\wp-includes\Requests\Transport\cURL.php à la ligne 165

2021-10-18T02:37:25+00:00 CRITICAL Maximum execution time of 600 seconds exceeded dans E:\laragon\www\chutetest\wp-includes\Requests\Transport\cURL.php à la ligne 165

2021-10-18T02:48:24+00:00 CRITICAL Maximum execution time of 600 seconds exceeded dans E:\laragon\www\chutetest\wp-includes\Requests\Transport\cURL.php à la ligne 165

2021-10-18T02:59:42+00:00 CRITICAL Maximum execution time of 600 seconds exceeded dans E:\laragon\www\chutetest\wp-includes\Requests\Transport\cURL.php à la ligne 165

2021-10-18T03:10:52+00:00 CRITICAL Maximum execution time of 600 seconds exceeded dans E:\laragon\www\chutetest\wp-includes\Requests\Transport\cURL.php à la ligne 165

2021-10-18T03:24:19+00:00 CRITICAL Out of memory (allocated 41943040) (tried to allocate 8192 bytes) dans E:\laragon\www\chutetest\wp-admin\includes\template.php à la ligne 2651

2021-10-18T03:29:02+00:00 CRITICAL Maximum execution time of 600 seconds exceeded dans E:\laragon\www\chutetest\wp-includes\Requests\Transport\cURL.php à la ligne 165

2021-10-18T03:39:55+00:00 CRITICAL Maximum execution time of 600 seconds exceeded dans E:\laragon\www\chutetest\wp-content\plugins\woocommerce\includes\abstracts\abstract-wc-data.php à la ligne 831

2021-10-18T03:50:57+00:00 CRITICAL Maximum execution time of 600 seconds exceeded dans E:\laragon\www\chutetest\wp-includes\Requests\Transport\cURL.php à la ligne 165

2021-10-18T04:01:41+00:00 CRITICAL Maximum execution time of 600 seconds exceeded dans E:\laragon\www\chutetest\wp-includes\Requests\Transport\cURL.php à la ligne 165

2021-10-18T05:09:15+00:00 CRITICAL Maximum execution time of 600 seconds exceeded dans E:\laragon\www\chutetest\wp-includes\Requests\Transport\cURL.php à la ligne 165

2021-10-18T05:14:54+00:00 CRITICAL Uncaught Error: Call to a member function get_id() on bool in E:\laragon\www\chutetest\wp-content\plugins\elementor\modules\usage\module.php:237
Stack trace:
#0 E:\laragon\www\chutetest\wp-includes\class-wp-hook.php(305): Elementor\Modules\Usage\Module->on_before_delete_post('85273')
#1 E:\laragon\www\chutetest\wp-includes\class-wp-hook.php(327): WP_Hook->apply_filters(NULL, Array)
#2 E:\laragon\www\chutetest\wp-includes\plugin.php(470): WP_Hook->do_action(Array)
#3 E:\laragon\www\chutetest\wp-includes\post.php(3207): do_action('before_delete_p...', '85273', Object(WP_Post))
#4 E:\laragon\www\chutetest\wp-content\themes\generatepress_child\functions.php(1239): wp_delete_post('85273', true)
#5 E:\laragon\www\chutetest\wp-includes\class-wp-hook.php(303): del_order('')
#6 E:\laragon\www\chutetest\wp-includes\class-wp-hook.php(327): WP_Hook->apply_filters(NULL, Array)
#7 E:\laragon\www\chutetest\wp-includes\plugin.php(470): WP_Hook->do_action(Array)
#8 E:\laragon\www\chutetest\wp-admin\admin-ajax.php(45): do_acti dans E:\laragon\www\chutetest\wp-content\plugins\elementor\modules\usage\module.php à la ligne 237

2021-10-18T05:14:54+00:00 CRITICAL Uncaught Error: Call to a member function get_id() on bool in E:\laragon\www\chutetest\wp-content\plugins\elementor\modules\usage\module.php:237
Stack trace:
#0 E:\laragon\www\chutetest\wp-includes\class-wp-hook.php(305): Elementor\Modules\Usage\Module->on_before_delete_post('83349')
#1 E:\laragon\www\chutetest\wp-includes\class-wp-hook.php(327): WP_Hook->apply_filters(NULL, Array)
#2 E:\laragon\www\chutetest\wp-includes\plugin.php(470): WP_Hook->do_action(Array)
#3 E:\laragon\www\chutetest\wp-includes\post.php(3207): do_action('before_delete_p...', '83349', Object(WP_Post))
#4 E:\laragon\www\chutetest\wp-content\themes\generatepress_child\functions.php(1239): wp_delete_post('83349', true)
#5 E:\laragon\www\chutetest\wp-includes\class-wp-hook.php(303): del_order('')
#6 E:\laragon\www\chutetest\wp-includes\class-wp-hook.php(327): WP_Hook->apply_filters(NULL, Array)
#7 E:\laragon\www\chutetest\wp-includes\plugin.php(470): WP_Hook->do_action(Array)
#8 E:\laragon\www\chutetest\wp-admin\admin-ajax.php(45): do_acti dans E:\laragon\www\chutetest\wp-content\plugins\elementor\modules\usage\module.php à la ligne 237

2021-10-18T05:16:08+00:00 CRITICAL Uncaught Error: Call to a member function get_id() on bool in E:\laragon\www\chutetest\wp-content\plugins\elementor\modules\usage\module.php:237
Stack trace:
#0 E:\laragon\www\chutetest\wp-includes\class-wp-hook.php(305): Elementor\Modules\Usage\Module->on_before_delete_post('84030')
#1 E:\laragon\www\chutetest\wp-includes\class-wp-hook.php(327): WP_Hook->apply_filters(NULL, Array)
#2 E:\laragon\www\chutetest\wp-includes\plugin.php(470): WP_Hook->do_action(Array)
#3 E:\laragon\www\chutetest\wp-includes\post.php(3207): do_action('before_delete_p...', '84030', Object(WP_Post))
#4 E:\laragon\www\chutetest\wp-content\themes\generatepress_child\functions.php(1239): wp_delete_post('84030', true)
#5 E:\laragon\www\chutetest\wp-includes\class-wp-hook.php(303): del_order('')
#6 E:\laragon\www\chutetest\wp-includes\class-wp-hook.php(327): WP_Hook->apply_filters(NULL, Array)
#7 E:\laragon\www\chutetest\wp-includes\plugin.php(470): WP_Hook->do_action(Array)
#8 E:\laragon\www\chutetest\wp-admin\admin.php(175): do_action(' dans E:\laragon\www\chutetest\wp-content\plugins\elementor\modules\usage\module.php à la ligne 237

2021-10-18T05:16:08+00:00 CRITICAL Uncaught Error: Call to a member function get_id() on bool in E:\laragon\www\chutetest\wp-content\plugins\elementor\modules\usage\module.php:237
Stack trace:
#0 E:\laragon\www\chutetest\wp-includes\class-wp-hook.php(305): Elementor\Modules\Usage\Module->on_before_delete_post('84780')
#1 E:\laragon\www\chutetest\wp-includes\class-wp-hook.php(327): WP_Hook->apply_filters(NULL, Array)
#2 E:\laragon\www\chutetest\wp-includes\plugin.php(470): WP_Hook->do_action(Array)
#3 E:\laragon\www\chutetest\wp-includes\post.php(3207): do_action('before_delete_p...', '84780', Object(WP_Post))
#4 E:\laragon\www\chutetest\wp-content\themes\generatepress_child\functions.php(1239): wp_delete_post('84780', true)
#5 E:\laragon\www\chutetest\wp-includes\class-wp-hook.php(303): del_order('')
#6 E:\laragon\www\chutetest\wp-includes\class-wp-hook.php(327): WP_Hook->apply_filters(NULL, Array)
#7 E:\laragon\www\chutetest\wp-includes\plugin.php(470): WP_Hook->do_action(Array)
#8 E:\laragon\www\chutetest\wp-admin\admin-ajax.php(45): do_acti dans E:\laragon\www\chutetest\wp-content\plugins\elementor\modules\usage\module.php à la ligne 237

2021-10-18T05:21:24+00:00 CRITICAL Uncaught TypeError: Argument 2 passed to Elementor\TemplateLibrary\Source_Local::on_save_post() must be an instance of WP_Post, null given, called in E:\laragon\www\chutetest\wp-includes\class-wp-hook.php on line 305 and defined in E:\laragon\www\chutetest\wp-content\plugins\elementor\includes\template-library\sources\local.php:1046
Stack trace:
#0 E:\laragon\www\chutetest\wp-includes\class-wp-hook.php(305): Elementor\TemplateLibrary\Source_Local->on_save_post(78517, NULL)
#1 E:\laragon\www\chutetest\wp-includes\class-wp-hook.php(327): WP_Hook->apply_filters(NULL, Array)
#2 E:\laragon\www\chutetest\wp-includes\plugin.php(470): WP_Hook->do_action(Array)
#3 E:\laragon\www\chutetest\wp-includes\post.php(4468): do_action('save_post', 78517, NULL, true)
#4 E:\laragon\www\chutetest\wp-includes\post.php(4570): wp_insert_post(Array, false, true)
#5 E:\laragon\www\chutetest\wp-content\plugins\woocommerce\includes\data-stores\abstract-wc-order-data-store-cpt.php(169): wp_update_post(Array)
#6 E:\laragon\www\chutetest\w dans E:\laragon\www\chutetest\wp-content\plugins\elementor\includes\template-library\sources\local.php à la ligne 1046

2021-10-18T05:33:36+00:00 CRITICAL Maximum execution time of 600 seconds exceeded dans E:\laragon\www\chutetest\wp-includes\Requests\Transport\cURL.php à la ligne 165

2021-10-18T05:42:08+00:00 CRITICAL Uncaught TypeError: Argument 2 passed to Elementor\TemplateLibrary\Source_Local::on_save_post() must be an instance of WP_Post, null given, called in E:\laragon\www\chutetest\wp-includes\class-wp-hook.php on line 305 and defined in E:\laragon\www\chutetest\wp-content\plugins\elementor\includes\template-library\sources\local.php:1046
Stack trace:
#0 E:\laragon\www\chutetest\wp-includes\class-wp-hook.php(305): Elementor\TemplateLibrary\Source_Local->on_save_post(78187, NULL)
#1 E:\laragon\www\chutetest\wp-includes\class-wp-hook.php(327): WP_Hook->apply_filters(NULL, Array)
#2 E:\laragon\www\chutetest\wp-includes\plugin.php(470): WP_Hook->do_action(Array)
#3 E:\laragon\www\chutetest\wp-includes\post.php(4468): do_action('save_post', 78187, NULL, true)
#4 E:\laragon\www\chutetest\wp-includes\post.php(4570): wp_insert_post(Array, false, true)
#5 E:\laragon\www\chutetest\wp-content\plugins\woocommerce\includes\data-stores\abstract-wc-order-data-store-cpt.php(169): wp_update_post(Array)
#6 E:\laragon\www\chutetest\w dans E:\laragon\www\chutetest\wp-content\plugins\elementor\includes\template-library\sources\local.php à la ligne 1046

2021-10-18T05:42:17+00:00 CRITICAL Uncaught TypeError: Argument 2 passed to Elementor\TemplateLibrary\Source_Local::on_save_post() must be an instance of WP_Post, null given, called in E:\laragon\www\chutetest\wp-includes\class-wp-hook.php on line 305 and defined in E:\laragon\www\chutetest\wp-content\plugins\elementor\includes\template-library\sources\local.php:1046
Stack trace:
#0 E:\laragon\www\chutetest\wp-includes\class-wp-hook.php(305): Elementor\TemplateLibrary\Source_Local->on_save_post(78338, NULL)
#1 E:\laragon\www\chutetest\wp-includes\class-wp-hook.php(327): WP_Hook->apply_filters(NULL, Array)
#2 E:\laragon\www\chutetest\wp-includes\plugin.php(470): WP_Hook->do_action(Array)
#3 E:\laragon\www\chutetest\wp-includes\post.php(4468): do_action('save_post', 78338, NULL, true)
#4 E:\laragon\www\chutetest\wp-includes\post.php(4570): wp_insert_post(Array, false, true)
#5 E:\laragon\www\chutetest\wp-content\plugins\woocommerce\includes\data-stores\abstract-wc-order-data-store-cpt.php(169): wp_update_post(Array)
#6 E:\laragon\www\chutetest\w dans E:\laragon\www\chutetest\wp-content\plugins\elementor\includes\template-library\sources\local.php à la ligne 1046

2021-10-18T05:46:48+00:00 CRITICAL Uncaught TypeError: Argument 2 passed to Elementor\TemplateLibrary\Source_Local::on_save_post() must be an instance of WP_Post, null given, called in E:\laragon\www\chutetest\wp-includes\class-wp-hook.php on line 305 and defined in E:\laragon\www\chutetest\wp-content\plugins\elementor\includes\template-library\sources\local.php:1046
Stack trace:
#0 E:\laragon\www\chutetest\wp-includes\class-wp-hook.php(305): Elementor\TemplateLibrary\Source_Local->on_save_post(65027, NULL)
#1 E:\laragon\www\chutetest\wp-includes\class-wp-hook.php(327): WP_Hook->apply_filters(NULL, Array)
#2 E:\laragon\www\chutetest\wp-includes\plugin.php(470): WP_Hook->do_action(Array)
#3 E:\laragon\www\chutetest\wp-includes\post.php(4468): do_action('save_post', 65027, NULL, true)
#4 E:\laragon\www\chutetest\wp-includes\post.php(4570): wp_insert_post(Array, false, true)
#5 E:\laragon\www\chutetest\wp-content\plugins\woocommerce\includes\data-stores\abstract-wc-order-data-store-cpt.php(169): wp_update_post(Array)
#6 E:\laragon\www\chutetest\w dans E:\laragon\www\chutetest\wp-content\plugins\elementor\includes\template-library\sources\local.php à la ligne 1046

2021-10-18T05:58:45+00:00 CRITICAL Maximum execution time of 600 seconds exceeded dans E:\laragon\www\chutetest\wp-includes\Requests\Transport\cURL.php à la ligne 165

2021-10-18T06:04:50+00:00 CRITICAL Uncaught TypeError: Argument 2 passed to Elementor\TemplateLibrary\Source_Local::on_save_post() must be an instance of WP_Post, null given, called in E:\laragon\www\chutetest\wp-includes\class-wp-hook.php on line 305 and defined in E:\laragon\www\chutetest\wp-content\plugins\elementor\includes\template-library\sources\local.php:1046
Stack trace:
#0 E:\laragon\www\chutetest\wp-includes\class-wp-hook.php(305): Elementor\TemplateLibrary\Source_Local->on_save_post(65206, NULL)
#1 E:\laragon\www\chutetest\wp-includes\class-wp-hook.php(327): WP_Hook->apply_filters(NULL, Array)
#2 E:\laragon\www\chutetest\wp-includes\plugin.php(470): WP_Hook->do_action(Array)
#3 E:\laragon\www\chutetest\wp-includes\post.php(4468): do_action('save_post', 65206, NULL, true)
#4 E:\laragon\www\chutetest\wp-includes\post.php(4570): wp_insert_post(Array, false, true)
#5 E:\laragon\www\chutetest\wp-content\plugins\order-import-export-for-woocommerce\admin\modules\order\import\import.php(1772): wp_update_post(Array)
#6 E:\laragon\www\chutet dans E:\laragon\www\chutetest\wp-content\plugins\elementor\includes\template-library\sources\local.php à la ligne 1046

2021-10-18T06:07:02+00:00 CRITICAL Uncaught TypeError: Argument 2 passed to Elementor\TemplateLibrary\Source_Local::on_save_post() must be an instance of WP_Post, null given, called in E:\laragon\www\chutetest\wp-includes\class-wp-hook.php on line 305 and defined in E:\laragon\www\chutetest\wp-content\plugins\elementor\includes\template-library\sources\local.php:1046
Stack trace:
#0 E:\laragon\www\chutetest\wp-includes\class-wp-hook.php(305): Elementor\TemplateLibrary\Source_Local->on_save_post(85050, NULL)
#1 E:\laragon\www\chutetest\wp-includes\class-wp-hook.php(327): WP_Hook->apply_filters(NULL, Array)
#2 E:\laragon\www\chutetest\wp-includes\plugin.php(470): WP_Hook->do_action(Array)
#3 E:\laragon\www\chutetest\wp-includes\post.php(4468): do_action('save_post', 85050, NULL, true)
#4 E:\laragon\www\chutetest\wp-includes\post.php(4570): wp_insert_post(Array, false, true)
#5 E:\laragon\www\chutetest\wp-content\plugins\woocommerce\includes\data-stores\abstract-wc-order-data-store-cpt.php(169): wp_update_post(Array)
#6 E:\laragon\www\chutetest\w dans E:\laragon\www\chutetest\wp-content\plugins\elementor\includes\template-library\sources\local.php à la ligne 1046

2021-10-18T06:24:01+00:00 CRITICAL Uncaught TypeError: Argument 2 passed to Elementor\TemplateLibrary\Source_Local::on_save_post() must be an instance of WP_Post, null given, called in E:\laragon\www\chutetest\wp-includes\class-wp-hook.php on line 305 and defined in E:\laragon\www\chutetest\wp-content\plugins\elementor\includes\template-library\sources\local.php:1046
Stack trace:
#0 E:\laragon\www\chutetest\wp-includes\class-wp-hook.php(305): Elementor\TemplateLibrary\Source_Local->on_save_post(85274, NULL)
#1 E:\laragon\www\chutetest\wp-includes\class-wp-hook.php(327): WP_Hook->apply_filters(NULL, Array)
#2 E:\laragon\www\chutetest\wp-includes\plugin.php(470): WP_Hook->do_action(Array)
#3 E:\laragon\www\chutetest\wp-includes\post.php(4468): do_action('save_post', 85274, NULL, true)
#4 E:\laragon\www\chutetest\wp-includes\post.php(4570): wp_insert_post(Array, false, true)
#5 E:\laragon\www\chutetest\wp-content\plugins\order-import-export-for-woocommerce\admin\modules\order\import\import.php(1772): wp_update_post(Array)
#6 E:\laragon\www\chutet dans E:\laragon\www\chutetest\wp-content\plugins\elementor\includes\template-library\sources\local.php à la ligne 1046

2021-10-18T06:36:25+00:00 CRITICAL Maximum execution time of 600 seconds exceeded dans E:\laragon\www\chutetest\wp-includes\Requests\Transport\cURL.php à la ligne 165

2021-10-18T06:41:47+00:00 CRITICAL Uncaught TypeError: Argument 2 passed to Elementor\TemplateLibrary\Source_Local::on_save_post() must be an instance of WP_Post, null given, called in E:\laragon\www\chutetest\wp-includes\class-wp-hook.php on line 305 and defined in E:\laragon\www\chutetest\wp-content\plugins\elementor\includes\template-library\sources\local.php:1046
Stack trace:
#0 E:\laragon\www\chutetest\wp-includes\class-wp-hook.php(305): Elementor\TemplateLibrary\Source_Local->on_save_post(86482, NULL)
#1 E:\laragon\www\chutetest\wp-includes\class-wp-hook.php(327): WP_Hook->apply_filters(NULL, Array)
#2 E:\laragon\www\chutetest\wp-includes\plugin.php(470): WP_Hook->do_action(Array)
#3 E:\laragon\www\chutetest\wp-includes\post.php(4468): do_action('save_post', 86482, NULL, true)
#4 E:\laragon\www\chutetest\wp-includes\post.php(4570): wp_insert_post(Array, false, true)
#5 E:\laragon\www\chutetest\wp-content\plugins\woocommerce\includes\data-stores\abstract-wc-order-data-store-cpt.php(169): wp_update_post(Array)
#6 E:\laragon\www\chutetest\w dans E:\laragon\www\chutetest\wp-content\plugins\elementor\includes\template-library\sources\local.php à la ligne 1046

2021-10-18T07:05:27+00:00 CRITICAL Maximum execution time of 600 seconds exceeded dans E:\laragon\www\chutetest\wp-includes\Requests\Transport\cURL.php à la ligne 165

2021-10-18T08:26:31+00:00 CRITICAL Maximum execution time of 600 seconds exceeded dans E:\laragon\www\chutetest\wp-includes\Requests\Transport\cURL.php à la ligne 165

2021-10-18T09:00:04+00:00 CRITICAL Maximum execution time of 600 seconds exceeded dans E:\laragon\www\chutetest\wp-includes\Requests\Transport\cURL.php à la ligne 165

2021-10-18T09:11:40+00:00 CRITICAL Maximum execution time of 600 seconds exceeded dans E:\laragon\www\chutetest\wp-includes\Requests\Transport\cURL.php à la ligne 165

