2021-11-10T02:54:52+00:00 CRITICAL Uncaught Error: Call to a member function get_permalink() on null in E:\laragon\www\chutetest\wp-content\themes\generatepress_child\woocommerce\cart\cart.php:15
Stack trace:
#0 E:\laragon\www\chutetest\wp-content\plugins\woocommerce\includes\wc-core-functions.php(345): include()
#1 E:\laragon\www\chutetest\wp-content\plugins\woocommerce\includes\shortcodes\class-wc-shortcode-cart.php(99): wc_get_template('cart/cart.php')
#2 E:\laragon\www\chutetest\wp-content\plugins\woocommerce\includes\class-wc-shortcodes.php(72): WC_Shortcode_Cart::output(Array)
#3 E:\laragon\www\chutetest\wp-content\plugins\woocommerce\includes\class-wc-shortcodes.php(85): WC_Shortcodes::shortcode_wrapper(Array)
#4 E:\laragon\www\chutetest\wp-includes\shortcodes.php(356): WC_Shortcodes::cart('', '', 'woocommerce_car...')
#5 [internal function]: do_shortcode_tag(Array)
#6 E:\laragon\www\chutetest\wp-includes\shortcodes.php(228): preg_replace_callback('/\\[(\\[?)(woocom...', 'do_shortcode_ta...', '[woocommerce_ca...')
#7 E:\laragon\www\chut dans E:\laragon\www\chutetest\wp-content\themes\generatepress_child\woocommerce\cart\cart.php à la ligne 15

2021-11-10T02:55:19+00:00 CRITICAL Uncaught Error: Call to a member function get_permalink() on null in E:\laragon\www\chutetest\wp-content\themes\generatepress_child\woocommerce\cart\cart.php:15
Stack trace:
#0 E:\laragon\www\chutetest\wp-content\plugins\woocommerce\includes\wc-core-functions.php(345): include()
#1 E:\laragon\www\chutetest\wp-content\plugins\woocommerce\includes\shortcodes\class-wc-shortcode-cart.php(99): wc_get_template('cart/cart.php')
#2 E:\laragon\www\chutetest\wp-content\plugins\woocommerce\includes\class-wc-shortcodes.php(72): WC_Shortcode_Cart::output(Array)
#3 E:\laragon\www\chutetest\wp-content\plugins\woocommerce\includes\class-wc-shortcodes.php(85): WC_Shortcodes::shortcode_wrapper(Array)
#4 E:\laragon\www\chutetest\wp-includes\shortcodes.php(356): WC_Shortcodes::cart('', '', 'woocommerce_car...')
#5 [internal function]: do_shortcode_tag(Array)
#6 E:\laragon\www\chutetest\wp-includes\shortcodes.php(228): preg_replace_callback('/\\[(\\[?)(woocom...', 'do_shortcode_ta...', '[woocommerce_ca...')
#7 E:\laragon\www\chut dans E:\laragon\www\chutetest\wp-content\themes\generatepress_child\woocommerce\cart\cart.php à la ligne 15

2021-11-10T02:56:47+00:00 CRITICAL Uncaught Error: Call to a member function get_permalink() on null in E:\laragon\www\chutetest\wp-content\themes\generatepress_child\woocommerce\cart\cart.php:14
Stack trace:
#0 E:\laragon\www\chutetest\wp-content\plugins\woocommerce\includes\wc-core-functions.php(345): include()
#1 E:\laragon\www\chutetest\wp-content\plugins\woocommerce\includes\shortcodes\class-wc-shortcode-cart.php(99): wc_get_template('cart/cart.php')
#2 E:\laragon\www\chutetest\wp-content\plugins\woocommerce\includes\class-wc-shortcodes.php(72): WC_Shortcode_Cart::output(Array)
#3 E:\laragon\www\chutetest\wp-content\plugins\woocommerce\includes\class-wc-shortcodes.php(85): WC_Shortcodes::shortcode_wrapper(Array)
#4 E:\laragon\www\chutetest\wp-includes\shortcodes.php(356): WC_Shortcodes::cart('', '', 'woocommerce_car...')
#5 [internal function]: do_shortcode_tag(Array)
#6 E:\laragon\www\chutetest\wp-includes\shortcodes.php(228): preg_replace_callback('/\\[(\\[?)(woocom...', 'do_shortcode_ta...', '[woocommerce_ca...')
#7 E:\laragon\www\chut dans E:\laragon\www\chutetest\wp-content\themes\generatepress_child\woocommerce\cart\cart.php à la ligne 14

2021-11-10T02:57:14+00:00 CRITICAL Uncaught Error: Call to undefined function wc_get_shop_url() in E:\laragon\www\chutetest\wp-content\themes\generatepress_child\woocommerce\cart\cart.php:14
Stack trace:
#0 E:\laragon\www\chutetest\wp-content\plugins\woocommerce\includes\wc-core-functions.php(345): include()
#1 E:\laragon\www\chutetest\wp-content\plugins\woocommerce\includes\shortcodes\class-wc-shortcode-cart.php(99): wc_get_template('cart/cart.php')
#2 E:\laragon\www\chutetest\wp-content\plugins\woocommerce\includes\class-wc-shortcodes.php(72): WC_Shortcode_Cart::output(Array)
#3 E:\laragon\www\chutetest\wp-content\plugins\woocommerce\includes\class-wc-shortcodes.php(85): WC_Shortcodes::shortcode_wrapper(Array)
#4 E:\laragon\www\chutetest\wp-includes\shortcodes.php(356): WC_Shortcodes::cart('', '', 'woocommerce_car...')
#5 [internal function]: do_shortcode_tag(Array)
#6 E:\laragon\www\chutetest\wp-includes\shortcodes.php(228): preg_replace_callback('/\\[(\\[?)(woocom...', 'do_shortcode_ta...', '[woocommerce_ca...')
#7 E:\laragon\www\chutetest dans E:\laragon\www\chutetest\wp-content\themes\generatepress_child\woocommerce\cart\cart.php à la ligne 14

2021-11-10T02:58:05+00:00 CRITICAL Uncaught Error: Call to undefined function wc_get_shop_url() in E:\laragon\www\chutetest\wp-content\themes\generatepress_child\woocommerce\cart\cart.php:14
Stack trace:
#0 E:\laragon\www\chutetest\wp-content\plugins\woocommerce\includes\wc-core-functions.php(345): include()
#1 E:\laragon\www\chutetest\wp-content\plugins\woocommerce\includes\shortcodes\class-wc-shortcode-cart.php(99): wc_get_template('cart/cart.php')
#2 E:\laragon\www\chutetest\wp-content\plugins\woocommerce\includes\class-wc-shortcodes.php(72): WC_Shortcode_Cart::output(Array)
#3 E:\laragon\www\chutetest\wp-content\plugins\woocommerce\includes\class-wc-shortcodes.php(85): WC_Shortcodes::shortcode_wrapper(Array)
#4 E:\laragon\www\chutetest\wp-includes\shortcodes.php(356): WC_Shortcodes::cart('', '', 'woocommerce_car...')
#5 [internal function]: do_shortcode_tag(Array)
#6 E:\laragon\www\chutetest\wp-includes\shortcodes.php(228): preg_replace_callback('/\\[(\\[?)(woocom...', 'do_shortcode_ta...', '[woocommerce_ca...')
#7 E:\laragon\www\chutetest dans E:\laragon\www\chutetest\wp-content\themes\generatepress_child\woocommerce\cart\cart.php à la ligne 14

2021-11-10T07:46:56+00:00 CRITICAL syntax error, unexpected end of file dans E:\laragon\www\chutetest\wp-content\themes\generatepress_child\functions.php à la ligne 1528

2021-11-10T07:47:45+00:00 CRITICAL syntax error, unexpected end of file dans E:\laragon\www\chutetest\wp-content\themes\generatepress_child\functions.php à la ligne 1528

