10-18-2021 @ 14:17:36 - ---[ New import started at 2021-10-18 06:17:36 ] PHP Memory: 512 Mo, WP Memory: 40 Mo
10-18-2021 @ 14:17:36 - Preparing for import.
10-18-2021 @ 14:17:36 - Row :1 - Parsing item.
10-18-2021 @ 14:17:36 - Row :1 - Parsing failed. Reason: Date non valide.
10-18-2021 @ 14:17:36 - Row :2 - Parsing item.
10-18-2021 @ 14:17:36 - Row :2 - Processing item.
10-18-2021 @ 14:17:36 - Found order object. ID:85003
10-18-2021 @ 14:17:38 - Row :2 - Order updated successfully.
10-18-2021 @ 14:17:38 - Row :3 - Parsing item.
10-18-2021 @ 14:17:38 - Row :3 - Processing item.
10-18-2021 @ 14:17:38 - Found order object. ID:85004
10-18-2021 @ 14:17:40 - Row :3 - Order updated successfully.
10-18-2021 @ 14:17:40 - Row :4 - Parsing item.
10-18-2021 @ 14:17:40 - Row :4 - Processing item.
10-18-2021 @ 14:17:40 - Found order object. ID:85005
10-18-2021 @ 14:17:41 - Row :4 - Order updated successfully.
10-18-2021 @ 14:17:41 - Row :5 - Parsing item.
10-18-2021 @ 14:17:41 - Row :5 - Processing item.
10-18-2021 @ 14:17:41 - Found order object. ID:85006
10-18-2021 @ 14:17:42 - Row :5 - Order updated successfully.
10-18-2021 @ 14:17:42 - Row :6 - Parsing item.
10-18-2021 @ 14:17:42 - Row :6 - Processing item.
10-18-2021 @ 14:17:42 - Found order object. ID:85007
10-18-2021 @ 14:17:44 - Row :6 - Order updated successfully.
10-18-2021 @ 14:17:44 - Row :7 - Parsing item.
10-18-2021 @ 14:17:44 - Row :7 - Processing item.
10-18-2021 @ 14:17:44 - Found order object. ID:85008
10-18-2021 @ 14:17:47 - Row :7 - Order updated successfully.
10-18-2021 @ 14:17:47 - Row :8 - Parsing item.
10-18-2021 @ 14:17:47 - Row :8 - Processing item.
10-18-2021 @ 14:17:47 - Found order object. ID:85009
10-18-2021 @ 14:17:48 - Row :8 - Order updated successfully.
10-18-2021 @ 14:17:48 - Row :9 - Parsing item.
10-18-2021 @ 14:17:48 - Row :9 - Processing item.
10-18-2021 @ 14:17:48 - Found order object. ID:85010
10-18-2021 @ 14:17:48 - Row :9 - Order updated successfully.
10-18-2021 @ 14:17:48 - Row :10 - Parsing item.
10-18-2021 @ 14:17:48 - Row :10 - Processing item.
10-18-2021 @ 14:17:48 - Found order object. ID:85011
10-18-2021 @ 14:17:50 - Row :10 - Order updated successfully.
10-18-2021 @ 14:17:50 - Row :11 - Parsing item.
10-18-2021 @ 14:17:50 - Row :11 - Processing item.
10-18-2021 @ 14:17:50 - Found order object. ID:85013
10-18-2021 @ 14:17:52 - Row :11 - Order updated successfully.
10-18-2021 @ 14:17:52 - Row :12 - Parsing item.
10-18-2021 @ 14:17:52 - Row :12 - Processing item.
10-18-2021 @ 14:17:52 - Found order object. ID:85014
10-18-2021 @ 14:17:52 - Row :12 - Order updated successfully.
10-18-2021 @ 14:17:52 - Row :13 - Parsing item.
10-18-2021 @ 14:17:52 - Row :13 - Processing item.
10-18-2021 @ 14:17:52 - Found order object. ID:85015
10-18-2021 @ 14:17:54 - Row :13 - Order updated successfully.
10-18-2021 @ 14:17:54 - Row :14 - Parsing item.
10-18-2021 @ 14:17:54 - Row :14 - Processing item.
10-18-2021 @ 14:17:54 - Found order object. ID:85018
10-18-2021 @ 14:17:56 - Row :14 - Order updated successfully.
10-18-2021 @ 14:17:56 - Row :15 - Parsing item.
10-18-2021 @ 14:17:56 - Row :15 - Processing item.
10-18-2021 @ 14:17:56 - Found order object. ID:85019
10-18-2021 @ 14:17:57 - Row :15 - Order updated successfully.
10-18-2021 @ 14:17:57 - Row :16 - Parsing item.
10-18-2021 @ 14:17:57 - Row :16 - Processing item.
10-18-2021 @ 14:17:57 - Found order object. ID:85020
10-18-2021 @ 14:17:58 - Row :16 - Order updated successfully.
10-18-2021 @ 14:17:58 - Row :17 - Parsing item.
10-18-2021 @ 14:17:58 - Row :17 - Processing item.
10-18-2021 @ 14:17:58 - Found order object. ID:85021
10-18-2021 @ 14:17:59 - Row :17 - Order updated successfully.
10-18-2021 @ 14:17:59 - Row :18 - Parsing item.
10-18-2021 @ 14:17:59 - Row :18 - Processing item.
10-18-2021 @ 14:17:59 - Found order object. ID:85022
10-18-2021 @ 14:17:59 - Row :18 - Order updated successfully.
10-18-2021 @ 14:17:59 - Row :19 - Parsing item.
10-18-2021 @ 14:17:59 - Row :19 - Processing item.
10-18-2021 @ 14:17:59 - Found order object. ID:85023
10-18-2021 @ 14:18:01 - Row :19 - Order updated successfully.
10-18-2021 @ 14:18:01 - Row :20 - Parsing item.
10-18-2021 @ 14:18:01 - Row :20 - Processing item.
10-18-2021 @ 14:18:01 - Found order object. ID:85024
10-18-2021 @ 14:18:02 - Row :20 - Order updated successfully.
10-18-2021 @ 14:18:02 - Row :21 - Parsing item.
10-18-2021 @ 14:18:02 - Row :21 - Processing item.
10-18-2021 @ 14:18:02 - Found order object. ID:85025
10-18-2021 @ 14:18:04 - Row :21 - Order updated successfully.
10-18-2021 @ 14:18:04 - Row :22 - Parsing item.
10-18-2021 @ 14:18:04 - Row :22 - Processing item.
10-18-2021 @ 14:18:04 - Found order object. ID:85026
10-18-2021 @ 14:18:06 - Row :22 - Order updated successfully.
10-18-2021 @ 14:18:06 - Row :23 - Parsing item.
10-18-2021 @ 14:18:06 - Row :23 - Processing item.
10-18-2021 @ 14:18:06 - Found order object. ID:85027
10-18-2021 @ 14:18:08 - Row :23 - Order updated successfully.
10-18-2021 @ 14:18:08 - Row :24 - Parsing item.
10-18-2021 @ 14:18:08 - Row :24 - Processing item.
10-18-2021 @ 14:18:08 - Found order object. ID:85031
10-18-2021 @ 14:18:10 - Row :24 - Order updated successfully.
10-18-2021 @ 14:18:10 - Row :25 - Parsing item.
10-18-2021 @ 14:18:11 - Row :25 - Processing item.
10-18-2021 @ 14:18:11 - Found order object. ID:85032
10-18-2021 @ 14:18:12 - Row :25 - Order updated successfully.
10-18-2021 @ 14:18:12 - Row :26 - Parsing item.
10-18-2021 @ 14:18:12 - Row :26 - Processing item.
10-18-2021 @ 14:18:12 - Found order object. ID:85033
10-18-2021 @ 14:18:14 - Row :26 - Order updated successfully.
10-18-2021 @ 14:18:14 - Row :27 - Parsing item.
10-18-2021 @ 14:18:14 - Row :27 - Processing item.
10-18-2021 @ 14:18:14 - Found order object. ID:85034
10-18-2021 @ 14:18:14 - Row :27 - Order updated successfully.
10-18-2021 @ 14:18:14 - Row :28 - Parsing item.
10-18-2021 @ 14:18:14 - Row :28 - Processing item.
10-18-2021 @ 14:18:14 - Found order object. ID:85035
10-18-2021 @ 14:18:16 - Row :28 - Order updated successfully.
10-18-2021 @ 14:18:16 - Row :29 - Parsing item.
10-18-2021 @ 14:18:16 - Row :29 - Processing item.
10-18-2021 @ 14:18:16 - Found order object. ID:85036
10-18-2021 @ 14:18:17 - Row :29 - Order updated successfully.
10-18-2021 @ 14:18:17 - Row :30 - Parsing item.
10-18-2021 @ 14:18:17 - Row :30 - Processing item.
10-18-2021 @ 14:18:17 - Found order object. ID:85037
10-18-2021 @ 14:18:18 - Row :30 - Order updated successfully.
10-18-2021 @ 14:18:18 - Row :31 - Parsing item.
10-18-2021 @ 14:18:18 - Row :31 - Processing item.
10-18-2021 @ 14:18:18 - Found order object. ID:85038
10-18-2021 @ 14:18:21 - Row :31 - Order updated successfully.
10-18-2021 @ 14:18:21 - Row :32 - Parsing item.
10-18-2021 @ 14:18:21 - Row :32 - Processing item.
10-18-2021 @ 14:18:21 - Found order object. ID:85039
10-18-2021 @ 14:18:22 - Row :32 - Order updated successfully.
10-18-2021 @ 14:18:22 - Row :33 - Parsing item.
10-18-2021 @ 14:18:22 - Row :33 - Processing item.
10-18-2021 @ 14:18:22 - Found order object. ID:85040
10-18-2021 @ 14:18:24 - Row :33 - Order updated successfully.
10-18-2021 @ 14:18:24 - Row :34 - Parsing item.
10-18-2021 @ 14:18:24 - Row :34 - Processing item.
10-18-2021 @ 14:18:24 - Found order object. ID:85041
10-18-2021 @ 14:18:25 - Row :34 - Order updated successfully.
10-18-2021 @ 14:18:25 - Row :35 - Parsing item.
10-18-2021 @ 14:18:25 - Row :35 - Processing item.
10-18-2021 @ 14:18:25 - Found order object. ID:85042
10-18-2021 @ 14:18:27 - Row :35 - Order updated successfully.
10-18-2021 @ 14:18:27 - Row :36 - Parsing item.
10-18-2021 @ 14:18:27 - Row :36 - Processing item.
10-18-2021 @ 14:18:27 - Found order object. ID:85043
10-18-2021 @ 14:18:28 - Row :36 - Order updated successfully.
10-18-2021 @ 14:18:28 - Row :37 - Parsing item.
10-18-2021 @ 14:18:28 - Row :37 - Processing item.
10-18-2021 @ 14:18:28 - Found order object. ID:85044
10-18-2021 @ 14:18:30 - Row :37 - Order updated successfully.
10-18-2021 @ 14:18:30 - Row :38 - Parsing item.
10-18-2021 @ 14:18:30 - Row :38 - Processing item.
10-18-2021 @ 14:18:30 - Found order object. ID:85045
10-18-2021 @ 14:18:31 - Row :38 - Order updated successfully.
10-18-2021 @ 14:18:31 - Row :39 - Parsing item.
10-18-2021 @ 14:18:31 - Row :39 - Processing item.
10-18-2021 @ 14:18:31 - Found order object. ID:85046
10-18-2021 @ 14:18:32 - Row :39 - Order updated successfully.
10-18-2021 @ 14:18:32 - Row :40 - Parsing item.
10-18-2021 @ 14:18:32 - Row :40 - Processing item.
10-18-2021 @ 14:18:32 - Found order object. ID:85047
10-18-2021 @ 14:18:33 - Row :40 - Order updated successfully.
10-18-2021 @ 14:18:34 - Row :41 - Parsing item.
10-18-2021 @ 14:18:34 - Row :41 - Processing item.
10-18-2021 @ 14:18:34 - Found order object. ID:85048
10-18-2021 @ 14:18:36 - Row :41 - Order updated successfully.
10-18-2021 @ 14:18:36 - Row :42 - Parsing item.
10-18-2021 @ 14:18:36 - Row :42 - Processing item.
10-18-2021 @ 14:18:36 - Found order object. ID:85049
10-18-2021 @ 14:18:38 - Row :42 - Order updated successfully.
10-18-2021 @ 14:18:38 - Row :43 - Parsing item.
10-18-2021 @ 14:18:38 - Row :43 - Processing item.
10-18-2021 @ 14:18:38 - Found order object. ID:85050
10-18-2021 @ 14:18:38 - Row :43 - Order updated successfully.
10-18-2021 @ 14:18:38 - Row :44 - Parsing item.
10-18-2021 @ 14:18:38 - Row :44 - Processing item.
10-18-2021 @ 14:18:38 - Found order object. ID:85051
10-18-2021 @ 14:18:40 - Row :44 - Order updated successfully.
10-18-2021 @ 14:18:40 - Row :45 - Parsing item.
10-18-2021 @ 14:18:40 - Row :45 - Processing item.
10-18-2021 @ 14:18:40 - Found order object. ID:85052
10-18-2021 @ 14:18:40 - Row :45 - Order updated successfully.
10-18-2021 @ 14:18:40 - Row :46 - Parsing item.
10-18-2021 @ 14:18:40 - Row :46 - Processing item.
10-18-2021 @ 14:18:40 - Found order object. ID:85053
10-18-2021 @ 14:18:42 - Row :46 - Order updated successfully.
10-18-2021 @ 14:18:42 - Row :47 - Parsing item.
10-18-2021 @ 14:18:42 - Row :47 - Processing item.
10-18-2021 @ 14:18:42 - Found order object. ID:85054
10-18-2021 @ 14:18:44 - Row :47 - Order updated successfully.
10-18-2021 @ 14:18:44 - Row :48 - Parsing item.
10-18-2021 @ 14:18:44 - Row :48 - Processing item.
10-18-2021 @ 14:18:44 - Found order object. ID:85055
10-18-2021 @ 14:18:45 - Row :48 - Order updated successfully.
10-18-2021 @ 14:18:45 - Row :49 - Parsing item.
10-18-2021 @ 14:18:45 - Row :49 - Processing item.
10-18-2021 @ 14:18:45 - Found order object. ID:85056
10-18-2021 @ 14:18:46 - Row :49 - Order updated successfully.
10-18-2021 @ 14:18:46 - Row :50 - Parsing item.
10-18-2021 @ 14:18:46 - Row :50 - Processing item.
10-18-2021 @ 14:18:46 - Found order object. ID:85057
10-18-2021 @ 14:18:48 - Row :50 - Order updated successfully.
10-18-2021 @ 14:18:48 - Row :51 - Parsing item.
10-18-2021 @ 14:18:48 - Row :51 - Processing item.
10-18-2021 @ 14:18:48 - Found order object. ID:85058
10-18-2021 @ 14:18:49 - Row :51 - Order updated successfully.
10-18-2021 @ 14:18:49 - Row :52 - Parsing item.
10-18-2021 @ 14:18:49 - Row :52 - Processing item.
10-18-2021 @ 14:18:49 - Found order object. ID:85059
10-18-2021 @ 14:18:50 - Row :52 - Order updated successfully.
10-18-2021 @ 14:18:50 - Row :53 - Parsing item.
10-18-2021 @ 14:18:50 - Row :53 - Processing item.
10-18-2021 @ 14:18:50 - Found order object. ID:85060
10-18-2021 @ 14:18:52 - Row :53 - Order updated successfully.
10-18-2021 @ 14:18:52 - Row :54 - Parsing item.
10-18-2021 @ 14:18:52 - Row :54 - Processing item.
10-18-2021 @ 14:18:52 - Found order object. ID:85061
10-18-2021 @ 14:18:53 - Row :54 - Order updated successfully.
10-18-2021 @ 14:18:53 - Row :55 - Parsing item.
10-18-2021 @ 14:18:53 - Row :55 - Processing item.
10-18-2021 @ 14:18:53 - Found order object. ID:85062
10-18-2021 @ 14:18:55 - Row :55 - Order updated successfully.
10-18-2021 @ 14:18:55 - Row :56 - Parsing item.
10-18-2021 @ 14:18:55 - Row :56 - Processing item.
10-18-2021 @ 14:18:55 - Found order object. ID:85063
10-18-2021 @ 14:18:57 - Row :56 - Order updated successfully.
10-18-2021 @ 14:18:57 - Row :57 - Parsing item.
10-18-2021 @ 14:18:57 - Row :57 - Processing item.
10-18-2021 @ 14:18:57 - Found order object. ID:85064
10-18-2021 @ 14:18:57 - Row :57 - Order updated successfully.
10-18-2021 @ 14:18:57 - Row :58 - Parsing item.
10-18-2021 @ 14:18:57 - Row :58 - Processing item.
10-18-2021 @ 14:18:57 - Found order object. ID:85065
10-18-2021 @ 14:18:59 - Row :58 - Order updated successfully.
10-18-2021 @ 14:18:59 - Row :59 - Parsing item.
10-18-2021 @ 14:18:59 - Row :59 - Processing item.
10-18-2021 @ 14:18:59 - Found order object. ID:85066
10-18-2021 @ 14:19:00 - Row :59 - Order updated successfully.
10-18-2021 @ 14:19:00 - Row :60 - Parsing item.
10-18-2021 @ 14:19:00 - Row :60 - Processing item.
10-18-2021 @ 14:19:00 - Found order object. ID:85067
10-18-2021 @ 14:19:02 - Row :60 - Order updated successfully.
10-18-2021 @ 14:19:02 - Row :61 - Parsing item.
10-18-2021 @ 14:19:02 - Row :61 - Processing item.
10-18-2021 @ 14:19:02 - Found order object. ID:85068
10-18-2021 @ 14:19:03 - Row :61 - Order updated successfully.
10-18-2021 @ 14:19:03 - Row :62 - Parsing item.
10-18-2021 @ 14:19:03 - Row :62 - Processing item.
10-18-2021 @ 14:19:03 - Found order object. ID:85069
10-18-2021 @ 14:19:05 - Row :62 - Order updated successfully.
10-18-2021 @ 14:19:05 - Row :63 - Parsing item.
10-18-2021 @ 14:19:05 - Row :63 - Processing item.
10-18-2021 @ 14:19:05 - Found order object. ID:85070
10-18-2021 @ 14:19:07 - Row :63 - Order updated successfully.
10-18-2021 @ 14:19:07 - Row :64 - Parsing item.
10-18-2021 @ 14:19:07 - Row :64 - Processing item.
10-18-2021 @ 14:19:07 - Found order object. ID:85071
10-18-2021 @ 14:19:07 - Row :64 - Order updated successfully.
10-18-2021 @ 14:19:07 - Row :65 - Parsing item.
10-18-2021 @ 14:19:07 - Row :65 - Processing item.
10-18-2021 @ 14:19:07 - Found order object. ID:85072
10-18-2021 @ 14:19:09 - Row :65 - Order updated successfully.
10-18-2021 @ 14:19:09 - Row :66 - Parsing item.
10-18-2021 @ 14:19:09 - Row :66 - Processing item.
10-18-2021 @ 14:19:09 - Found order object. ID:85073
10-18-2021 @ 14:19:10 - Row :66 - Order updated successfully.
10-18-2021 @ 14:19:10 - Row :67 - Parsing item.
10-18-2021 @ 14:19:10 - Row :67 - Processing item.
10-18-2021 @ 14:19:10 - Found order object. ID:85074
10-18-2021 @ 14:19:11 - Row :67 - Order updated successfully.
10-18-2021 @ 14:19:11 - Row :68 - Parsing item.
10-18-2021 @ 14:19:11 - Row :68 - Processing item.
10-18-2021 @ 14:19:11 - Found order object. ID:85075
10-18-2021 @ 14:19:13 - Row :68 - Order updated successfully.
10-18-2021 @ 14:19:13 - Row :69 - Parsing item.
10-18-2021 @ 14:19:13 - Row :69 - Processing item.
10-18-2021 @ 14:19:13 - Found order object. ID:85076
10-18-2021 @ 14:19:15 - Row :69 - Order updated successfully.
10-18-2021 @ 14:19:15 - Row :70 - Parsing item.
10-18-2021 @ 14:19:15 - Row :70 - Processing item.
10-18-2021 @ 14:19:15 - Found order object. ID:85077
10-18-2021 @ 14:19:17 - Row :70 - Order updated successfully.
10-18-2021 @ 14:19:17 - Row :71 - Parsing item.
10-18-2021 @ 14:19:17 - Row :71 - Processing item.
10-18-2021 @ 14:19:17 - Found order object. ID:85078
10-18-2021 @ 14:19:18 - Row :71 - Order updated successfully.
10-18-2021 @ 14:19:18 - Row :72 - Parsing item.
10-18-2021 @ 14:19:18 - Row :72 - Processing item.
10-18-2021 @ 14:19:18 - Found order object. ID:85079
10-18-2021 @ 14:19:20 - Row :72 - Order updated successfully.
10-18-2021 @ 14:19:20 - Row :73 - Parsing item.
10-18-2021 @ 14:19:20 - Row :73 - Processing item.
10-18-2021 @ 14:19:20 - Found order object. ID:85080
10-18-2021 @ 14:19:20 - Row :73 - Order updated successfully.
10-18-2021 @ 14:19:20 - Row :74 - Parsing item.
10-18-2021 @ 14:19:20 - Row :74 - Processing item.
10-18-2021 @ 14:19:20 - Found order object. ID:85081
10-18-2021 @ 14:19:22 - Row :74 - Order updated successfully.
10-18-2021 @ 14:19:22 - Row :75 - Parsing item.
10-18-2021 @ 14:19:22 - Row :75 - Processing item.
10-18-2021 @ 14:19:22 - Found order object. ID:85082
10-18-2021 @ 14:19:24 - Row :75 - Order updated successfully.
10-18-2021 @ 14:19:24 - Row :76 - Parsing item.
10-18-2021 @ 14:19:24 - Row :76 - Processing item.
10-18-2021 @ 14:19:24 - Found order object. ID:85083
10-18-2021 @ 14:19:25 - Row :76 - Order updated successfully.
10-18-2021 @ 14:19:25 - Row :77 - Parsing item.
10-18-2021 @ 14:19:25 - Row :77 - Processing item.
10-18-2021 @ 14:19:25 - Found order object. ID:85084
10-18-2021 @ 14:19:26 - Row :77 - Order updated successfully.
10-18-2021 @ 14:19:26 - Row :78 - Parsing item.
10-18-2021 @ 14:19:26 - Row :78 - Processing item.
10-18-2021 @ 14:19:26 - Found order object. ID:85085
10-18-2021 @ 14:19:27 - Row :78 - Order updated successfully.
10-18-2021 @ 14:19:27 - Row :79 - Parsing item.
10-18-2021 @ 14:19:27 - Row :79 - Processing item.
10-18-2021 @ 14:19:27 - Found order object. ID:85086
10-18-2021 @ 14:19:30 - Row :79 - Order updated successfully.
10-18-2021 @ 14:19:30 - Row :80 - Parsing item.
10-18-2021 @ 14:19:30 - Row :80 - Processing item.
10-18-2021 @ 14:19:30 - Found order object. ID:85087
10-18-2021 @ 14:19:32 - Row :80 - Order updated successfully.
10-18-2021 @ 14:19:32 - Row :81 - Parsing item.
10-18-2021 @ 14:19:32 - Row :81 - Processing item.
10-18-2021 @ 14:19:32 - Found order object. ID:85088
10-18-2021 @ 14:19:33 - Row :81 - Order updated successfully.
10-18-2021 @ 14:19:33 - Row :82 - Parsing item.
10-18-2021 @ 14:19:33 - Row :82 - Processing item.
10-18-2021 @ 14:19:33 - Found order object. ID:85089
10-18-2021 @ 14:19:34 - Row :82 - Order updated successfully.
10-18-2021 @ 14:19:34 - Row :83 - Parsing item.
10-18-2021 @ 14:19:34 - Row :83 - Processing item.
10-18-2021 @ 14:19:34 - Found order object. ID:85090
10-18-2021 @ 14:19:36 - Row :83 - Order updated successfully.
10-18-2021 @ 14:19:36 - Row :84 - Parsing item.
10-18-2021 @ 14:19:36 - Row :84 - Processing item.
10-18-2021 @ 14:19:36 - Found order object. ID:85091
10-18-2021 @ 14:19:37 - Row :84 - Order updated successfully.
10-18-2021 @ 14:19:37 - Row :85 - Parsing item.
10-18-2021 @ 14:19:37 - Row :85 - Processing item.
10-18-2021 @ 14:19:37 - Found order object. ID:85092
10-18-2021 @ 14:19:38 - Row :85 - Order updated successfully.
10-18-2021 @ 14:19:38 - Row :86 - Parsing item.
10-18-2021 @ 14:19:38 - Row :86 - Processing item.
10-18-2021 @ 14:19:38 - Found order object. ID:85093
10-18-2021 @ 14:19:40 - Row :86 - Order updated successfully.
10-18-2021 @ 14:19:40 - Row :87 - Parsing item.
10-18-2021 @ 14:19:40 - Row :87 - Processing item.
10-18-2021 @ 14:19:40 - Found order object. ID:85094
10-18-2021 @ 14:19:41 - Row :87 - Order updated successfully.
10-18-2021 @ 14:19:41 - Row :88 - Parsing item.
10-18-2021 @ 14:19:41 - Row :88 - Processing item.
10-18-2021 @ 14:19:41 - Found order object. ID:85095
10-18-2021 @ 14:19:43 - Row :88 - Order updated successfully.
10-18-2021 @ 14:19:43 - Row :89 - Parsing item.
10-18-2021 @ 14:19:43 - Row :89 - Processing item.
10-18-2021 @ 14:19:43 - Found order object. ID:85096
10-18-2021 @ 14:19:45 - Row :89 - Order updated successfully.
10-18-2021 @ 14:19:45 - Row :90 - Parsing item.
10-18-2021 @ 14:19:45 - Row :90 - Processing item.
10-18-2021 @ 14:19:45 - Found order object. ID:85097
10-18-2021 @ 14:19:48 - Row :90 - Order updated successfully.
10-18-2021 @ 14:19:48 - Row :91 - Parsing item.
10-18-2021 @ 14:19:48 - Row :91 - Processing item.
10-18-2021 @ 14:19:48 - Found order object. ID:85098
10-18-2021 @ 14:19:49 - Row :91 - Order updated successfully.
10-18-2021 @ 14:19:49 - Row :92 - Parsing item.
10-18-2021 @ 14:19:49 - Row :92 - Processing item.
10-18-2021 @ 14:19:49 - Found order object. ID:85099
10-18-2021 @ 14:19:50 - Row :92 - Order updated successfully.
10-18-2021 @ 14:19:50 - Row :93 - Parsing item.
10-18-2021 @ 14:19:50 - Row :93 - Processing item.
10-18-2021 @ 14:19:50 - Found order object. ID:85100
10-18-2021 @ 14:19:52 - Row :93 - Order updated successfully.
10-18-2021 @ 14:19:52 - Row :94 - Parsing item.
10-18-2021 @ 14:19:52 - Row :94 - Processing item.
10-18-2021 @ 14:19:52 - Found order object. ID:85101
10-18-2021 @ 14:19:54 - Row :94 - Order updated successfully.
10-18-2021 @ 14:19:54 - Row :95 - Parsing item.
10-18-2021 @ 14:19:54 - Row :95 - Processing item.
10-18-2021 @ 14:19:54 - Found order object. ID:85102
10-18-2021 @ 14:19:55 - Row :95 - Order updated successfully.
10-18-2021 @ 14:19:55 - Row :96 - Parsing item.
10-18-2021 @ 14:19:55 - Row :96 - Processing item.
10-18-2021 @ 14:19:55 - Found order object. ID:85103
10-18-2021 @ 14:19:56 - Row :96 - Order updated successfully.
10-18-2021 @ 14:19:56 - Row :97 - Parsing item.
10-18-2021 @ 14:19:56 - Row :97 - Processing item.
10-18-2021 @ 14:19:56 - Found order object. ID:85106
10-18-2021 @ 14:19:58 - Row :97 - Order updated successfully.
10-18-2021 @ 14:19:58 - Row :98 - Parsing item.
10-18-2021 @ 14:19:58 - Row :98 - Processing item.
10-18-2021 @ 14:19:58 - Found order object. ID:85107
10-18-2021 @ 14:19:59 - Row :98 - Order updated successfully.
10-18-2021 @ 14:19:59 - Row :99 - Parsing item.
10-18-2021 @ 14:19:59 - Row :99 - Processing item.
10-18-2021 @ 14:19:59 - Found order object. ID:85108
10-18-2021 @ 14:19:59 - Row :99 - Order updated successfully.
10-18-2021 @ 14:19:59 - Row :100 - Parsing item.
10-18-2021 @ 14:19:59 - Row :100 - Processing item.
10-18-2021 @ 14:19:59 - Found order object. ID:85109
10-18-2021 @ 14:20:01 - Row :100 - Order updated successfully.
10-18-2021 @ 14:20:01 - Row :101 - Parsing item.
10-18-2021 @ 14:20:01 - Row :101 - Processing item.
10-18-2021 @ 14:20:01 - Found order object. ID:85110
10-18-2021 @ 14:20:01 - Row :101 - Order updated successfully.
10-18-2021 @ 14:20:01 - Row :102 - Parsing item.
10-18-2021 @ 14:20:01 - Row :102 - Processing item.
10-18-2021 @ 14:20:01 - Found order object. ID:85111
10-18-2021 @ 14:20:03 - Row :102 - Order updated successfully.
10-18-2021 @ 14:20:03 - Row :103 - Parsing item.
10-18-2021 @ 14:20:03 - Row :103 - Processing item.
10-18-2021 @ 14:20:03 - Found order object. ID:85112
10-18-2021 @ 14:20:05 - Row :103 - Order updated successfully.
10-18-2021 @ 14:20:05 - Row :104 - Parsing item.
10-18-2021 @ 14:20:05 - Row :104 - Processing item.
10-18-2021 @ 14:20:05 - Found order object. ID:85113
10-18-2021 @ 14:20:06 - Row :104 - Order updated successfully.
10-18-2021 @ 14:20:06 - Row :105 - Parsing item.
10-18-2021 @ 14:20:06 - Row :105 - Processing item.
10-18-2021 @ 14:20:06 - Found order object. ID:85114
10-18-2021 @ 14:20:09 - Row :105 - Order updated successfully.
10-18-2021 @ 14:20:09 - Row :106 - Parsing item.
10-18-2021 @ 14:20:09 - Row :106 - Processing item.
10-18-2021 @ 14:20:09 - Found order object. ID:85115
10-18-2021 @ 14:20:09 - Row :106 - Order updated successfully.
10-18-2021 @ 14:20:09 - Row :107 - Parsing item.
10-18-2021 @ 14:20:09 - Row :107 - Processing item.
10-18-2021 @ 14:20:09 - Found order object. ID:85116
10-18-2021 @ 14:20:10 - Row :107 - Order updated successfully.
10-18-2021 @ 14:20:10 - Row :108 - Parsing item.
10-18-2021 @ 14:20:10 - Row :108 - Processing item.
10-18-2021 @ 14:20:10 - Found order object. ID:85117
10-18-2021 @ 14:20:11 - Row :108 - Order updated successfully.
10-18-2021 @ 14:20:11 - Row :109 - Parsing item.
10-18-2021 @ 14:20:11 - Row :109 - Processing item.
10-18-2021 @ 14:20:11 - Found order object. ID:85118
10-18-2021 @ 14:20:13 - Row :109 - Order updated successfully.
10-18-2021 @ 14:20:13 - Row :110 - Parsing item.
10-18-2021 @ 14:20:13 - Row :110 - Processing item.
10-18-2021 @ 14:20:13 - Found order object. ID:85119
10-18-2021 @ 14:20:14 - Row :110 - Order updated successfully.
10-18-2021 @ 14:20:14 - Row :111 - Parsing item.
10-18-2021 @ 14:20:14 - Row :111 - Processing item.
10-18-2021 @ 14:20:14 - Found order object. ID:85120
10-18-2021 @ 14:20:15 - Row :111 - Order updated successfully.
10-18-2021 @ 14:20:15 - Row :112 - Parsing item.
10-18-2021 @ 14:20:15 - Row :112 - Processing item.
10-18-2021 @ 14:20:15 - Found order object. ID:85121
10-18-2021 @ 14:20:17 - Row :112 - Order updated successfully.
10-18-2021 @ 14:20:17 - Row :113 - Parsing item.
10-18-2021 @ 14:20:17 - Row :113 - Processing item.
10-18-2021 @ 14:20:17 - Found order object. ID:85122
10-18-2021 @ 14:20:18 - Row :113 - Order updated successfully.
10-18-2021 @ 14:20:18 - Row :114 - Parsing item.
10-18-2021 @ 14:20:18 - Row :114 - Processing item.
10-18-2021 @ 14:20:18 - Found order object. ID:85123
10-18-2021 @ 14:20:19 - Row :114 - Order updated successfully.
10-18-2021 @ 14:20:19 - Row :115 - Parsing item.
10-18-2021 @ 14:20:19 - Row :115 - Processing item.
10-18-2021 @ 14:20:19 - Found order object. ID:85124
10-18-2021 @ 14:20:19 - Row :115 - Order updated successfully.
10-18-2021 @ 14:20:19 - Row :116 - Parsing item.
10-18-2021 @ 14:20:19 - Row :116 - Processing item.
10-18-2021 @ 14:20:19 - Found order object. ID:85125
10-18-2021 @ 14:20:20 - Row :116 - Order updated successfully.
10-18-2021 @ 14:20:20 - Row :117 - Parsing item.
10-18-2021 @ 14:20:20 - Row :117 - Processing item.
10-18-2021 @ 14:20:20 - Found order object. ID:85126
10-18-2021 @ 14:20:20 - Row :117 - Order updated successfully.
10-18-2021 @ 14:20:20 - Row :118 - Parsing item.
10-18-2021 @ 14:20:20 - Row :118 - Processing item.
10-18-2021 @ 14:20:20 - Found order object. ID:85127
10-18-2021 @ 14:20:22 - Row :118 - Order updated successfully.
10-18-2021 @ 14:20:22 - Row :119 - Parsing item.
10-18-2021 @ 14:20:22 - Row :119 - Processing item.
10-18-2021 @ 14:20:22 - Found order object. ID:85128
10-18-2021 @ 14:20:24 - Row :119 - Order updated successfully.
10-18-2021 @ 14:20:24 - Row :120 - Parsing item.
10-18-2021 @ 14:20:24 - Row :120 - Processing item.
10-18-2021 @ 14:20:24 - Found order object. ID:85129
10-18-2021 @ 14:20:25 - Row :120 - Order updated successfully.
10-18-2021 @ 14:20:25 - Row :121 - Parsing item.
10-18-2021 @ 14:20:25 - Row :121 - Processing item.
10-18-2021 @ 14:20:25 - Found order object. ID:85130
10-18-2021 @ 14:20:27 - Row :121 - Order updated successfully.
10-18-2021 @ 14:20:27 - Row :122 - Parsing item.
10-18-2021 @ 14:20:27 - Row :122 - Processing item.
10-18-2021 @ 14:20:28 - Found order object. ID:85131
10-18-2021 @ 14:20:28 - Row :122 - Order updated successfully.
10-18-2021 @ 14:20:28 - Row :123 - Parsing item.
10-18-2021 @ 14:20:28 - Row :123 - Processing item.
10-18-2021 @ 14:20:28 - Found order object. ID:85132
10-18-2021 @ 14:20:29 - Row :123 - Order updated successfully.
10-18-2021 @ 14:20:29 - Row :124 - Parsing item.
10-18-2021 @ 14:20:29 - Row :124 - Processing item.
10-18-2021 @ 14:20:29 - Found order object. ID:85133
10-18-2021 @ 14:20:31 - Row :124 - Order updated successfully.
10-18-2021 @ 14:20:31 - Row :125 - Parsing item.
10-18-2021 @ 14:20:31 - Row :125 - Processing item.
10-18-2021 @ 14:20:31 - Found order object. ID:85134
10-18-2021 @ 14:20:34 - Row :125 - Order updated successfully.
10-18-2021 @ 14:20:34 - Row :126 - Parsing item.
10-18-2021 @ 14:20:34 - Row :126 - Processing item.
10-18-2021 @ 14:20:34 - Found order object. ID:85135
10-18-2021 @ 14:20:35 - Row :126 - Order updated successfully.
10-18-2021 @ 14:20:35 - Row :127 - Parsing item.
10-18-2021 @ 14:20:35 - Row :127 - Processing item.
10-18-2021 @ 14:20:35 - Found order object. ID:85136
10-18-2021 @ 14:20:37 - Row :127 - Order updated successfully.
10-18-2021 @ 14:20:37 - Row :128 - Parsing item.
10-18-2021 @ 14:20:37 - Row :128 - Processing item.
10-18-2021 @ 14:20:37 - Found order object. ID:85137
10-18-2021 @ 14:20:39 - Row :128 - Order updated successfully.
10-18-2021 @ 14:20:39 - Row :129 - Parsing item.
10-18-2021 @ 14:20:39 - Row :129 - Processing item.
10-18-2021 @ 14:20:39 - Found order object. ID:85138
10-18-2021 @ 14:20:41 - Row :129 - Order updated successfully.
10-18-2021 @ 14:20:41 - Row :130 - Parsing item.
10-18-2021 @ 14:20:41 - Row :130 - Processing item.
10-18-2021 @ 14:20:41 - Found order object. ID:85139
10-18-2021 @ 14:20:43 - Row :130 - Order updated successfully.
10-18-2021 @ 14:20:43 - Row :131 - Parsing item.
10-18-2021 @ 14:20:43 - Row :131 - Processing item.
10-18-2021 @ 14:20:43 - Found order object. ID:85140
10-18-2021 @ 14:20:44 - Row :131 - Order updated successfully.
10-18-2021 @ 14:20:44 - Row :132 - Parsing item.
10-18-2021 @ 14:20:44 - Row :132 - Processing item.
10-18-2021 @ 14:20:44 - Found order object. ID:85141
10-18-2021 @ 14:20:46 - Row :132 - Order updated successfully.
10-18-2021 @ 14:20:46 - Row :133 - Parsing item.
10-18-2021 @ 14:20:46 - Row :133 - Processing item.
10-18-2021 @ 14:20:46 - Found order object. ID:85142
10-18-2021 @ 14:20:48 - Row :133 - Order updated successfully.
10-18-2021 @ 14:20:48 - Row :134 - Parsing item.
10-18-2021 @ 14:20:48 - Row :134 - Processing item.
10-18-2021 @ 14:20:48 - Found order object. ID:85143
10-18-2021 @ 14:20:49 - Row :134 - Order updated successfully.
10-18-2021 @ 14:20:49 - Row :135 - Parsing item.
10-18-2021 @ 14:20:49 - Row :135 - Processing item.
10-18-2021 @ 14:20:49 - Found order object. ID:85144
10-18-2021 @ 14:20:50 - Row :135 - Order updated successfully.
10-18-2021 @ 14:20:50 - Row :136 - Parsing item.
10-18-2021 @ 14:20:50 - Row :136 - Processing item.
10-18-2021 @ 14:20:50 - Found order object. ID:85145
10-18-2021 @ 14:20:51 - Row :136 - Order updated successfully.
10-18-2021 @ 14:20:51 - Row :137 - Parsing item.
10-18-2021 @ 14:20:51 - Row :137 - Processing item.
10-18-2021 @ 14:20:51 - Found order object. ID:85146
10-18-2021 @ 14:20:53 - Row :137 - Order updated successfully.
10-18-2021 @ 14:20:53 - Row :138 - Parsing item.
10-18-2021 @ 14:20:53 - Row :138 - Processing item.
10-18-2021 @ 14:20:53 - Found order object. ID:85147
10-18-2021 @ 14:20:54 - Row :138 - Order updated successfully.
10-18-2021 @ 14:20:54 - Row :139 - Parsing item.
10-18-2021 @ 14:20:55 - Row :139 - Processing item.
10-18-2021 @ 14:20:55 - Found order object. ID:85148
10-18-2021 @ 14:20:57 - Row :139 - Order updated successfully.
10-18-2021 @ 14:20:57 - Row :140 - Parsing item.
10-18-2021 @ 14:20:57 - Row :140 - Processing item.
10-18-2021 @ 14:20:57 - Found order object. ID:85149
10-18-2021 @ 14:20:58 - Row :140 - Order updated successfully.
10-18-2021 @ 14:20:58 - Row :141 - Parsing item.
10-18-2021 @ 14:20:58 - Row :141 - Processing item.
10-18-2021 @ 14:20:58 - Found order object. ID:85150
10-18-2021 @ 14:20:59 - Row :141 - Order updated successfully.
10-18-2021 @ 14:20:59 - Row :142 - Parsing item.
10-18-2021 @ 14:20:59 - Row :142 - Processing item.
10-18-2021 @ 14:20:59 - Found order object. ID:85151
10-18-2021 @ 14:21:01 - Row :142 - Order updated successfully.
10-18-2021 @ 14:21:01 - Row :143 - Parsing item.
10-18-2021 @ 14:21:01 - Row :143 - Processing item.
10-18-2021 @ 14:21:01 - Found order object. ID:85152
10-18-2021 @ 14:21:02 - Row :143 - Order updated successfully.
10-18-2021 @ 14:21:02 - Row :144 - Parsing item.
10-18-2021 @ 14:21:02 - Row :144 - Processing item.
10-18-2021 @ 14:21:02 - Found order object. ID:85153
10-18-2021 @ 14:21:03 - Row :144 - Order updated successfully.
10-18-2021 @ 14:21:03 - Row :145 - Parsing item.
10-18-2021 @ 14:21:03 - Row :145 - Processing item.
10-18-2021 @ 14:21:03 - Found order object. ID:85154
10-18-2021 @ 14:21:05 - Row :145 - Order updated successfully.
10-18-2021 @ 14:21:05 - Row :146 - Parsing item.
10-18-2021 @ 14:21:05 - Row :146 - Processing item.
10-18-2021 @ 14:21:05 - Found order object. ID:85155
10-18-2021 @ 14:21:06 - Row :146 - Order updated successfully.
10-18-2021 @ 14:21:06 - Row :147 - Parsing item.
10-18-2021 @ 14:21:06 - Row :147 - Processing item.
10-18-2021 @ 14:21:06 - Found order object. ID:85156
10-18-2021 @ 14:21:07 - Row :147 - Order updated successfully.
10-18-2021 @ 14:21:07 - Row :148 - Parsing item.
10-18-2021 @ 14:21:07 - Row :148 - Processing item.
10-18-2021 @ 14:21:07 - Found order object. ID:85157
10-18-2021 @ 14:21:09 - Row :148 - Order updated successfully.
10-18-2021 @ 14:21:09 - Row :149 - Parsing item.
10-18-2021 @ 14:21:09 - Row :149 - Processing item.
10-18-2021 @ 14:21:09 - Found order object. ID:85158
10-18-2021 @ 14:21:10 - Row :149 - Order updated successfully.
10-18-2021 @ 14:21:10 - Row :150 - Parsing item.
10-18-2021 @ 14:21:10 - Row :150 - Processing item.
10-18-2021 @ 14:21:10 - Found order object. ID:85159
10-18-2021 @ 14:21:12 - Row :150 - Order updated successfully.
10-18-2021 @ 14:21:12 - Row :151 - Parsing item.
10-18-2021 @ 14:21:12 - Row :151 - Processing item.
10-18-2021 @ 14:21:12 - Found order object. ID:85160
10-18-2021 @ 14:21:13 - Row :151 - Order updated successfully.
10-18-2021 @ 14:21:13 - Row :152 - Parsing item.
10-18-2021 @ 14:21:13 - Row :152 - Processing item.
10-18-2021 @ 14:21:13 - Found order object. ID:85161
10-18-2021 @ 14:21:14 - Row :152 - Order updated successfully.
10-18-2021 @ 14:21:14 - Row :153 - Parsing item.
10-18-2021 @ 14:21:14 - Row :153 - Processing item.
10-18-2021 @ 14:21:14 - Found order object. ID:85162
10-18-2021 @ 14:21:14 - Row :153 - Order updated successfully.
10-18-2021 @ 14:21:14 - Row :154 - Parsing item.
10-18-2021 @ 14:21:14 - Row :154 - Processing item.
10-18-2021 @ 14:21:14 - Found order object. ID:85163
10-18-2021 @ 14:21:16 - Row :154 - Order updated successfully.
10-18-2021 @ 14:21:16 - Row :155 - Parsing item.
10-18-2021 @ 14:21:16 - Row :155 - Processing item.
10-18-2021 @ 14:21:16 - Found order object. ID:85164
10-18-2021 @ 14:21:17 - Row :155 - Order updated successfully.
10-18-2021 @ 14:21:17 - Row :156 - Parsing item.
10-18-2021 @ 14:21:17 - Row :156 - Processing item.
10-18-2021 @ 14:21:17 - Found order object. ID:85165
10-18-2021 @ 14:21:18 - Row :156 - Order updated successfully.
10-18-2021 @ 14:21:18 - Row :157 - Parsing item.
10-18-2021 @ 14:21:19 - Row :157 - Processing item.
10-18-2021 @ 14:21:19 - Found order object. ID:85166
10-18-2021 @ 14:21:21 - Row :157 - Order updated successfully.
10-18-2021 @ 14:21:21 - Row :158 - Parsing item.
10-18-2021 @ 14:21:21 - Row :158 - Processing item.
10-18-2021 @ 14:21:21 - Found order object. ID:85167
10-18-2021 @ 14:21:21 - Row :158 - Order updated successfully.
10-18-2021 @ 14:21:21 - Row :159 - Parsing item.
10-18-2021 @ 14:21:21 - Row :159 - Processing item.
10-18-2021 @ 14:21:21 - Found order object. ID:85168
10-18-2021 @ 14:21:23 - Row :159 - Order updated successfully.
10-18-2021 @ 14:21:23 - Row :160 - Parsing item.
10-18-2021 @ 14:21:23 - Row :160 - Processing item.
10-18-2021 @ 14:21:23 - Found order object. ID:85169
10-18-2021 @ 14:21:25 - Row :160 - Order updated successfully.
10-18-2021 @ 14:21:25 - Row :161 - Parsing item.
10-18-2021 @ 14:21:25 - Row :161 - Processing item.
10-18-2021 @ 14:21:25 - Found order object. ID:85170
10-18-2021 @ 14:21:25 - Row :161 - Order updated successfully.
10-18-2021 @ 14:21:25 - Row :162 - Parsing item.
10-18-2021 @ 14:21:25 - Row :162 - Processing item.
10-18-2021 @ 14:21:25 - Found order object. ID:85171
10-18-2021 @ 14:21:25 - Row :162 - Order updated successfully.
10-18-2021 @ 14:21:25 - Row :163 - Parsing item.
10-18-2021 @ 14:21:25 - Row :163 - Processing item.
10-18-2021 @ 14:21:25 - Found order object. ID:85172
10-18-2021 @ 14:21:28 - Row :163 - Order updated successfully.
10-18-2021 @ 14:21:28 - Row :164 - Parsing item.
10-18-2021 @ 14:21:28 - Row :164 - Processing item.
10-18-2021 @ 14:21:28 - Found order object. ID:85173
10-18-2021 @ 14:21:28 - Row :164 - Order updated successfully.
10-18-2021 @ 14:21:28 - Row :165 - Parsing item.
10-18-2021 @ 14:21:28 - Row :165 - Processing item.
10-18-2021 @ 14:21:28 - Found order object. ID:85174
10-18-2021 @ 14:21:30 - Row :165 - Order updated successfully.
10-18-2021 @ 14:21:30 - Row :166 - Parsing item.
10-18-2021 @ 14:21:30 - Row :166 - Processing item.
10-18-2021 @ 14:21:30 - Found order object. ID:85175
10-18-2021 @ 14:21:32 - Row :166 - Order updated successfully.
10-18-2021 @ 14:21:32 - Row :167 - Parsing item.
10-18-2021 @ 14:21:32 - Row :167 - Processing item.
10-18-2021 @ 14:21:32 - Found order object. ID:85176
10-18-2021 @ 14:21:35 - Row :167 - Order updated successfully.
10-18-2021 @ 14:21:35 - Row :168 - Parsing item.
10-18-2021 @ 14:21:35 - Row :168 - Processing item.
10-18-2021 @ 14:21:35 - Found order object. ID:85177
10-18-2021 @ 14:21:37 - Row :168 - Order updated successfully.
10-18-2021 @ 14:21:37 - Row :169 - Parsing item.
10-18-2021 @ 14:21:37 - Row :169 - Processing item.
10-18-2021 @ 14:21:37 - Found order object. ID:85178
10-18-2021 @ 14:21:38 - Row :169 - Order updated successfully.
10-18-2021 @ 14:21:38 - Row :170 - Parsing item.
10-18-2021 @ 14:21:38 - Row :170 - Processing item.
10-18-2021 @ 14:21:38 - Found order object. ID:85179
10-18-2021 @ 14:21:40 - Row :170 - Order updated successfully.
10-18-2021 @ 14:21:40 - Row :171 - Parsing item.
10-18-2021 @ 14:21:40 - Row :171 - Processing item.
10-18-2021 @ 14:21:40 - Found order object. ID:85180
10-18-2021 @ 14:21:41 - Row :171 - Order updated successfully.
10-18-2021 @ 14:21:41 - Row :172 - Parsing item.
10-18-2021 @ 14:21:41 - Row :172 - Processing item.
10-18-2021 @ 14:21:41 - Found order object. ID:85181
10-18-2021 @ 14:21:42 - Row :172 - Order updated successfully.
10-18-2021 @ 14:21:42 - Row :173 - Parsing item.
10-18-2021 @ 14:21:42 - Row :173 - Processing item.
10-18-2021 @ 14:21:42 - Found order object. ID:85182
10-18-2021 @ 14:21:44 - Row :173 - Order updated successfully.
10-18-2021 @ 14:21:44 - Row :174 - Parsing item.
10-18-2021 @ 14:21:44 - Row :174 - Processing item.
10-18-2021 @ 14:21:44 - Found order object. ID:85183
10-18-2021 @ 14:21:44 - Row :174 - Order updated successfully.
10-18-2021 @ 14:21:44 - Row :175 - Parsing item.
10-18-2021 @ 14:21:44 - Row :175 - Processing item.
10-18-2021 @ 14:21:44 - Found order object. ID:85184
10-18-2021 @ 14:21:46 - Row :175 - Order updated successfully.
10-18-2021 @ 14:21:46 - Row :176 - Parsing item.
10-18-2021 @ 14:21:47 - Row :176 - Processing item.
10-18-2021 @ 14:21:47 - Found order object. ID:85185
10-18-2021 @ 14:21:48 - Row :176 - Order updated successfully.
10-18-2021 @ 14:21:48 - Row :177 - Parsing item.
10-18-2021 @ 14:21:48 - Row :177 - Processing item.
10-18-2021 @ 14:21:48 - Found order object. ID:85186
10-18-2021 @ 14:21:49 - Row :177 - Order updated successfully.
10-18-2021 @ 14:21:49 - Row :178 - Parsing item.
10-18-2021 @ 14:21:49 - Row :178 - Processing item.
10-18-2021 @ 14:21:49 - Found order object. ID:85187
10-18-2021 @ 14:21:51 - Row :178 - Order updated successfully.
10-18-2021 @ 14:21:51 - Row :179 - Parsing item.
10-18-2021 @ 14:21:51 - Row :179 - Processing item.
10-18-2021 @ 14:21:51 - Found order object. ID:85188
10-18-2021 @ 14:21:52 - Row :179 - Order updated successfully.
10-18-2021 @ 14:21:52 - Row :180 - Parsing item.
10-18-2021 @ 14:21:52 - Row :180 - Processing item.
10-18-2021 @ 14:21:52 - Found order object. ID:85189
10-18-2021 @ 14:21:54 - Row :180 - Order updated successfully.
10-18-2021 @ 14:21:54 - Row :181 - Parsing item.
10-18-2021 @ 14:21:54 - Row :181 - Processing item.
10-18-2021 @ 14:21:54 - Found order object. ID:85190
10-18-2021 @ 14:21:56 - Row :181 - Order updated successfully.
10-18-2021 @ 14:21:56 - Row :182 - Parsing item.
10-18-2021 @ 14:21:56 - Row :182 - Processing item.
10-18-2021 @ 14:21:56 - Found order object. ID:85191
10-18-2021 @ 14:21:57 - Row :182 - Order updated successfully.
10-18-2021 @ 14:21:57 - Row :183 - Parsing item.
10-18-2021 @ 14:21:57 - Row :183 - Processing item.
10-18-2021 @ 14:21:57 - Found order object. ID:85192
10-18-2021 @ 14:21:59 - Row :183 - Order updated successfully.
10-18-2021 @ 14:21:59 - Row :184 - Parsing item.
10-18-2021 @ 14:21:59 - Row :184 - Processing item.
10-18-2021 @ 14:21:59 - Found order object. ID:85193
10-18-2021 @ 14:22:00 - Row :184 - Order updated successfully.
10-18-2021 @ 14:22:00 - Row :185 - Parsing item.
10-18-2021 @ 14:22:00 - Row :185 - Processing item.
10-18-2021 @ 14:22:00 - Found order object. ID:85194
10-18-2021 @ 14:22:03 - Row :185 - Order updated successfully.
10-18-2021 @ 14:22:03 - Row :186 - Parsing item.
10-18-2021 @ 14:22:03 - Row :186 - Processing item.
10-18-2021 @ 14:22:03 - Found order object. ID:85195
10-18-2021 @ 14:22:03 - Row :186 - Order updated successfully.
10-18-2021 @ 14:22:03 - Row :187 - Parsing item.
10-18-2021 @ 14:22:03 - Row :187 - Processing item.
10-18-2021 @ 14:22:03 - Found order object. ID:85196
10-18-2021 @ 14:22:05 - Row :187 - Order updated successfully.
10-18-2021 @ 14:22:05 - Row :188 - Parsing item.
10-18-2021 @ 14:22:05 - Row :188 - Processing item.
10-18-2021 @ 14:22:05 - Found order object. ID:85197
10-18-2021 @ 14:22:06 - Row :188 - Order updated successfully.
10-18-2021 @ 14:22:06 - Row :189 - Parsing item.
10-18-2021 @ 14:22:06 - Row :189 - Processing item.
10-18-2021 @ 14:22:06 - Found order object. ID:85198
10-18-2021 @ 14:22:07 - Row :189 - Order updated successfully.
10-18-2021 @ 14:22:07 - Row :190 - Parsing item.
10-18-2021 @ 14:22:07 - Row :190 - Processing item.
10-18-2021 @ 14:22:07 - Found order object. ID:85199
10-18-2021 @ 14:22:08 - Row :190 - Order updated successfully.
10-18-2021 @ 14:22:08 - Row :191 - Parsing item.
10-18-2021 @ 14:22:08 - Row :191 - Processing item.
10-18-2021 @ 14:22:08 - Found order object. ID:85200
10-18-2021 @ 14:22:09 - Row :191 - Order updated successfully.
10-18-2021 @ 14:22:09 - Row :192 - Parsing item.
10-18-2021 @ 14:22:09 - Row :192 - Processing item.
10-18-2021 @ 14:22:09 - Found order object. ID:85201
10-18-2021 @ 14:22:11 - Row :192 - Order updated successfully.
10-18-2021 @ 14:22:11 - Row :193 - Parsing item.
10-18-2021 @ 14:22:11 - Row :193 - Processing item.
10-18-2021 @ 14:22:11 - Found order object. ID:85202
10-18-2021 @ 14:22:13 - Row :193 - Order updated successfully.
10-18-2021 @ 14:22:13 - Row :194 - Parsing item.
10-18-2021 @ 14:22:13 - Row :194 - Processing item.
10-18-2021 @ 14:22:13 - Found order object. ID:85203
10-18-2021 @ 14:22:15 - Row :194 - Order updated successfully.
10-18-2021 @ 14:22:15 - Row :195 - Parsing item.
10-18-2021 @ 14:22:15 - Row :195 - Processing item.
10-18-2021 @ 14:22:15 - Found order object. ID:85204
10-18-2021 @ 14:22:15 - Row :195 - Order updated successfully.
10-18-2021 @ 14:22:15 - Row :196 - Parsing item.
10-18-2021 @ 14:22:15 - Row :196 - Processing item.
10-18-2021 @ 14:22:15 - Found order object. ID:85205
10-18-2021 @ 14:22:17 - Row :196 - Order updated successfully.
10-18-2021 @ 14:22:17 - Row :197 - Parsing item.
10-18-2021 @ 14:22:17 - Row :197 - Processing item.
10-18-2021 @ 14:22:17 - Found order object. ID:85206
10-18-2021 @ 14:22:17 - Row :197 - Order updated successfully.
10-18-2021 @ 14:22:17 - Row :198 - Parsing item.
10-18-2021 @ 14:22:17 - Row :198 - Processing item.
10-18-2021 @ 14:22:17 - Found order object. ID:85207
10-18-2021 @ 14:22:19 - Row :198 - Order updated successfully.
10-18-2021 @ 14:22:19 - Row :199 - Parsing item.
10-18-2021 @ 14:22:19 - Row :199 - Processing item.
10-18-2021 @ 14:22:19 - Found order object. ID:85208
10-18-2021 @ 14:22:20 - Row :199 - Order updated successfully.
10-18-2021 @ 14:22:20 - Row :200 - Parsing item.
10-18-2021 @ 14:22:20 - Row :200 - Processing item.
10-18-2021 @ 14:22:20 - Found order object. ID:85209
10-18-2021 @ 14:22:20 - Row :200 - Order updated successfully.
10-18-2021 @ 14:22:20 - Row :201 - Parsing item.
10-18-2021 @ 14:22:21 - Importing as new order ID:85210
10-18-2021 @ 14:22:21 - Row :201 - Processing item.
10-18-2021 @ 14:22:21 - Found order object. ID:85210
10-18-2021 @ 14:22:23 - Row :201 - Order updated successfully.
10-18-2021 @ 14:22:23 - Row :202 - Parsing item.
10-18-2021 @ 14:22:23 - Importing as new order ID:85211
10-18-2021 @ 14:22:23 - Row :202 - Processing item.
10-18-2021 @ 14:22:23 - Found order object. ID:85211
10-18-2021 @ 14:22:23 - Row :202 - Order updated successfully.
10-18-2021 @ 14:22:23 - Row :203 - Parsing item.
10-18-2021 @ 14:22:23 - Importing as new order ID:85212
10-18-2021 @ 14:22:23 - Row :203 - Processing item.
10-18-2021 @ 14:22:23 - Found order object. ID:85212
10-18-2021 @ 14:22:25 - Row :203 - Order updated successfully.
10-18-2021 @ 14:22:25 - Row :204 - Parsing item.
10-18-2021 @ 14:22:25 - Importing as new order ID:85213
10-18-2021 @ 14:22:25 - Row :204 - Processing item.
10-18-2021 @ 14:22:25 - Found order object. ID:85213
10-18-2021 @ 14:22:26 - Row :204 - Order updated successfully.
10-18-2021 @ 14:22:26 - Row :205 - Parsing item.
10-18-2021 @ 14:22:26 - Importing as new order ID:85214
10-18-2021 @ 14:22:26 - Row :205 - Processing item.
10-18-2021 @ 14:22:26 - Found order object. ID:85214
10-18-2021 @ 14:22:29 - Row :205 - Order updated successfully.
10-18-2021 @ 14:22:29 - Row :206 - Parsing item.
10-18-2021 @ 14:22:29 - Importing as new order ID:85215
10-18-2021 @ 14:22:29 - Row :206 - Processing item.
10-18-2021 @ 14:22:29 - Found order object. ID:85215
10-18-2021 @ 14:22:30 - Row :206 - Order updated successfully.
10-18-2021 @ 14:22:30 - Row :207 - Parsing item.
10-18-2021 @ 14:22:30 - Importing as new order ID:85216
10-18-2021 @ 14:22:30 - Row :207 - Processing item.
10-18-2021 @ 14:22:30 - Found order object. ID:85216
10-18-2021 @ 14:22:32 - Row :207 - Order updated successfully.
10-18-2021 @ 14:22:32 - Row :208 - Parsing item.
10-18-2021 @ 14:22:32 - Importing as new order ID:85217
10-18-2021 @ 14:22:32 - Row :208 - Processing item.
10-18-2021 @ 14:22:32 - Found order object. ID:85217
10-18-2021 @ 14:22:34 - Row :208 - Order updated successfully.
10-18-2021 @ 14:22:34 - Row :209 - Parsing item.
10-18-2021 @ 14:22:34 - Importing as new order ID:85218
10-18-2021 @ 14:22:34 - Row :209 - Processing item.
10-18-2021 @ 14:22:34 - Found order object. ID:85218
10-18-2021 @ 14:22:34 - Row :209 - Order updated successfully.
10-18-2021 @ 14:22:34 - Row :210 - Parsing item.
10-18-2021 @ 14:22:34 - Importing as new order ID:85219
10-18-2021 @ 14:22:34 - Row :210 - Processing item.
10-18-2021 @ 14:22:34 - Found order object. ID:85219
10-18-2021 @ 14:22:35 - Row :210 - Order updated successfully.
10-18-2021 @ 14:22:35 - Row :211 - Parsing item.
10-18-2021 @ 14:22:35 - Importing as new order ID:85220
10-18-2021 @ 14:22:35 - Row :211 - Processing item.
10-18-2021 @ 14:22:35 - Found order object. ID:85220
10-18-2021 @ 14:22:37 - Row :211 - Order updated successfully.
10-18-2021 @ 14:22:37 - Row :212 - Parsing item.
10-18-2021 @ 14:22:37 - Importing as new order ID:85221
10-18-2021 @ 14:22:37 - Row :212 - Processing item.
10-18-2021 @ 14:22:38 - Found order object. ID:85221
10-18-2021 @ 14:22:39 - Row :212 - Order updated successfully.
10-18-2021 @ 14:22:39 - Row :213 - Parsing item.
10-18-2021 @ 14:22:39 - Importing as new order ID:85222
10-18-2021 @ 14:22:39 - Row :213 - Processing item.
10-18-2021 @ 14:22:39 - Found order object. ID:85222
10-18-2021 @ 14:22:40 - Row :213 - Order updated successfully.
10-18-2021 @ 14:22:40 - Row :214 - Parsing item.
10-18-2021 @ 14:22:40 - Importing as new order ID:85223
10-18-2021 @ 14:22:40 - Row :214 - Processing item.
10-18-2021 @ 14:22:41 - Found order object. ID:85223
10-18-2021 @ 14:22:42 - Row :214 - Order updated successfully.
10-18-2021 @ 14:22:42 - Row :215 - Parsing item.
10-18-2021 @ 14:22:42 - Importing as new order ID:85224
10-18-2021 @ 14:22:42 - Row :215 - Processing item.
10-18-2021 @ 14:22:42 - Found order object. ID:85224
10-18-2021 @ 14:22:43 - Row :215 - Order updated successfully.
10-18-2021 @ 14:22:43 - Row :216 - Parsing item.
10-18-2021 @ 14:22:43 - Importing as new order ID:85226
10-18-2021 @ 14:22:43 - Row :216 - Processing item.
10-18-2021 @ 14:22:43 - Found order object. ID:85226
10-18-2021 @ 14:22:45 - Row :216 - Order updated successfully.
10-18-2021 @ 14:22:45 - Row :217 - Parsing item.
10-18-2021 @ 14:22:45 - Importing as new order ID:85227
10-18-2021 @ 14:22:45 - Row :217 - Processing item.
10-18-2021 @ 14:22:45 - Found order object. ID:85227
10-18-2021 @ 14:22:46 - Row :217 - Order updated successfully.
10-18-2021 @ 14:22:46 - Row :218 - Parsing item.
10-18-2021 @ 14:22:46 - Importing as new order ID:85228
10-18-2021 @ 14:22:46 - Row :218 - Processing item.
10-18-2021 @ 14:22:47 - Found order object. ID:85228
10-18-2021 @ 14:22:49 - Row :218 - Order updated successfully.
10-18-2021 @ 14:22:49 - Row :219 - Parsing item.
10-18-2021 @ 14:22:49 - Importing as new order ID:85229
10-18-2021 @ 14:22:49 - Row :219 - Processing item.
10-18-2021 @ 14:22:49 - Found order object. ID:85229
10-18-2021 @ 14:22:49 - Row :219 - Order updated successfully.
10-18-2021 @ 14:22:49 - Row :220 - Parsing item.
10-18-2021 @ 14:22:49 - Importing as new order ID:85230
10-18-2021 @ 14:22:49 - Row :220 - Processing item.
10-18-2021 @ 14:22:49 - Found order object. ID:85230
10-18-2021 @ 14:22:51 - Row :220 - Order updated successfully.
10-18-2021 @ 14:22:51 - Row :221 - Parsing item.
10-18-2021 @ 14:22:51 - Importing as new order ID:85231
10-18-2021 @ 14:22:51 - Row :221 - Processing item.
10-18-2021 @ 14:22:51 - Found order object. ID:85231
10-18-2021 @ 14:22:53 - Row :221 - Order updated successfully.
10-18-2021 @ 14:22:53 - Row :222 - Parsing item.
10-18-2021 @ 14:22:53 - Importing as new order ID:85232
10-18-2021 @ 14:22:53 - Row :222 - Processing item.
10-18-2021 @ 14:22:53 - Found order object. ID:85232
10-18-2021 @ 14:22:55 - Row :222 - Order updated successfully.
10-18-2021 @ 14:22:55 - Row :223 - Parsing item.
10-18-2021 @ 14:22:55 - Importing as new order ID:85233
10-18-2021 @ 14:22:55 - Row :223 - Processing item.
10-18-2021 @ 14:22:55 - Found order object. ID:85233
10-18-2021 @ 14:22:56 - Row :223 - Order updated successfully.
10-18-2021 @ 14:22:56 - Row :224 - Parsing item.
10-18-2021 @ 14:22:56 - Importing as new order ID:85234
10-18-2021 @ 14:22:56 - Row :224 - Processing item.
10-18-2021 @ 14:22:56 - Found order object. ID:85234
10-18-2021 @ 14:22:57 - Row :224 - Order updated successfully.
10-18-2021 @ 14:22:57 - Row :225 - Parsing item.
10-18-2021 @ 14:22:57 - Importing as new order ID:85235
10-18-2021 @ 14:22:57 - Row :225 - Processing item.
10-18-2021 @ 14:22:57 - Found order object. ID:85235
10-18-2021 @ 14:22:59 - Row :225 - Order updated successfully.
10-18-2021 @ 14:22:59 - Row :226 - Parsing item.
10-18-2021 @ 14:22:59 - Importing as new order ID:85236
10-18-2021 @ 14:22:59 - Row :226 - Processing item.
10-18-2021 @ 14:22:59 - Found order object. ID:85236
10-18-2021 @ 14:23:01 - Row :226 - Order updated successfully.
10-18-2021 @ 14:23:01 - Row :227 - Parsing item.
10-18-2021 @ 14:23:01 - Importing as new order ID:85237
10-18-2021 @ 14:23:01 - Row :227 - Processing item.
10-18-2021 @ 14:23:01 - Found order object. ID:85237
10-18-2021 @ 14:23:03 - Row :227 - Order updated successfully.
10-18-2021 @ 14:23:03 - Row :228 - Parsing item.
10-18-2021 @ 14:23:03 - Importing as new order ID:85238
10-18-2021 @ 14:23:03 - Row :228 - Processing item.
10-18-2021 @ 14:23:03 - Found order object. ID:85238
10-18-2021 @ 14:23:03 - Row :228 - Order updated successfully.
10-18-2021 @ 14:23:03 - Row :229 - Parsing item.
10-18-2021 @ 14:23:03 - Importing as new order ID:85239
10-18-2021 @ 14:23:03 - Row :229 - Processing item.
10-18-2021 @ 14:23:03 - Found order object. ID:85239
10-18-2021 @ 14:23:05 - Row :229 - Order updated successfully.
10-18-2021 @ 14:23:05 - Row :230 - Parsing item.
10-18-2021 @ 14:23:05 - Importing as new order ID:85240
10-18-2021 @ 14:23:05 - Row :230 - Processing item.
10-18-2021 @ 14:23:05 - Found order object. ID:85240
10-18-2021 @ 14:23:08 - Row :230 - Order updated successfully.
10-18-2021 @ 14:23:08 - Row :231 - Parsing item.
10-18-2021 @ 14:23:08 - Importing as new order ID:85241
10-18-2021 @ 14:23:08 - Row :231 - Processing item.
10-18-2021 @ 14:23:08 - Found order object. ID:85241
10-18-2021 @ 14:23:08 - Row :231 - Order updated successfully.
10-18-2021 @ 14:23:08 - Row :232 - Parsing item.
10-18-2021 @ 14:23:08 - Importing as new order ID:85242
10-18-2021 @ 14:23:08 - Row :232 - Processing item.
10-18-2021 @ 14:23:08 - Found order object. ID:85242
10-18-2021 @ 14:23:10 - Row :232 - Order updated successfully.
10-18-2021 @ 14:23:10 - Row :233 - Parsing item.
10-18-2021 @ 14:23:10 - Importing as new order ID:85243
10-18-2021 @ 14:23:10 - Row :233 - Processing item.
10-18-2021 @ 14:23:10 - Found order object. ID:85243
10-18-2021 @ 14:23:12 - Row :233 - Order updated successfully.
10-18-2021 @ 14:23:12 - Row :234 - Parsing item.
10-18-2021 @ 14:23:12 - Importing as new order ID:85244
10-18-2021 @ 14:23:12 - Row :234 - Processing item.
10-18-2021 @ 14:23:12 - Found order object. ID:85244
10-18-2021 @ 14:23:14 - Row :234 - Order updated successfully.
10-18-2021 @ 14:23:14 - Row :235 - Parsing item.
10-18-2021 @ 14:23:14 - Importing as new order ID:85245
10-18-2021 @ 14:23:14 - Row :235 - Processing item.
10-18-2021 @ 14:23:14 - Found order object. ID:85245
10-18-2021 @ 14:23:15 - Row :235 - Order updated successfully.
10-18-2021 @ 14:23:15 - Row :236 - Parsing item.
10-18-2021 @ 14:23:15 - Importing as new order ID:85246
10-18-2021 @ 14:23:15 - Row :236 - Processing item.
10-18-2021 @ 14:23:15 - Found order object. ID:85246
10-18-2021 @ 14:23:17 - Row :236 - Order updated successfully.
10-18-2021 @ 14:23:17 - Row :237 - Parsing item.
10-18-2021 @ 14:23:17 - Importing as new order ID:85247
10-18-2021 @ 14:23:17 - Row :237 - Processing item.
10-18-2021 @ 14:23:17 - Found order object. ID:85247
10-18-2021 @ 14:23:18 - Row :237 - Order updated successfully.
10-18-2021 @ 14:23:18 - Row :238 - Parsing item.
10-18-2021 @ 14:23:18 - Importing as new order ID:85248
10-18-2021 @ 14:23:18 - Row :238 - Processing item.
10-18-2021 @ 14:23:18 - Found order object. ID:85248
10-18-2021 @ 14:23:21 - Row :238 - Order updated successfully.
10-18-2021 @ 14:23:21 - Row :239 - Parsing item.
10-18-2021 @ 14:23:21 - Importing as new order ID:85249
10-18-2021 @ 14:23:21 - Row :239 - Processing item.
10-18-2021 @ 14:23:21 - Found order object. ID:85249
10-18-2021 @ 14:23:23 - Row :239 - Order updated successfully.
10-18-2021 @ 14:23:23 - Row :240 - Parsing item.
10-18-2021 @ 14:23:23 - Importing as new order ID:85250
10-18-2021 @ 14:23:23 - Row :240 - Processing item.
10-18-2021 @ 14:23:23 - Found order object. ID:85250
10-18-2021 @ 14:23:24 - Row :240 - Order updated successfully.
10-18-2021 @ 14:23:24 - Row :241 - Parsing item.
10-18-2021 @ 14:23:24 - Importing as new order ID:85251
10-18-2021 @ 14:23:24 - Row :241 - Processing item.
10-18-2021 @ 14:23:24 - Found order object. ID:85251
10-18-2021 @ 14:23:26 - Row :241 - Order updated successfully.
10-18-2021 @ 14:23:26 - Row :242 - Parsing item.
10-18-2021 @ 14:23:26 - Importing as new order ID:85252
10-18-2021 @ 14:23:26 - Row :242 - Processing item.
10-18-2021 @ 14:23:26 - Found order object. ID:85252
10-18-2021 @ 14:23:28 - Row :242 - Order updated successfully.
10-18-2021 @ 14:23:28 - Row :243 - Parsing item.
10-18-2021 @ 14:23:28 - Importing as new order ID:85253
10-18-2021 @ 14:23:28 - Row :243 - Processing item.
10-18-2021 @ 14:23:28 - Found order object. ID:85253
10-18-2021 @ 14:23:30 - Row :243 - Order updated successfully.
10-18-2021 @ 14:23:30 - Row :244 - Parsing item.
10-18-2021 @ 14:23:30 - Importing as new order ID:85254
10-18-2021 @ 14:23:30 - Row :244 - Processing item.
10-18-2021 @ 14:23:30 - Found order object. ID:85254
10-18-2021 @ 14:23:31 - Row :244 - Order updated successfully.
10-18-2021 @ 14:23:31 - Row :245 - Parsing item.
10-18-2021 @ 14:23:32 - Importing as new order ID:85255
10-18-2021 @ 14:23:32 - Row :245 - Processing item.
10-18-2021 @ 14:23:32 - Found order object. ID:85255
10-18-2021 @ 14:23:33 - Row :245 - Order updated successfully.
10-18-2021 @ 14:23:33 - Row :246 - Parsing item.
10-18-2021 @ 14:23:33 - Importing as new order ID:85256
10-18-2021 @ 14:23:33 - Row :246 - Processing item.
10-18-2021 @ 14:23:33 - Found order object. ID:85256
10-18-2021 @ 14:23:34 - Row :246 - Order updated successfully.
10-18-2021 @ 14:23:34 - Row :247 - Parsing item.
10-18-2021 @ 14:23:34 - Importing as new order ID:85257
10-18-2021 @ 14:23:34 - Row :247 - Processing item.
10-18-2021 @ 14:23:34 - Found order object. ID:85257
10-18-2021 @ 14:23:35 - Row :247 - Order updated successfully.
10-18-2021 @ 14:23:35 - Row :248 - Parsing item.
10-18-2021 @ 14:23:35 - Importing as new order ID:85258
10-18-2021 @ 14:23:35 - Row :248 - Processing item.
10-18-2021 @ 14:23:35 - Found order object. ID:85258
10-18-2021 @ 14:23:37 - Row :248 - Order updated successfully.
10-18-2021 @ 14:23:37 - Row :249 - Parsing item.
10-18-2021 @ 14:23:37 - Importing as new order ID:85259
10-18-2021 @ 14:23:37 - Row :249 - Processing item.
10-18-2021 @ 14:23:37 - Found order object. ID:85259
10-18-2021 @ 14:23:39 - Row :249 - Order updated successfully.
10-18-2021 @ 14:23:39 - Row :250 - Parsing item.
10-18-2021 @ 14:23:39 - Importing as new order ID:85260
10-18-2021 @ 14:23:39 - Row :250 - Processing item.
10-18-2021 @ 14:23:39 - Found order object. ID:85260
10-18-2021 @ 14:23:41 - Row :250 - Order updated successfully.
10-18-2021 @ 14:23:41 - Row :251 - Parsing item.
10-18-2021 @ 14:23:41 - Importing as new order ID:85261
10-18-2021 @ 14:23:41 - Row :251 - Processing item.
10-18-2021 @ 14:23:41 - Found order object. ID:85261
10-18-2021 @ 14:23:43 - Row :251 - Order updated successfully.
10-18-2021 @ 14:23:43 - Row :252 - Parsing item.
10-18-2021 @ 14:23:43 - Importing as new order ID:85262
10-18-2021 @ 14:23:43 - Row :252 - Processing item.
10-18-2021 @ 14:23:43 - Found order object. ID:85262
10-18-2021 @ 14:23:43 - Row :252 - Order updated successfully.
10-18-2021 @ 14:23:43 - Row :253 - Parsing item.
10-18-2021 @ 14:23:43 - Importing as new order ID:85263
10-18-2021 @ 14:23:43 - Row :253 - Processing item.
10-18-2021 @ 14:23:43 - Found order object. ID:85263
10-18-2021 @ 14:23:45 - Row :253 - Order updated successfully.
10-18-2021 @ 14:23:45 - Row :254 - Parsing item.
10-18-2021 @ 14:23:45 - Importing as new order ID:85264
10-18-2021 @ 14:23:45 - Row :254 - Processing item.
10-18-2021 @ 14:23:45 - Found order object. ID:85264
10-18-2021 @ 14:23:47 - Row :254 - Order updated successfully.
10-18-2021 @ 14:23:47 - Row :255 - Parsing item.
10-18-2021 @ 14:23:47 - Importing as new order ID:85265
10-18-2021 @ 14:23:47 - Row :255 - Processing item.
10-18-2021 @ 14:23:47 - Found order object. ID:85265
10-18-2021 @ 14:23:49 - Row :255 - Order updated successfully.
10-18-2021 @ 14:23:49 - Row :256 - Parsing item.
10-18-2021 @ 14:23:49 - Importing as new order ID:85266
10-18-2021 @ 14:23:49 - Row :256 - Processing item.
10-18-2021 @ 14:23:49 - Found order object. ID:85266
10-18-2021 @ 14:23:50 - Row :256 - Order updated successfully.
10-18-2021 @ 14:23:50 - Row :257 - Parsing item.
10-18-2021 @ 14:23:50 - Importing as new order ID:85267
10-18-2021 @ 14:23:50 - Row :257 - Processing item.
10-18-2021 @ 14:23:50 - Found order object. ID:85267
10-18-2021 @ 14:23:51 - Row :257 - Order updated successfully.
10-18-2021 @ 14:23:51 - Row :258 - Parsing item.
10-18-2021 @ 14:23:51 - Importing as new order ID:85268
10-18-2021 @ 14:23:51 - Row :258 - Processing item.
10-18-2021 @ 14:23:51 - Found order object. ID:85268
10-18-2021 @ 14:23:52 - Row :258 - Order updated successfully.
10-18-2021 @ 14:23:52 - Row :259 - Parsing item.
10-18-2021 @ 14:23:52 - Importing as new order ID:85269
10-18-2021 @ 14:23:52 - Row :259 - Processing item.
10-18-2021 @ 14:23:53 - Found order object. ID:85269
10-18-2021 @ 14:23:54 - Row :259 - Order updated successfully.
10-18-2021 @ 14:23:54 - Row :260 - Parsing item.
10-18-2021 @ 14:23:54 - Importing as new order ID:85270
10-18-2021 @ 14:23:54 - Row :260 - Processing item.
10-18-2021 @ 14:23:54 - Found order object. ID:85270
10-18-2021 @ 14:23:55 - Row :260 - Order updated successfully.
10-18-2021 @ 14:23:55 - Row :261 - Parsing item.
10-18-2021 @ 14:23:55 - Importing as new order ID:85271
10-18-2021 @ 14:23:55 - Row :261 - Processing item.
10-18-2021 @ 14:23:56 - Found order object. ID:85271
10-18-2021 @ 14:23:57 - Row :261 - Order updated successfully.
10-18-2021 @ 14:23:57 - Row :262 - Parsing item.
10-18-2021 @ 14:23:57 - Importing as new order ID:85272
10-18-2021 @ 14:23:57 - Row :262 - Processing item.
10-18-2021 @ 14:23:57 - Found order object. ID:85272
10-18-2021 @ 14:23:58 - Row :262 - Order updated successfully.
10-18-2021 @ 14:23:58 - Row :263 - Parsing item.
10-18-2021 @ 14:23:58 - Importing as new order ID:85273
10-18-2021 @ 14:23:58 - Row :263 - Processing item.
10-18-2021 @ 14:23:58 - Found order object. ID:85273
10-18-2021 @ 14:24:00 - Row :263 - Order updated successfully.
10-18-2021 @ 14:24:00 - Row :264 - Parsing item.
10-18-2021 @ 14:24:00 - Importing as new order ID:85274
10-18-2021 @ 14:24:00 - Row :264 - Processing item.
10-18-2021 @ 14:24:00 - Found order object. ID:85274
