10-18-2021 @ 14:26:26 - ---[ New import started at 2021-10-18 06:26:26 ] PHP Memory: 512 Mo, WP Memory: 40 Mo
10-18-2021 @ 14:26:26 - Preparing for import.
10-18-2021 @ 14:26:26 - Row :1 - Parsing item.
10-18-2021 @ 14:26:26 - Row :1 - Processing item.
10-18-2021 @ 14:26:26 - Found order object. ID:85943
10-18-2021 @ 14:26:27 - Row :1 - Order imported successfully.
10-18-2021 @ 14:26:27 - Row :2 - Parsing item.
10-18-2021 @ 14:26:27 - Row :2 - Processing item.
10-18-2021 @ 14:26:27 - Found order object. ID:85944
10-18-2021 @ 14:26:28 - Row :2 - Order imported successfully.
10-18-2021 @ 14:26:28 - Row :3 - Parsing item.
10-18-2021 @ 14:26:28 - Row :3 - Processing item.
10-18-2021 @ 14:26:28 - Found order object. ID:85945
10-18-2021 @ 14:26:29 - Row :3 - Order imported successfully.
10-18-2021 @ 14:26:29 - Row :4 - Parsing item.
10-18-2021 @ 14:26:29 - Row :4 - Processing item.
10-18-2021 @ 14:26:29 - Found order object. ID:85946
10-18-2021 @ 14:26:30 - Row :4 - Order imported successfully.
10-18-2021 @ 14:26:30 - Row :5 - Parsing item.
10-18-2021 @ 14:26:30 - Row :5 - Processing item.
10-18-2021 @ 14:26:30 - Found order object. ID:85947
10-18-2021 @ 14:26:33 - Row :5 - Order imported successfully.
10-18-2021 @ 14:26:33 - Row :6 - Parsing item.
10-18-2021 @ 14:26:33 - Row :6 - Processing item.
10-18-2021 @ 14:26:33 - Found order object. ID:85948
10-18-2021 @ 14:26:33 - Row :6 - Order imported successfully.
10-18-2021 @ 14:26:33 - Row :7 - Parsing item.
10-18-2021 @ 14:26:33 - Row :7 - Processing item.
10-18-2021 @ 14:26:33 - Found order object. ID:85949
10-18-2021 @ 14:26:35 - Row :7 - Order imported successfully.
10-18-2021 @ 14:26:35 - Row :8 - Parsing item.
10-18-2021 @ 14:26:35 - Row :8 - Processing item.
10-18-2021 @ 14:26:35 - Found order object. ID:85950
10-18-2021 @ 14:26:37 - Row :8 - Order imported successfully.
10-18-2021 @ 14:26:37 - Row :9 - Parsing item.
10-18-2021 @ 14:26:37 - Row :9 - Processing item.
10-18-2021 @ 14:26:37 - Found order object. ID:85951
10-18-2021 @ 14:26:38 - Row :9 - Order imported successfully.
10-18-2021 @ 14:26:38 - Row :10 - Parsing item.
10-18-2021 @ 14:26:38 - Row :10 - Processing item.
10-18-2021 @ 14:26:38 - Found order object. ID:85952
10-18-2021 @ 14:26:39 - Row :10 - Order imported successfully.
10-18-2021 @ 14:26:39 - Row :11 - Parsing item.
10-18-2021 @ 14:26:39 - Row :11 - Processing item.
10-18-2021 @ 14:26:39 - Found order object. ID:85953
10-18-2021 @ 14:26:40 - Row :11 - Order imported successfully.
10-18-2021 @ 14:26:40 - Row :12 - Parsing item.
10-18-2021 @ 14:26:40 - Row :12 - Processing item.
10-18-2021 @ 14:26:40 - Found order object. ID:85954
10-18-2021 @ 14:26:42 - Row :12 - Order imported successfully.
10-18-2021 @ 14:26:42 - Row :13 - Parsing item.
10-18-2021 @ 14:26:42 - Row :13 - Processing item.
10-18-2021 @ 14:26:42 - Found order object. ID:85955
10-18-2021 @ 14:26:43 - Row :13 - Order imported successfully.
10-18-2021 @ 14:26:43 - Row :14 - Parsing item.
10-18-2021 @ 14:26:43 - Row :14 - Processing item.
10-18-2021 @ 14:26:44 - Found order object. ID:85956
10-18-2021 @ 14:26:45 - Row :14 - Order imported successfully.
10-18-2021 @ 14:26:45 - Row :15 - Parsing item.
10-18-2021 @ 14:26:45 - Row :15 - Processing item.
10-18-2021 @ 14:26:45 - Found order object. ID:85957
10-18-2021 @ 14:26:47 - Row :15 - Order imported successfully.
10-18-2021 @ 14:26:47 - Row :16 - Parsing item.
10-18-2021 @ 14:26:47 - Row :16 - Processing item.
10-18-2021 @ 14:26:48 - Found order object. ID:85958
10-18-2021 @ 14:26:49 - Row :16 - Order imported successfully.
10-18-2021 @ 14:26:49 - Row :17 - Parsing item.
10-18-2021 @ 14:26:49 - Row :17 - Processing item.
10-18-2021 @ 14:26:49 - Found order object. ID:85959
10-18-2021 @ 14:26:51 - Row :17 - Order imported successfully.
10-18-2021 @ 14:26:51 - Row :18 - Parsing item.
10-18-2021 @ 14:26:51 - Row :18 - Processing item.
10-18-2021 @ 14:26:51 - Found order object. ID:85960
10-18-2021 @ 14:26:53 - Row :18 - Order imported successfully.
10-18-2021 @ 14:26:53 - Row :19 - Parsing item.
10-18-2021 @ 14:26:53 - Row :19 - Processing item.
10-18-2021 @ 14:26:53 - Found order object. ID:85961
10-18-2021 @ 14:26:55 - Row :19 - Order imported successfully.
10-18-2021 @ 14:26:55 - Row :20 - Parsing item.
10-18-2021 @ 14:26:55 - Row :20 - Processing item.
10-18-2021 @ 14:26:55 - Found order object. ID:85962
10-18-2021 @ 14:26:56 - Row :20 - Order imported successfully.
10-18-2021 @ 14:26:56 - Row :21 - Parsing item.
10-18-2021 @ 14:26:56 - Row :21 - Processing item.
10-18-2021 @ 14:26:56 - Found order object. ID:85963
10-18-2021 @ 14:26:59 - Row :21 - Order imported successfully.
10-18-2021 @ 14:26:59 - Row :22 - Parsing item.
10-18-2021 @ 14:26:59 - Row :22 - Processing item.
10-18-2021 @ 14:26:59 - Found order object. ID:85964
10-18-2021 @ 14:27:00 - Row :22 - Order imported successfully.
10-18-2021 @ 14:27:00 - Row :23 - Parsing item.
10-18-2021 @ 14:27:00 - Row :23 - Processing item.
10-18-2021 @ 14:27:00 - Found order object. ID:85965
10-18-2021 @ 14:27:01 - Row :23 - Order imported successfully.
10-18-2021 @ 14:27:01 - Row :24 - Parsing item.
10-18-2021 @ 14:27:01 - Row :24 - Processing item.
10-18-2021 @ 14:27:01 - Found order object. ID:85966
10-18-2021 @ 14:27:04 - Row :24 - Order imported successfully.
10-18-2021 @ 14:27:04 - Row :25 - Parsing item.
10-18-2021 @ 14:27:04 - Row :25 - Processing item.
10-18-2021 @ 14:27:04 - Found order object. ID:85967
10-18-2021 @ 14:27:05 - Row :25 - Order imported successfully.
10-18-2021 @ 14:27:05 - Row :26 - Parsing item.
10-18-2021 @ 14:27:05 - Row :26 - Processing item.
10-18-2021 @ 14:27:05 - Found order object. ID:85968
10-18-2021 @ 14:27:07 - Row :26 - Order imported successfully.
10-18-2021 @ 14:27:07 - Row :27 - Parsing item.
10-18-2021 @ 14:27:07 - Row :27 - Processing item.
10-18-2021 @ 14:27:07 - Found order object. ID:85969
10-18-2021 @ 14:27:08 - Row :27 - Order imported successfully.
10-18-2021 @ 14:27:08 - Row :28 - Parsing item.
10-18-2021 @ 14:27:08 - Row :28 - Processing item.
10-18-2021 @ 14:27:09 - Found order object. ID:85970
10-18-2021 @ 14:27:11 - Row :28 - Order imported successfully.
10-18-2021 @ 14:27:11 - Row :29 - Parsing item.
10-18-2021 @ 14:27:11 - Row :29 - Processing item.
10-18-2021 @ 14:27:11 - Found order object. ID:85971
10-18-2021 @ 14:27:12 - Row :29 - Order imported successfully.
10-18-2021 @ 14:27:12 - Row :30 - Parsing item.
10-18-2021 @ 14:27:12 - Row :30 - Processing item.
10-18-2021 @ 14:27:12 - Found order object. ID:85972
10-18-2021 @ 14:27:14 - Row :30 - Order imported successfully.
10-18-2021 @ 14:27:14 - Row :31 - Parsing item.
10-18-2021 @ 14:27:14 - Row :31 - Processing item.
10-18-2021 @ 14:27:14 - Found order object. ID:85973
10-18-2021 @ 14:27:16 - Row :31 - Order imported successfully.
10-18-2021 @ 14:27:16 - Row :32 - Parsing item.
10-18-2021 @ 14:27:16 - Row :32 - Processing item.
10-18-2021 @ 14:27:16 - Found order object. ID:85974
10-18-2021 @ 14:27:17 - Row :32 - Order imported successfully.
10-18-2021 @ 14:27:17 - Row :33 - Parsing item.
10-18-2021 @ 14:27:17 - Row :33 - Processing item.
10-18-2021 @ 14:27:17 - Found order object. ID:85975
10-18-2021 @ 14:27:19 - Row :33 - Order imported successfully.
10-18-2021 @ 14:27:19 - Row :34 - Parsing item.
10-18-2021 @ 14:27:19 - Row :34 - Processing item.
10-18-2021 @ 14:27:19 - Found order object. ID:85976
10-18-2021 @ 14:27:21 - Row :34 - Order imported successfully.
10-18-2021 @ 14:27:21 - Row :35 - Parsing item.
10-18-2021 @ 14:27:21 - Row :35 - Processing item.
10-18-2021 @ 14:27:21 - Found order object. ID:85977
10-18-2021 @ 14:27:21 - Row :35 - Order imported successfully.
10-18-2021 @ 14:27:21 - Row :36 - Parsing item.
10-18-2021 @ 14:27:21 - Row :36 - Processing item.
10-18-2021 @ 14:27:21 - Found order object. ID:85978
10-18-2021 @ 14:27:24 - Row :36 - Order imported successfully.
10-18-2021 @ 14:27:24 - Row :37 - Parsing item.
10-18-2021 @ 14:27:24 - Row :37 - Processing item.
10-18-2021 @ 14:27:24 - Found order object. ID:85979
10-18-2021 @ 14:27:25 - Row :37 - Order imported successfully.
10-18-2021 @ 14:27:25 - Row :38 - Parsing item.
10-18-2021 @ 14:27:25 - Row :38 - Processing item.
10-18-2021 @ 14:27:25 - Found order object. ID:85980
10-18-2021 @ 14:27:27 - Row :38 - Order imported successfully.
10-18-2021 @ 14:27:27 - Row :39 - Parsing item.
10-18-2021 @ 14:27:27 - Row :39 - Processing item.
10-18-2021 @ 14:27:27 - Found order object. ID:85981
10-18-2021 @ 14:27:28 - Row :39 - Order imported successfully.
10-18-2021 @ 14:27:28 - Row :40 - Parsing item.
10-18-2021 @ 14:27:29 - Row :40 - Processing item.
10-18-2021 @ 14:27:29 - Found order object. ID:85982
10-18-2021 @ 14:27:30 - Row :40 - Order imported successfully.
10-18-2021 @ 14:27:30 - Row :41 - Parsing item.
10-18-2021 @ 14:27:30 - Row :41 - Processing item.
10-18-2021 @ 14:27:30 - Found order object. ID:85983
10-18-2021 @ 14:27:32 - Row :41 - Order imported successfully.
10-18-2021 @ 14:27:32 - Row :42 - Parsing item.
10-18-2021 @ 14:27:32 - Row :42 - Processing item.
10-18-2021 @ 14:27:32 - Found order object. ID:85984
10-18-2021 @ 14:27:33 - Row :42 - Order imported successfully.
10-18-2021 @ 14:27:33 - Row :43 - Parsing item.
10-18-2021 @ 14:27:33 - Row :43 - Processing item.
10-18-2021 @ 14:27:33 - Found order object. ID:85985
10-18-2021 @ 14:27:35 - Row :43 - Order imported successfully.
10-18-2021 @ 14:27:35 - Row :44 - Parsing item.
10-18-2021 @ 14:27:35 - Row :44 - Processing item.
10-18-2021 @ 14:27:35 - Found order object. ID:85986
10-18-2021 @ 14:27:36 - Row :44 - Order imported successfully.
10-18-2021 @ 14:27:36 - Row :45 - Parsing item.
10-18-2021 @ 14:27:36 - Row :45 - Processing item.
10-18-2021 @ 14:27:36 - Found order object. ID:85987
10-18-2021 @ 14:27:39 - Row :45 - Order imported successfully.
10-18-2021 @ 14:27:39 - Row :46 - Parsing item.
10-18-2021 @ 14:27:39 - Row :46 - Processing item.
10-18-2021 @ 14:27:39 - Found order object. ID:85988
10-18-2021 @ 14:27:40 - Row :46 - Order imported successfully.
10-18-2021 @ 14:27:40 - Row :47 - Parsing item.
10-18-2021 @ 14:27:40 - Row :47 - Processing item.
10-18-2021 @ 14:27:40 - Found order object. ID:85989
10-18-2021 @ 14:27:41 - Row :47 - Order imported successfully.
10-18-2021 @ 14:27:41 - Row :48 - Parsing item.
10-18-2021 @ 14:27:41 - Row :48 - Processing item.
10-18-2021 @ 14:27:41 - Found order object. ID:85990
10-18-2021 @ 14:27:42 - Row :48 - Order imported successfully.
10-18-2021 @ 14:27:42 - Row :49 - Parsing item.
10-18-2021 @ 14:27:42 - Row :49 - Processing item.
10-18-2021 @ 14:27:42 - Found order object. ID:85991
10-18-2021 @ 14:27:42 - Row :49 - Order imported successfully.
10-18-2021 @ 14:27:42 - Row :50 - Parsing item.
10-18-2021 @ 14:27:42 - Row :50 - Processing item.
10-18-2021 @ 14:27:42 - Found order object. ID:85992
10-18-2021 @ 14:27:45 - Row :50 - Order imported successfully.
10-18-2021 @ 14:27:45 - Row :51 - Parsing item.
10-18-2021 @ 14:27:45 - Row :51 - Processing item.
10-18-2021 @ 14:27:45 - Found order object. ID:85993
10-18-2021 @ 14:27:45 - Row :51 - Order imported successfully.
10-18-2021 @ 14:27:45 - Row :52 - Parsing item.
10-18-2021 @ 14:27:46 - Row :52 - Processing item.
10-18-2021 @ 14:27:46 - Found order object. ID:85994
10-18-2021 @ 14:27:47 - Row :52 - Order imported successfully.
10-18-2021 @ 14:27:47 - Row :53 - Parsing item.
10-18-2021 @ 14:27:47 - Row :53 - Processing item.
10-18-2021 @ 14:27:47 - Found order object. ID:85995
10-18-2021 @ 14:27:48 - Row :53 - Order imported successfully.
10-18-2021 @ 14:27:48 - Row :54 - Parsing item.
10-18-2021 @ 14:27:48 - Row :54 - Processing item.
10-18-2021 @ 14:27:48 - Found order object. ID:85996
10-18-2021 @ 14:27:50 - Row :54 - Order imported successfully.
10-18-2021 @ 14:27:50 - Row :55 - Parsing item.
10-18-2021 @ 14:27:50 - Row :55 - Processing item.
10-18-2021 @ 14:27:50 - Found order object. ID:85997
10-18-2021 @ 14:27:53 - Row :55 - Order imported successfully.
10-18-2021 @ 14:27:53 - Row :56 - Parsing item.
10-18-2021 @ 14:27:53 - Row :56 - Processing item.
10-18-2021 @ 14:27:53 - Found order object. ID:85998
10-18-2021 @ 14:27:55 - Row :56 - Order imported successfully.
10-18-2021 @ 14:27:55 - Row :57 - Parsing item.
10-18-2021 @ 14:27:55 - Row :57 - Processing item.
10-18-2021 @ 14:27:55 - Found order object. ID:85999
10-18-2021 @ 14:27:57 - Row :57 - Order imported successfully.
10-18-2021 @ 14:27:57 - Row :58 - Parsing item.
10-18-2021 @ 14:27:57 - Row :58 - Processing item.
10-18-2021 @ 14:27:57 - Found order object. ID:86000
10-18-2021 @ 14:27:59 - Row :58 - Order imported successfully.
10-18-2021 @ 14:27:59 - Row :59 - Parsing item.
10-18-2021 @ 14:27:59 - Row :59 - Processing item.
10-18-2021 @ 14:27:59 - Found order object. ID:86001
10-18-2021 @ 14:28:00 - Row :59 - Order imported successfully.
10-18-2021 @ 14:28:00 - Row :60 - Parsing item.
10-18-2021 @ 14:28:00 - Row :60 - Processing item.
10-18-2021 @ 14:28:00 - Found order object. ID:86002
10-18-2021 @ 14:28:02 - Row :60 - Order imported successfully.
10-18-2021 @ 14:28:02 - Row :61 - Parsing item.
10-18-2021 @ 14:28:02 - Row :61 - Processing item.
10-18-2021 @ 14:28:02 - Found order object. ID:86003
10-18-2021 @ 14:28:04 - Row :61 - Order imported successfully.
10-18-2021 @ 14:28:04 - Row :62 - Parsing item.
10-18-2021 @ 14:28:04 - Row :62 - Processing item.
10-18-2021 @ 14:28:04 - Found order object. ID:86004
10-18-2021 @ 14:28:05 - Row :62 - Order imported successfully.
10-18-2021 @ 14:28:05 - Row :63 - Parsing item.
10-18-2021 @ 14:28:05 - Row :63 - Processing item.
10-18-2021 @ 14:28:05 - Found order object. ID:86005
10-18-2021 @ 14:28:08 - Row :63 - Order imported successfully.
10-18-2021 @ 14:28:08 - Row :64 - Parsing item.
10-18-2021 @ 14:28:08 - Row :64 - Processing item.
10-18-2021 @ 14:28:08 - Found order object. ID:86006
10-18-2021 @ 14:28:09 - Row :64 - Order imported successfully.
10-18-2021 @ 14:28:09 - Row :65 - Parsing item.
10-18-2021 @ 14:28:09 - Row :65 - Processing item.
10-18-2021 @ 14:28:09 - Found order object. ID:86007
10-18-2021 @ 14:28:11 - Row :65 - Order imported successfully.
10-18-2021 @ 14:28:11 - Row :66 - Parsing item.
10-18-2021 @ 14:28:11 - Row :66 - Processing item.
10-18-2021 @ 14:28:11 - Found order object. ID:86008
10-18-2021 @ 14:28:12 - Row :66 - Order imported successfully.
10-18-2021 @ 14:28:12 - Row :67 - Parsing item.
10-18-2021 @ 14:28:12 - Row :67 - Processing item.
10-18-2021 @ 14:28:12 - Found order object. ID:86009
10-18-2021 @ 14:28:13 - Row :67 - Order imported successfully.
10-18-2021 @ 14:28:13 - Row :68 - Parsing item.
10-18-2021 @ 14:28:13 - Row :68 - Processing item.
10-18-2021 @ 14:28:13 - Found order object. ID:86010
10-18-2021 @ 14:28:14 - Row :68 - Order imported successfully.
10-18-2021 @ 14:28:14 - Row :69 - Parsing item.
10-18-2021 @ 14:28:14 - Row :69 - Processing item.
10-18-2021 @ 14:28:15 - Found order object. ID:86011
10-18-2021 @ 14:28:16 - Row :69 - Order imported successfully.
10-18-2021 @ 14:28:16 - Row :70 - Parsing item.
10-18-2021 @ 14:28:16 - Row :70 - Processing item.
10-18-2021 @ 14:28:16 - Found order object. ID:86012
10-18-2021 @ 14:28:17 - Row :70 - Order imported successfully.
10-18-2021 @ 14:28:17 - Row :71 - Parsing item.
10-18-2021 @ 14:28:17 - Row :71 - Processing item.
10-18-2021 @ 14:28:17 - Found order object. ID:86013
10-18-2021 @ 14:28:18 - Row :71 - Order imported successfully.
10-18-2021 @ 14:28:18 - Row :72 - Parsing item.
10-18-2021 @ 14:28:18 - Row :72 - Processing item.
10-18-2021 @ 14:28:18 - Found order object. ID:86014
10-18-2021 @ 14:28:20 - Row :72 - Order imported successfully.
10-18-2021 @ 14:28:20 - Row :73 - Parsing item.
10-18-2021 @ 14:28:20 - Row :73 - Processing item.
10-18-2021 @ 14:28:20 - Found order object. ID:86015
10-18-2021 @ 14:28:21 - Row :73 - Order imported successfully.
10-18-2021 @ 14:28:21 - Row :74 - Parsing item.
10-18-2021 @ 14:28:21 - Row :74 - Processing item.
10-18-2021 @ 14:28:22 - Found order object. ID:86016
10-18-2021 @ 14:28:23 - Row :74 - Order imported successfully.
10-18-2021 @ 14:28:23 - Row :75 - Parsing item.
10-18-2021 @ 14:28:23 - Row :75 - Processing item.
10-18-2021 @ 14:28:23 - Found order object. ID:86017
10-18-2021 @ 14:28:25 - Row :75 - Order imported successfully.
10-18-2021 @ 14:28:25 - Row :76 - Parsing item.
10-18-2021 @ 14:28:25 - Row :76 - Processing item.
10-18-2021 @ 14:28:25 - Found order object. ID:86018
10-18-2021 @ 14:28:28 - Row :76 - Order imported successfully.
10-18-2021 @ 14:28:28 - Row :77 - Parsing item.
10-18-2021 @ 14:28:28 - Row :77 - Processing item.
10-18-2021 @ 14:28:28 - Found order object. ID:86019
10-18-2021 @ 14:28:29 - Row :77 - Order imported successfully.
10-18-2021 @ 14:28:29 - Row :78 - Parsing item.
10-18-2021 @ 14:28:29 - Row :78 - Processing item.
10-18-2021 @ 14:28:29 - Found order object. ID:86020
10-18-2021 @ 14:28:31 - Row :78 - Order imported successfully.
10-18-2021 @ 14:28:31 - Row :79 - Parsing item.
10-18-2021 @ 14:28:31 - Row :79 - Processing item.
10-18-2021 @ 14:28:31 - Found order object. ID:86021
10-18-2021 @ 14:28:32 - Row :79 - Order imported successfully.
10-18-2021 @ 14:28:32 - Row :80 - Parsing item.
10-18-2021 @ 14:28:32 - Row :80 - Processing item.
10-18-2021 @ 14:28:33 - Found order object. ID:86022
10-18-2021 @ 14:28:33 - Row :80 - Order imported successfully.
10-18-2021 @ 14:28:33 - Row :81 - Parsing item.
10-18-2021 @ 14:28:33 - Row :81 - Processing item.
10-18-2021 @ 14:28:33 - Found order object. ID:86023
10-18-2021 @ 14:28:35 - Row :81 - Order imported successfully.
10-18-2021 @ 14:28:35 - Row :82 - Parsing item.
10-18-2021 @ 14:28:35 - Row :82 - Processing item.
10-18-2021 @ 14:28:35 - Found order object. ID:86024
10-18-2021 @ 14:28:36 - Row :82 - Order imported successfully.
10-18-2021 @ 14:28:36 - Row :83 - Parsing item.
10-18-2021 @ 14:28:36 - Row :83 - Processing item.
10-18-2021 @ 14:28:37 - Found order object. ID:86025
10-18-2021 @ 14:28:38 - Row :83 - Order imported successfully.
10-18-2021 @ 14:28:38 - Row :84 - Parsing item.
10-18-2021 @ 14:28:38 - Row :84 - Processing item.
10-18-2021 @ 14:28:38 - Found order object. ID:86026
10-18-2021 @ 14:28:39 - Row :84 - Order imported successfully.
10-18-2021 @ 14:28:40 - Row :85 - Parsing item.
10-18-2021 @ 14:28:40 - Row :85 - Processing item.
10-18-2021 @ 14:28:40 - Found order object. ID:86027
10-18-2021 @ 14:28:42 - Row :85 - Order imported successfully.
10-18-2021 @ 14:28:42 - Row :86 - Parsing item.
10-18-2021 @ 14:28:42 - Row :86 - Processing item.
10-18-2021 @ 14:28:42 - Found order object. ID:86028
10-18-2021 @ 14:28:44 - Row :86 - Order imported successfully.
10-18-2021 @ 14:28:44 - Row :87 - Parsing item.
10-18-2021 @ 14:28:44 - Row :87 - Processing item.
10-18-2021 @ 14:28:44 - Found order object. ID:86029
10-18-2021 @ 14:28:46 - Row :87 - Order imported successfully.
10-18-2021 @ 14:28:46 - Row :88 - Parsing item.
10-18-2021 @ 14:28:46 - Row :88 - Processing item.
10-18-2021 @ 14:28:46 - Found order object. ID:86030
10-18-2021 @ 14:28:47 - Row :88 - Order imported successfully.
10-18-2021 @ 14:28:47 - Row :89 - Parsing item.
10-18-2021 @ 14:28:47 - Row :89 - Processing item.
10-18-2021 @ 14:28:47 - Found order object. ID:86031
10-18-2021 @ 14:28:48 - Row :89 - Order imported successfully.
10-18-2021 @ 14:28:48 - Row :90 - Parsing item.
10-18-2021 @ 14:28:48 - Row :90 - Processing item.
10-18-2021 @ 14:28:48 - Found order object. ID:86032
10-18-2021 @ 14:28:50 - Row :90 - Order imported successfully.
10-18-2021 @ 14:28:50 - Row :91 - Parsing item.
10-18-2021 @ 14:28:50 - Row :91 - Processing item.
10-18-2021 @ 14:28:50 - Found order object. ID:86033
10-18-2021 @ 14:28:51 - Row :91 - Order imported successfully.
10-18-2021 @ 14:28:51 - Row :92 - Parsing item.
10-18-2021 @ 14:28:51 - Row :92 - Processing item.
10-18-2021 @ 14:28:51 - Found order object. ID:86034
10-18-2021 @ 14:28:53 - Row :92 - Order imported successfully.
10-18-2021 @ 14:28:53 - Row :93 - Parsing item.
10-18-2021 @ 14:28:53 - Row :93 - Processing item.
10-18-2021 @ 14:28:53 - Found order object. ID:86035
10-18-2021 @ 14:28:54 - Row :93 - Order imported successfully.
10-18-2021 @ 14:28:54 - Row :94 - Parsing item.
10-18-2021 @ 14:28:54 - Row :94 - Processing item.
10-18-2021 @ 14:28:54 - Found order object. ID:86036
10-18-2021 @ 14:28:57 - Row :94 - Order imported successfully.
10-18-2021 @ 14:28:57 - Row :95 - Parsing item.
10-18-2021 @ 14:28:57 - Row :95 - Processing item.
10-18-2021 @ 14:28:57 - Found order object. ID:86037
10-18-2021 @ 14:28:57 - Row :95 - Order imported successfully.
10-18-2021 @ 14:28:57 - Row :96 - Parsing item.
10-18-2021 @ 14:28:57 - Row :96 - Processing item.
10-18-2021 @ 14:28:57 - Found order object. ID:86038
10-18-2021 @ 14:28:58 - Row :96 - Order imported successfully.
10-18-2021 @ 14:28:58 - Row :97 - Parsing item.
10-18-2021 @ 14:28:58 - Row :97 - Processing item.
10-18-2021 @ 14:28:59 - Found order object. ID:86039
10-18-2021 @ 14:29:00 - Row :97 - Order imported successfully.
10-18-2021 @ 14:29:00 - Row :98 - Parsing item.
10-18-2021 @ 14:29:00 - Row :98 - Processing item.
10-18-2021 @ 14:29:00 - Found order object. ID:86040
10-18-2021 @ 14:29:01 - Row :98 - Order imported successfully.
10-18-2021 @ 14:29:01 - Row :99 - Parsing item.
10-18-2021 @ 14:29:01 - Row :99 - Processing item.
10-18-2021 @ 14:29:02 - Found order object. ID:86041
10-18-2021 @ 14:29:03 - Row :99 - Order imported successfully.
10-18-2021 @ 14:29:03 - Row :100 - Parsing item.
10-18-2021 @ 14:29:03 - Row :100 - Processing item.
10-18-2021 @ 14:29:03 - Found order object. ID:86042
10-18-2021 @ 14:29:05 - Row :100 - Order imported successfully.
10-18-2021 @ 14:29:05 - Row :101 - Parsing item.
10-18-2021 @ 14:29:05 - Row :101 - Processing item.
10-18-2021 @ 14:29:05 - Found order object. ID:86043
10-18-2021 @ 14:29:06 - Row :101 - Order imported successfully.
10-18-2021 @ 14:29:06 - Row :102 - Parsing item.
10-18-2021 @ 14:29:06 - Row :102 - Processing item.
10-18-2021 @ 14:29:06 - Found order object. ID:86044
10-18-2021 @ 14:29:08 - Row :102 - Order imported successfully.
10-18-2021 @ 14:29:08 - Row :103 - Parsing item.
10-18-2021 @ 14:29:08 - Row :103 - Processing item.
10-18-2021 @ 14:29:08 - Found order object. ID:86045
10-18-2021 @ 14:29:10 - Row :103 - Order imported successfully.
10-18-2021 @ 14:29:10 - Row :104 - Parsing item.
10-18-2021 @ 14:29:10 - Row :104 - Processing item.
10-18-2021 @ 14:29:10 - Found order object. ID:86046
10-18-2021 @ 14:29:11 - Row :104 - Order imported successfully.
10-18-2021 @ 14:29:11 - Row :105 - Parsing item.
10-18-2021 @ 14:29:11 - Row :105 - Processing item.
10-18-2021 @ 14:29:11 - Found order object. ID:86047
10-18-2021 @ 14:29:13 - Row :105 - Order imported successfully.
10-18-2021 @ 14:29:13 - Row :106 - Parsing item.
10-18-2021 @ 14:29:13 - Row :106 - Processing item.
10-18-2021 @ 14:29:13 - Found order object. ID:86048
10-18-2021 @ 14:29:14 - Row :106 - Order imported successfully.
10-18-2021 @ 14:29:14 - Row :107 - Parsing item.
10-18-2021 @ 14:29:14 - Row :107 - Processing item.
10-18-2021 @ 14:29:14 - Found order object. ID:86049
10-18-2021 @ 14:29:16 - Row :107 - Order imported successfully.
10-18-2021 @ 14:29:16 - Row :108 - Parsing item.
10-18-2021 @ 14:29:16 - Row :108 - Processing item.
10-18-2021 @ 14:29:16 - Found order object. ID:86050
10-18-2021 @ 14:29:17 - Row :108 - Order imported successfully.
10-18-2021 @ 14:29:17 - Row :109 - Parsing item.
10-18-2021 @ 14:29:17 - Row :109 - Processing item.
10-18-2021 @ 14:29:17 - Found order object. ID:86051
10-18-2021 @ 14:29:18 - Row :109 - Order imported successfully.
10-18-2021 @ 14:29:18 - Row :110 - Parsing item.
10-18-2021 @ 14:29:18 - Row :110 - Processing item.
10-18-2021 @ 14:29:18 - Found order object. ID:86052
10-18-2021 @ 14:29:19 - Row :110 - Order imported successfully.
10-18-2021 @ 14:29:19 - Row :111 - Parsing item.
10-18-2021 @ 14:29:19 - Row :111 - Processing item.
10-18-2021 @ 14:29:19 - Found order object. ID:86053
10-18-2021 @ 14:29:21 - Row :111 - Order imported successfully.
10-18-2021 @ 14:29:21 - Row :112 - Parsing item.
10-18-2021 @ 14:29:21 - Row :112 - Processing item.
10-18-2021 @ 14:29:21 - Found order object. ID:86054
10-18-2021 @ 14:29:21 - Row :112 - Order imported successfully.
10-18-2021 @ 14:29:21 - Row :113 - Parsing item.
10-18-2021 @ 14:29:21 - Row :113 - Processing item.
10-18-2021 @ 14:29:21 - Found order object. ID:86055
10-18-2021 @ 14:29:23 - Row :113 - Order imported successfully.
10-18-2021 @ 14:29:23 - Row :114 - Parsing item.
10-18-2021 @ 14:29:24 - Row :114 - Processing item.
10-18-2021 @ 14:29:24 - Found order object. ID:86056
10-18-2021 @ 14:29:26 - Row :114 - Order imported successfully.
10-18-2021 @ 14:29:26 - Row :115 - Parsing item.
10-18-2021 @ 14:29:26 - Row :115 - Processing item.
10-18-2021 @ 14:29:26 - Found order object. ID:86057
10-18-2021 @ 14:29:28 - Row :115 - Order imported successfully.
10-18-2021 @ 14:29:28 - Row :116 - Parsing item.
10-18-2021 @ 14:29:28 - Row :116 - Processing item.
10-18-2021 @ 14:29:28 - Found order object. ID:86058
10-18-2021 @ 14:29:29 - Row :116 - Order imported successfully.
10-18-2021 @ 14:29:29 - Row :117 - Parsing item.
10-18-2021 @ 14:29:29 - Row :117 - Processing item.
10-18-2021 @ 14:29:29 - Found order object. ID:86059
10-18-2021 @ 14:29:31 - Row :117 - Order imported successfully.
10-18-2021 @ 14:29:31 - Row :118 - Parsing item.
10-18-2021 @ 14:29:31 - Row :118 - Processing item.
10-18-2021 @ 14:29:31 - Found order object. ID:86060
10-18-2021 @ 14:29:33 - Row :118 - Order imported successfully.
10-18-2021 @ 14:29:33 - Row :119 - Parsing item.
10-18-2021 @ 14:29:33 - Row :119 - Processing item.
10-18-2021 @ 14:29:33 - Found order object. ID:86061
10-18-2021 @ 14:29:34 - Row :119 - Order imported successfully.
10-18-2021 @ 14:29:34 - Row :120 - Parsing item.
10-18-2021 @ 14:29:34 - Row :120 - Processing item.
10-18-2021 @ 14:29:34 - Found order object. ID:86062
10-18-2021 @ 14:29:35 - Row :120 - Order imported successfully.
10-18-2021 @ 14:29:35 - Row :121 - Parsing item.
10-18-2021 @ 14:29:35 - Row :121 - Processing item.
10-18-2021 @ 14:29:36 - Found order object. ID:86063
10-18-2021 @ 14:29:38 - Row :121 - Order imported successfully.
10-18-2021 @ 14:29:38 - Row :122 - Parsing item.
10-18-2021 @ 14:29:38 - Row :122 - Processing item.
10-18-2021 @ 14:29:38 - Found order object. ID:86064
10-18-2021 @ 14:29:39 - Row :122 - Order imported successfully.
10-18-2021 @ 14:29:39 - Row :123 - Parsing item.
10-18-2021 @ 14:29:39 - Row :123 - Processing item.
10-18-2021 @ 14:29:39 - Found order object. ID:86065
10-18-2021 @ 14:29:41 - Row :123 - Order imported successfully.
10-18-2021 @ 14:29:41 - Row :124 - Parsing item.
10-18-2021 @ 14:29:41 - Row :124 - Processing item.
10-18-2021 @ 14:29:41 - Found order object. ID:86066
10-18-2021 @ 14:29:41 - Row :124 - Order imported successfully.
10-18-2021 @ 14:29:41 - Row :125 - Parsing item.
10-18-2021 @ 14:29:41 - Row :125 - Processing item.
10-18-2021 @ 14:29:42 - Found order object. ID:86067
10-18-2021 @ 14:29:44 - Row :125 - Order imported successfully.
10-18-2021 @ 14:29:44 - Row :126 - Parsing item.
10-18-2021 @ 14:29:44 - Row :126 - Processing item.
10-18-2021 @ 14:29:44 - Found order object. ID:86068
10-18-2021 @ 14:29:45 - Row :126 - Order imported successfully.
10-18-2021 @ 14:29:45 - Row :127 - Parsing item.
10-18-2021 @ 14:29:45 - Row :127 - Processing item.
10-18-2021 @ 14:29:45 - Found order object. ID:86069
10-18-2021 @ 14:29:47 - Row :127 - Order imported successfully.
10-18-2021 @ 14:29:47 - Row :128 - Parsing item.
10-18-2021 @ 14:29:47 - Row :128 - Processing item.
10-18-2021 @ 14:29:47 - Found order object. ID:86070
10-18-2021 @ 14:29:49 - Row :128 - Order imported successfully.
10-18-2021 @ 14:29:49 - Row :129 - Parsing item.
10-18-2021 @ 14:29:49 - Row :129 - Processing item.
10-18-2021 @ 14:29:49 - Found order object. ID:86071
10-18-2021 @ 14:29:50 - Row :129 - Order imported successfully.
10-18-2021 @ 14:29:50 - Row :130 - Parsing item.
10-18-2021 @ 14:29:50 - Row :130 - Processing item.
10-18-2021 @ 14:29:50 - Found order object. ID:86072
10-18-2021 @ 14:29:51 - Row :130 - Order imported successfully.
10-18-2021 @ 14:29:51 - Row :131 - Parsing item.
10-18-2021 @ 14:29:51 - Row :131 - Processing item.
10-18-2021 @ 14:29:51 - Found order object. ID:86073
10-18-2021 @ 14:29:53 - Row :131 - Order imported successfully.
10-18-2021 @ 14:29:53 - Row :132 - Parsing item.
10-18-2021 @ 14:29:53 - Row :132 - Processing item.
10-18-2021 @ 14:29:53 - Found order object. ID:86074
10-18-2021 @ 14:29:55 - Row :132 - Order imported successfully.
10-18-2021 @ 14:29:55 - Row :133 - Parsing item.
10-18-2021 @ 14:29:55 - Row :133 - Processing item.
10-18-2021 @ 14:29:55 - Found order object. ID:86075
10-18-2021 @ 14:29:56 - Row :133 - Order imported successfully.
10-18-2021 @ 14:29:57 - Row :134 - Parsing item.
10-18-2021 @ 14:29:57 - Row :134 - Processing item.
10-18-2021 @ 14:29:57 - Found order object. ID:86076
10-18-2021 @ 14:29:58 - Row :134 - Order imported successfully.
10-18-2021 @ 14:29:58 - Row :135 - Parsing item.
10-18-2021 @ 14:29:58 - Row :135 - Processing item.
10-18-2021 @ 14:29:58 - Found order object. ID:86077
10-18-2021 @ 14:29:59 - Row :135 - Order imported successfully.
10-18-2021 @ 14:29:59 - Row :136 - Parsing item.
10-18-2021 @ 14:29:59 - Row :136 - Processing item.
10-18-2021 @ 14:29:59 - Found order object. ID:86078
10-18-2021 @ 14:30:01 - Row :136 - Order imported successfully.
10-18-2021 @ 14:30:01 - Row :137 - Parsing item.
10-18-2021 @ 14:30:01 - Row :137 - Processing item.
10-18-2021 @ 14:30:01 - Found order object. ID:86079
10-18-2021 @ 14:30:02 - Row :137 - Order imported successfully.
10-18-2021 @ 14:30:02 - Row :138 - Parsing item.
10-18-2021 @ 14:30:02 - Row :138 - Processing item.
10-18-2021 @ 14:30:02 - Found order object. ID:86080
10-18-2021 @ 14:30:04 - Row :138 - Order imported successfully.
10-18-2021 @ 14:30:04 - Row :139 - Parsing item.
10-18-2021 @ 14:30:04 - Row :139 - Processing item.
10-18-2021 @ 14:30:04 - Found order object. ID:86081
10-18-2021 @ 14:30:06 - Row :139 - Order imported successfully.
10-18-2021 @ 14:30:06 - Row :140 - Parsing item.
10-18-2021 @ 14:30:06 - Row :140 - Processing item.
10-18-2021 @ 14:30:06 - Found order object. ID:86082
10-18-2021 @ 14:30:09 - Row :140 - Order imported successfully.
10-18-2021 @ 14:30:09 - Row :141 - Parsing item.
10-18-2021 @ 14:30:09 - Row :141 - Processing item.
10-18-2021 @ 14:30:09 - Found order object. ID:86083
10-18-2021 @ 14:30:09 - Row :141 - Order imported successfully.
10-18-2021 @ 14:30:09 - Row :142 - Parsing item.
10-18-2021 @ 14:30:09 - Row :142 - Processing item.
10-18-2021 @ 14:30:09 - Found order object. ID:86084
10-18-2021 @ 14:30:11 - Row :142 - Order imported successfully.
10-18-2021 @ 14:30:11 - Row :143 - Parsing item.
10-18-2021 @ 14:30:11 - Row :143 - Processing item.
10-18-2021 @ 14:30:11 - Found order object. ID:86085
10-18-2021 @ 14:30:11 - Row :143 - Order imported successfully.
10-18-2021 @ 14:30:11 - Row :144 - Parsing item.
10-18-2021 @ 14:30:11 - Row :144 - Processing item.
10-18-2021 @ 14:30:11 - Found order object. ID:86086
10-18-2021 @ 14:30:13 - Row :144 - Order imported successfully.
10-18-2021 @ 14:30:13 - Row :145 - Parsing item.
10-18-2021 @ 14:30:13 - Row :145 - Processing item.
10-18-2021 @ 14:30:13 - Found order object. ID:86087
10-18-2021 @ 14:30:14 - Row :145 - Order imported successfully.
10-18-2021 @ 14:30:14 - Row :146 - Parsing item.
10-18-2021 @ 14:30:14 - Row :146 - Processing item.
10-18-2021 @ 14:30:14 - Found order object. ID:86088
10-18-2021 @ 14:30:16 - Row :146 - Order imported successfully.
10-18-2021 @ 14:30:16 - Row :147 - Parsing item.
10-18-2021 @ 14:30:16 - Row :147 - Processing item.
10-18-2021 @ 14:30:16 - Found order object. ID:86089
10-18-2021 @ 14:30:17 - Row :147 - Order imported successfully.
10-18-2021 @ 14:30:17 - Row :148 - Parsing item.
10-18-2021 @ 14:30:17 - Row :148 - Processing item.
10-18-2021 @ 14:30:17 - Found order object. ID:86090
10-18-2021 @ 14:30:20 - Row :148 - Order imported successfully.
10-18-2021 @ 14:30:20 - Row :149 - Parsing item.
10-18-2021 @ 14:30:20 - Row :149 - Processing item.
10-18-2021 @ 14:30:20 - Found order object. ID:86091
10-18-2021 @ 14:30:20 - Row :149 - Order imported successfully.
10-18-2021 @ 14:30:20 - Row :150 - Parsing item.
10-18-2021 @ 14:30:20 - Row :150 - Processing item.
10-18-2021 @ 14:30:20 - Found order object. ID:86092
10-18-2021 @ 14:30:22 - Row :150 - Order imported successfully.
10-18-2021 @ 14:30:22 - Row :151 - Parsing item.
10-18-2021 @ 14:30:22 - Row :151 - Processing item.
10-18-2021 @ 14:30:22 - Found order object. ID:86093
10-18-2021 @ 14:30:24 - Row :151 - Order imported successfully.
10-18-2021 @ 14:30:24 - Row :152 - Parsing item.
10-18-2021 @ 14:30:24 - Row :152 - Processing item.
10-18-2021 @ 14:30:24 - Found order object. ID:86094
10-18-2021 @ 14:30:25 - Row :152 - Order imported successfully.
10-18-2021 @ 14:30:25 - Row :153 - Parsing item.
10-18-2021 @ 14:30:25 - Row :153 - Processing item.
10-18-2021 @ 14:30:26 - Found order object. ID:86095
10-18-2021 @ 14:30:26 - Row :153 - Order imported successfully.
10-18-2021 @ 14:30:26 - Row :154 - Parsing item.
10-18-2021 @ 14:30:26 - Row :154 - Processing item.
10-18-2021 @ 14:30:26 - Found order object. ID:86096
10-18-2021 @ 14:30:28 - Row :154 - Order imported successfully.
10-18-2021 @ 14:30:28 - Row :155 - Parsing item.
10-18-2021 @ 14:30:28 - Row :155 - Processing item.
10-18-2021 @ 14:30:28 - Found order object. ID:86097
10-18-2021 @ 14:30:29 - Row :155 - Order imported successfully.
10-18-2021 @ 14:30:29 - Row :156 - Parsing item.
10-18-2021 @ 14:30:29 - Row :156 - Processing item.
10-18-2021 @ 14:30:29 - Found order object. ID:86098
10-18-2021 @ 14:30:31 - Row :156 - Order imported successfully.
10-18-2021 @ 14:30:31 - Row :157 - Parsing item.
10-18-2021 @ 14:30:31 - Row :157 - Processing item.
10-18-2021 @ 14:30:31 - Found order object. ID:86099
10-18-2021 @ 14:30:32 - Row :157 - Order imported successfully.
10-18-2021 @ 14:30:32 - Row :158 - Parsing item.
10-18-2021 @ 14:30:32 - Row :158 - Processing item.
10-18-2021 @ 14:30:32 - Found order object. ID:86100
10-18-2021 @ 14:30:33 - Row :158 - Order imported successfully.
10-18-2021 @ 14:30:34 - Row :159 - Parsing item.
10-18-2021 @ 14:30:34 - Row :159 - Processing item.
10-18-2021 @ 14:30:34 - Found order object. ID:86101
10-18-2021 @ 14:30:36 - Row :159 - Order imported successfully.
10-18-2021 @ 14:30:36 - Row :160 - Parsing item.
10-18-2021 @ 14:30:36 - Row :160 - Processing item.
10-18-2021 @ 14:30:36 - Found order object. ID:86102
10-18-2021 @ 14:30:37 - Row :160 - Order imported successfully.
10-18-2021 @ 14:30:37 - Row :161 - Parsing item.
10-18-2021 @ 14:30:37 - Row :161 - Processing item.
10-18-2021 @ 14:30:37 - Found order object. ID:86103
10-18-2021 @ 14:30:38 - Row :161 - Order imported successfully.
10-18-2021 @ 14:30:38 - Row :162 - Parsing item.
10-18-2021 @ 14:30:38 - Row :162 - Processing item.
10-18-2021 @ 14:30:38 - Found order object. ID:86104
10-18-2021 @ 14:30:39 - Row :162 - Order imported successfully.
10-18-2021 @ 14:30:39 - Row :163 - Parsing item.
10-18-2021 @ 14:30:39 - Row :163 - Processing item.
10-18-2021 @ 14:30:39 - Found order object. ID:86105
10-18-2021 @ 14:30:41 - Row :163 - Order imported successfully.
10-18-2021 @ 14:30:41 - Row :164 - Parsing item.
10-18-2021 @ 14:30:41 - Row :164 - Processing item.
10-18-2021 @ 14:30:41 - Found order object. ID:86106
10-18-2021 @ 14:30:44 - Row :164 - Order imported successfully.
10-18-2021 @ 14:30:44 - Row :165 - Parsing item.
10-18-2021 @ 14:30:44 - Row :165 - Processing item.
10-18-2021 @ 14:30:44 - Found order object. ID:86107
10-18-2021 @ 14:30:44 - Row :165 - Order imported successfully.
10-18-2021 @ 14:30:44 - Row :166 - Parsing item.
10-18-2021 @ 14:30:44 - Row :166 - Processing item.
10-18-2021 @ 14:30:44 - Found order object. ID:86108
10-18-2021 @ 14:30:46 - Row :166 - Order imported successfully.
10-18-2021 @ 14:30:46 - Row :167 - Parsing item.
10-18-2021 @ 14:30:46 - Row :167 - Processing item.
10-18-2021 @ 14:30:46 - Found order object. ID:86109
10-18-2021 @ 14:30:46 - Row :167 - Order imported successfully.
10-18-2021 @ 14:30:46 - Row :168 - Parsing item.
10-18-2021 @ 14:30:46 - Row :168 - Processing item.
10-18-2021 @ 14:30:46 - Found order object. ID:86110
10-18-2021 @ 14:30:47 - Row :168 - Order imported successfully.
10-18-2021 @ 14:30:47 - Row :169 - Parsing item.
10-18-2021 @ 14:30:47 - Row :169 - Processing item.
10-18-2021 @ 14:30:47 - Found order object. ID:86111
10-18-2021 @ 14:30:50 - Row :169 - Order imported successfully.
10-18-2021 @ 14:30:50 - Row :170 - Parsing item.
10-18-2021 @ 14:30:50 - Row :170 - Processing item.
10-18-2021 @ 14:30:50 - Found order object. ID:86112
10-18-2021 @ 14:30:51 - Row :170 - Order imported successfully.
10-18-2021 @ 14:30:51 - Row :171 - Parsing item.
10-18-2021 @ 14:30:51 - Row :171 - Processing item.
10-18-2021 @ 14:30:51 - Found order object. ID:86113
10-18-2021 @ 14:30:53 - Row :171 - Order imported successfully.
10-18-2021 @ 14:30:53 - Row :172 - Parsing item.
10-18-2021 @ 14:30:53 - Row :172 - Processing item.
10-18-2021 @ 14:30:53 - Found order object. ID:86114
10-18-2021 @ 14:30:54 - Row :172 - Order imported successfully.
10-18-2021 @ 14:30:54 - Row :173 - Parsing item.
10-18-2021 @ 14:30:54 - Row :173 - Processing item.
10-18-2021 @ 14:30:54 - Found order object. ID:86115
10-18-2021 @ 14:30:56 - Row :173 - Order imported successfully.
10-18-2021 @ 14:30:56 - Row :174 - Parsing item.
10-18-2021 @ 14:30:56 - Row :174 - Processing item.
10-18-2021 @ 14:30:56 - Found order object. ID:86116
10-18-2021 @ 14:30:57 - Row :174 - Order imported successfully.
10-18-2021 @ 14:30:57 - Row :175 - Parsing item.
10-18-2021 @ 14:30:57 - Row :175 - Processing item.
10-18-2021 @ 14:30:57 - Found order object. ID:86117
10-18-2021 @ 14:30:59 - Row :175 - Order imported successfully.
10-18-2021 @ 14:30:59 - Row :176 - Parsing item.
10-18-2021 @ 14:30:59 - Row :176 - Processing item.
10-18-2021 @ 14:30:59 - Found order object. ID:86118
10-18-2021 @ 14:31:01 - Row :176 - Order imported successfully.
10-18-2021 @ 14:31:01 - Row :177 - Parsing item.
10-18-2021 @ 14:31:01 - Row :177 - Processing item.
10-18-2021 @ 14:31:01 - Found order object. ID:86119
10-18-2021 @ 14:31:02 - Row :177 - Order imported successfully.
10-18-2021 @ 14:31:02 - Row :178 - Parsing item.
10-18-2021 @ 14:31:02 - Row :178 - Processing item.
10-18-2021 @ 14:31:02 - Found order object. ID:86120
10-18-2021 @ 14:31:04 - Row :178 - Order imported successfully.
10-18-2021 @ 14:31:04 - Row :179 - Parsing item.
10-18-2021 @ 14:31:04 - Row :179 - Processing item.
10-18-2021 @ 14:31:04 - Found order object. ID:86121
10-18-2021 @ 14:31:06 - Row :179 - Order imported successfully.
10-18-2021 @ 14:31:06 - Row :180 - Parsing item.
10-18-2021 @ 14:31:06 - Row :180 - Processing item.
10-18-2021 @ 14:31:06 - Found order object. ID:86122
10-18-2021 @ 14:31:07 - Row :180 - Order imported successfully.
10-18-2021 @ 14:31:07 - Row :181 - Parsing item.
10-18-2021 @ 14:31:07 - Row :181 - Processing item.
10-18-2021 @ 14:31:07 - Found order object. ID:86123
10-18-2021 @ 14:31:09 - Row :181 - Order imported successfully.
10-18-2021 @ 14:31:09 - Row :182 - Parsing item.
10-18-2021 @ 14:31:09 - Row :182 - Processing item.
10-18-2021 @ 14:31:09 - Found order object. ID:86124
10-18-2021 @ 14:31:10 - Row :182 - Order imported successfully.
10-18-2021 @ 14:31:10 - Row :183 - Parsing item.
10-18-2021 @ 14:31:11 - Row :183 - Processing item.
10-18-2021 @ 14:31:11 - Found order object. ID:86125
10-18-2021 @ 14:31:12 - Row :183 - Order imported successfully.
10-18-2021 @ 14:31:12 - Row :184 - Parsing item.
10-18-2021 @ 14:31:12 - Row :184 - Processing item.
10-18-2021 @ 14:31:12 - Found order object. ID:86126
10-18-2021 @ 14:31:14 - Row :184 - Order imported successfully.
10-18-2021 @ 14:31:14 - Row :185 - Parsing item.
10-18-2021 @ 14:31:14 - Row :185 - Processing item.
10-18-2021 @ 14:31:14 - Found order object. ID:86127
10-18-2021 @ 14:31:15 - Row :185 - Order imported successfully.
10-18-2021 @ 14:31:15 - Row :186 - Parsing item.
10-18-2021 @ 14:31:15 - Row :186 - Processing item.
10-18-2021 @ 14:31:15 - Found order object. ID:86128
10-18-2021 @ 14:31:16 - Row :186 - Order imported successfully.
10-18-2021 @ 14:31:16 - Row :187 - Parsing item.
10-18-2021 @ 14:31:16 - Row :187 - Processing item.
10-18-2021 @ 14:31:17 - Found order object. ID:86129
10-18-2021 @ 14:31:18 - Row :187 - Order imported successfully.
10-18-2021 @ 14:31:18 - Row :188 - Parsing item.
10-18-2021 @ 14:31:18 - Row :188 - Processing item.
10-18-2021 @ 14:31:18 - Found order object. ID:86130
10-18-2021 @ 14:31:19 - Row :188 - Order imported successfully.
10-18-2021 @ 14:31:19 - Row :189 - Parsing item.
10-18-2021 @ 14:31:19 - Row :189 - Processing item.
10-18-2021 @ 14:31:20 - Found order object. ID:86131
10-18-2021 @ 14:31:20 - Row :189 - Order imported successfully.
10-18-2021 @ 14:31:20 - Row :190 - Parsing item.
10-18-2021 @ 14:31:20 - Row :190 - Processing item.
10-18-2021 @ 14:31:20 - Found order object. ID:86132
10-18-2021 @ 14:31:22 - Row :190 - Order imported successfully.
10-18-2021 @ 14:31:22 - Row :191 - Parsing item.
10-18-2021 @ 14:31:22 - Row :191 - Processing item.
10-18-2021 @ 14:31:23 - Found order object. ID:86133
10-18-2021 @ 14:31:24 - Row :191 - Order imported successfully.
10-18-2021 @ 14:31:24 - Row :192 - Parsing item.
10-18-2021 @ 14:31:24 - Row :192 - Processing item.
10-18-2021 @ 14:31:24 - Found order object. ID:86134
10-18-2021 @ 14:31:25 - Row :192 - Order imported successfully.
10-18-2021 @ 14:31:25 - Row :193 - Parsing item.
10-18-2021 @ 14:31:25 - Row :193 - Processing item.
10-18-2021 @ 14:31:26 - Found order object. ID:86135
10-18-2021 @ 14:31:27 - Row :193 - Order imported successfully.
10-18-2021 @ 14:31:27 - Row :194 - Parsing item.
10-18-2021 @ 14:31:27 - Row :194 - Processing item.
10-18-2021 @ 14:31:27 - Found order object. ID:86136
10-18-2021 @ 14:31:28 - Row :194 - Order imported successfully.
10-18-2021 @ 14:31:28 - Row :195 - Parsing item.
10-18-2021 @ 14:31:29 - Row :195 - Processing item.
10-18-2021 @ 14:31:29 - Found order object. ID:86137
10-18-2021 @ 14:31:30 - Row :195 - Order imported successfully.
10-18-2021 @ 14:31:30 - Row :196 - Parsing item.
10-18-2021 @ 14:31:30 - Row :196 - Processing item.
10-18-2021 @ 14:31:31 - Found order object. ID:86138
10-18-2021 @ 14:31:31 - Row :196 - Order imported successfully.
10-18-2021 @ 14:31:31 - Row :197 - Parsing item.
10-18-2021 @ 14:31:31 - Row :197 - Processing item.
10-18-2021 @ 14:31:32 - Found order object. ID:86139
10-18-2021 @ 14:31:33 - Row :197 - Order imported successfully.
10-18-2021 @ 14:31:33 - Row :198 - Parsing item.
10-18-2021 @ 14:31:33 - Row :198 - Processing item.
10-18-2021 @ 14:31:34 - Found order object. ID:86140
10-18-2021 @ 14:31:35 - Row :198 - Order imported successfully.
10-18-2021 @ 14:31:35 - Row :199 - Parsing item.
10-18-2021 @ 14:31:35 - Row :199 - Processing item.
10-18-2021 @ 14:31:35 - Found order object. ID:86141
10-18-2021 @ 14:31:38 - Row :199 - Order imported successfully.
10-18-2021 @ 14:31:38 - Row :200 - Parsing item.
10-18-2021 @ 14:31:38 - Row :200 - Processing item.
10-18-2021 @ 14:31:38 - Found order object. ID:86142
10-18-2021 @ 14:31:39 - Row :200 - Order imported successfully.
10-18-2021 @ 14:31:40 - Row :201 - Parsing item.
10-18-2021 @ 14:31:40 - Row :201 - Processing item.
10-18-2021 @ 14:31:40 - Found order object. ID:86143
10-18-2021 @ 14:31:42 - Row :201 - Order imported successfully.
10-18-2021 @ 14:31:42 - Row :202 - Parsing item.
10-18-2021 @ 14:31:42 - Row :202 - Processing item.
10-18-2021 @ 14:31:42 - Found order object. ID:86144
10-18-2021 @ 14:31:44 - Row :202 - Order imported successfully.
10-18-2021 @ 14:31:44 - Row :203 - Parsing item.
10-18-2021 @ 14:31:44 - Row :203 - Processing item.
10-18-2021 @ 14:31:44 - Found order object. ID:86145
10-18-2021 @ 14:31:45 - Row :203 - Order imported successfully.
10-18-2021 @ 14:31:45 - Row :204 - Parsing item.
10-18-2021 @ 14:31:45 - Row :204 - Processing item.
10-18-2021 @ 14:31:45 - Found order object. ID:86146
10-18-2021 @ 14:31:47 - Row :204 - Order imported successfully.
10-18-2021 @ 14:31:47 - Row :205 - Parsing item.
10-18-2021 @ 14:31:47 - Row :205 - Processing item.
10-18-2021 @ 14:31:47 - Found order object. ID:86147
10-18-2021 @ 14:31:48 - Row :205 - Order imported successfully.
10-18-2021 @ 14:31:48 - Row :206 - Parsing item.
10-18-2021 @ 14:31:48 - Row :206 - Processing item.
10-18-2021 @ 14:31:49 - Found order object. ID:86148
10-18-2021 @ 14:31:51 - Row :206 - Order imported successfully.
10-18-2021 @ 14:31:51 - Row :207 - Parsing item.
10-18-2021 @ 14:31:51 - Row :207 - Processing item.
10-18-2021 @ 14:31:51 - Found order object. ID:86149
10-18-2021 @ 14:31:51 - Row :207 - Order imported successfully.
10-18-2021 @ 14:31:51 - Row :208 - Parsing item.
10-18-2021 @ 14:31:51 - Row :208 - Processing item.
10-18-2021 @ 14:31:51 - Found order object. ID:86150
10-18-2021 @ 14:31:52 - Row :208 - Order imported successfully.
10-18-2021 @ 14:31:52 - Row :209 - Parsing item.
10-18-2021 @ 14:31:52 - Row :209 - Processing item.
10-18-2021 @ 14:31:52 - Found order object. ID:86151
10-18-2021 @ 14:31:53 - Row :209 - Order imported successfully.
10-18-2021 @ 14:31:53 - Row :210 - Parsing item.
10-18-2021 @ 14:31:53 - Row :210 - Processing item.
10-18-2021 @ 14:31:54 - Found order object. ID:86152
10-18-2021 @ 14:31:56 - Row :210 - Order imported successfully.
10-18-2021 @ 14:31:56 - Row :211 - Parsing item.
10-18-2021 @ 14:31:56 - Row :211 - Processing item.
10-18-2021 @ 14:31:56 - Found order object. ID:86153
10-18-2021 @ 14:31:57 - Row :211 - Order imported successfully.
10-18-2021 @ 14:31:57 - Row :212 - Parsing item.
10-18-2021 @ 14:31:57 - Row :212 - Processing item.
10-18-2021 @ 14:31:57 - Found order object. ID:86154
10-18-2021 @ 14:31:59 - Row :212 - Order imported successfully.
10-18-2021 @ 14:31:59 - Row :213 - Parsing item.
10-18-2021 @ 14:31:59 - Row :213 - Processing item.
10-18-2021 @ 14:31:59 - Found order object. ID:86155
10-18-2021 @ 14:32:00 - Row :213 - Order imported successfully.
10-18-2021 @ 14:32:00 - Row :214 - Parsing item.
10-18-2021 @ 14:32:00 - Row :214 - Processing item.
10-18-2021 @ 14:32:00 - Found order object. ID:86156
10-18-2021 @ 14:32:02 - Row :214 - Order imported successfully.
10-18-2021 @ 14:32:02 - Row :215 - Parsing item.
10-18-2021 @ 14:32:02 - Row :215 - Processing item.
10-18-2021 @ 14:32:02 - Found order object. ID:86157
10-18-2021 @ 14:32:04 - Row :215 - Order imported successfully.
10-18-2021 @ 14:32:04 - Row :216 - Parsing item.
10-18-2021 @ 14:32:04 - Row :216 - Processing item.
10-18-2021 @ 14:32:04 - Found order object. ID:86158
10-18-2021 @ 14:32:06 - Row :216 - Order imported successfully.
10-18-2021 @ 14:32:06 - Row :217 - Parsing item.
10-18-2021 @ 14:32:06 - Row :217 - Processing item.
10-18-2021 @ 14:32:06 - Found order object. ID:86159
10-18-2021 @ 14:32:07 - Row :217 - Order imported successfully.
10-18-2021 @ 14:32:07 - Row :218 - Parsing item.
10-18-2021 @ 14:32:07 - Row :218 - Processing item.
10-18-2021 @ 14:32:07 - Found order object. ID:86160
10-18-2021 @ 14:32:09 - Row :218 - Order imported successfully.
10-18-2021 @ 14:32:09 - Row :219 - Parsing item.
10-18-2021 @ 14:32:09 - Row :219 - Processing item.
10-18-2021 @ 14:32:09 - Found order object. ID:86161
10-18-2021 @ 14:32:12 - Row :219 - Order imported successfully.
10-18-2021 @ 14:32:12 - Row :220 - Parsing item.
10-18-2021 @ 14:32:12 - Row :220 - Processing item.
10-18-2021 @ 14:32:12 - Found order object. ID:86162
10-18-2021 @ 14:32:13 - Row :220 - Order imported successfully.
10-18-2021 @ 14:32:13 - Row :221 - Parsing item.
10-18-2021 @ 14:32:13 - Row :221 - Processing item.
10-18-2021 @ 14:32:13 - Found order object. ID:86163
10-18-2021 @ 14:32:15 - Row :221 - Order imported successfully.
10-18-2021 @ 14:32:15 - Row :222 - Parsing item.
10-18-2021 @ 14:32:16 - Row :222 - Processing item.
10-18-2021 @ 14:32:16 - Found order object. ID:86164
10-18-2021 @ 14:32:17 - Row :222 - Order imported successfully.
10-18-2021 @ 14:32:17 - Row :223 - Parsing item.
10-18-2021 @ 14:32:17 - Row :223 - Processing item.
10-18-2021 @ 14:32:17 - Found order object. ID:86165
10-18-2021 @ 14:32:19 - Row :223 - Order imported successfully.
10-18-2021 @ 14:32:19 - Row :224 - Parsing item.
10-18-2021 @ 14:32:19 - Row :224 - Processing item.
10-18-2021 @ 14:32:19 - Found order object. ID:86166
10-18-2021 @ 14:32:21 - Row :224 - Order imported successfully.
10-18-2021 @ 14:32:21 - Row :225 - Parsing item.
10-18-2021 @ 14:32:21 - Row :225 - Processing item.
10-18-2021 @ 14:32:21 - Found order object. ID:86167
10-18-2021 @ 14:32:22 - Row :225 - Order imported successfully.
10-18-2021 @ 14:32:22 - Row :226 - Parsing item.
10-18-2021 @ 14:32:22 - Row :226 - Processing item.
10-18-2021 @ 14:32:22 - Found order object. ID:86168
10-18-2021 @ 14:32:24 - Row :226 - Order imported successfully.
10-18-2021 @ 14:32:24 - Row :227 - Parsing item.
10-18-2021 @ 14:32:24 - Row :227 - Processing item.
10-18-2021 @ 14:32:25 - Found order object. ID:86169
10-18-2021 @ 14:32:26 - Row :227 - Order imported successfully.
10-18-2021 @ 14:32:26 - Row :228 - Parsing item.
10-18-2021 @ 14:32:26 - Row :228 - Processing item.
10-18-2021 @ 14:32:26 - Found order object. ID:86170
10-18-2021 @ 14:32:26 - Row :228 - Order imported successfully.
10-18-2021 @ 14:32:26 - Row :229 - Parsing item.
10-18-2021 @ 14:32:27 - Row :229 - Processing item.
10-18-2021 @ 14:32:27 - Found order object. ID:86171
10-18-2021 @ 14:32:27 - Row :229 - Order imported successfully.
10-18-2021 @ 14:32:27 - Row :230 - Parsing item.
10-18-2021 @ 14:32:27 - Row :230 - Processing item.
10-18-2021 @ 14:32:27 - Found order object. ID:86172
10-18-2021 @ 14:32:29 - Row :230 - Order imported successfully.
10-18-2021 @ 14:32:29 - Row :231 - Parsing item.
10-18-2021 @ 14:32:29 - Row :231 - Processing item.
10-18-2021 @ 14:32:29 - Found order object. ID:86173
10-18-2021 @ 14:32:31 - Row :231 - Order imported successfully.
10-18-2021 @ 14:32:31 - Row :232 - Parsing item.
10-18-2021 @ 14:32:31 - Row :232 - Processing item.
10-18-2021 @ 14:32:31 - Found order object. ID:86174
10-18-2021 @ 14:32:33 - Row :232 - Order imported successfully.
10-18-2021 @ 14:32:33 - Row :233 - Parsing item.
10-18-2021 @ 14:32:33 - Row :233 - Processing item.
10-18-2021 @ 14:32:33 - Found order object. ID:86175
10-18-2021 @ 14:32:35 - Row :233 - Order imported successfully.
10-18-2021 @ 14:32:35 - Row :234 - Parsing item.
10-18-2021 @ 14:32:35 - Row :234 - Processing item.
10-18-2021 @ 14:32:35 - Found order object. ID:86176
10-18-2021 @ 14:32:36 - Row :234 - Order imported successfully.
10-18-2021 @ 14:32:36 - Row :235 - Parsing item.
10-18-2021 @ 14:32:36 - Row :235 - Processing item.
10-18-2021 @ 14:32:36 - Found order object. ID:86177
10-18-2021 @ 14:32:38 - Row :235 - Order imported successfully.
10-18-2021 @ 14:32:38 - Row :236 - Parsing item.
10-18-2021 @ 14:32:38 - Row :236 - Processing item.
10-18-2021 @ 14:32:38 - Found order object. ID:86178
10-18-2021 @ 14:32:40 - Row :236 - Order imported successfully.
10-18-2021 @ 14:32:40 - Row :237 - Parsing item.
10-18-2021 @ 14:32:40 - Row :237 - Processing item.
10-18-2021 @ 14:32:40 - Found order object. ID:86179
10-18-2021 @ 14:32:42 - Row :237 - Order imported successfully.
10-18-2021 @ 14:32:42 - Row :238 - Parsing item.
10-18-2021 @ 14:32:42 - Row :238 - Processing item.
10-18-2021 @ 14:32:42 - Found order object. ID:86180
10-18-2021 @ 14:32:44 - Row :238 - Order imported successfully.
10-18-2021 @ 14:32:44 - Row :239 - Parsing item.
10-18-2021 @ 14:32:44 - Row :239 - Processing item.
10-18-2021 @ 14:32:44 - Found order object. ID:86181
10-18-2021 @ 14:32:45 - Row :239 - Order imported successfully.
10-18-2021 @ 14:32:45 - Row :240 - Parsing item.
10-18-2021 @ 14:32:45 - Row :240 - Processing item.
10-18-2021 @ 14:32:45 - Found order object. ID:86182
10-18-2021 @ 14:32:47 - Row :240 - Order imported successfully.
10-18-2021 @ 14:32:47 - Row :241 - Parsing item.
10-18-2021 @ 14:32:47 - Row :241 - Processing item.
10-18-2021 @ 14:32:48 - Found order object. ID:86183
10-18-2021 @ 14:32:49 - Row :241 - Order imported successfully.
10-18-2021 @ 14:32:49 - Row :242 - Parsing item.
10-18-2021 @ 14:32:49 - Row :242 - Processing item.
10-18-2021 @ 14:32:49 - Found order object. ID:86184
10-18-2021 @ 14:32:50 - Row :242 - Order imported successfully.
10-18-2021 @ 14:32:50 - Row :243 - Parsing item.
10-18-2021 @ 14:32:50 - Row :243 - Processing item.
10-18-2021 @ 14:32:50 - Found order object. ID:86185
10-18-2021 @ 14:32:51 - Row :243 - Order imported successfully.
10-18-2021 @ 14:32:51 - Row :244 - Parsing item.
10-18-2021 @ 14:32:51 - Row :244 - Processing item.
10-18-2021 @ 14:32:51 - Found order object. ID:86186
10-18-2021 @ 14:32:52 - Row :244 - Order imported successfully.
10-18-2021 @ 14:32:52 - Row :245 - Parsing item.
10-18-2021 @ 14:32:52 - Row :245 - Processing item.
10-18-2021 @ 14:32:52 - Found order object. ID:86187
10-18-2021 @ 14:32:55 - Row :245 - Order imported successfully.
10-18-2021 @ 14:32:55 - Row :246 - Parsing item.
10-18-2021 @ 14:32:55 - Row :246 - Processing item.
10-18-2021 @ 14:32:55 - Found order object. ID:86188
10-18-2021 @ 14:32:57 - Row :246 - Order imported successfully.
10-18-2021 @ 14:32:57 - Row :247 - Parsing item.
10-18-2021 @ 14:32:57 - Row :247 - Processing item.
10-18-2021 @ 14:32:57 - Found order object. ID:86189
10-18-2021 @ 14:32:58 - Row :247 - Order imported successfully.
10-18-2021 @ 14:32:58 - Row :248 - Parsing item.
10-18-2021 @ 14:32:58 - Row :248 - Processing item.
10-18-2021 @ 14:32:58 - Found order object. ID:86190
10-18-2021 @ 14:33:00 - Row :248 - Order imported successfully.
10-18-2021 @ 14:33:00 - Row :249 - Parsing item.
10-18-2021 @ 14:33:00 - Row :249 - Processing item.
10-18-2021 @ 14:33:00 - Found order object. ID:86191
10-18-2021 @ 14:33:02 - Row :249 - Order imported successfully.
10-18-2021 @ 14:33:02 - Row :250 - Parsing item.
10-18-2021 @ 14:33:02 - Row :250 - Processing item.
10-18-2021 @ 14:33:02 - Found order object. ID:86192
10-18-2021 @ 14:33:03 - Row :250 - Order imported successfully.
10-18-2021 @ 14:33:03 - Row :251 - Parsing item.
10-18-2021 @ 14:33:03 - Row :251 - Processing item.
10-18-2021 @ 14:33:03 - Found order object. ID:86193
10-18-2021 @ 14:33:04 - Row :251 - Order imported successfully.
10-18-2021 @ 14:33:04 - Row :252 - Parsing item.
10-18-2021 @ 14:33:04 - Row :252 - Processing item.
10-18-2021 @ 14:33:04 - Found order object. ID:86194
10-18-2021 @ 14:33:07 - Row :252 - Order imported successfully.
10-18-2021 @ 14:33:07 - Row :253 - Parsing item.
10-18-2021 @ 14:33:07 - Row :253 - Processing item.
10-18-2021 @ 14:33:07 - Found order object. ID:86195
10-18-2021 @ 14:33:08 - Row :253 - Order imported successfully.
10-18-2021 @ 14:33:08 - Row :254 - Parsing item.
10-18-2021 @ 14:33:08 - Row :254 - Processing item.
10-18-2021 @ 14:33:08 - Found order object. ID:86196
10-18-2021 @ 14:33:10 - Row :254 - Order imported successfully.
10-18-2021 @ 14:33:10 - Row :255 - Parsing item.
10-18-2021 @ 14:33:10 - Row :255 - Processing item.
10-18-2021 @ 14:33:11 - Found order object. ID:86197
10-18-2021 @ 14:33:12 - Row :255 - Order imported successfully.
10-18-2021 @ 14:33:12 - Row :256 - Parsing item.
10-18-2021 @ 14:33:12 - Row :256 - Processing item.
10-18-2021 @ 14:33:12 - Found order object. ID:86198
10-18-2021 @ 14:33:13 - Row :256 - Order imported successfully.
10-18-2021 @ 14:33:13 - Row :257 - Parsing item.
10-18-2021 @ 14:33:13 - Row :257 - Processing item.
10-18-2021 @ 14:33:13 - Found order object. ID:86199
10-18-2021 @ 14:33:15 - Row :257 - Order imported successfully.
10-18-2021 @ 14:33:15 - Row :258 - Parsing item.
10-18-2021 @ 14:33:15 - Row :258 - Processing item.
10-18-2021 @ 14:33:15 - Found order object. ID:86200
10-18-2021 @ 14:33:16 - Row :258 - Order imported successfully.
10-18-2021 @ 14:33:16 - Row :259 - Parsing item.
10-18-2021 @ 14:33:16 - Row :259 - Processing item.
10-18-2021 @ 14:33:16 - Found order object. ID:86201
10-18-2021 @ 14:33:18 - Row :259 - Order imported successfully.
10-18-2021 @ 14:33:18 - Row :260 - Parsing item.
10-18-2021 @ 14:33:18 - Row :260 - Processing item.
10-18-2021 @ 14:33:18 - Found order object. ID:86202
10-18-2021 @ 14:33:20 - Row :260 - Order imported successfully.
10-18-2021 @ 14:33:20 - Row :261 - Parsing item.
10-18-2021 @ 14:33:20 - Row :261 - Processing item.
10-18-2021 @ 14:33:20 - Found order object. ID:86203
10-18-2021 @ 14:33:21 - Row :261 - Order imported successfully.
10-18-2021 @ 14:33:21 - Row :262 - Parsing item.
10-18-2021 @ 14:33:21 - Row :262 - Processing item.
10-18-2021 @ 14:33:21 - Found order object. ID:86204
10-18-2021 @ 14:33:24 - Row :262 - Order imported successfully.
10-18-2021 @ 14:33:24 - Row :263 - Parsing item.
10-18-2021 @ 14:33:24 - Row :263 - Processing item.
10-18-2021 @ 14:33:24 - Found order object. ID:86205
10-18-2021 @ 14:33:25 - Row :263 - Order imported successfully.
10-18-2021 @ 14:33:25 - Row :264 - Parsing item.
10-18-2021 @ 14:33:25 - Row :264 - Processing item.
10-18-2021 @ 14:33:25 - Found order object. ID:86206
10-18-2021 @ 14:33:27 - Row :264 - Order imported successfully.
10-18-2021 @ 14:33:27 - Row :265 - Parsing item.
10-18-2021 @ 14:33:27 - Row :265 - Processing item.
10-18-2021 @ 14:33:27 - Found order object. ID:86207
10-18-2021 @ 14:33:29 - Row :265 - Order imported successfully.
10-18-2021 @ 14:33:29 - Row :266 - Parsing item.
10-18-2021 @ 14:33:29 - Row :266 - Processing item.
10-18-2021 @ 14:33:29 - Found order object. ID:86208
10-18-2021 @ 14:33:31 - Row :266 - Order imported successfully.
10-18-2021 @ 14:33:31 - Row :267 - Parsing item.
10-18-2021 @ 14:33:31 - Row :267 - Processing item.
10-18-2021 @ 14:33:31 - Found order object. ID:86209
10-18-2021 @ 14:33:33 - Row :267 - Order imported successfully.
10-18-2021 @ 14:33:33 - Row :268 - Parsing item.
10-18-2021 @ 14:33:33 - Row :268 - Processing item.
10-18-2021 @ 14:33:33 - Found order object. ID:86210
10-18-2021 @ 14:33:35 - Row :268 - Order imported successfully.
10-18-2021 @ 14:33:35 - Row :269 - Parsing item.
10-18-2021 @ 14:33:35 - Row :269 - Processing item.
10-18-2021 @ 14:33:35 - Found order object. ID:86211
10-18-2021 @ 14:33:36 - Row :269 - Order imported successfully.
10-18-2021 @ 14:33:36 - Row :270 - Parsing item.
10-18-2021 @ 14:33:36 - Row :270 - Processing item.
10-18-2021 @ 14:33:36 - Found order object. ID:86212
10-18-2021 @ 14:33:39 - Row :270 - Order imported successfully.
10-18-2021 @ 14:33:39 - Row :271 - Parsing item.
10-18-2021 @ 14:33:39 - Row :271 - Processing item.
10-18-2021 @ 14:33:39 - Found order object. ID:86213
10-18-2021 @ 14:33:40 - Row :271 - Order imported successfully.
10-18-2021 @ 14:33:40 - Row :272 - Parsing item.
10-18-2021 @ 14:33:40 - Row :272 - Processing item.
10-18-2021 @ 14:33:40 - Found order object. ID:86214
10-18-2021 @ 14:33:42 - Row :272 - Order imported successfully.
10-18-2021 @ 14:33:42 - Row :273 - Parsing item.
10-18-2021 @ 14:33:42 - Row :273 - Processing item.
10-18-2021 @ 14:33:43 - Found order object. ID:86215
10-18-2021 @ 14:33:45 - Row :273 - Order imported successfully.
10-18-2021 @ 14:33:45 - Row :274 - Parsing item.
10-18-2021 @ 14:33:45 - Row :274 - Processing item.
10-18-2021 @ 14:33:45 - Found order object. ID:86216
10-18-2021 @ 14:33:47 - Row :274 - Order imported successfully.
10-18-2021 @ 14:33:47 - Row :275 - Parsing item.
10-18-2021 @ 14:33:47 - Row :275 - Processing item.
10-18-2021 @ 14:33:47 - Found order object. ID:86217
10-18-2021 @ 14:33:49 - Row :275 - Order imported successfully.
10-18-2021 @ 14:33:49 - Row :276 - Parsing item.
10-18-2021 @ 14:33:49 - Row :276 - Processing item.
10-18-2021 @ 14:33:49 - Found order object. ID:86218
10-18-2021 @ 14:33:51 - Row :276 - Order imported successfully.
10-18-2021 @ 14:33:51 - Row :277 - Parsing item.
10-18-2021 @ 14:33:51 - Row :277 - Processing item.
10-18-2021 @ 14:33:51 - Found order object. ID:86219
10-18-2021 @ 14:33:52 - Row :277 - Order imported successfully.
10-18-2021 @ 14:33:52 - Row :278 - Parsing item.
10-18-2021 @ 14:33:52 - Row :278 - Processing item.
10-18-2021 @ 14:33:52 - Found order object. ID:86220
10-18-2021 @ 14:33:54 - Row :278 - Order imported successfully.
10-18-2021 @ 14:33:54 - Row :279 - Parsing item.
10-18-2021 @ 14:33:54 - Row :279 - Processing item.
10-18-2021 @ 14:33:55 - Found order object. ID:86221
10-18-2021 @ 14:33:56 - Row :279 - Order imported successfully.
10-18-2021 @ 14:33:56 - Row :280 - Parsing item.
10-18-2021 @ 14:33:56 - Row :280 - Processing item.
10-18-2021 @ 14:33:56 - Found order object. ID:86222
10-18-2021 @ 14:33:58 - Row :280 - Order imported successfully.
10-18-2021 @ 14:33:58 - Row :281 - Parsing item.
10-18-2021 @ 14:33:58 - Row :281 - Processing item.
10-18-2021 @ 14:33:58 - Found order object. ID:86223
10-18-2021 @ 14:33:59 - Row :281 - Order imported successfully.
10-18-2021 @ 14:33:59 - Row :282 - Parsing item.
10-18-2021 @ 14:33:59 - Row :282 - Processing item.
10-18-2021 @ 14:33:59 - Found order object. ID:86224
10-18-2021 @ 14:34:00 - Row :282 - Order imported successfully.
10-18-2021 @ 14:34:00 - Row :283 - Parsing item.
10-18-2021 @ 14:34:00 - Row :283 - Processing item.
10-18-2021 @ 14:34:00 - Found order object. ID:86225
10-18-2021 @ 14:34:02 - Row :283 - Order imported successfully.
10-18-2021 @ 14:34:02 - Row :284 - Parsing item.
10-18-2021 @ 14:34:02 - Row :284 - Processing item.
10-18-2021 @ 14:34:02 - Found order object. ID:86226
10-18-2021 @ 14:34:03 - Row :284 - Order imported successfully.
10-18-2021 @ 14:34:03 - Row :285 - Parsing item.
10-18-2021 @ 14:34:03 - Row :285 - Processing item.
10-18-2021 @ 14:34:03 - Found order object. ID:86227
10-18-2021 @ 14:34:05 - Row :285 - Order imported successfully.
10-18-2021 @ 14:34:05 - Row :286 - Parsing item.
10-18-2021 @ 14:34:05 - Row :286 - Processing item.
10-18-2021 @ 14:34:05 - Found order object. ID:86228
10-18-2021 @ 14:34:06 - Row :286 - Order imported successfully.
10-18-2021 @ 14:34:06 - Row :287 - Parsing item.
10-18-2021 @ 14:34:06 - Row :287 - Processing item.
10-18-2021 @ 14:34:06 - Found order object. ID:86229
10-18-2021 @ 14:34:07 - Row :287 - Order imported successfully.
10-18-2021 @ 14:34:08 - Row :288 - Parsing item.
10-18-2021 @ 14:34:08 - Row :288 - Processing item.
10-18-2021 @ 14:34:08 - Found order object. ID:86230
10-18-2021 @ 14:34:08 - Row :288 - Order imported successfully.
10-18-2021 @ 14:34:08 - Row :289 - Parsing item.
10-18-2021 @ 14:34:08 - Row :289 - Processing item.
10-18-2021 @ 14:34:08 - Found order object. ID:86231
10-18-2021 @ 14:34:10 - Row :289 - Order imported successfully.
10-18-2021 @ 14:34:10 - Row :290 - Parsing item.
10-18-2021 @ 14:34:10 - Row :290 - Processing item.
10-18-2021 @ 14:34:10 - Found order object. ID:86232
10-18-2021 @ 14:34:10 - Row :290 - Order imported successfully.
10-18-2021 @ 14:34:10 - Row :291 - Parsing item.
10-18-2021 @ 14:34:10 - Row :291 - Processing item.
10-18-2021 @ 14:34:10 - Found order object. ID:86233
10-18-2021 @ 14:34:13 - Row :291 - Order imported successfully.
10-18-2021 @ 14:34:13 - Row :292 - Parsing item.
10-18-2021 @ 14:34:13 - Row :292 - Processing item.
10-18-2021 @ 14:34:13 - Found order object. ID:86234
10-18-2021 @ 14:34:14 - Row :292 - Order imported successfully.
10-18-2021 @ 14:34:14 - Row :293 - Parsing item.
10-18-2021 @ 14:34:14 - Row :293 - Processing item.
10-18-2021 @ 14:34:14 - Found order object. ID:86235
10-18-2021 @ 14:34:16 - Row :293 - Order imported successfully.
10-18-2021 @ 14:34:16 - Row :294 - Parsing item.
10-18-2021 @ 14:34:16 - Row :294 - Processing item.
10-18-2021 @ 14:34:16 - Found order object. ID:86236
10-18-2021 @ 14:34:16 - Row :294 - Order imported successfully.
10-18-2021 @ 14:34:16 - Row :295 - Parsing item.
10-18-2021 @ 14:34:16 - Row :295 - Processing item.
10-18-2021 @ 14:34:16 - Found order object. ID:86237
10-18-2021 @ 14:34:18 - Row :295 - Order imported successfully.
10-18-2021 @ 14:34:18 - Row :296 - Parsing item.
10-18-2021 @ 14:34:18 - Row :296 - Processing item.
10-18-2021 @ 14:34:18 - Found order object. ID:86238
10-18-2021 @ 14:34:20 - Row :296 - Order imported successfully.
10-18-2021 @ 14:34:20 - Row :297 - Parsing item.
10-18-2021 @ 14:34:20 - Row :297 - Processing item.
10-18-2021 @ 14:34:20 - Found order object. ID:86239
10-18-2021 @ 14:34:23 - Row :297 - Order imported successfully.
10-18-2021 @ 14:34:23 - Row :298 - Parsing item.
10-18-2021 @ 14:34:23 - Row :298 - Processing item.
10-18-2021 @ 14:34:23 - Found order object. ID:86240
10-18-2021 @ 14:34:23 - Row :298 - Order imported successfully.
10-18-2021 @ 14:34:23 - Row :299 - Parsing item.
10-18-2021 @ 14:34:23 - Row :299 - Processing item.
10-18-2021 @ 14:34:23 - Found order object. ID:86241
10-18-2021 @ 14:34:25 - Row :299 - Order imported successfully.
10-18-2021 @ 14:34:25 - Row :300 - Parsing item.
10-18-2021 @ 14:34:25 - Row :300 - Processing item.
10-18-2021 @ 14:34:25 - Found order object. ID:86242
10-18-2021 @ 14:34:26 - Row :300 - Order imported successfully.
10-18-2021 @ 14:34:26 - Row :301 - Parsing item.
10-18-2021 @ 14:34:26 - Row :301 - Processing item.
10-18-2021 @ 14:34:26 - Found order object. ID:86243
10-18-2021 @ 14:34:27 - Row :301 - Order imported successfully.
10-18-2021 @ 14:34:27 - Row :302 - Parsing item.
10-18-2021 @ 14:34:27 - Row :302 - Processing item.
10-18-2021 @ 14:34:27 - Found order object. ID:86244
10-18-2021 @ 14:34:28 - Row :302 - Order imported successfully.
10-18-2021 @ 14:34:28 - Row :303 - Parsing item.
10-18-2021 @ 14:34:28 - Row :303 - Processing item.
10-18-2021 @ 14:34:28 - Found order object. ID:86245
10-18-2021 @ 14:34:30 - Row :303 - Order imported successfully.
10-18-2021 @ 14:34:30 - Row :304 - Parsing item.
10-18-2021 @ 14:34:30 - Row :304 - Processing item.
10-18-2021 @ 14:34:30 - Found order object. ID:86246
10-18-2021 @ 14:34:31 - Row :304 - Order imported successfully.
10-18-2021 @ 14:34:31 - Row :305 - Parsing item.
10-18-2021 @ 14:34:31 - Row :305 - Processing item.
10-18-2021 @ 14:34:31 - Found order object. ID:86247
10-18-2021 @ 14:34:32 - Row :305 - Order imported successfully.
10-18-2021 @ 14:34:32 - Row :306 - Parsing item.
10-18-2021 @ 14:34:32 - Row :306 - Processing item.
10-18-2021 @ 14:34:32 - Found order object. ID:86248
10-18-2021 @ 14:34:33 - Row :306 - Order imported successfully.
10-18-2021 @ 14:34:33 - Row :307 - Parsing item.
10-18-2021 @ 14:34:33 - Row :307 - Processing item.
10-18-2021 @ 14:34:33 - Found order object. ID:86249
10-18-2021 @ 14:34:35 - Row :307 - Order imported successfully.
10-18-2021 @ 14:34:35 - Row :308 - Parsing item.
10-18-2021 @ 14:34:35 - Row :308 - Processing item.
10-18-2021 @ 14:34:35 - Found order object. ID:86250
10-18-2021 @ 14:34:36 - Row :308 - Order imported successfully.
10-18-2021 @ 14:34:37 - Row :309 - Parsing item.
10-18-2021 @ 14:34:37 - Row :309 - Processing item.
10-18-2021 @ 14:34:37 - Found order object. ID:86251
10-18-2021 @ 14:34:37 - Row :309 - Order imported successfully.
10-18-2021 @ 14:34:37 - Row :310 - Parsing item.
10-18-2021 @ 14:34:37 - Row :310 - Processing item.
10-18-2021 @ 14:34:37 - Found order object. ID:86252
10-18-2021 @ 14:34:38 - Row :310 - Order imported successfully.
10-18-2021 @ 14:34:38 - Row :311 - Parsing item.
10-18-2021 @ 14:34:38 - Row :311 - Processing item.
10-18-2021 @ 14:34:38 - Found order object. ID:86253
10-18-2021 @ 14:34:40 - Row :311 - Order imported successfully.
10-18-2021 @ 14:34:40 - Row :312 - Parsing item.
10-18-2021 @ 14:34:40 - Row :312 - Processing item.
10-18-2021 @ 14:34:40 - Found order object. ID:86254
10-18-2021 @ 14:34:41 - Row :312 - Order imported successfully.
10-18-2021 @ 14:34:41 - Row :313 - Parsing item.
10-18-2021 @ 14:34:41 - Row :313 - Processing item.
10-18-2021 @ 14:34:41 - Found order object. ID:86255
10-18-2021 @ 14:34:43 - Row :313 - Order imported successfully.
10-18-2021 @ 14:34:43 - Row :314 - Parsing item.
10-18-2021 @ 14:34:43 - Row :314 - Processing item.
10-18-2021 @ 14:34:43 - Found order object. ID:86256
10-18-2021 @ 14:34:43 - Row :314 - Order imported successfully.
10-18-2021 @ 14:34:43 - Row :315 - Parsing item.
10-18-2021 @ 14:34:43 - Row :315 - Processing item.
10-18-2021 @ 14:34:44 - Found order object. ID:86257
10-18-2021 @ 14:34:45 - Row :315 - Order imported successfully.
10-18-2021 @ 14:34:45 - Row :316 - Parsing item.
10-18-2021 @ 14:34:45 - Row :316 - Processing item.
10-18-2021 @ 14:34:45 - Found order object. ID:86258
10-18-2021 @ 14:34:46 - Row :316 - Order imported successfully.
10-18-2021 @ 14:34:46 - Row :317 - Parsing item.
10-18-2021 @ 14:34:46 - Row :317 - Processing item.
10-18-2021 @ 14:34:47 - Found order object. ID:86259
10-18-2021 @ 14:34:48 - Row :317 - Order imported successfully.
10-18-2021 @ 14:34:48 - Row :318 - Parsing item.
10-18-2021 @ 14:34:48 - Row :318 - Processing item.
10-18-2021 @ 14:34:48 - Found order object. ID:86260
10-18-2021 @ 14:34:50 - Row :318 - Order imported successfully.
10-18-2021 @ 14:34:50 - Row :319 - Parsing item.
10-18-2021 @ 14:34:50 - Row :319 - Processing item.
10-18-2021 @ 14:34:50 - Found order object. ID:86261
10-18-2021 @ 14:34:51 - Row :319 - Order imported successfully.
10-18-2021 @ 14:34:51 - Row :320 - Parsing item.
10-18-2021 @ 14:34:51 - Row :320 - Processing item.
10-18-2021 @ 14:34:51 - Found order object. ID:86262
10-18-2021 @ 14:34:52 - Row :320 - Order imported successfully.
10-18-2021 @ 14:34:52 - Row :321 - Parsing item.
10-18-2021 @ 14:34:52 - Row :321 - Processing item.
10-18-2021 @ 14:34:52 - Found order object. ID:86263
10-18-2021 @ 14:34:53 - Row :321 - Order imported successfully.
10-18-2021 @ 14:34:53 - Row :322 - Parsing item.
10-18-2021 @ 14:34:53 - Row :322 - Processing item.
10-18-2021 @ 14:34:53 - Found order object. ID:86264
10-18-2021 @ 14:34:54 - Row :322 - Order imported successfully.
10-18-2021 @ 14:34:54 - Row :323 - Parsing item.
10-18-2021 @ 14:34:54 - Row :323 - Processing item.
10-18-2021 @ 14:34:55 - Found order object. ID:86265
10-18-2021 @ 14:34:56 - Row :323 - Order imported successfully.
10-18-2021 @ 14:34:56 - Row :324 - Parsing item.
10-18-2021 @ 14:34:56 - Row :324 - Processing item.
10-18-2021 @ 14:34:56 - Found order object. ID:86266
10-18-2021 @ 14:34:57 - Row :324 - Order imported successfully.
10-18-2021 @ 14:34:57 - Row :325 - Parsing item.
10-18-2021 @ 14:34:57 - Row :325 - Processing item.
10-18-2021 @ 14:34:57 - Found order object. ID:86267
10-18-2021 @ 14:34:58 - Row :325 - Order imported successfully.
10-18-2021 @ 14:34:58 - Row :326 - Parsing item.
10-18-2021 @ 14:34:58 - Row :326 - Processing item.
10-18-2021 @ 14:34:58 - Found order object. ID:86268
10-18-2021 @ 14:35:00 - Row :326 - Order imported successfully.
10-18-2021 @ 14:35:00 - Row :327 - Parsing item.
10-18-2021 @ 14:35:00 - Row :327 - Processing item.
10-18-2021 @ 14:35:00 - Found order object. ID:86269
10-18-2021 @ 14:35:00 - Row :327 - Order imported successfully.
10-18-2021 @ 14:35:00 - Row :328 - Parsing item.
10-18-2021 @ 14:35:00 - Row :328 - Processing item.
10-18-2021 @ 14:35:00 - Found order object. ID:86270
10-18-2021 @ 14:35:02 - Row :328 - Order imported successfully.
10-18-2021 @ 14:35:02 - Row :329 - Parsing item.
10-18-2021 @ 14:35:02 - Row :329 - Processing item.
10-18-2021 @ 14:35:02 - Found order object. ID:86271
10-18-2021 @ 14:35:03 - Row :329 - Order imported successfully.
10-18-2021 @ 14:35:03 - Row :330 - Parsing item.
10-18-2021 @ 14:35:03 - Row :330 - Processing item.
10-18-2021 @ 14:35:03 - Found order object. ID:86272
10-18-2021 @ 14:35:06 - Row :330 - Order imported successfully.
10-18-2021 @ 14:35:06 - Row :331 - Parsing item.
10-18-2021 @ 14:35:06 - Row :331 - Processing item.
10-18-2021 @ 14:35:06 - Found order object. ID:86273
10-18-2021 @ 14:35:08 - Row :331 - Order imported successfully.
10-18-2021 @ 14:35:08 - Row :332 - Parsing item.
10-18-2021 @ 14:35:08 - Row :332 - Processing item.
10-18-2021 @ 14:35:08 - Found order object. ID:86274
10-18-2021 @ 14:35:10 - Row :332 - Order imported successfully.
10-18-2021 @ 14:35:10 - Row :333 - Parsing item.
10-18-2021 @ 14:35:10 - Row :333 - Processing item.
10-18-2021 @ 14:35:10 - Found order object. ID:86275
10-18-2021 @ 14:35:12 - Row :333 - Order imported successfully.
10-18-2021 @ 14:35:12 - Row :334 - Parsing item.
10-18-2021 @ 14:35:12 - Row :334 - Processing item.
10-18-2021 @ 14:35:12 - Found order object. ID:86276
10-18-2021 @ 14:35:14 - Row :334 - Order imported successfully.
10-18-2021 @ 14:35:14 - Row :335 - Parsing item.
10-18-2021 @ 14:35:14 - Row :335 - Processing item.
10-18-2021 @ 14:35:14 - Found order object. ID:86277
10-18-2021 @ 14:35:15 - Row :335 - Order imported successfully.
10-18-2021 @ 14:35:15 - Row :336 - Parsing item.
10-18-2021 @ 14:35:15 - Row :336 - Processing item.
10-18-2021 @ 14:35:15 - Found order object. ID:86278
10-18-2021 @ 14:35:16 - Row :336 - Order imported successfully.
10-18-2021 @ 14:35:16 - Row :337 - Parsing item.
10-18-2021 @ 14:35:16 - Row :337 - Processing item.
10-18-2021 @ 14:35:16 - Found order object. ID:86279
10-18-2021 @ 14:35:17 - Row :337 - Order imported successfully.
10-18-2021 @ 14:35:17 - Row :338 - Parsing item.
10-18-2021 @ 14:35:17 - Row :338 - Processing item.
10-18-2021 @ 14:35:17 - Found order object. ID:86280
10-18-2021 @ 14:35:19 - Row :338 - Order imported successfully.
10-18-2021 @ 14:35:19 - Row :339 - Parsing item.
10-18-2021 @ 14:35:19 - Row :339 - Processing item.
10-18-2021 @ 14:35:19 - Found order object. ID:86281
10-18-2021 @ 14:35:19 - Row :339 - Order imported successfully.
10-18-2021 @ 14:35:19 - Row :340 - Parsing item.
10-18-2021 @ 14:35:19 - Row :340 - Processing item.
10-18-2021 @ 14:35:20 - Found order object. ID:86282
10-18-2021 @ 14:35:20 - Row :340 - Order imported successfully.
10-18-2021 @ 14:35:20 - Row :341 - Parsing item.
10-18-2021 @ 14:35:20 - Row :341 - Processing item.
10-18-2021 @ 14:35:20 - Found order object. ID:86283
10-18-2021 @ 14:35:21 - Row :341 - Order imported successfully.
10-18-2021 @ 14:35:21 - Row :342 - Parsing item.
10-18-2021 @ 14:35:21 - Row :342 - Processing item.
10-18-2021 @ 14:35:21 - Found order object. ID:86284
10-18-2021 @ 14:35:22 - Row :342 - Order imported successfully.
10-18-2021 @ 14:35:22 - Row :343 - Parsing item.
10-18-2021 @ 14:35:22 - Row :343 - Processing item.
10-18-2021 @ 14:35:22 - Found order object. ID:86285
10-18-2021 @ 14:35:24 - Row :343 - Order imported successfully.
10-18-2021 @ 14:35:24 - Row :344 - Parsing item.
10-18-2021 @ 14:35:24 - Row :344 - Processing item.
10-18-2021 @ 14:35:24 - Found order object. ID:86286
10-18-2021 @ 14:35:26 - Row :344 - Order imported successfully.
10-18-2021 @ 14:35:26 - Row :345 - Parsing item.
10-18-2021 @ 14:35:26 - Row :345 - Processing item.
10-18-2021 @ 14:35:26 - Found order object. ID:86287
10-18-2021 @ 14:35:28 - Row :345 - Order imported successfully.
10-18-2021 @ 14:35:28 - Row :346 - Parsing item.
10-18-2021 @ 14:35:28 - Row :346 - Processing item.
10-18-2021 @ 14:35:28 - Found order object. ID:86288
10-18-2021 @ 14:35:29 - Row :346 - Order imported successfully.
10-18-2021 @ 14:35:29 - Row :347 - Parsing item.
10-18-2021 @ 14:35:29 - Row :347 - Processing item.
10-18-2021 @ 14:35:29 - Found order object. ID:86289
10-18-2021 @ 14:35:30 - Row :347 - Order imported successfully.
10-18-2021 @ 14:35:30 - Row :348 - Parsing item.
10-18-2021 @ 14:35:30 - Row :348 - Processing item.
10-18-2021 @ 14:35:31 - Found order object. ID:86290
10-18-2021 @ 14:35:32 - Row :348 - Order imported successfully.
10-18-2021 @ 14:35:32 - Row :349 - Parsing item.
10-18-2021 @ 14:35:32 - Row :349 - Processing item.
10-18-2021 @ 14:35:32 - Found order object. ID:86291
10-18-2021 @ 14:35:34 - Row :349 - Order imported successfully.
10-18-2021 @ 14:35:34 - Row :350 - Parsing item.
10-18-2021 @ 14:35:34 - Row :350 - Processing item.
10-18-2021 @ 14:35:34 - Found order object. ID:86292
10-18-2021 @ 14:35:35 - Row :350 - Order imported successfully.
10-18-2021 @ 14:35:35 - Row :351 - Parsing item.
10-18-2021 @ 14:35:35 - Row :351 - Processing item.
10-18-2021 @ 14:35:35 - Found order object. ID:86293
10-18-2021 @ 14:35:37 - Row :351 - Order imported successfully.
10-18-2021 @ 14:35:37 - Row :352 - Parsing item.
10-18-2021 @ 14:35:37 - Row :352 - Processing item.
10-18-2021 @ 14:35:37 - Found order object. ID:86294
10-18-2021 @ 14:35:39 - Row :352 - Order imported successfully.
10-18-2021 @ 14:35:39 - Row :353 - Parsing item.
10-18-2021 @ 14:35:39 - Row :353 - Processing item.
10-18-2021 @ 14:35:39 - Found order object. ID:86295
10-18-2021 @ 14:35:41 - Row :353 - Order imported successfully.
10-18-2021 @ 14:35:41 - Row :354 - Parsing item.
10-18-2021 @ 14:35:41 - Row :354 - Processing item.
10-18-2021 @ 14:35:41 - Found order object. ID:86296
10-18-2021 @ 14:35:42 - Row :354 - Order imported successfully.
10-18-2021 @ 14:35:42 - Row :355 - Parsing item.
10-18-2021 @ 14:35:42 - Row :355 - Processing item.
10-18-2021 @ 14:35:42 - Found order object. ID:86297
10-18-2021 @ 14:35:43 - Row :355 - Order imported successfully.
10-18-2021 @ 14:35:43 - Row :356 - Parsing item.
10-18-2021 @ 14:35:43 - Row :356 - Processing item.
10-18-2021 @ 14:35:44 - Found order object. ID:86298
10-18-2021 @ 14:35:45 - Row :356 - Order imported successfully.
10-18-2021 @ 14:35:45 - Row :357 - Parsing item.
10-18-2021 @ 14:35:45 - Row :357 - Processing item.
10-18-2021 @ 14:35:45 - Found order object. ID:86299
10-18-2021 @ 14:35:47 - Row :357 - Order imported successfully.
10-18-2021 @ 14:35:47 - Row :358 - Parsing item.
10-18-2021 @ 14:35:47 - Row :358 - Processing item.
10-18-2021 @ 14:35:47 - Found order object. ID:86300
10-18-2021 @ 14:35:47 - Row :358 - Order imported successfully.
10-18-2021 @ 14:35:47 - Row :359 - Parsing item.
10-18-2021 @ 14:35:47 - Row :359 - Processing item.
10-18-2021 @ 14:35:48 - Found order object. ID:86301
10-18-2021 @ 14:35:49 - Row :359 - Order imported successfully.
10-18-2021 @ 14:35:49 - Row :360 - Parsing item.
10-18-2021 @ 14:35:49 - Row :360 - Processing item.
10-18-2021 @ 14:35:49 - Found order object. ID:86302
10-18-2021 @ 14:35:50 - Row :360 - Order imported successfully.
10-18-2021 @ 14:35:50 - Row :361 - Parsing item.
10-18-2021 @ 14:35:50 - Row :361 - Processing item.
10-18-2021 @ 14:35:51 - Found order object. ID:86303
10-18-2021 @ 14:35:51 - Row :361 - Order imported successfully.
10-18-2021 @ 14:35:51 - Row :362 - Parsing item.
10-18-2021 @ 14:35:51 - Row :362 - Processing item.
10-18-2021 @ 14:35:51 - Found order object. ID:86304
10-18-2021 @ 14:35:53 - Row :362 - Order imported successfully.
10-18-2021 @ 14:35:53 - Row :363 - Parsing item.
10-18-2021 @ 14:35:53 - Row :363 - Processing item.
10-18-2021 @ 14:35:53 - Found order object. ID:86305
10-18-2021 @ 14:35:56 - Row :363 - Order imported successfully.
10-18-2021 @ 14:35:56 - Row :364 - Parsing item.
10-18-2021 @ 14:35:56 - Row :364 - Processing item.
10-18-2021 @ 14:35:56 - Found order object. ID:86306
10-18-2021 @ 14:35:56 - Row :364 - Order imported successfully.
10-18-2021 @ 14:35:56 - Row :365 - Parsing item.
10-18-2021 @ 14:35:56 - Row :365 - Processing item.
10-18-2021 @ 14:35:56 - Found order object. ID:86307
10-18-2021 @ 14:35:59 - Row :365 - Order imported successfully.
10-18-2021 @ 14:35:59 - Row :366 - Parsing item.
10-18-2021 @ 14:35:59 - Row :366 - Processing item.
10-18-2021 @ 14:35:59 - Found order object. ID:86308
10-18-2021 @ 14:36:00 - Row :366 - Order imported successfully.
10-18-2021 @ 14:36:00 - Row :367 - Parsing item.
10-18-2021 @ 14:36:00 - Row :367 - Processing item.
10-18-2021 @ 14:36:00 - Found order object. ID:86309
10-18-2021 @ 14:36:01 - Row :367 - Order imported successfully.
10-18-2021 @ 14:36:01 - Row :368 - Parsing item.
10-18-2021 @ 14:36:01 - Row :368 - Processing item.
10-18-2021 @ 14:36:01 - Found order object. ID:86310
10-18-2021 @ 14:36:02 - Row :368 - Order imported successfully.
10-18-2021 @ 14:36:02 - Row :369 - Parsing item.
10-18-2021 @ 14:36:02 - Row :369 - Processing item.
10-18-2021 @ 14:36:02 - Found order object. ID:86311
10-18-2021 @ 14:36:04 - Row :369 - Order imported successfully.
10-18-2021 @ 14:36:04 - Row :370 - Parsing item.
10-18-2021 @ 14:36:04 - Row :370 - Processing item.
10-18-2021 @ 14:36:04 - Found order object. ID:86312
10-18-2021 @ 14:36:05 - Row :370 - Order imported successfully.
10-18-2021 @ 14:36:05 - Row :371 - Parsing item.
10-18-2021 @ 14:36:05 - Row :371 - Processing item.
10-18-2021 @ 14:36:05 - Found order object. ID:86313
10-18-2021 @ 14:36:07 - Row :371 - Order imported successfully.
10-18-2021 @ 14:36:07 - Row :372 - Parsing item.
10-18-2021 @ 14:36:07 - Row :372 - Processing item.
10-18-2021 @ 14:36:07 - Found order object. ID:86314
10-18-2021 @ 14:36:08 - Row :372 - Order imported successfully.
10-18-2021 @ 14:36:08 - Row :373 - Parsing item.
10-18-2021 @ 14:36:08 - Row :373 - Processing item.
10-18-2021 @ 14:36:08 - Found order object. ID:86315
10-18-2021 @ 14:36:11 - Row :373 - Order imported successfully.
10-18-2021 @ 14:36:11 - Row :374 - Parsing item.
10-18-2021 @ 14:36:11 - Row :374 - Processing item.
10-18-2021 @ 14:36:11 - Found order object. ID:86316
10-18-2021 @ 14:36:13 - Row :374 - Order imported successfully.
10-18-2021 @ 14:36:13 - Row :375 - Parsing item.
10-18-2021 @ 14:36:13 - Row :375 - Processing item.
10-18-2021 @ 14:36:13 - Found order object. ID:86317
10-18-2021 @ 14:36:15 - Row :375 - Order imported successfully.
10-18-2021 @ 14:36:15 - Row :376 - Parsing item.
10-18-2021 @ 14:36:15 - Row :376 - Processing item.
10-18-2021 @ 14:36:15 - Found order object. ID:86318
10-18-2021 @ 14:36:17 - Row :376 - Order imported successfully.
10-18-2021 @ 14:36:17 - Row :377 - Parsing item.
10-18-2021 @ 14:36:17 - Row :377 - Processing item.
10-18-2021 @ 14:36:17 - Found order object. ID:86319
10-18-2021 @ 14:36:19 - Row :377 - Order imported successfully.
10-18-2021 @ 14:36:19 - Row :378 - Parsing item.
10-18-2021 @ 14:36:19 - Row :378 - Processing item.
10-18-2021 @ 14:36:19 - Found order object. ID:86320
10-18-2021 @ 14:36:20 - Row :378 - Order imported successfully.
10-18-2021 @ 14:36:20 - Row :379 - Parsing item.
10-18-2021 @ 14:36:20 - Row :379 - Processing item.
10-18-2021 @ 14:36:20 - Found order object. ID:86321
10-18-2021 @ 14:36:21 - Row :379 - Order imported successfully.
10-18-2021 @ 14:36:21 - Row :380 - Parsing item.
10-18-2021 @ 14:36:21 - Row :380 - Processing item.
10-18-2021 @ 14:36:21 - Found order object. ID:86322
10-18-2021 @ 14:36:22 - Row :380 - Order imported successfully.
10-18-2021 @ 14:36:22 - Row :381 - Parsing item.
10-18-2021 @ 14:36:22 - Row :381 - Processing item.
10-18-2021 @ 14:36:22 - Found order object. ID:86323
10-18-2021 @ 14:36:23 - Row :381 - Order imported successfully.
10-18-2021 @ 14:36:23 - Row :382 - Parsing item.
10-18-2021 @ 14:36:23 - Row :382 - Processing item.
10-18-2021 @ 14:36:23 - Found order object. ID:86324
