10-18-2021 @ 14:55:27 - ---[ New import started at 2021-10-18 06:55:27 ] PHP Memory: 512 Mo, WP Memory: 40 Mo
10-18-2021 @ 14:55:27 - Preparing for import.
10-18-2021 @ 14:55:27 - Row :1 - Parsing item.
10-18-2021 @ 14:55:28 - Row :1 - Processing item.
10-18-2021 @ 14:55:28 - Found order object. ID:86483
10-18-2021 @ 14:55:29 - Row :1 - Order imported successfully.
10-18-2021 @ 14:55:29 - Row :2 - Parsing item.
10-18-2021 @ 14:55:29 - Row :2 - Processing item.
10-18-2021 @ 14:55:29 - Found order object. ID:86484
10-18-2021 @ 14:55:31 - Row :2 - Order imported successfully.
10-18-2021 @ 14:55:31 - Row :3 - Parsing item.
10-18-2021 @ 14:55:31 - Row :3 - Processing item.
10-18-2021 @ 14:55:31 - Found order object. ID:86485
10-18-2021 @ 14:55:33 - Row :3 - Order imported successfully.
10-18-2021 @ 14:55:33 - Row :4 - Parsing item.
10-18-2021 @ 14:55:33 - Row :4 - Processing item.
10-18-2021 @ 14:55:33 - Found order object. ID:86486
10-18-2021 @ 14:55:35 - Row :4 - Order imported successfully.
10-18-2021 @ 14:55:35 - Row :5 - Parsing item.
10-18-2021 @ 14:55:35 - Row :5 - Processing item.
10-18-2021 @ 14:55:36 - Found order object. ID:86487
10-18-2021 @ 14:55:36 - Row :5 - Order imported successfully.
10-18-2021 @ 14:55:36 - Row :6 - Parsing item.
10-18-2021 @ 14:55:36 - Row :6 - Processing item.
10-18-2021 @ 14:55:36 - Found order object. ID:86488
10-18-2021 @ 14:55:38 - Row :6 - Order imported successfully.
10-18-2021 @ 14:55:38 - Row :7 - Parsing item.
10-18-2021 @ 14:55:38 - Row :7 - Processing item.
10-18-2021 @ 14:55:38 - Found order object. ID:86489
10-18-2021 @ 14:55:38 - Row :7 - Order imported successfully.
10-18-2021 @ 14:55:38 - Row :8 - Parsing item.
10-18-2021 @ 14:55:38 - Row :8 - Processing item.
10-18-2021 @ 14:55:38 - Found order object. ID:86490
10-18-2021 @ 14:55:40 - Row :8 - Order imported successfully.
10-18-2021 @ 14:55:40 - Row :9 - Parsing item.
10-18-2021 @ 14:55:40 - Row :9 - Processing item.
10-18-2021 @ 14:55:40 - Found order object. ID:86491
10-18-2021 @ 14:55:42 - Row :9 - Order imported successfully.
10-18-2021 @ 14:55:42 - Row :10 - Parsing item.
10-18-2021 @ 14:55:42 - Row :10 - Processing item.
10-18-2021 @ 14:55:42 - Found order object. ID:86492
10-18-2021 @ 14:55:44 - Row :10 - Order imported successfully.
10-18-2021 @ 14:55:44 - Row :11 - Parsing item.
10-18-2021 @ 14:55:44 - Row :11 - Processing item.
10-18-2021 @ 14:55:44 - Found order object. ID:86493
10-18-2021 @ 14:55:45 - Row :11 - Order imported successfully.
10-18-2021 @ 14:55:45 - Row :12 - Parsing item.
10-18-2021 @ 14:55:45 - Row :12 - Processing item.
10-18-2021 @ 14:55:46 - Found order object. ID:86494
10-18-2021 @ 14:55:47 - Row :12 - Order imported successfully.
10-18-2021 @ 14:55:47 - Row :13 - Parsing item.
10-18-2021 @ 14:55:47 - Row :13 - Processing item.
10-18-2021 @ 14:55:47 - Found order object. ID:86495
10-18-2021 @ 14:55:48 - Row :13 - Order imported successfully.
10-18-2021 @ 14:55:48 - Row :14 - Parsing item.
10-18-2021 @ 14:55:48 - Row :14 - Processing item.
10-18-2021 @ 14:55:48 - Found order object. ID:86496
10-18-2021 @ 14:55:49 - Row :14 - Order imported successfully.
10-18-2021 @ 14:55:49 - Row :15 - Parsing item.
10-18-2021 @ 14:55:49 - Row :15 - Processing item.
10-18-2021 @ 14:55:49 - Found order object. ID:86497
10-18-2021 @ 14:55:51 - Row :15 - Order imported successfully.
10-18-2021 @ 14:55:51 - Row :16 - Parsing item.
10-18-2021 @ 14:55:51 - Row :16 - Processing item.
10-18-2021 @ 14:55:51 - Found order object. ID:86498
10-18-2021 @ 14:55:52 - Row :16 - Order imported successfully.
10-18-2021 @ 14:55:52 - Row :17 - Parsing item.
10-18-2021 @ 14:55:52 - Row :17 - Processing item.
10-18-2021 @ 14:55:52 - Found order object. ID:86499
10-18-2021 @ 14:55:53 - Row :17 - Order imported successfully.
10-18-2021 @ 14:55:53 - Row :18 - Parsing item.
10-18-2021 @ 14:55:53 - Row :18 - Processing item.
10-18-2021 @ 14:55:53 - Found order object. ID:86500
10-18-2021 @ 14:55:55 - Row :18 - Order imported successfully.
10-18-2021 @ 14:55:55 - Row :19 - Parsing item.
10-18-2021 @ 14:55:55 - Row :19 - Processing item.
10-18-2021 @ 14:55:55 - Found order object. ID:86501
10-18-2021 @ 14:55:56 - Row :19 - Order imported successfully.
10-18-2021 @ 14:55:56 - Row :20 - Parsing item.
10-18-2021 @ 14:55:56 - Row :20 - Processing item.
10-18-2021 @ 14:55:56 - Found order object. ID:86502
10-18-2021 @ 14:55:58 - Row :20 - Order imported successfully.
10-18-2021 @ 14:55:58 - Row :21 - Parsing item.
10-18-2021 @ 14:55:58 - Row :21 - Processing item.
10-18-2021 @ 14:55:58 - Found order object. ID:86503
10-18-2021 @ 14:56:00 - Row :21 - Order imported successfully.
10-18-2021 @ 14:56:00 - Row :22 - Parsing item.
10-18-2021 @ 14:56:00 - Row :22 - Processing item.
10-18-2021 @ 14:56:00 - Found order object. ID:86504
10-18-2021 @ 14:56:01 - Row :22 - Order imported successfully.
10-18-2021 @ 14:56:01 - Row :23 - Parsing item.
10-18-2021 @ 14:56:01 - Row :23 - Processing item.
10-18-2021 @ 14:56:01 - Found order object. ID:86505
10-18-2021 @ 14:56:04 - Row :23 - Order imported successfully.
10-18-2021 @ 14:56:04 - Row :24 - Parsing item.
10-18-2021 @ 14:56:04 - Row :24 - Processing item.
10-18-2021 @ 14:56:04 - Found order object. ID:86506
10-18-2021 @ 14:56:05 - Row :24 - Order imported successfully.
10-18-2021 @ 14:56:05 - Row :25 - Parsing item.
10-18-2021 @ 14:56:05 - Row :25 - Processing item.
10-18-2021 @ 14:56:05 - Found order object. ID:86507
10-18-2021 @ 14:56:06 - Row :25 - Order imported successfully.
10-18-2021 @ 14:56:06 - Row :26 - Parsing item.
10-18-2021 @ 14:56:06 - Row :26 - Processing item.
10-18-2021 @ 14:56:06 - Found order object. ID:86508
10-18-2021 @ 14:56:07 - Row :26 - Order imported successfully.
10-18-2021 @ 14:56:07 - Row :27 - Parsing item.
10-18-2021 @ 14:56:07 - Row :27 - Processing item.
10-18-2021 @ 14:56:07 - Found order object. ID:86509
10-18-2021 @ 14:56:08 - Row :27 - Order imported successfully.
10-18-2021 @ 14:56:08 - Row :28 - Parsing item.
10-18-2021 @ 14:56:08 - Row :28 - Processing item.
10-18-2021 @ 14:56:08 - Found order object. ID:86510
10-18-2021 @ 14:56:10 - Row :28 - Order imported successfully.
10-18-2021 @ 14:56:10 - Row :29 - Parsing item.
10-18-2021 @ 14:56:10 - Row :29 - Processing item.
10-18-2021 @ 14:56:10 - Found order object. ID:86511
10-18-2021 @ 14:56:12 - Row :29 - Order imported successfully.
10-18-2021 @ 14:56:12 - Row :30 - Parsing item.
10-18-2021 @ 14:56:12 - Row :30 - Processing item.
10-18-2021 @ 14:56:12 - Found order object. ID:86512
10-18-2021 @ 14:56:13 - Row :30 - Order imported successfully.
10-18-2021 @ 14:56:13 - Row :31 - Parsing item.
10-18-2021 @ 14:56:13 - Row :31 - Processing item.
10-18-2021 @ 14:56:13 - Found order object. ID:86513
10-18-2021 @ 14:56:16 - Row :31 - Order imported successfully.
10-18-2021 @ 14:56:16 - Row :32 - Parsing item.
10-18-2021 @ 14:56:16 - Row :32 - Processing item.
10-18-2021 @ 14:56:16 - Found order object. ID:86514
10-18-2021 @ 14:56:16 - Row :32 - Order imported successfully.
10-18-2021 @ 14:56:16 - Row :33 - Parsing item.
10-18-2021 @ 14:56:16 - Row :33 - Processing item.
10-18-2021 @ 14:56:17 - Found order object. ID:86515
10-18-2021 @ 14:56:18 - Row :33 - Order imported successfully.
10-18-2021 @ 14:56:18 - Row :34 - Parsing item.
10-18-2021 @ 14:56:18 - Row :34 - Processing item.
10-18-2021 @ 14:56:18 - Found order object. ID:86516
10-18-2021 @ 14:56:19 - Row :34 - Order imported successfully.
10-18-2021 @ 14:56:19 - Row :35 - Parsing item.
10-18-2021 @ 14:56:19 - Row :35 - Processing item.
10-18-2021 @ 14:56:19 - Found order object. ID:86517
10-18-2021 @ 14:56:20 - Row :35 - Order imported successfully.
10-18-2021 @ 14:56:20 - Row :36 - Parsing item.
10-18-2021 @ 14:56:20 - Row :36 - Processing item.
10-18-2021 @ 14:56:20 - Found order object. ID:86518
10-18-2021 @ 14:56:21 - Row :36 - Order imported successfully.
10-18-2021 @ 14:56:21 - Row :37 - Parsing item.
10-18-2021 @ 14:56:21 - Row :37 - Processing item.
10-18-2021 @ 14:56:21 - Found order object. ID:86519
10-18-2021 @ 14:56:22 - Row :37 - Order imported successfully.
10-18-2021 @ 14:56:22 - Row :38 - Parsing item.
10-18-2021 @ 14:56:22 - Row :38 - Processing item.
10-18-2021 @ 14:56:23 - Found order object. ID:86520
10-18-2021 @ 14:56:24 - Row :38 - Order imported successfully.
10-18-2021 @ 14:56:24 - Row :39 - Parsing item.
10-18-2021 @ 14:56:24 - Row :39 - Processing item.
10-18-2021 @ 14:56:24 - Found order object. ID:86521
10-18-2021 @ 14:56:26 - Row :39 - Order imported successfully.
10-18-2021 @ 14:56:26 - Row :40 - Parsing item.
10-18-2021 @ 14:56:26 - Row :40 - Processing item.
10-18-2021 @ 14:56:26 - Found order object. ID:86522
10-18-2021 @ 14:56:27 - Row :40 - Order imported successfully.
10-18-2021 @ 14:56:27 - Row :41 - Parsing item.
10-18-2021 @ 14:56:27 - Row :41 - Processing item.
10-18-2021 @ 14:56:27 - Found order object. ID:86523
10-18-2021 @ 14:56:29 - Row :41 - Order imported successfully.
10-18-2021 @ 14:56:29 - Row :42 - Parsing item.
10-18-2021 @ 14:56:29 - Row :42 - Processing item.
10-18-2021 @ 14:56:29 - Found order object. ID:86524
10-18-2021 @ 14:56:30 - Row :42 - Order imported successfully.
10-18-2021 @ 14:56:30 - Row :43 - Parsing item.
10-18-2021 @ 14:56:30 - Row :43 - Processing item.
10-18-2021 @ 14:56:30 - Found order object. ID:86525
10-18-2021 @ 14:56:32 - Row :43 - Order imported successfully.
10-18-2021 @ 14:56:32 - Row :44 - Parsing item.
10-18-2021 @ 14:56:32 - Row :44 - Processing item.
10-18-2021 @ 14:56:32 - Found order object. ID:86526
10-18-2021 @ 14:56:34 - Row :44 - Order imported successfully.
10-18-2021 @ 14:56:34 - Row :45 - Parsing item.
10-18-2021 @ 14:56:34 - Row :45 - Processing item.
10-18-2021 @ 14:56:34 - Found order object. ID:86527
10-18-2021 @ 14:56:34 - Row :45 - Order imported successfully.
10-18-2021 @ 14:56:34 - Row :46 - Parsing item.
10-18-2021 @ 14:56:34 - Row :46 - Processing item.
10-18-2021 @ 14:56:34 - Found order object. ID:86528
10-18-2021 @ 14:56:37 - Row :46 - Order imported successfully.
10-18-2021 @ 14:56:37 - Row :47 - Parsing item.
10-18-2021 @ 14:56:37 - Row :47 - Processing item.
10-18-2021 @ 14:56:37 - Found order object. ID:86529
10-18-2021 @ 14:56:38 - Row :47 - Order imported successfully.
10-18-2021 @ 14:56:38 - Row :48 - Parsing item.
10-18-2021 @ 14:56:38 - Row :48 - Processing item.
10-18-2021 @ 14:56:38 - Found order object. ID:86530
10-18-2021 @ 14:56:40 - Row :48 - Order imported successfully.
10-18-2021 @ 14:56:40 - Row :49 - Parsing item.
10-18-2021 @ 14:56:40 - Row :49 - Processing item.
10-18-2021 @ 14:56:40 - Found order object. ID:86531
10-18-2021 @ 14:56:42 - Row :49 - Order imported successfully.
10-18-2021 @ 14:56:42 - Row :50 - Parsing item.
10-18-2021 @ 14:56:42 - Row :50 - Processing item.
10-18-2021 @ 14:56:42 - Found order object. ID:86532
10-18-2021 @ 14:56:42 - Row :50 - Order imported successfully.
10-18-2021 @ 14:56:42 - Row :51 - Parsing item.
10-18-2021 @ 14:56:42 - Row :51 - Processing item.
10-18-2021 @ 14:56:43 - Found order object. ID:86533
10-18-2021 @ 14:56:44 - Row :51 - Order imported successfully.
10-18-2021 @ 14:56:44 - Row :52 - Parsing item.
10-18-2021 @ 14:56:44 - Row :52 - Processing item.
10-18-2021 @ 14:56:44 - Found order object. ID:86534
10-18-2021 @ 14:56:45 - Row :52 - Order imported successfully.
10-18-2021 @ 14:56:45 - Row :53 - Parsing item.
10-18-2021 @ 14:56:45 - Row :53 - Processing item.
10-18-2021 @ 14:56:46 - Found order object. ID:86535
10-18-2021 @ 14:56:46 - Row :53 - Order imported successfully.
10-18-2021 @ 14:56:46 - Row :54 - Parsing item.
10-18-2021 @ 14:56:46 - Row :54 - Processing item.
10-18-2021 @ 14:56:46 - Found order object. ID:86536
10-18-2021 @ 14:56:47 - Row :54 - Order imported successfully.
10-18-2021 @ 14:56:47 - Row :55 - Parsing item.
10-18-2021 @ 14:56:47 - Row :55 - Processing item.
10-18-2021 @ 14:56:47 - Found order object. ID:86537
10-18-2021 @ 14:56:48 - Row :55 - Order imported successfully.
10-18-2021 @ 14:56:48 - Row :56 - Parsing item.
10-18-2021 @ 14:56:48 - Row :56 - Processing item.
10-18-2021 @ 14:56:48 - Found order object. ID:86538
10-18-2021 @ 14:56:50 - Row :56 - Order imported successfully.
10-18-2021 @ 14:56:50 - Row :57 - Parsing item.
10-18-2021 @ 14:56:50 - Row :57 - Processing item.
10-18-2021 @ 14:56:50 - Found order object. ID:86539
10-18-2021 @ 14:56:51 - Row :57 - Order imported successfully.
10-18-2021 @ 14:56:51 - Row :58 - Parsing item.
10-18-2021 @ 14:56:51 - Row :58 - Processing item.
10-18-2021 @ 14:56:51 - Found order object. ID:86540
10-18-2021 @ 14:56:53 - Row :58 - Order imported successfully.
10-18-2021 @ 14:56:53 - Row :59 - Parsing item.
10-18-2021 @ 14:56:53 - Row :59 - Processing item.
10-18-2021 @ 14:56:53 - Found order object. ID:86541
10-18-2021 @ 14:56:55 - Row :59 - Order imported successfully.
10-18-2021 @ 14:56:55 - Row :60 - Parsing item.
10-18-2021 @ 14:56:55 - Row :60 - Processing item.
10-18-2021 @ 14:56:55 - Found order object. ID:86542
10-18-2021 @ 14:56:57 - Row :60 - Order imported successfully.
10-18-2021 @ 14:56:57 - Row :61 - Parsing item.
10-18-2021 @ 14:56:57 - Row :61 - Processing item.
10-18-2021 @ 14:56:57 - Found order object. ID:86543
10-18-2021 @ 14:56:58 - Row :61 - Order imported successfully.
10-18-2021 @ 14:56:58 - Row :62 - Parsing item.
10-18-2021 @ 14:56:58 - Row :62 - Processing item.
10-18-2021 @ 14:56:58 - Found order object. ID:86544
10-18-2021 @ 14:57:00 - Row :62 - Order imported successfully.
10-18-2021 @ 14:57:00 - Row :63 - Parsing item.
10-18-2021 @ 14:57:00 - Row :63 - Processing item.
10-18-2021 @ 14:57:00 - Found order object. ID:86545
10-18-2021 @ 14:57:02 - Row :63 - Order imported successfully.
10-18-2021 @ 14:57:02 - Row :64 - Parsing item.
10-18-2021 @ 14:57:02 - Row :64 - Processing item.
10-18-2021 @ 14:57:02 - Found order object. ID:86546
10-18-2021 @ 14:57:03 - Row :64 - Order imported successfully.
10-18-2021 @ 14:57:03 - Row :65 - Parsing item.
10-18-2021 @ 14:57:03 - Row :65 - Processing item.
10-18-2021 @ 14:57:03 - Found order object. ID:86547
10-18-2021 @ 14:57:05 - Row :65 - Order imported successfully.
10-18-2021 @ 14:57:05 - Row :66 - Parsing item.
10-18-2021 @ 14:57:05 - Row :66 - Processing item.
10-18-2021 @ 14:57:05 - Found order object. ID:86548
10-18-2021 @ 14:57:05 - Row :66 - Order imported successfully.
10-18-2021 @ 14:57:05 - Row :67 - Parsing item.
10-18-2021 @ 14:57:05 - Row :67 - Processing item.
10-18-2021 @ 14:57:05 - Found order object. ID:86549
10-18-2021 @ 14:57:07 - Row :67 - Order imported successfully.
10-18-2021 @ 14:57:07 - Row :68 - Parsing item.
10-18-2021 @ 14:57:07 - Row :68 - Processing item.
10-18-2021 @ 14:57:07 - Found order object. ID:86550
10-18-2021 @ 14:57:08 - Row :68 - Order imported successfully.
10-18-2021 @ 14:57:08 - Row :69 - Parsing item.
10-18-2021 @ 14:57:08 - Row :69 - Processing item.
10-18-2021 @ 14:57:09 - Found order object. ID:86551
10-18-2021 @ 14:57:11 - Row :69 - Order imported successfully.
10-18-2021 @ 14:57:11 - Row :70 - Parsing item.
10-18-2021 @ 14:57:11 - Row :70 - Processing item.
10-18-2021 @ 14:57:11 - Found order object. ID:86552
10-18-2021 @ 14:57:13 - Row :70 - Order imported successfully.
10-18-2021 @ 14:57:13 - Row :71 - Parsing item.
10-18-2021 @ 14:57:13 - Row :71 - Processing item.
10-18-2021 @ 14:57:13 - Found order object. ID:86553
10-18-2021 @ 14:57:15 - Row :71 - Order imported successfully.
10-18-2021 @ 14:57:15 - Row :72 - Parsing item.
10-18-2021 @ 14:57:15 - Row :72 - Processing item.
10-18-2021 @ 14:57:16 - Found order object. ID:86554
10-18-2021 @ 14:57:18 - Row :72 - Order imported successfully.
10-18-2021 @ 14:57:18 - Row :73 - Parsing item.
10-18-2021 @ 14:57:18 - Row :73 - Processing item.
10-18-2021 @ 14:57:18 - Found order object. ID:86555
10-18-2021 @ 14:57:19 - Row :73 - Order imported successfully.
10-18-2021 @ 14:57:19 - Row :74 - Parsing item.
10-18-2021 @ 14:57:19 - Row :74 - Processing item.
10-18-2021 @ 14:57:19 - Found order object. ID:86556
10-18-2021 @ 14:57:20 - Row :74 - Order imported successfully.
10-18-2021 @ 14:57:20 - Row :75 - Parsing item.
10-18-2021 @ 14:57:20 - Row :75 - Processing item.
10-18-2021 @ 14:57:20 - Found order object. ID:86557
10-18-2021 @ 14:57:22 - Row :75 - Order imported successfully.
10-18-2021 @ 14:57:22 - Row :76 - Parsing item.
10-18-2021 @ 14:57:22 - Row :76 - Processing item.
10-18-2021 @ 14:57:23 - Found order object. ID:86558
10-18-2021 @ 14:57:24 - Row :76 - Order imported successfully.
10-18-2021 @ 14:57:24 - Row :77 - Parsing item.
10-18-2021 @ 14:57:24 - Row :77 - Processing item.
10-18-2021 @ 14:57:24 - Found order object. ID:86559
10-18-2021 @ 14:57:25 - Row :77 - Order imported successfully.
10-18-2021 @ 14:57:25 - Row :78 - Parsing item.
10-18-2021 @ 14:57:25 - Row :78 - Processing item.
10-18-2021 @ 14:57:25 - Found order object. ID:86560
10-18-2021 @ 14:57:27 - Row :78 - Order imported successfully.
10-18-2021 @ 14:57:27 - Row :79 - Parsing item.
10-18-2021 @ 14:57:27 - Row :79 - Processing item.
10-18-2021 @ 14:57:27 - Found order object. ID:86561
10-18-2021 @ 14:57:29 - Row :79 - Order imported successfully.
10-18-2021 @ 14:57:29 - Row :80 - Parsing item.
10-18-2021 @ 14:57:29 - Row :80 - Processing item.
10-18-2021 @ 14:57:29 - Found order object. ID:86562
10-18-2021 @ 14:57:30 - Row :80 - Order imported successfully.
10-18-2021 @ 14:57:30 - Row :81 - Parsing item.
10-18-2021 @ 14:57:30 - Row :81 - Processing item.
10-18-2021 @ 14:57:30 - Found order object. ID:86563
10-18-2021 @ 14:57:33 - Row :81 - Order imported successfully.
10-18-2021 @ 14:57:33 - Row :82 - Parsing item.
10-18-2021 @ 14:57:33 - Row :82 - Processing item.
10-18-2021 @ 14:57:33 - Found order object. ID:86564
10-18-2021 @ 14:57:34 - Row :82 - Order imported successfully.
10-18-2021 @ 14:57:34 - Row :83 - Parsing item.
10-18-2021 @ 14:57:34 - Row :83 - Processing item.
10-18-2021 @ 14:57:34 - Found order object. ID:86565
10-18-2021 @ 14:57:36 - Row :83 - Order imported successfully.
10-18-2021 @ 14:57:36 - Row :84 - Parsing item.
10-18-2021 @ 14:57:36 - Row :84 - Processing item.
10-18-2021 @ 14:57:36 - Found order object. ID:86566
10-18-2021 @ 14:57:37 - Row :84 - Order imported successfully.
10-18-2021 @ 14:57:37 - Row :85 - Parsing item.
10-18-2021 @ 14:57:37 - Row :85 - Processing item.
10-18-2021 @ 14:57:37 - Found order object. ID:86567
10-18-2021 @ 14:57:38 - Row :85 - Order imported successfully.
10-18-2021 @ 14:57:38 - Row :86 - Parsing item.
10-18-2021 @ 14:57:38 - Row :86 - Processing item.
10-18-2021 @ 14:57:38 - Found order object. ID:86568
10-18-2021 @ 14:57:40 - Row :86 - Order imported successfully.
10-18-2021 @ 14:57:40 - Row :87 - Parsing item.
10-18-2021 @ 14:57:40 - Row :87 - Processing item.
10-18-2021 @ 14:57:40 - Found order object. ID:86569
10-18-2021 @ 14:57:41 - Row :87 - Order imported successfully.
10-18-2021 @ 14:57:41 - Row :88 - Parsing item.
10-18-2021 @ 14:57:41 - Row :88 - Processing item.
10-18-2021 @ 14:57:41 - Found order object. ID:86570
10-18-2021 @ 14:57:44 - Row :88 - Order imported successfully.
10-18-2021 @ 14:57:44 - Row :89 - Parsing item.
10-18-2021 @ 14:57:44 - Row :89 - Processing item.
10-18-2021 @ 14:57:44 - Found order object. ID:86571
10-18-2021 @ 14:57:45 - Row :89 - Order imported successfully.
10-18-2021 @ 14:57:45 - Row :90 - Parsing item.
10-18-2021 @ 14:57:45 - Row :90 - Processing item.
10-18-2021 @ 14:57:45 - Found order object. ID:86572
10-18-2021 @ 14:57:47 - Row :90 - Order imported successfully.
10-18-2021 @ 14:57:47 - Row :91 - Parsing item.
10-18-2021 @ 14:57:47 - Row :91 - Processing item.
10-18-2021 @ 14:57:47 - Found order object. ID:86573
10-18-2021 @ 14:57:49 - Row :91 - Order imported successfully.
10-18-2021 @ 14:57:49 - Row :92 - Parsing item.
10-18-2021 @ 14:57:49 - Row :92 - Processing item.
10-18-2021 @ 14:57:49 - Found order object. ID:86574
10-18-2021 @ 14:57:49 - Row :92 - Order imported successfully.
10-18-2021 @ 14:57:49 - Row :93 - Parsing item.
10-18-2021 @ 14:57:49 - Row :93 - Processing item.
10-18-2021 @ 14:57:49 - Found order object. ID:86575
10-18-2021 @ 14:57:50 - Row :93 - Order imported successfully.
10-18-2021 @ 14:57:50 - Row :94 - Parsing item.
10-18-2021 @ 14:57:50 - Row :94 - Processing item.
10-18-2021 @ 14:57:50 - Found order object. ID:86576
10-18-2021 @ 14:57:51 - Row :94 - Order imported successfully.
10-18-2021 @ 14:57:51 - Row :95 - Parsing item.
10-18-2021 @ 14:57:51 - Row :95 - Processing item.
10-18-2021 @ 14:57:51 - Found order object. ID:86577
10-18-2021 @ 14:57:54 - Row :95 - Order imported successfully.
10-18-2021 @ 14:57:54 - Row :96 - Parsing item.
10-18-2021 @ 14:57:54 - Row :96 - Processing item.
10-18-2021 @ 14:57:54 - Found order object. ID:86578
10-18-2021 @ 14:57:54 - Row :96 - Order imported successfully.
10-18-2021 @ 14:57:54 - Row :97 - Parsing item.
10-18-2021 @ 14:57:54 - Row :97 - Processing item.
10-18-2021 @ 14:57:54 - Found order object. ID:86579
10-18-2021 @ 14:57:56 - Row :97 - Order imported successfully.
10-18-2021 @ 14:57:56 - Row :98 - Parsing item.
10-18-2021 @ 14:57:56 - Row :98 - Processing item.
10-18-2021 @ 14:57:56 - Found order object. ID:86580
10-18-2021 @ 14:57:57 - Row :98 - Order imported successfully.
10-18-2021 @ 14:57:57 - Row :99 - Parsing item.
10-18-2021 @ 14:57:57 - Row :99 - Processing item.
10-18-2021 @ 14:57:57 - Found order object. ID:86581
10-18-2021 @ 14:57:58 - Row :99 - Order imported successfully.
10-18-2021 @ 14:57:58 - Row :100 - Parsing item.
10-18-2021 @ 14:57:58 - Row :100 - Processing item.
10-18-2021 @ 14:57:59 - Found order object. ID:86582
10-18-2021 @ 14:57:59 - Row :100 - Order imported successfully.
10-18-2021 @ 14:57:59 - Row :101 - Parsing item.
10-18-2021 @ 14:57:59 - Row :101 - Processing item.
10-18-2021 @ 14:57:59 - Found order object. ID:86583
10-18-2021 @ 14:58:01 - Row :101 - Order imported successfully.
10-18-2021 @ 14:58:01 - Row :102 - Parsing item.
10-18-2021 @ 14:58:01 - Row :102 - Processing item.
10-18-2021 @ 14:58:01 - Found order object. ID:86584
10-18-2021 @ 14:58:03 - Row :102 - Order imported successfully.
10-18-2021 @ 14:58:03 - Row :103 - Parsing item.
10-18-2021 @ 14:58:03 - Row :103 - Processing item.
10-18-2021 @ 14:58:03 - Found order object. ID:86585
10-18-2021 @ 14:58:05 - Row :103 - Order imported successfully.
10-18-2021 @ 14:58:05 - Row :104 - Parsing item.
10-18-2021 @ 14:58:05 - Row :104 - Processing item.
10-18-2021 @ 14:58:05 - Found order object. ID:86586
10-18-2021 @ 14:58:07 - Row :104 - Order imported successfully.
10-18-2021 @ 14:58:07 - Row :105 - Parsing item.
10-18-2021 @ 14:58:07 - Row :105 - Processing item.
10-18-2021 @ 14:58:07 - Found order object. ID:86587
10-18-2021 @ 14:58:07 - Row :105 - Order imported successfully.
10-18-2021 @ 14:58:07 - Row :106 - Parsing item.
10-18-2021 @ 14:58:07 - Row :106 - Processing item.
10-18-2021 @ 14:58:07 - Found order object. ID:86588
10-18-2021 @ 14:58:10 - Row :106 - Order imported successfully.
10-18-2021 @ 14:58:10 - Row :107 - Parsing item.
10-18-2021 @ 14:58:10 - Row :107 - Processing item.
10-18-2021 @ 14:58:10 - Found order object. ID:86589
10-18-2021 @ 14:58:11 - Row :107 - Order imported successfully.
10-18-2021 @ 14:58:11 - Row :108 - Parsing item.
10-18-2021 @ 14:58:11 - Row :108 - Processing item.
10-18-2021 @ 14:58:11 - Found order object. ID:86590
10-18-2021 @ 14:58:13 - Row :108 - Order imported successfully.
10-18-2021 @ 14:58:13 - Row :109 - Parsing item.
10-18-2021 @ 14:58:13 - Row :109 - Processing item.
10-18-2021 @ 14:58:13 - Found order object. ID:86591
10-18-2021 @ 14:58:14 - Row :109 - Order imported successfully.
10-18-2021 @ 14:58:14 - Row :110 - Parsing item.
10-18-2021 @ 14:58:14 - Row :110 - Processing item.
10-18-2021 @ 14:58:14 - Found order object. ID:86592
10-18-2021 @ 14:58:15 - Row :110 - Order imported successfully.
10-18-2021 @ 14:58:15 - Row :111 - Parsing item.
10-18-2021 @ 14:58:15 - Row :111 - Processing item.
10-18-2021 @ 14:58:15 - Found order object. ID:86593
10-18-2021 @ 14:58:16 - Row :111 - Order imported successfully.
10-18-2021 @ 14:58:16 - Row :112 - Parsing item.
10-18-2021 @ 14:58:16 - Row :112 - Processing item.
10-18-2021 @ 14:58:16 - Found order object. ID:86594
10-18-2021 @ 14:58:18 - Row :112 - Order imported successfully.
10-18-2021 @ 14:58:19 - Row :113 - Parsing item.
10-18-2021 @ 14:58:19 - Row :113 - Processing item.
10-18-2021 @ 14:58:19 - Found order object. ID:86595
10-18-2021 @ 14:58:21 - Row :113 - Order imported successfully.
10-18-2021 @ 14:58:21 - Row :114 - Parsing item.
10-18-2021 @ 14:58:21 - Row :114 - Processing item.
10-18-2021 @ 14:58:21 - Found order object. ID:86596
10-18-2021 @ 14:58:23 - Row :114 - Order imported successfully.
10-18-2021 @ 14:58:23 - Row :115 - Parsing item.
10-18-2021 @ 14:58:23 - Row :115 - Processing item.
10-18-2021 @ 14:58:23 - Found order object. ID:86597
10-18-2021 @ 14:58:25 - Row :115 - Order imported successfully.
10-18-2021 @ 14:58:25 - Row :116 - Parsing item.
10-18-2021 @ 14:58:25 - Row :116 - Processing item.
10-18-2021 @ 14:58:25 - Found order object. ID:86598
10-18-2021 @ 14:58:27 - Row :116 - Order imported successfully.
10-18-2021 @ 14:58:27 - Row :117 - Parsing item.
10-18-2021 @ 14:58:27 - Row :117 - Processing item.
10-18-2021 @ 14:58:27 - Found order object. ID:86599
10-18-2021 @ 14:58:30 - Row :117 - Order imported successfully.
10-18-2021 @ 14:58:30 - Row :118 - Parsing item.
10-18-2021 @ 14:58:30 - Row :118 - Processing item.
10-18-2021 @ 14:58:30 - Found order object. ID:86600
10-18-2021 @ 14:58:32 - Row :118 - Order imported successfully.
10-18-2021 @ 14:58:32 - Row :119 - Parsing item.
10-18-2021 @ 14:58:32 - Row :119 - Processing item.
10-18-2021 @ 14:58:32 - Found order object. ID:86601
10-18-2021 @ 14:58:33 - Row :119 - Order imported successfully.
10-18-2021 @ 14:58:33 - Row :120 - Parsing item.
10-18-2021 @ 14:58:33 - Row :120 - Processing item.
10-18-2021 @ 14:58:33 - Found order object. ID:86602
10-18-2021 @ 14:58:35 - Row :120 - Order imported successfully.
10-18-2021 @ 14:58:35 - Row :121 - Parsing item.
10-18-2021 @ 14:58:35 - Row :121 - Processing item.
10-18-2021 @ 14:58:35 - Found order object. ID:86603
10-18-2021 @ 14:58:36 - Row :121 - Order imported successfully.
10-18-2021 @ 14:58:36 - Row :122 - Parsing item.
10-18-2021 @ 14:58:36 - Row :122 - Processing item.
10-18-2021 @ 14:58:36 - Found order object. ID:86604
10-18-2021 @ 14:58:37 - Row :122 - Order imported successfully.
10-18-2021 @ 14:58:37 - Row :123 - Parsing item.
10-18-2021 @ 14:58:37 - Row :123 - Processing item.
10-18-2021 @ 14:58:37 - Found order object. ID:86605
10-18-2021 @ 14:58:38 - Row :123 - Order imported successfully.
10-18-2021 @ 14:58:38 - Row :124 - Parsing item.
10-18-2021 @ 14:58:38 - Row :124 - Processing item.
10-18-2021 @ 14:58:38 - Found order object. ID:86606
10-18-2021 @ 14:58:40 - Row :124 - Order imported successfully.
10-18-2021 @ 14:58:40 - Row :125 - Parsing item.
10-18-2021 @ 14:58:40 - Row :125 - Processing item.
10-18-2021 @ 14:58:41 - Found order object. ID:86607
10-18-2021 @ 14:58:42 - Row :125 - Order imported successfully.
10-18-2021 @ 14:58:42 - Row :126 - Parsing item.
10-18-2021 @ 14:58:42 - Row :126 - Processing item.
10-18-2021 @ 14:58:42 - Found order object. ID:86608
10-18-2021 @ 14:58:43 - Row :126 - Order imported successfully.
10-18-2021 @ 14:58:43 - Row :127 - Parsing item.
10-18-2021 @ 14:58:43 - Row :127 - Processing item.
10-18-2021 @ 14:58:43 - Found order object. ID:86609
10-18-2021 @ 14:58:44 - Row :127 - Order imported successfully.
10-18-2021 @ 14:58:44 - Row :128 - Parsing item.
10-18-2021 @ 14:58:44 - Row :128 - Processing item.
10-18-2021 @ 14:58:44 - Found order object. ID:86610
10-18-2021 @ 14:58:45 - Row :128 - Order imported successfully.
10-18-2021 @ 14:58:45 - Row :129 - Parsing item.
10-18-2021 @ 14:58:45 - Row :129 - Processing item.
10-18-2021 @ 14:58:45 - Found order object. ID:86611
10-18-2021 @ 14:58:46 - Row :129 - Order imported successfully.
10-18-2021 @ 14:58:46 - Row :130 - Parsing item.
10-18-2021 @ 14:58:46 - Row :130 - Processing item.
10-18-2021 @ 14:58:46 - Found order object. ID:86612
10-18-2021 @ 14:58:47 - Row :130 - Order imported successfully.
10-18-2021 @ 14:58:47 - Row :131 - Parsing item.
10-18-2021 @ 14:58:48 - Row :131 - Processing item.
10-18-2021 @ 14:58:48 - Found order object. ID:86613
10-18-2021 @ 14:58:49 - Row :131 - Order imported successfully.
10-18-2021 @ 14:58:49 - Row :132 - Parsing item.
10-18-2021 @ 14:58:49 - Row :132 - Processing item.
10-18-2021 @ 14:58:49 - Found order object. ID:86614
10-18-2021 @ 14:58:50 - Row :132 - Order imported successfully.
10-18-2021 @ 14:58:50 - Row :133 - Parsing item.
10-18-2021 @ 14:58:50 - Row :133 - Processing item.
10-18-2021 @ 14:58:50 - Found order object. ID:86615
10-18-2021 @ 14:58:52 - Row :133 - Order imported successfully.
10-18-2021 @ 14:58:52 - Row :134 - Parsing item.
10-18-2021 @ 14:58:52 - Row :134 - Processing item.
10-18-2021 @ 14:58:52 - Found order object. ID:86616
10-18-2021 @ 14:58:53 - Row :134 - Order imported successfully.
10-18-2021 @ 14:58:53 - Row :135 - Parsing item.
10-18-2021 @ 14:58:53 - Row :135 - Processing item.
10-18-2021 @ 14:58:53 - Found order object. ID:86617
10-18-2021 @ 14:58:55 - Row :135 - Order imported successfully.
10-18-2021 @ 14:58:55 - Row :136 - Parsing item.
10-18-2021 @ 14:58:55 - Row :136 - Processing item.
10-18-2021 @ 14:58:55 - Found order object. ID:86618
10-18-2021 @ 14:58:57 - Row :136 - Order imported successfully.
10-18-2021 @ 14:58:57 - Row :137 - Parsing item.
10-18-2021 @ 14:58:57 - Row :137 - Processing item.
10-18-2021 @ 14:58:57 - Found order object. ID:86619
10-18-2021 @ 14:58:58 - Row :137 - Order imported successfully.
10-18-2021 @ 14:58:58 - Row :138 - Parsing item.
10-18-2021 @ 14:58:58 - Row :138 - Processing item.
10-18-2021 @ 14:58:58 - Found order object. ID:86620
10-18-2021 @ 14:58:59 - Row :138 - Order imported successfully.
10-18-2021 @ 14:58:59 - Row :139 - Parsing item.
10-18-2021 @ 14:58:59 - Row :139 - Processing item.
10-18-2021 @ 14:58:59 - Found order object. ID:86621
10-18-2021 @ 14:59:01 - Row :139 - Order imported successfully.
10-18-2021 @ 14:59:01 - Row :140 - Parsing item.
10-18-2021 @ 14:59:01 - Row :140 - Processing item.
10-18-2021 @ 14:59:01 - Found order object. ID:86622
10-18-2021 @ 14:59:02 - Row :140 - Order imported successfully.
10-18-2021 @ 14:59:02 - Row :141 - Parsing item.
10-18-2021 @ 14:59:02 - Row :141 - Processing item.
10-18-2021 @ 14:59:03 - Found order object. ID:86623
10-18-2021 @ 14:59:04 - Row :141 - Order imported successfully.
10-18-2021 @ 14:59:04 - Row :142 - Parsing item.
10-18-2021 @ 14:59:04 - Row :142 - Processing item.
10-18-2021 @ 14:59:04 - Found order object. ID:86624
10-18-2021 @ 14:59:06 - Row :142 - Order imported successfully.
10-18-2021 @ 14:59:06 - Row :143 - Parsing item.
10-18-2021 @ 14:59:06 - Row :143 - Processing item.
10-18-2021 @ 14:59:06 - Found order object. ID:86625
10-18-2021 @ 14:59:08 - Row :143 - Order imported successfully.
10-18-2021 @ 14:59:08 - Row :144 - Parsing item.
10-18-2021 @ 14:59:08 - Row :144 - Processing item.
10-18-2021 @ 14:59:08 - Found order object. ID:86626
10-18-2021 @ 14:59:10 - Row :144 - Order imported successfully.
10-18-2021 @ 14:59:10 - Row :145 - Parsing item.
10-18-2021 @ 14:59:10 - Row :145 - Processing item.
10-18-2021 @ 14:59:10 - Found order object. ID:86627
10-18-2021 @ 14:59:10 - Row :145 - Order imported successfully.
10-18-2021 @ 14:59:10 - Row :146 - Parsing item.
10-18-2021 @ 14:59:10 - Row :146 - Processing item.
10-18-2021 @ 14:59:11 - Found order object. ID:86628
10-18-2021 @ 14:59:12 - Row :146 - Order imported successfully.
10-18-2021 @ 14:59:12 - Row :147 - Parsing item.
10-18-2021 @ 14:59:12 - Row :147 - Processing item.
10-18-2021 @ 14:59:12 - Found order object. ID:86629
10-18-2021 @ 14:59:13 - Row :147 - Order imported successfully.
10-18-2021 @ 14:59:13 - Row :148 - Parsing item.
10-18-2021 @ 14:59:13 - Row :148 - Processing item.
10-18-2021 @ 14:59:13 - Found order object. ID:86630
10-18-2021 @ 14:59:15 - Row :148 - Order imported successfully.
10-18-2021 @ 14:59:15 - Row :149 - Parsing item.
10-18-2021 @ 14:59:15 - Row :149 - Processing item.
10-18-2021 @ 14:59:15 - Found order object. ID:86631
10-18-2021 @ 14:59:16 - Row :149 - Order imported successfully.
10-18-2021 @ 14:59:16 - Row :150 - Parsing item.
10-18-2021 @ 14:59:16 - Row :150 - Processing item.
10-18-2021 @ 14:59:16 - Found order object. ID:86632
10-18-2021 @ 14:59:18 - Row :150 - Order imported successfully.
10-18-2021 @ 14:59:18 - Row :151 - Parsing item.
10-18-2021 @ 14:59:18 - Row :151 - Processing item.
10-18-2021 @ 14:59:19 - Found order object. ID:86633
10-18-2021 @ 14:59:20 - Row :151 - Order imported successfully.
10-18-2021 @ 14:59:20 - Row :152 - Parsing item.
10-18-2021 @ 14:59:20 - Row :152 - Processing item.
10-18-2021 @ 14:59:20 - Found order object. ID:86634
10-18-2021 @ 14:59:21 - Row :152 - Order imported successfully.
10-18-2021 @ 14:59:21 - Row :153 - Parsing item.
10-18-2021 @ 14:59:21 - Row :153 - Processing item.
10-18-2021 @ 14:59:22 - Found order object. ID:86635
10-18-2021 @ 14:59:23 - Row :153 - Order imported successfully.
10-18-2021 @ 14:59:23 - Row :154 - Parsing item.
10-18-2021 @ 14:59:23 - Row :154 - Processing item.
10-18-2021 @ 14:59:23 - Found order object. ID:86636
10-18-2021 @ 14:59:25 - Row :154 - Order imported successfully.
10-18-2021 @ 14:59:25 - Row :155 - Parsing item.
10-18-2021 @ 14:59:25 - Row :155 - Processing item.
10-18-2021 @ 14:59:25 - Found order object. ID:86637
10-18-2021 @ 14:59:28 - Row :155 - Order imported successfully.
10-18-2021 @ 14:59:28 - Row :156 - Parsing item.
10-18-2021 @ 14:59:28 - Row :156 - Processing item.
10-18-2021 @ 14:59:28 - Found order object. ID:86638
10-18-2021 @ 14:59:28 - Row :156 - Order imported successfully.
10-18-2021 @ 14:59:28 - Row :157 - Parsing item.
10-18-2021 @ 14:59:28 - Row :157 - Processing item.
10-18-2021 @ 14:59:28 - Found order object. ID:86639
10-18-2021 @ 14:59:30 - Row :157 - Order imported successfully.
10-18-2021 @ 14:59:30 - Row :158 - Parsing item.
10-18-2021 @ 14:59:30 - Row :158 - Processing item.
10-18-2021 @ 14:59:30 - Found order object. ID:86640
10-18-2021 @ 14:59:31 - Row :158 - Order imported successfully.
10-18-2021 @ 14:59:31 - Row :159 - Parsing item.
10-18-2021 @ 14:59:31 - Row :159 - Processing item.
10-18-2021 @ 14:59:31 - Found order object. ID:86641
10-18-2021 @ 14:59:33 - Row :159 - Order imported successfully.
10-18-2021 @ 14:59:33 - Row :160 - Parsing item.
10-18-2021 @ 14:59:33 - Row :160 - Processing item.
10-18-2021 @ 14:59:33 - Found order object. ID:86642
10-18-2021 @ 14:59:34 - Row :160 - Order imported successfully.
10-18-2021 @ 14:59:34 - Row :161 - Parsing item.
10-18-2021 @ 14:59:34 - Row :161 - Processing item.
10-18-2021 @ 14:59:34 - Found order object. ID:86643
10-18-2021 @ 14:59:35 - Row :161 - Order imported successfully.
10-18-2021 @ 14:59:35 - Row :162 - Parsing item.
10-18-2021 @ 14:59:35 - Row :162 - Processing item.
10-18-2021 @ 14:59:35 - Found order object. ID:86644
10-18-2021 @ 14:59:37 - Row :162 - Order imported successfully.
10-18-2021 @ 14:59:37 - Row :163 - Parsing item.
10-18-2021 @ 14:59:37 - Row :163 - Processing item.
10-18-2021 @ 14:59:37 - Found order object. ID:86645
10-18-2021 @ 14:59:39 - Row :163 - Order imported successfully.
10-18-2021 @ 14:59:39 - Row :164 - Parsing item.
10-18-2021 @ 14:59:39 - Row :164 - Processing item.
10-18-2021 @ 14:59:39 - Found order object. ID:86646
10-18-2021 @ 14:59:40 - Row :164 - Order imported successfully.
10-18-2021 @ 14:59:40 - Row :165 - Parsing item.
10-18-2021 @ 14:59:40 - Row :165 - Processing item.
10-18-2021 @ 14:59:40 - Found order object. ID:86647
10-18-2021 @ 14:59:41 - Row :165 - Order imported successfully.
10-18-2021 @ 14:59:41 - Row :166 - Parsing item.
10-18-2021 @ 14:59:41 - Row :166 - Processing item.
10-18-2021 @ 14:59:41 - Found order object. ID:86648
10-18-2021 @ 14:59:42 - Row :166 - Order imported successfully.
10-18-2021 @ 14:59:42 - Row :167 - Parsing item.
10-18-2021 @ 14:59:42 - Row :167 - Processing item.
10-18-2021 @ 14:59:42 - Found order object. ID:86649
10-18-2021 @ 14:59:43 - Row :167 - Order imported successfully.
10-18-2021 @ 14:59:43 - Row :168 - Parsing item.
10-18-2021 @ 14:59:43 - Row :168 - Processing item.
10-18-2021 @ 14:59:43 - Found order object. ID:86650
10-18-2021 @ 14:59:45 - Row :168 - Order imported successfully.
10-18-2021 @ 14:59:45 - Row :169 - Parsing item.
10-18-2021 @ 14:59:45 - Row :169 - Processing item.
10-18-2021 @ 14:59:46 - Found order object. ID:86651
10-18-2021 @ 14:59:47 - Row :169 - Order imported successfully.
10-18-2021 @ 14:59:47 - Row :170 - Parsing item.
10-18-2021 @ 14:59:47 - Row :170 - Processing item.
10-18-2021 @ 14:59:47 - Found order object. ID:86652
10-18-2021 @ 14:59:48 - Row :170 - Order imported successfully.
10-18-2021 @ 14:59:48 - Row :171 - Parsing item.
10-18-2021 @ 14:59:48 - Row :171 - Processing item.
10-18-2021 @ 14:59:48 - Found order object. ID:86653
10-18-2021 @ 14:59:49 - Row :171 - Order imported successfully.
10-18-2021 @ 14:59:49 - Row :172 - Parsing item.
10-18-2021 @ 14:59:49 - Row :172 - Processing item.
10-18-2021 @ 14:59:49 - Found order object. ID:86654
10-18-2021 @ 14:59:50 - Row :172 - Order imported successfully.
10-18-2021 @ 14:59:50 - Row :173 - Parsing item.
10-18-2021 @ 14:59:50 - Row :173 - Processing item.
10-18-2021 @ 14:59:50 - Found order object. ID:86655
10-18-2021 @ 14:59:52 - Row :173 - Order imported successfully.
10-18-2021 @ 14:59:52 - Row :174 - Parsing item.
10-18-2021 @ 14:59:52 - Row :174 - Processing item.
10-18-2021 @ 14:59:52 - Found order object. ID:86656
10-18-2021 @ 14:59:54 - Row :174 - Order imported successfully.
10-18-2021 @ 14:59:54 - Row :175 - Parsing item.
10-18-2021 @ 14:59:54 - Row :175 - Processing item.
10-18-2021 @ 14:59:54 - Found order object. ID:86657
10-18-2021 @ 14:59:56 - Row :175 - Order imported successfully.
10-18-2021 @ 14:59:56 - Row :176 - Parsing item.
10-18-2021 @ 14:59:56 - Row :176 - Processing item.
10-18-2021 @ 14:59:56 - Found order object. ID:86658
10-18-2021 @ 14:59:57 - Row :176 - Order imported successfully.
10-18-2021 @ 14:59:57 - Row :177 - Parsing item.
10-18-2021 @ 14:59:57 - Row :177 - Processing item.
10-18-2021 @ 14:59:57 - Found order object. ID:86659
10-18-2021 @ 14:59:59 - Row :177 - Order imported successfully.
10-18-2021 @ 14:59:59 - Row :178 - Parsing item.
10-18-2021 @ 14:59:59 - Row :178 - Processing item.
10-18-2021 @ 14:59:59 - Found order object. ID:86660
10-18-2021 @ 15:00:00 - Row :178 - Order imported successfully.
10-18-2021 @ 15:00:00 - Row :179 - Parsing item.
10-18-2021 @ 15:00:00 - Row :179 - Processing item.
10-18-2021 @ 15:00:00 - Found order object. ID:86661
10-18-2021 @ 15:00:01 - Row :179 - Order imported successfully.
10-18-2021 @ 15:00:01 - Row :180 - Parsing item.
10-18-2021 @ 15:00:01 - Row :180 - Processing item.
10-18-2021 @ 15:00:01 - Found order object. ID:86662
10-18-2021 @ 15:00:03 - Row :180 - Order imported successfully.
10-18-2021 @ 15:00:03 - Row :181 - Parsing item.
10-18-2021 @ 15:00:03 - Row :181 - Processing item.
10-18-2021 @ 15:00:03 - Found order object. ID:86663
10-18-2021 @ 15:00:05 - Row :181 - Order imported successfully.
10-18-2021 @ 15:00:05 - Row :182 - Parsing item.
10-18-2021 @ 15:00:05 - Row :182 - Processing item.
10-18-2021 @ 15:00:05 - Found order object. ID:86664
10-18-2021 @ 15:00:07 - Row :182 - Order imported successfully.
10-18-2021 @ 15:00:07 - Row :183 - Parsing item.
10-18-2021 @ 15:00:07 - Row :183 - Processing item.
10-18-2021 @ 15:00:07 - Found order object. ID:86665
10-18-2021 @ 15:00:08 - Row :183 - Order imported successfully.
10-18-2021 @ 15:00:08 - Row :184 - Parsing item.
10-18-2021 @ 15:00:08 - Row :184 - Processing item.
10-18-2021 @ 15:00:08 - Found order object. ID:86666
10-18-2021 @ 15:00:10 - Row :184 - Order imported successfully.
10-18-2021 @ 15:00:10 - Row :185 - Parsing item.
10-18-2021 @ 15:00:10 - Row :185 - Processing item.
10-18-2021 @ 15:00:10 - Found order object. ID:86667
10-18-2021 @ 15:00:11 - Row :185 - Order imported successfully.
10-18-2021 @ 15:00:11 - Row :186 - Parsing item.
10-18-2021 @ 15:00:12 - Row :186 - Processing item.
10-18-2021 @ 15:00:12 - Found order object. ID:86668
10-18-2021 @ 15:00:13 - Row :186 - Order imported successfully.
10-18-2021 @ 15:00:13 - Row :187 - Parsing item.
10-18-2021 @ 15:00:13 - Row :187 - Processing item.
10-18-2021 @ 15:00:13 - Found order object. ID:86669
10-18-2021 @ 15:00:13 - Row :187 - Order imported successfully.
10-18-2021 @ 15:00:13 - Row :188 - Parsing item.
10-18-2021 @ 15:00:13 - Row :188 - Processing item.
10-18-2021 @ 15:00:14 - Found order object. ID:86670
10-18-2021 @ 15:00:14 - Row :188 - Order imported successfully.
10-18-2021 @ 15:00:14 - Row :189 - Parsing item.
10-18-2021 @ 15:00:14 - Row :189 - Processing item.
10-18-2021 @ 15:00:14 - Found order object. ID:86671
10-18-2021 @ 15:00:15 - Row :189 - Order imported successfully.
10-18-2021 @ 15:00:15 - Row :190 - Parsing item.
10-18-2021 @ 15:00:15 - Row :190 - Processing item.
10-18-2021 @ 15:00:15 - Found order object. ID:86672
10-18-2021 @ 15:00:16 - Row :190 - Order imported successfully.
10-18-2021 @ 15:00:16 - Row :191 - Parsing item.
10-18-2021 @ 15:00:16 - Row :191 - Processing item.
10-18-2021 @ 15:00:16 - Found order object. ID:86673
10-18-2021 @ 15:00:18 - Row :191 - Order imported successfully.
10-18-2021 @ 15:00:18 - Row :192 - Parsing item.
10-18-2021 @ 15:00:18 - Row :192 - Processing item.
10-18-2021 @ 15:00:18 - Found order object. ID:86674
10-18-2021 @ 15:00:19 - Row :192 - Order imported successfully.
10-18-2021 @ 15:00:19 - Row :193 - Parsing item.
10-18-2021 @ 15:00:19 - Row :193 - Processing item.
10-18-2021 @ 15:00:19 - Found order object. ID:86675
10-18-2021 @ 15:00:21 - Row :193 - Order imported successfully.
10-18-2021 @ 15:00:21 - Row :194 - Parsing item.
10-18-2021 @ 15:00:21 - Row :194 - Processing item.
10-18-2021 @ 15:00:21 - Found order object. ID:86676
10-18-2021 @ 15:00:21 - Row :194 - Order imported successfully.
10-18-2021 @ 15:00:21 - Row :195 - Parsing item.
10-18-2021 @ 15:00:21 - Row :195 - Processing item.
10-18-2021 @ 15:00:21 - Found order object. ID:86677
10-18-2021 @ 15:00:24 - Row :195 - Order imported successfully.
10-18-2021 @ 15:00:24 - Row :196 - Parsing item.
10-18-2021 @ 15:00:24 - Row :196 - Processing item.
10-18-2021 @ 15:00:24 - Found order object. ID:86678
10-18-2021 @ 15:00:25 - Row :196 - Order imported successfully.
10-18-2021 @ 15:00:25 - Row :197 - Parsing item.
10-18-2021 @ 15:00:25 - Row :197 - Processing item.
10-18-2021 @ 15:00:25 - Found order object. ID:86679
10-18-2021 @ 15:00:25 - Row :197 - Order imported successfully.
10-18-2021 @ 15:00:25 - Row :198 - Parsing item.
10-18-2021 @ 15:00:25 - Row :198 - Processing item.
10-18-2021 @ 15:00:25 - Found order object. ID:86680
10-18-2021 @ 15:00:28 - Row :198 - Order imported successfully.
10-18-2021 @ 15:00:28 - Row :199 - Parsing item.
10-18-2021 @ 15:00:28 - Row :199 - Processing item.
10-18-2021 @ 15:00:28 - Found order object. ID:86681
10-18-2021 @ 15:00:30 - Row :199 - Order imported successfully.
10-18-2021 @ 15:00:30 - Row :200 - Parsing item.
10-18-2021 @ 15:00:30 - Row :200 - Processing item.
10-18-2021 @ 15:00:30 - Found order object. ID:86682
10-18-2021 @ 15:00:32 - Row :200 - Order imported successfully.
10-18-2021 @ 15:00:32 - Row :201 - Parsing item.
10-18-2021 @ 15:00:32 - Row :201 - Processing item.
10-18-2021 @ 15:00:32 - Found order object. ID:86683
10-18-2021 @ 15:00:33 - Row :201 - Order imported successfully.
10-18-2021 @ 15:00:33 - Row :202 - Parsing item.
10-18-2021 @ 15:00:33 - Row :202 - Processing item.
10-18-2021 @ 15:00:34 - Found order object. ID:86684
10-18-2021 @ 15:00:34 - Row :202 - Order imported successfully.
10-18-2021 @ 15:00:34 - Row :203 - Parsing item.
10-18-2021 @ 15:00:34 - Row :203 - Processing item.
10-18-2021 @ 15:00:34 - Found order object. ID:86685
10-18-2021 @ 15:00:36 - Row :203 - Order imported successfully.
10-18-2021 @ 15:00:36 - Row :204 - Parsing item.
10-18-2021 @ 15:00:36 - Row :204 - Processing item.
10-18-2021 @ 15:00:36 - Found order object. ID:86686
10-18-2021 @ 15:00:37 - Row :204 - Order imported successfully.
10-18-2021 @ 15:00:37 - Row :205 - Parsing item.
10-18-2021 @ 15:00:37 - Row :205 - Processing item.
10-18-2021 @ 15:00:37 - Found order object. ID:86687
10-18-2021 @ 15:00:39 - Row :205 - Order imported successfully.
10-18-2021 @ 15:00:39 - Row :206 - Parsing item.
10-18-2021 @ 15:00:39 - Row :206 - Processing item.
10-18-2021 @ 15:00:39 - Found order object. ID:86688
10-18-2021 @ 15:00:40 - Row :206 - Order imported successfully.
10-18-2021 @ 15:00:40 - Row :207 - Parsing item.
10-18-2021 @ 15:00:40 - Row :207 - Processing item.
10-18-2021 @ 15:00:40 - Found order object. ID:86689
10-18-2021 @ 15:00:43 - Row :207 - Order imported successfully.
10-18-2021 @ 15:00:43 - Row :208 - Parsing item.
10-18-2021 @ 15:00:43 - Row :208 - Processing item.
10-18-2021 @ 15:00:43 - Found order object. ID:86690
10-18-2021 @ 15:00:44 - Row :208 - Order imported successfully.
10-18-2021 @ 15:00:44 - Row :209 - Parsing item.
10-18-2021 @ 15:00:44 - Row :209 - Processing item.
10-18-2021 @ 15:00:44 - Found order object. ID:86691
10-18-2021 @ 15:00:44 - Row :209 - Order imported successfully.
10-18-2021 @ 15:00:44 - Row :210 - Parsing item.
10-18-2021 @ 15:00:44 - Row :210 - Processing item.
10-18-2021 @ 15:00:45 - Found order object. ID:86692
10-18-2021 @ 15:00:46 - Row :210 - Order imported successfully.
10-18-2021 @ 15:00:46 - Row :211 - Parsing item.
10-18-2021 @ 15:00:46 - Row :211 - Processing item.
10-18-2021 @ 15:00:46 - Found order object. ID:86693
10-18-2021 @ 15:00:47 - Row :211 - Order imported successfully.
10-18-2021 @ 15:00:47 - Row :212 - Parsing item.
10-18-2021 @ 15:00:47 - Row :212 - Processing item.
10-18-2021 @ 15:00:47 - Found order object. ID:86694
10-18-2021 @ 15:00:49 - Row :212 - Order imported successfully.
10-18-2021 @ 15:00:49 - Row :213 - Parsing item.
10-18-2021 @ 15:00:49 - Row :213 - Processing item.
10-18-2021 @ 15:00:49 - Found order object. ID:86695
10-18-2021 @ 15:00:50 - Row :213 - Order imported successfully.
10-18-2021 @ 15:00:50 - Row :214 - Parsing item.
10-18-2021 @ 15:00:50 - Row :214 - Processing item.
10-18-2021 @ 15:00:50 - Found order object. ID:86696
10-18-2021 @ 15:00:52 - Row :214 - Order imported successfully.
10-18-2021 @ 15:00:52 - Row :215 - Parsing item.
10-18-2021 @ 15:00:52 - Row :215 - Processing item.
10-18-2021 @ 15:00:52 - Found order object. ID:86697
10-18-2021 @ 15:00:53 - Row :215 - Order imported successfully.
10-18-2021 @ 15:00:53 - Row :216 - Parsing item.
10-18-2021 @ 15:00:53 - Row :216 - Processing item.
10-18-2021 @ 15:00:54 - Found order object. ID:86698
10-18-2021 @ 15:00:56 - Row :216 - Order imported successfully.
10-18-2021 @ 15:00:56 - Row :217 - Parsing item.
10-18-2021 @ 15:00:56 - Row :217 - Processing item.
10-18-2021 @ 15:00:56 - Found order object. ID:86699
10-18-2021 @ 15:00:57 - Row :217 - Order imported successfully.
10-18-2021 @ 15:00:57 - Row :218 - Parsing item.
10-18-2021 @ 15:00:57 - Row :218 - Processing item.
10-18-2021 @ 15:00:57 - Found order object. ID:86700
10-18-2021 @ 15:00:58 - Row :218 - Order imported successfully.
10-18-2021 @ 15:00:58 - Row :219 - Parsing item.
10-18-2021 @ 15:00:58 - Row :219 - Processing item.
10-18-2021 @ 15:00:58 - Found order object. ID:86701
10-18-2021 @ 15:00:59 - Row :219 - Order imported successfully.
10-18-2021 @ 15:00:59 - Row :220 - Parsing item.
10-18-2021 @ 15:00:59 - Row :220 - Processing item.
10-18-2021 @ 15:01:00 - Found order object. ID:86702
10-18-2021 @ 15:01:01 - Row :220 - Order imported successfully.
10-18-2021 @ 15:01:01 - Row :221 - Parsing item.
10-18-2021 @ 15:01:01 - Row :221 - Processing item.
10-18-2021 @ 15:01:01 - Found order object. ID:86703
10-18-2021 @ 15:01:03 - Row :221 - Order imported successfully.
10-18-2021 @ 15:01:03 - Row :222 - Parsing item.
10-18-2021 @ 15:01:03 - Row :222 - Processing item.
10-18-2021 @ 15:01:03 - Found order object. ID:86704
10-18-2021 @ 15:01:04 - Row :222 - Order imported successfully.
10-18-2021 @ 15:01:04 - Row :223 - Parsing item.
10-18-2021 @ 15:01:05 - Row :223 - Processing item.
10-18-2021 @ 15:01:05 - Found order object. ID:86705
10-18-2021 @ 15:01:07 - Row :223 - Order imported successfully.
10-18-2021 @ 15:01:07 - Row :224 - Parsing item.
10-18-2021 @ 15:01:07 - Row :224 - Processing item.
10-18-2021 @ 15:01:07 - Found order object. ID:86706
10-18-2021 @ 15:01:08 - Row :224 - Order imported successfully.
10-18-2021 @ 15:01:08 - Row :225 - Parsing item.
10-18-2021 @ 15:01:08 - Row :225 - Processing item.
10-18-2021 @ 15:01:08 - Found order object. ID:86707
10-18-2021 @ 15:01:09 - Row :225 - Order imported successfully.
10-18-2021 @ 15:01:09 - Row :226 - Parsing item.
10-18-2021 @ 15:01:09 - Row :226 - Processing item.
10-18-2021 @ 15:01:09 - Found order object. ID:86708
10-18-2021 @ 15:01:10 - Row :226 - Order imported successfully.
10-18-2021 @ 15:01:10 - Row :227 - Parsing item.
10-18-2021 @ 15:01:10 - Row :227 - Processing item.
10-18-2021 @ 15:01:10 - Found order object. ID:86709
10-18-2021 @ 15:01:12 - Row :227 - Order imported successfully.
10-18-2021 @ 15:01:12 - Row :228 - Parsing item.
10-18-2021 @ 15:01:12 - Row :228 - Processing item.
10-18-2021 @ 15:01:12 - Found order object. ID:86710
10-18-2021 @ 15:01:13 - Row :228 - Order imported successfully.
10-18-2021 @ 15:01:13 - Row :229 - Parsing item.
10-18-2021 @ 15:01:13 - Row :229 - Processing item.
10-18-2021 @ 15:01:13 - Found order object. ID:86711
10-18-2021 @ 15:01:15 - Row :229 - Order imported successfully.
10-18-2021 @ 15:01:15 - Row :230 - Parsing item.
10-18-2021 @ 15:01:15 - Row :230 - Processing item.
10-18-2021 @ 15:01:16 - Found order object. ID:86712
10-18-2021 @ 15:01:17 - Row :230 - Order imported successfully.
10-18-2021 @ 15:01:17 - Row :231 - Parsing item.
10-18-2021 @ 15:01:17 - Row :231 - Processing item.
10-18-2021 @ 15:01:17 - Found order object. ID:86713
10-18-2021 @ 15:01:18 - Row :231 - Order imported successfully.
10-18-2021 @ 15:01:18 - Row :232 - Parsing item.
10-18-2021 @ 15:01:19 - Row :232 - Processing item.
10-18-2021 @ 15:01:19 - Found order object. ID:86714
10-18-2021 @ 15:01:19 - Row :232 - Order imported successfully.
10-18-2021 @ 15:01:19 - Row :233 - Parsing item.
10-18-2021 @ 15:01:19 - Row :233 - Processing item.
10-18-2021 @ 15:01:19 - Found order object. ID:86715
10-18-2021 @ 15:01:21 - Row :233 - Order imported successfully.
10-18-2021 @ 15:01:21 - Row :234 - Parsing item.
10-18-2021 @ 15:01:21 - Row :234 - Processing item.
10-18-2021 @ 15:01:21 - Found order object. ID:86716
10-18-2021 @ 15:01:22 - Row :234 - Order imported successfully.
10-18-2021 @ 15:01:22 - Row :235 - Parsing item.
10-18-2021 @ 15:01:22 - Row :235 - Processing item.
10-18-2021 @ 15:01:22 - Found order object. ID:86717
10-18-2021 @ 15:01:23 - Row :235 - Order imported successfully.
10-18-2021 @ 15:01:23 - Row :236 - Parsing item.
10-18-2021 @ 15:01:23 - Row :236 - Processing item.
10-18-2021 @ 15:01:23 - Found order object. ID:86718
10-18-2021 @ 15:01:24 - Row :236 - Order imported successfully.
10-18-2021 @ 15:01:24 - Row :237 - Parsing item.
10-18-2021 @ 15:01:24 - Row :237 - Processing item.
10-18-2021 @ 15:01:24 - Found order object. ID:86719
10-18-2021 @ 15:01:24 - Row :237 - Order imported successfully.
10-18-2021 @ 15:01:24 - Row :238 - Parsing item.
10-18-2021 @ 15:01:24 - Row :238 - Processing item.
10-18-2021 @ 15:01:25 - Found order object. ID:86720
10-18-2021 @ 15:01:26 - Row :238 - Order imported successfully.
10-18-2021 @ 15:01:26 - Row :239 - Parsing item.
10-18-2021 @ 15:01:26 - Row :239 - Processing item.
10-18-2021 @ 15:01:26 - Found order object. ID:86721
10-18-2021 @ 15:01:28 - Row :239 - Order imported successfully.
10-18-2021 @ 15:01:28 - Row :240 - Parsing item.
10-18-2021 @ 15:01:28 - Row :240 - Processing item.
10-18-2021 @ 15:01:28 - Found order object. ID:86722
10-18-2021 @ 15:01:29 - Row :240 - Order imported successfully.
10-18-2021 @ 15:01:29 - Row :241 - Parsing item.
10-18-2021 @ 15:01:29 - Row :241 - Processing item.
10-18-2021 @ 15:01:29 - Found order object. ID:86723
10-18-2021 @ 15:01:31 - Row :241 - Order imported successfully.
10-18-2021 @ 15:01:31 - Row :242 - Parsing item.
10-18-2021 @ 15:01:31 - Row :242 - Processing item.
10-18-2021 @ 15:01:31 - Found order object. ID:86724
10-18-2021 @ 15:01:33 - Row :242 - Order imported successfully.
10-18-2021 @ 15:01:33 - Row :243 - Parsing item.
10-18-2021 @ 15:01:33 - Row :243 - Processing item.
10-18-2021 @ 15:01:33 - Found order object. ID:86725
10-18-2021 @ 15:01:35 - Row :243 - Order imported successfully.
10-18-2021 @ 15:01:35 - Row :244 - Parsing item.
10-18-2021 @ 15:01:35 - Row :244 - Processing item.
10-18-2021 @ 15:01:35 - Found order object. ID:86726
10-18-2021 @ 15:01:36 - Row :244 - Order imported successfully.
10-18-2021 @ 15:01:36 - Row :245 - Parsing item.
10-18-2021 @ 15:01:36 - Row :245 - Processing item.
10-18-2021 @ 15:01:36 - Found order object. ID:86727
10-18-2021 @ 15:01:38 - Row :245 - Order imported successfully.
10-18-2021 @ 15:01:38 - Row :246 - Parsing item.
10-18-2021 @ 15:01:38 - Row :246 - Processing item.
10-18-2021 @ 15:01:38 - Found order object. ID:86728
10-18-2021 @ 15:01:40 - Row :246 - Order imported successfully.
10-18-2021 @ 15:01:40 - Row :247 - Parsing item.
10-18-2021 @ 15:01:40 - Row :247 - Processing item.
10-18-2021 @ 15:01:40 - Found order object. ID:86729
10-18-2021 @ 15:01:42 - Row :247 - Order imported successfully.
10-18-2021 @ 15:01:42 - Row :248 - Parsing item.
10-18-2021 @ 15:01:42 - Row :248 - Processing item.
10-18-2021 @ 15:01:42 - Found order object. ID:86730
10-18-2021 @ 15:01:44 - Row :248 - Order imported successfully.
10-18-2021 @ 15:01:44 - Row :249 - Parsing item.
10-18-2021 @ 15:01:44 - Row :249 - Processing item.
10-18-2021 @ 15:01:44 - Found order object. ID:86731
10-18-2021 @ 15:01:46 - Row :249 - Order imported successfully.
10-18-2021 @ 15:01:46 - Row :250 - Parsing item.
10-18-2021 @ 15:01:46 - Row :250 - Processing item.
10-18-2021 @ 15:01:47 - Found order object. ID:86732
10-18-2021 @ 15:01:49 - Row :250 - Order imported successfully.
10-18-2021 @ 15:01:49 - Row :251 - Parsing item.
10-18-2021 @ 15:01:49 - Row :251 - Processing item.
10-18-2021 @ 15:01:49 - Found order object. ID:86733
10-18-2021 @ 15:01:50 - Row :251 - Order imported successfully.
10-18-2021 @ 15:01:50 - Row :252 - Parsing item.
10-18-2021 @ 15:01:50 - Row :252 - Processing item.
10-18-2021 @ 15:01:50 - Found order object. ID:86734
10-18-2021 @ 15:01:52 - Row :252 - Order imported successfully.
10-18-2021 @ 15:01:52 - Row :253 - Parsing item.
10-18-2021 @ 15:01:52 - Row :253 - Processing item.
10-18-2021 @ 15:01:52 - Found order object. ID:86735
10-18-2021 @ 15:01:53 - Row :253 - Order imported successfully.
10-18-2021 @ 15:01:53 - Row :254 - Parsing item.
10-18-2021 @ 15:01:53 - Row :254 - Processing item.
10-18-2021 @ 15:01:53 - Found order object. ID:86736
10-18-2021 @ 15:01:55 - Row :254 - Order imported successfully.
10-18-2021 @ 15:01:55 - Row :255 - Parsing item.
10-18-2021 @ 15:01:55 - Row :255 - Processing item.
10-18-2021 @ 15:01:55 - Found order object. ID:86737
10-18-2021 @ 15:01:56 - Row :255 - Order imported successfully.
10-18-2021 @ 15:01:56 - Row :256 - Parsing item.
10-18-2021 @ 15:01:56 - Row :256 - Processing item.
10-18-2021 @ 15:01:56 - Found order object. ID:86738
10-18-2021 @ 15:01:58 - Row :256 - Order imported successfully.
10-18-2021 @ 15:01:58 - Row :257 - Parsing item.
10-18-2021 @ 15:01:58 - Row :257 - Processing item.
10-18-2021 @ 15:01:58 - Found order object. ID:86739
10-18-2021 @ 15:02:00 - Row :257 - Order imported successfully.
10-18-2021 @ 15:02:00 - Row :258 - Parsing item.
10-18-2021 @ 15:02:00 - Row :258 - Processing item.
10-18-2021 @ 15:02:00 - Found order object. ID:86740
10-18-2021 @ 15:02:02 - Row :258 - Order imported successfully.
10-18-2021 @ 15:02:02 - Row :259 - Parsing item.
10-18-2021 @ 15:02:02 - Row :259 - Processing item.
10-18-2021 @ 15:02:02 - Found order object. ID:86741
10-18-2021 @ 15:02:03 - Row :259 - Order imported successfully.
10-18-2021 @ 15:02:03 - Row :260 - Parsing item.
10-18-2021 @ 15:02:03 - Row :260 - Processing item.
10-18-2021 @ 15:02:04 - Found order object. ID:86742
10-18-2021 @ 15:02:04 - Row :260 - Order imported successfully.
10-18-2021 @ 15:02:04 - Row :261 - Parsing item.
10-18-2021 @ 15:02:04 - Row :261 - Processing item.
10-18-2021 @ 15:02:04 - Found order object. ID:86743
10-18-2021 @ 15:02:06 - Row :261 - Order imported successfully.
10-18-2021 @ 15:02:06 - Row :262 - Parsing item.
10-18-2021 @ 15:02:06 - Row :262 - Processing item.
10-18-2021 @ 15:02:06 - Found order object. ID:86744
10-18-2021 @ 15:02:09 - Row :262 - Order imported successfully.
10-18-2021 @ 15:02:09 - Row :263 - Parsing item.
10-18-2021 @ 15:02:09 - Row :263 - Processing item.
10-18-2021 @ 15:02:09 - Found order object. ID:86745
10-18-2021 @ 15:02:11 - Row :263 - Order imported successfully.
10-18-2021 @ 15:02:11 - Row :264 - Parsing item.
10-18-2021 @ 15:02:11 - Row :264 - Processing item.
10-18-2021 @ 15:02:11 - Found order object. ID:86746
10-18-2021 @ 15:02:12 - Row :264 - Order imported successfully.
10-18-2021 @ 15:02:12 - Row :265 - Parsing item.
10-18-2021 @ 15:02:12 - Row :265 - Processing item.
10-18-2021 @ 15:02:12 - Found order object. ID:86747
10-18-2021 @ 15:02:14 - Row :265 - Order imported successfully.
10-18-2021 @ 15:02:14 - Row :266 - Parsing item.
10-18-2021 @ 15:02:14 - Row :266 - Processing item.
10-18-2021 @ 15:02:14 - Found order object. ID:86748
10-18-2021 @ 15:02:15 - Row :266 - Order imported successfully.
10-18-2021 @ 15:02:15 - Row :267 - Parsing item.
10-18-2021 @ 15:02:15 - Row :267 - Processing item.
10-18-2021 @ 15:02:15 - Found order object. ID:86749
10-18-2021 @ 15:02:16 - Row :267 - Order imported successfully.
10-18-2021 @ 15:02:16 - Row :268 - Parsing item.
10-18-2021 @ 15:02:16 - Row :268 - Processing item.
10-18-2021 @ 15:02:16 - Found order object. ID:86750
10-18-2021 @ 15:02:18 - Row :268 - Order imported successfully.
10-18-2021 @ 15:02:18 - Row :269 - Parsing item.
10-18-2021 @ 15:02:18 - Row :269 - Processing item.
10-18-2021 @ 15:02:18 - Found order object. ID:86751
10-18-2021 @ 15:02:20 - Row :269 - Order imported successfully.
10-18-2021 @ 15:02:20 - Row :270 - Parsing item.
10-18-2021 @ 15:02:20 - Row :270 - Processing item.
10-18-2021 @ 15:02:21 - Found order object. ID:86752
10-18-2021 @ 15:02:22 - Row :270 - Order imported successfully.
10-18-2021 @ 15:02:22 - Row :271 - Parsing item.
10-18-2021 @ 15:02:22 - Row :271 - Processing item.
10-18-2021 @ 15:02:23 - Found order object. ID:86753
10-18-2021 @ 15:02:24 - Row :271 - Order imported successfully.
10-18-2021 @ 15:02:24 - Row :272 - Parsing item.
10-18-2021 @ 15:02:24 - Row :272 - Processing item.
10-18-2021 @ 15:02:24 - Found order object. ID:86754
10-18-2021 @ 15:02:26 - Row :272 - Order imported successfully.
10-18-2021 @ 15:02:26 - Row :273 - Parsing item.
10-18-2021 @ 15:02:26 - Row :273 - Processing item.
10-18-2021 @ 15:02:27 - Found order object. ID:86755
10-18-2021 @ 15:02:28 - Row :273 - Order imported successfully.
10-18-2021 @ 15:02:28 - Row :274 - Parsing item.
10-18-2021 @ 15:02:28 - Row :274 - Processing item.
10-18-2021 @ 15:02:28 - Found order object. ID:86756
10-18-2021 @ 15:02:28 - Row :274 - Order imported successfully.
10-18-2021 @ 15:02:28 - Row :275 - Parsing item.
10-18-2021 @ 15:02:28 - Row :275 - Processing item.
10-18-2021 @ 15:02:28 - Found order object. ID:86757
10-18-2021 @ 15:02:30 - Row :275 - Order imported successfully.
10-18-2021 @ 15:02:30 - Row :276 - Parsing item.
10-18-2021 @ 15:02:30 - Row :276 - Processing item.
10-18-2021 @ 15:02:30 - Found order object. ID:86758
10-18-2021 @ 15:02:30 - Row :276 - Order imported successfully.
10-18-2021 @ 15:02:30 - Row :277 - Parsing item.
10-18-2021 @ 15:02:30 - Row :277 - Processing item.
10-18-2021 @ 15:02:30 - Found order object. ID:86759
10-18-2021 @ 15:02:33 - Row :277 - Order imported successfully.
10-18-2021 @ 15:02:33 - Row :278 - Parsing item.
10-18-2021 @ 15:02:33 - Row :278 - Processing item.
10-18-2021 @ 15:02:33 - Found order object. ID:86760
10-18-2021 @ 15:02:35 - Row :278 - Order imported successfully.
10-18-2021 @ 15:02:35 - Row :279 - Parsing item.
10-18-2021 @ 15:02:35 - Row :279 - Processing item.
10-18-2021 @ 15:02:35 - Found order object. ID:86761
10-18-2021 @ 15:02:36 - Row :279 - Order imported successfully.
10-18-2021 @ 15:02:36 - Row :280 - Parsing item.
10-18-2021 @ 15:02:36 - Row :280 - Processing item.
10-18-2021 @ 15:02:36 - Found order object. ID:86762
10-18-2021 @ 15:02:37 - Row :280 - Order imported successfully.
10-18-2021 @ 15:02:37 - Row :281 - Parsing item.
10-18-2021 @ 15:02:37 - Row :281 - Processing item.
10-18-2021 @ 15:02:37 - Found order object. ID:86763
10-18-2021 @ 15:02:38 - Row :281 - Order imported successfully.
10-18-2021 @ 15:02:38 - Row :282 - Parsing item.
10-18-2021 @ 15:02:38 - Row :282 - Processing item.
10-18-2021 @ 15:02:38 - Found order object. ID:86764
10-18-2021 @ 15:02:40 - Row :282 - Order imported successfully.
10-18-2021 @ 15:02:40 - Row :283 - Parsing item.
10-18-2021 @ 15:02:40 - Row :283 - Processing item.
10-18-2021 @ 15:02:40 - Found order object. ID:86765
10-18-2021 @ 15:02:42 - Row :283 - Order imported successfully.
10-18-2021 @ 15:02:42 - Row :284 - Parsing item.
10-18-2021 @ 15:02:42 - Row :284 - Processing item.
10-18-2021 @ 15:02:42 - Found order object. ID:86766
10-18-2021 @ 15:02:43 - Row :284 - Order imported successfully.
10-18-2021 @ 15:02:43 - Row :285 - Parsing item.
10-18-2021 @ 15:02:43 - Row :285 - Processing item.
10-18-2021 @ 15:02:43 - Found order object. ID:86767
10-18-2021 @ 15:02:44 - Row :285 - Order imported successfully.
10-18-2021 @ 15:02:44 - Row :286 - Parsing item.
10-18-2021 @ 15:02:44 - Row :286 - Processing item.
10-18-2021 @ 15:02:44 - Found order object. ID:86768
10-18-2021 @ 15:02:45 - Row :286 - Order imported successfully.
10-18-2021 @ 15:02:45 - Row :287 - Parsing item.
10-18-2021 @ 15:02:45 - Row :287 - Processing item.
10-18-2021 @ 15:02:45 - Found order object. ID:86769
10-18-2021 @ 15:02:46 - Row :287 - Order imported successfully.
10-18-2021 @ 15:02:46 - Row :288 - Parsing item.
10-18-2021 @ 15:02:46 - Row :288 - Processing item.
10-18-2021 @ 15:02:46 - Found order object. ID:86770
10-18-2021 @ 15:02:48 - Row :288 - Order imported successfully.
10-18-2021 @ 15:02:48 - Row :289 - Parsing item.
10-18-2021 @ 15:02:48 - Row :289 - Processing item.
10-18-2021 @ 15:02:48 - Found order object. ID:86771
10-18-2021 @ 15:02:48 - Row :289 - Order imported successfully.
10-18-2021 @ 15:02:48 - Row :290 - Parsing item.
10-18-2021 @ 15:02:48 - Row :290 - Processing item.
10-18-2021 @ 15:02:48 - Found order object. ID:86772
10-18-2021 @ 15:02:50 - Row :290 - Order imported successfully.
10-18-2021 @ 15:02:50 - Row :291 - Parsing item.
10-18-2021 @ 15:02:50 - Row :291 - Processing item.
10-18-2021 @ 15:02:50 - Found order object. ID:86773
10-18-2021 @ 15:02:51 - Row :291 - Order imported successfully.
10-18-2021 @ 15:02:51 - Row :292 - Parsing item.
10-18-2021 @ 15:02:51 - Row :292 - Processing item.
10-18-2021 @ 15:02:51 - Found order object. ID:86774
10-18-2021 @ 15:02:53 - Row :292 - Order imported successfully.
10-18-2021 @ 15:02:53 - Row :293 - Parsing item.
10-18-2021 @ 15:02:53 - Row :293 - Processing item.
10-18-2021 @ 15:02:53 - Found order object. ID:86775
10-18-2021 @ 15:02:55 - Row :293 - Order imported successfully.
10-18-2021 @ 15:02:55 - Row :294 - Parsing item.
10-18-2021 @ 15:02:55 - Row :294 - Processing item.
10-18-2021 @ 15:02:55 - Found order object. ID:86776
10-18-2021 @ 15:02:57 - Row :294 - Order imported successfully.
10-18-2021 @ 15:02:57 - Row :295 - Parsing item.
10-18-2021 @ 15:02:57 - Row :295 - Processing item.
10-18-2021 @ 15:02:57 - Found order object. ID:86777
10-18-2021 @ 15:02:58 - Row :295 - Order imported successfully.
10-18-2021 @ 15:02:58 - Row :296 - Parsing item.
10-18-2021 @ 15:02:58 - Row :296 - Processing item.
10-18-2021 @ 15:02:58 - Found order object. ID:86778
10-18-2021 @ 15:02:59 - Row :296 - Order imported successfully.
10-18-2021 @ 15:02:59 - Row :297 - Parsing item.
10-18-2021 @ 15:02:59 - Row :297 - Processing item.
10-18-2021 @ 15:02:59 - Found order object. ID:86779
10-18-2021 @ 15:03:00 - Row :297 - Order imported successfully.
10-18-2021 @ 15:03:00 - Row :298 - Parsing item.
10-18-2021 @ 15:03:00 - Row :298 - Processing item.
10-18-2021 @ 15:03:00 - Found order object. ID:86780
10-18-2021 @ 15:03:03 - Row :298 - Order imported successfully.
10-18-2021 @ 15:03:03 - Row :299 - Parsing item.
10-18-2021 @ 15:03:03 - Row :299 - Processing item.
10-18-2021 @ 15:03:03 - Found order object. ID:86781
10-18-2021 @ 15:03:04 - Row :299 - Order imported successfully.
10-18-2021 @ 15:03:04 - Row :300 - Parsing item.
10-18-2021 @ 15:03:04 - Row :300 - Processing item.
10-18-2021 @ 15:03:04 - Found order object. ID:86782
10-18-2021 @ 15:03:05 - Row :300 - Order imported successfully.
10-18-2021 @ 15:03:05 - Row :301 - Parsing item.
10-18-2021 @ 15:03:05 - Row :301 - Processing item.
10-18-2021 @ 15:03:05 - Found order object. ID:86783
10-18-2021 @ 15:03:07 - Row :301 - Order imported successfully.
10-18-2021 @ 15:03:07 - Row :302 - Parsing item.
10-18-2021 @ 15:03:07 - Row :302 - Processing item.
10-18-2021 @ 15:03:07 - Found order object. ID:86784
10-18-2021 @ 15:03:09 - Row :302 - Order imported successfully.
10-18-2021 @ 15:03:09 - Row :303 - Parsing item.
10-18-2021 @ 15:03:09 - Row :303 - Processing item.
10-18-2021 @ 15:03:09 - Found order object. ID:86785
10-18-2021 @ 15:03:11 - Row :303 - Order imported successfully.
10-18-2021 @ 15:03:11 - Row :304 - Parsing item.
10-18-2021 @ 15:03:11 - Row :304 - Processing item.
10-18-2021 @ 15:03:11 - Found order object. ID:86786
10-18-2021 @ 15:03:12 - Row :304 - Order imported successfully.
10-18-2021 @ 15:03:12 - Row :305 - Parsing item.
10-18-2021 @ 15:03:12 - Row :305 - Processing item.
10-18-2021 @ 15:03:12 - Found order object. ID:86787
10-18-2021 @ 15:03:14 - Row :305 - Order imported successfully.
10-18-2021 @ 15:03:14 - Row :306 - Parsing item.
10-18-2021 @ 15:03:14 - Row :306 - Processing item.
10-18-2021 @ 15:03:14 - Found order object. ID:86788
10-18-2021 @ 15:03:16 - Row :306 - Order imported successfully.
10-18-2021 @ 15:03:16 - Row :307 - Parsing item.
10-18-2021 @ 15:03:16 - Row :307 - Processing item.
10-18-2021 @ 15:03:16 - Found order object. ID:86789
10-18-2021 @ 15:03:19 - Row :307 - Order imported successfully.
10-18-2021 @ 15:03:19 - Row :308 - Parsing item.
10-18-2021 @ 15:03:19 - Row :308 - Processing item.
10-18-2021 @ 15:03:19 - Found order object. ID:86790
10-18-2021 @ 15:03:21 - Row :308 - Order imported successfully.
10-18-2021 @ 15:03:21 - Row :309 - Parsing item.
10-18-2021 @ 15:03:21 - Row :309 - Processing item.
10-18-2021 @ 15:03:21 - Found order object. ID:86791
10-18-2021 @ 15:03:22 - Row :309 - Order imported successfully.
10-18-2021 @ 15:03:22 - Row :310 - Parsing item.
10-18-2021 @ 15:03:22 - Row :310 - Processing item.
10-18-2021 @ 15:03:22 - Found order object. ID:86792
10-18-2021 @ 15:03:23 - Row :310 - Order imported successfully.
10-18-2021 @ 15:03:23 - Row :311 - Parsing item.
10-18-2021 @ 15:03:23 - Row :311 - Processing item.
10-18-2021 @ 15:03:23 - Found order object. ID:86793
10-18-2021 @ 15:03:23 - Row :311 - Order imported successfully.
10-18-2021 @ 15:03:23 - Row :312 - Parsing item.
10-18-2021 @ 15:03:23 - Row :312 - Processing item.
10-18-2021 @ 15:03:23 - Found order object. ID:86794
10-18-2021 @ 15:03:25 - Row :312 - Order imported successfully.
10-18-2021 @ 15:03:25 - Row :313 - Parsing item.
10-18-2021 @ 15:03:25 - Row :313 - Processing item.
10-18-2021 @ 15:03:25 - Found order object. ID:86795
10-18-2021 @ 15:03:26 - Row :313 - Order imported successfully.
10-18-2021 @ 15:03:26 - Row :314 - Parsing item.
10-18-2021 @ 15:03:26 - Row :314 - Processing item.
10-18-2021 @ 15:03:26 - Found order object. ID:86796
10-18-2021 @ 15:03:27 - Row :314 - Order imported successfully.
10-18-2021 @ 15:03:27 - Row :315 - Parsing item.
10-18-2021 @ 15:03:27 - Row :315 - Processing item.
10-18-2021 @ 15:03:27 - Found order object. ID:86797
10-18-2021 @ 15:03:27 - Row :315 - Order imported successfully.
10-18-2021 @ 15:03:27 - Row :316 - Parsing item.
10-18-2021 @ 15:03:27 - Row :316 - Processing item.
10-18-2021 @ 15:03:28 - Found order object. ID:86798
10-18-2021 @ 15:03:29 - Row :316 - Order imported successfully.
10-18-2021 @ 15:03:29 - Row :317 - Parsing item.
10-18-2021 @ 15:03:29 - Row :317 - Processing item.
10-18-2021 @ 15:03:29 - Found order object. ID:86799
10-18-2021 @ 15:03:31 - Row :317 - Order imported successfully.
10-18-2021 @ 15:03:31 - Row :318 - Parsing item.
10-18-2021 @ 15:03:31 - Row :318 - Processing item.
10-18-2021 @ 15:03:31 - Found order object. ID:86800
10-18-2021 @ 15:03:34 - Row :318 - Order imported successfully.
10-18-2021 @ 15:03:34 - Row :319 - Parsing item.
10-18-2021 @ 15:03:34 - Row :319 - Processing item.
10-18-2021 @ 15:03:34 - Found order object. ID:86801
10-18-2021 @ 15:03:36 - Row :319 - Order imported successfully.
10-18-2021 @ 15:03:36 - Row :320 - Parsing item.
10-18-2021 @ 15:03:36 - Row :320 - Processing item.
10-18-2021 @ 15:03:36 - Found order object. ID:86802
10-18-2021 @ 15:03:37 - Row :320 - Order imported successfully.
10-18-2021 @ 15:03:37 - Row :321 - Parsing item.
10-18-2021 @ 15:03:37 - Row :321 - Processing item.
10-18-2021 @ 15:03:37 - Found order object. ID:86803
10-18-2021 @ 15:03:40 - Row :321 - Order imported successfully.
10-18-2021 @ 15:03:40 - Row :322 - Parsing item.
10-18-2021 @ 15:03:40 - Row :322 - Processing item.
10-18-2021 @ 15:03:40 - Found order object. ID:86804
10-18-2021 @ 15:03:40 - Row :322 - Order imported successfully.
10-18-2021 @ 15:03:40 - Row :323 - Parsing item.
10-18-2021 @ 15:03:40 - Row :323 - Processing item.
10-18-2021 @ 15:03:40 - Found order object. ID:86805
10-18-2021 @ 15:03:42 - Row :323 - Order imported successfully.
10-18-2021 @ 15:03:42 - Row :324 - Parsing item.
10-18-2021 @ 15:03:42 - Row :324 - Processing item.
10-18-2021 @ 15:03:42 - Found order object. ID:86806
10-18-2021 @ 15:03:44 - Row :324 - Order imported successfully.
10-18-2021 @ 15:03:44 - Row :325 - Parsing item.
10-18-2021 @ 15:03:44 - Row :325 - Processing item.
10-18-2021 @ 15:03:44 - Found order object. ID:86807
10-18-2021 @ 15:03:45 - Row :325 - Order imported successfully.
10-18-2021 @ 15:03:45 - Row :326 - Parsing item.
10-18-2021 @ 15:03:45 - Row :326 - Processing item.
10-18-2021 @ 15:03:45 - Found order object. ID:86808
10-18-2021 @ 15:03:46 - Row :326 - Order imported successfully.
10-18-2021 @ 15:03:46 - Row :327 - Parsing item.
10-18-2021 @ 15:03:46 - Row :327 - Processing item.
10-18-2021 @ 15:03:46 - Found order object. ID:86809
10-18-2021 @ 15:03:46 - Row :327 - Order imported successfully.
10-18-2021 @ 15:03:46 - Row :328 - Parsing item.
10-18-2021 @ 15:03:46 - Row :328 - Processing item.
10-18-2021 @ 15:03:46 - Found order object. ID:86810
10-18-2021 @ 15:03:49 - Row :328 - Order imported successfully.
10-18-2021 @ 15:03:49 - Row :329 - Parsing item.
10-18-2021 @ 15:03:49 - Row :329 - Processing item.
10-18-2021 @ 15:03:49 - Found order object. ID:86811
10-18-2021 @ 15:03:50 - Row :329 - Order imported successfully.
10-18-2021 @ 15:03:50 - Row :330 - Parsing item.
10-18-2021 @ 15:03:50 - Row :330 - Processing item.
10-18-2021 @ 15:03:50 - Found order object. ID:86812
10-18-2021 @ 15:03:52 - Row :330 - Order imported successfully.
10-18-2021 @ 15:03:52 - Row :331 - Parsing item.
10-18-2021 @ 15:03:52 - Row :331 - Processing item.
10-18-2021 @ 15:03:52 - Found order object. ID:86813
10-18-2021 @ 15:03:52 - Row :331 - Order imported successfully.
10-18-2021 @ 15:03:52 - Row :332 - Parsing item.
10-18-2021 @ 15:03:52 - Row :332 - Processing item.
10-18-2021 @ 15:03:52 - Found order object. ID:86814
10-18-2021 @ 15:03:55 - Row :332 - Order imported successfully.
10-18-2021 @ 15:03:55 - Row :333 - Parsing item.
10-18-2021 @ 15:03:55 - Row :333 - Processing item.
10-18-2021 @ 15:03:55 - Found order object. ID:86815
10-18-2021 @ 15:03:56 - Row :333 - Order imported successfully.
10-18-2021 @ 15:03:56 - Row :334 - Parsing item.
10-18-2021 @ 15:03:56 - Row :334 - Processing item.
10-18-2021 @ 15:03:56 - Found order object. ID:86816
10-18-2021 @ 15:03:58 - Row :334 - Order imported successfully.
10-18-2021 @ 15:03:58 - Row :335 - Parsing item.
10-18-2021 @ 15:03:58 - Row :335 - Processing item.
10-18-2021 @ 15:03:58 - Found order object. ID:86817
10-18-2021 @ 15:03:59 - Row :335 - Order imported successfully.
10-18-2021 @ 15:03:59 - Row :336 - Parsing item.
10-18-2021 @ 15:03:59 - Row :336 - Processing item.
10-18-2021 @ 15:03:59 - Found order object. ID:86818
10-18-2021 @ 15:04:01 - Row :336 - Order imported successfully.
10-18-2021 @ 15:04:01 - Row :337 - Parsing item.
10-18-2021 @ 15:04:01 - Row :337 - Processing item.
10-18-2021 @ 15:04:01 - Found order object. ID:86819
10-18-2021 @ 15:04:02 - Row :337 - Order imported successfully.
10-18-2021 @ 15:04:02 - Row :338 - Parsing item.
10-18-2021 @ 15:04:02 - Row :338 - Processing item.
10-18-2021 @ 15:04:02 - Found order object. ID:86820
10-18-2021 @ 15:04:03 - Row :338 - Order imported successfully.
10-18-2021 @ 15:04:03 - Row :339 - Parsing item.
10-18-2021 @ 15:04:03 - Row :339 - Processing item.
10-18-2021 @ 15:04:04 - Found order object. ID:86821
10-18-2021 @ 15:04:05 - Row :339 - Order imported successfully.
10-18-2021 @ 15:04:05 - Row :340 - Parsing item.
10-18-2021 @ 15:04:05 - Row :340 - Processing item.
10-18-2021 @ 15:04:05 - Found order object. ID:86822
10-18-2021 @ 15:04:06 - Row :340 - Order imported successfully.
10-18-2021 @ 15:04:06 - Row :341 - Parsing item.
10-18-2021 @ 15:04:06 - Row :341 - Processing item.
10-18-2021 @ 15:04:06 - Found order object. ID:86823
10-18-2021 @ 15:04:09 - Row :341 - Order imported successfully.
10-18-2021 @ 15:04:09 - Row :342 - Parsing item.
10-18-2021 @ 15:04:09 - Row :342 - Processing item.
10-18-2021 @ 15:04:09 - Found order object. ID:86824
10-18-2021 @ 15:04:10 - Row :342 - Order imported successfully.
10-18-2021 @ 15:04:10 - Row :343 - Parsing item.
10-18-2021 @ 15:04:10 - Row :343 - Processing item.
10-18-2021 @ 15:04:10 - Found order object. ID:86825
10-18-2021 @ 15:04:11 - Row :343 - Order imported successfully.
10-18-2021 @ 15:04:11 - Row :344 - Parsing item.
10-18-2021 @ 15:04:11 - Row :344 - Processing item.
10-18-2021 @ 15:04:11 - Found order object. ID:86826
10-18-2021 @ 15:04:12 - Row :344 - Order imported successfully.
10-18-2021 @ 15:04:12 - Row :345 - Parsing item.
10-18-2021 @ 15:04:12 - Row :345 - Processing item.
10-18-2021 @ 15:04:12 - Found order object. ID:86827
10-18-2021 @ 15:04:14 - Row :345 - Order imported successfully.
10-18-2021 @ 15:04:14 - Row :346 - Parsing item.
10-18-2021 @ 15:04:14 - Row :346 - Processing item.
10-18-2021 @ 15:04:14 - Found order object. ID:86828
10-18-2021 @ 15:04:15 - Row :346 - Order imported successfully.
10-18-2021 @ 15:04:15 - Row :347 - Parsing item.
10-18-2021 @ 15:04:15 - Row :347 - Processing item.
10-18-2021 @ 15:04:15 - Found order object. ID:86829
10-18-2021 @ 15:04:17 - Row :347 - Order imported successfully.
10-18-2021 @ 15:04:17 - Row :348 - Parsing item.
10-18-2021 @ 15:04:17 - Row :348 - Processing item.
10-18-2021 @ 15:04:17 - Found order object. ID:86830
10-18-2021 @ 15:04:18 - Row :348 - Order imported successfully.
10-18-2021 @ 15:04:18 - Row :349 - Parsing item.
10-18-2021 @ 15:04:18 - Row :349 - Processing item.
10-18-2021 @ 15:04:18 - Found order object. ID:86831
10-18-2021 @ 15:04:20 - Row :349 - Order imported successfully.
10-18-2021 @ 15:04:20 - Row :350 - Parsing item.
10-18-2021 @ 15:04:20 - Row :350 - Processing item.
10-18-2021 @ 15:04:20 - Found order object. ID:86832
10-18-2021 @ 15:04:21 - Row :350 - Order imported successfully.
10-18-2021 @ 15:04:21 - Row :351 - Parsing item.
10-18-2021 @ 15:04:21 - Row :351 - Processing item.
10-18-2021 @ 15:04:21 - Found order object. ID:86833
10-18-2021 @ 15:04:22 - Row :351 - Order imported successfully.
10-18-2021 @ 15:04:22 - Row :352 - Parsing item.
10-18-2021 @ 15:04:22 - Row :352 - Processing item.
10-18-2021 @ 15:04:22 - Found order object. ID:86834
10-18-2021 @ 15:04:23 - Row :352 - Order imported successfully.
10-18-2021 @ 15:04:23 - Row :353 - Parsing item.
10-18-2021 @ 15:04:23 - Row :353 - Processing item.
10-18-2021 @ 15:04:23 - Found order object. ID:86835
10-18-2021 @ 15:04:24 - Row :353 - Order imported successfully.
10-18-2021 @ 15:04:24 - Row :354 - Parsing item.
10-18-2021 @ 15:04:24 - Row :354 - Processing item.
10-18-2021 @ 15:04:24 - Found order object. ID:86836
10-18-2021 @ 15:04:25 - Row :354 - Order imported successfully.
10-18-2021 @ 15:04:25 - Row :355 - Parsing item.
10-18-2021 @ 15:04:25 - Row :355 - Processing item.
10-18-2021 @ 15:04:25 - Found order object. ID:86837
10-18-2021 @ 15:04:26 - Row :355 - Order imported successfully.
10-18-2021 @ 15:04:26 - Row :356 - Parsing item.
10-18-2021 @ 15:04:26 - Row :356 - Processing item.
10-18-2021 @ 15:04:26 - Found order object. ID:86838
10-18-2021 @ 15:04:28 - Row :356 - Order imported successfully.
10-18-2021 @ 15:04:28 - Row :357 - Parsing item.
10-18-2021 @ 15:04:28 - Row :357 - Processing item.
10-18-2021 @ 15:04:28 - Found order object. ID:86839
10-18-2021 @ 15:04:29 - Row :357 - Order imported successfully.
10-18-2021 @ 15:04:29 - Row :358 - Parsing item.
10-18-2021 @ 15:04:29 - Row :358 - Processing item.
10-18-2021 @ 15:04:29 - Found order object. ID:86840
10-18-2021 @ 15:04:30 - Row :358 - Order imported successfully.
10-18-2021 @ 15:04:30 - Row :359 - Parsing item.
10-18-2021 @ 15:04:30 - Row :359 - Processing item.
10-18-2021 @ 15:04:30 - Found order object. ID:86841
10-18-2021 @ 15:04:31 - Row :359 - Order imported successfully.
10-18-2021 @ 15:04:32 - Row :360 - Parsing item.
10-18-2021 @ 15:04:32 - Row :360 - Processing item.
10-18-2021 @ 15:04:32 - Found order object. ID:86842
10-18-2021 @ 15:04:32 - Row :360 - Order imported successfully.
10-18-2021 @ 15:04:32 - Row :361 - Parsing item.
10-18-2021 @ 15:04:32 - Row :361 - Processing item.
10-18-2021 @ 15:04:32 - Found order object. ID:86843
10-18-2021 @ 15:04:34 - Row :361 - Order imported successfully.
10-18-2021 @ 15:04:34 - Row :362 - Parsing item.
10-18-2021 @ 15:04:34 - Row :362 - Processing item.
10-18-2021 @ 15:04:34 - Found order object. ID:86844
10-18-2021 @ 15:04:35 - Row :362 - Order imported successfully.
10-18-2021 @ 15:04:35 - Row :363 - Parsing item.
10-18-2021 @ 15:04:35 - Row :363 - Processing item.
10-18-2021 @ 15:04:35 - Found order object. ID:86845
10-18-2021 @ 15:04:36 - Row :363 - Order imported successfully.
10-18-2021 @ 15:04:36 - Row :364 - Parsing item.
10-18-2021 @ 15:04:36 - Row :364 - Processing item.
10-18-2021 @ 15:04:36 - Found order object. ID:86846
10-18-2021 @ 15:04:38 - Row :364 - Order imported successfully.
10-18-2021 @ 15:04:38 - Row :365 - Parsing item.
10-18-2021 @ 15:04:38 - Row :365 - Processing item.
10-18-2021 @ 15:04:38 - Found order object. ID:86847
10-18-2021 @ 15:04:39 - Row :365 - Order imported successfully.
10-18-2021 @ 15:04:39 - Row :366 - Parsing item.
10-18-2021 @ 15:04:39 - Row :366 - Processing item.
10-18-2021 @ 15:04:39 - Found order object. ID:86848
10-18-2021 @ 15:04:40 - Row :366 - Order imported successfully.
10-18-2021 @ 15:04:40 - Row :367 - Parsing item.
10-18-2021 @ 15:04:40 - Row :367 - Processing item.
10-18-2021 @ 15:04:40 - Found order object. ID:86849
10-18-2021 @ 15:04:42 - Row :367 - Order imported successfully.
10-18-2021 @ 15:04:42 - Row :368 - Parsing item.
10-18-2021 @ 15:04:42 - Row :368 - Processing item.
10-18-2021 @ 15:04:42 - Found order object. ID:86850
10-18-2021 @ 15:04:43 - Row :368 - Order imported successfully.
10-18-2021 @ 15:04:43 - Row :369 - Parsing item.
10-18-2021 @ 15:04:43 - Row :369 - Processing item.
10-18-2021 @ 15:04:44 - Found order object. ID:86851
10-18-2021 @ 15:04:46 - Row :369 - Order imported successfully.
10-18-2021 @ 15:04:46 - Row :370 - Parsing item.
10-18-2021 @ 15:04:46 - Row :370 - Processing item.
10-18-2021 @ 15:04:46 - Found order object. ID:86852
10-18-2021 @ 15:04:48 - Row :370 - Order imported successfully.
10-18-2021 @ 15:04:48 - Row :371 - Parsing item.
10-18-2021 @ 15:04:48 - Row :371 - Processing item.
10-18-2021 @ 15:04:48 - Found order object. ID:86853
10-18-2021 @ 15:04:50 - Row :371 - Order imported successfully.
10-18-2021 @ 15:04:50 - Row :372 - Parsing item.
10-18-2021 @ 15:04:50 - Row :372 - Processing item.
10-18-2021 @ 15:04:50 - Found order object. ID:86854
10-18-2021 @ 15:04:52 - Row :372 - Order imported successfully.
10-18-2021 @ 15:04:52 - Row :373 - Parsing item.
10-18-2021 @ 15:04:52 - Row :373 - Processing item.
10-18-2021 @ 15:04:52 - Found order object. ID:86855
10-18-2021 @ 15:04:53 - Row :373 - Order imported successfully.
10-18-2021 @ 15:04:53 - Row :374 - Parsing item.
10-18-2021 @ 15:04:53 - Row :374 - Processing item.
10-18-2021 @ 15:04:54 - Found order object. ID:86856
10-18-2021 @ 15:04:55 - Row :374 - Order imported successfully.
10-18-2021 @ 15:04:55 - Row :375 - Parsing item.
10-18-2021 @ 15:04:55 - Row :375 - Processing item.
10-18-2021 @ 15:04:55 - Found order object. ID:86857
10-18-2021 @ 15:04:56 - Row :375 - Order imported successfully.
10-18-2021 @ 15:04:56 - Row :376 - Parsing item.
10-18-2021 @ 15:04:56 - Row :376 - Processing item.
10-18-2021 @ 15:04:56 - Found order object. ID:86858
10-18-2021 @ 15:04:58 - Row :376 - Order imported successfully.
10-18-2021 @ 15:04:58 - Row :377 - Parsing item.
10-18-2021 @ 15:04:58 - Row :377 - Processing item.
10-18-2021 @ 15:04:58 - Found order object. ID:86859
10-18-2021 @ 15:04:59 - Row :377 - Order imported successfully.
10-18-2021 @ 15:04:59 - Row :378 - Parsing item.
10-18-2021 @ 15:04:59 - Row :378 - Processing item.
10-18-2021 @ 15:04:59 - Found order object. ID:86860
10-18-2021 @ 15:05:01 - Row :378 - Order imported successfully.
10-18-2021 @ 15:05:01 - Row :379 - Parsing item.
10-18-2021 @ 15:05:01 - Row :379 - Processing item.
10-18-2021 @ 15:05:01 - Found order object. ID:86861
10-18-2021 @ 15:05:03 - Row :379 - Order imported successfully.
10-18-2021 @ 15:05:03 - Row :380 - Parsing item.
10-18-2021 @ 15:05:03 - Row :380 - Processing item.
10-18-2021 @ 15:05:03 - Found order object. ID:86862
10-18-2021 @ 15:05:04 - Row :380 - Order imported successfully.
10-18-2021 @ 15:05:04 - Row :381 - Parsing item.
10-18-2021 @ 15:05:04 - Row :381 - Processing item.
10-18-2021 @ 15:05:05 - Found order object. ID:86863
10-18-2021 @ 15:05:06 - Row :381 - Order imported successfully.
10-18-2021 @ 15:05:06 - Row :382 - Parsing item.
10-18-2021 @ 15:05:06 - Row :382 - Processing item.
10-18-2021 @ 15:05:06 - Found order object. ID:86864
10-18-2021 @ 15:05:08 - Row :382 - Order imported successfully.
10-18-2021 @ 15:05:08 - Row :383 - Parsing item.
10-18-2021 @ 15:05:08 - Row :383 - Processing item.
10-18-2021 @ 15:05:08 - Found order object. ID:86865
10-18-2021 @ 15:05:10 - Row :383 - Order imported successfully.
10-18-2021 @ 15:05:10 - Row :384 - Parsing item.
10-18-2021 @ 15:05:10 - Row :384 - Processing item.
10-18-2021 @ 15:05:11 - Found order object. ID:86866
10-18-2021 @ 15:05:11 - Row :384 - Order imported successfully.
10-18-2021 @ 15:05:11 - Row :385 - Parsing item.
10-18-2021 @ 15:05:11 - Row :385 - Processing item.
10-18-2021 @ 15:05:11 - Found order object. ID:86867
10-18-2021 @ 15:05:13 - Row :385 - Order imported successfully.
10-18-2021 @ 15:05:13 - Row :386 - Parsing item.
10-18-2021 @ 15:05:13 - Row :386 - Processing item.
10-18-2021 @ 15:05:14 - Found order object. ID:86868
10-18-2021 @ 15:05:15 - Row :386 - Order imported successfully.
10-18-2021 @ 15:05:15 - Row :387 - Parsing item.
10-18-2021 @ 15:05:15 - Row :387 - Processing item.
10-18-2021 @ 15:05:15 - Found order object. ID:86869
10-18-2021 @ 15:05:16 - Row :387 - Order imported successfully.
10-18-2021 @ 15:05:16 - Row :388 - Parsing item.
10-18-2021 @ 15:05:16 - Row :388 - Processing item.
10-18-2021 @ 15:05:16 - Found order object. ID:86870
10-18-2021 @ 15:05:18 - Row :388 - Order imported successfully.
10-18-2021 @ 15:05:18 - Row :389 - Parsing item.
10-18-2021 @ 15:05:18 - Row :389 - Processing item.
10-18-2021 @ 15:05:18 - Found order object. ID:86871
10-18-2021 @ 15:05:19 - Row :389 - Order imported successfully.
10-18-2021 @ 15:05:19 - Row :390 - Parsing item.
10-18-2021 @ 15:05:19 - Row :390 - Processing item.
10-18-2021 @ 15:05:19 - Found order object. ID:86872
10-18-2021 @ 15:05:21 - Row :390 - Order imported successfully.
10-18-2021 @ 15:05:21 - Row :391 - Parsing item.
10-18-2021 @ 15:05:21 - Row :391 - Processing item.
10-18-2021 @ 15:05:21 - Found order object. ID:86873
10-18-2021 @ 15:05:23 - Row :391 - Order imported successfully.
10-18-2021 @ 15:05:23 - Row :392 - Parsing item.
10-18-2021 @ 15:05:23 - Row :392 - Processing item.
10-18-2021 @ 15:05:23 - Found order object. ID:86874
10-18-2021 @ 15:05:25 - Row :392 - Order imported successfully.
10-18-2021 @ 15:05:25 - Row :393 - Parsing item.
10-18-2021 @ 15:05:25 - Row :393 - Processing item.
10-18-2021 @ 15:05:25 - Found order object. ID:86875
