10-18-2021 @ 16:16:30 - ---[ New import started at 2021-10-18 08:16:30 ] PHP Memory: 512 Mo, WP Memory: 40 Mo
10-18-2021 @ 16:16:30 - Preparing for import.
10-18-2021 @ 16:16:30 - Row :1 - Parsing item.
10-18-2021 @ 16:16:30 - Row :1 - Processing item.
10-18-2021 @ 16:16:31 - Found order object. ID:86876
10-18-2021 @ 16:16:32 - Row :1 - Order imported successfully.
10-18-2021 @ 16:16:32 - Row :2 - Parsing item.
10-18-2021 @ 16:16:32 - Row :2 - Processing item.
10-18-2021 @ 16:16:32 - Found order object. ID:86877
10-18-2021 @ 16:16:34 - Row :2 - Order imported successfully.
10-18-2021 @ 16:16:34 - Row :3 - Parsing item.
10-18-2021 @ 16:16:34 - Row :3 - Processing item.
10-18-2021 @ 16:16:34 - Found order object. ID:86878
10-18-2021 @ 16:16:35 - Row :3 - Order imported successfully.
10-18-2021 @ 16:16:35 - Row :4 - Parsing item.
10-18-2021 @ 16:16:35 - Row :4 - Processing item.
10-18-2021 @ 16:16:36 - Found order object. ID:86879
10-18-2021 @ 16:16:36 - Row :4 - Order imported successfully.
10-18-2021 @ 16:16:36 - Row :5 - Parsing item.
10-18-2021 @ 16:16:36 - Row :5 - Processing item.
10-18-2021 @ 16:16:36 - Found order object. ID:86880
10-18-2021 @ 16:16:38 - Row :5 - Order imported successfully.
10-18-2021 @ 16:16:38 - Row :6 - Parsing item.
10-18-2021 @ 16:16:38 - Row :6 - Processing item.
10-18-2021 @ 16:16:38 - Found order object. ID:86881
10-18-2021 @ 16:16:39 - Row :6 - Order imported successfully.
10-18-2021 @ 16:16:39 - Row :7 - Parsing item.
10-18-2021 @ 16:16:39 - Row :7 - Processing item.
10-18-2021 @ 16:16:39 - Found order object. ID:86882
10-18-2021 @ 16:16:41 - Row :7 - Order imported successfully.
10-18-2021 @ 16:16:41 - Row :8 - Parsing item.
10-18-2021 @ 16:16:41 - Row :8 - Processing item.
10-18-2021 @ 16:16:41 - Found order object. ID:86883
10-18-2021 @ 16:16:43 - Row :8 - Order imported successfully.
10-18-2021 @ 16:16:43 - Row :9 - Parsing item.
10-18-2021 @ 16:16:43 - Row :9 - Processing item.
10-18-2021 @ 16:16:43 - Found order object. ID:86884
10-18-2021 @ 16:16:44 - Row :9 - Order imported successfully.
10-18-2021 @ 16:16:44 - Row :10 - Parsing item.
10-18-2021 @ 16:16:44 - Row :10 - Processing item.
10-18-2021 @ 16:16:45 - Found order object. ID:86885
10-18-2021 @ 16:16:46 - Row :10 - Order imported successfully.
10-18-2021 @ 16:16:46 - Row :11 - Parsing item.
10-18-2021 @ 16:16:46 - Row :11 - Processing item.
10-18-2021 @ 16:16:46 - Found order object. ID:86886
10-18-2021 @ 16:16:47 - Row :11 - Order imported successfully.
10-18-2021 @ 16:16:47 - Row :12 - Parsing item.
10-18-2021 @ 16:16:47 - Row :12 - Processing item.
10-18-2021 @ 16:16:48 - Found order object. ID:86887
10-18-2021 @ 16:16:48 - Row :12 - Order imported successfully.
10-18-2021 @ 16:16:48 - Row :13 - Parsing item.
10-18-2021 @ 16:16:49 - Row :13 - Processing item.
10-18-2021 @ 16:16:49 - Found order object. ID:86888
10-18-2021 @ 16:16:51 - Row :13 - Order imported successfully.
10-18-2021 @ 16:16:51 - Row :14 - Parsing item.
10-18-2021 @ 16:16:51 - Row :14 - Processing item.
10-18-2021 @ 16:16:51 - Found order object. ID:86889
10-18-2021 @ 16:16:52 - Row :14 - Order imported successfully.
10-18-2021 @ 16:16:52 - Row :15 - Parsing item.
10-18-2021 @ 16:16:52 - Row :15 - Processing item.
10-18-2021 @ 16:16:52 - Found order object. ID:86890
10-18-2021 @ 16:16:54 - Row :15 - Order imported successfully.
10-18-2021 @ 16:16:54 - Row :16 - Parsing item.
10-18-2021 @ 16:16:54 - Row :16 - Processing item.
10-18-2021 @ 16:16:55 - Found order object. ID:86891
10-18-2021 @ 16:16:57 - Row :16 - Order imported successfully.
10-18-2021 @ 16:16:57 - Row :17 - Parsing item.
10-18-2021 @ 16:16:57 - Row :17 - Processing item.
10-18-2021 @ 16:16:57 - Found order object. ID:86892
10-18-2021 @ 16:16:59 - Row :17 - Order imported successfully.
10-18-2021 @ 16:16:59 - Row :18 - Parsing item.
10-18-2021 @ 16:16:59 - Row :18 - Processing item.
10-18-2021 @ 16:16:59 - Found order object. ID:86893
10-18-2021 @ 16:17:00 - Row :18 - Order imported successfully.
10-18-2021 @ 16:17:00 - Row :19 - Parsing item.
10-18-2021 @ 16:17:00 - Row :19 - Processing item.
10-18-2021 @ 16:17:00 - Found order object. ID:86894
10-18-2021 @ 16:17:02 - Row :19 - Order imported successfully.
10-18-2021 @ 16:17:02 - Row :20 - Parsing item.
10-18-2021 @ 16:17:02 - Row :20 - Processing item.
10-18-2021 @ 16:17:02 - Found order object. ID:86895
10-18-2021 @ 16:17:04 - Row :20 - Order imported successfully.
10-18-2021 @ 16:17:04 - Row :21 - Parsing item.
10-18-2021 @ 16:17:04 - Row :21 - Processing item.
10-18-2021 @ 16:17:04 - Found order object. ID:86896
10-18-2021 @ 16:17:06 - Row :21 - Order imported successfully.
10-18-2021 @ 16:17:06 - Row :22 - Parsing item.
10-18-2021 @ 16:17:06 - Row :22 - Processing item.
10-18-2021 @ 16:17:06 - Found order object. ID:86897
10-18-2021 @ 16:17:07 - Row :22 - Order imported successfully.
10-18-2021 @ 16:17:07 - Row :23 - Parsing item.
10-18-2021 @ 16:17:07 - Row :23 - Processing item.
10-18-2021 @ 16:17:07 - Found order object. ID:86898
10-18-2021 @ 16:17:08 - Row :23 - Order imported successfully.
10-18-2021 @ 16:17:08 - Row :24 - Parsing item.
10-18-2021 @ 16:17:08 - Row :24 - Processing item.
10-18-2021 @ 16:17:09 - Found order object. ID:86899
10-18-2021 @ 16:17:10 - Row :24 - Order imported successfully.
10-18-2021 @ 16:17:10 - Row :25 - Parsing item.
10-18-2021 @ 16:17:10 - Row :25 - Processing item.
10-18-2021 @ 16:17:10 - Found order object. ID:86900
10-18-2021 @ 16:17:12 - Row :25 - Order imported successfully.
10-18-2021 @ 16:17:12 - Row :26 - Parsing item.
10-18-2021 @ 16:17:12 - Row :26 - Processing item.
10-18-2021 @ 16:17:12 - Found order object. ID:86901
10-18-2021 @ 16:17:13 - Row :26 - Order imported successfully.
10-18-2021 @ 16:17:13 - Row :27 - Parsing item.
10-18-2021 @ 16:17:13 - Row :27 - Processing item.
10-18-2021 @ 16:17:13 - Found order object. ID:86902
10-18-2021 @ 16:17:15 - Row :27 - Order imported successfully.
10-18-2021 @ 16:17:15 - Row :28 - Parsing item.
10-18-2021 @ 16:17:15 - Row :28 - Processing item.
10-18-2021 @ 16:17:15 - Found order object. ID:86903
10-18-2021 @ 16:17:17 - Row :28 - Order imported successfully.
10-18-2021 @ 16:17:17 - Row :29 - Parsing item.
10-18-2021 @ 16:17:17 - Row :29 - Processing item.
10-18-2021 @ 16:17:17 - Found order object. ID:86904
10-18-2021 @ 16:17:19 - Row :29 - Order imported successfully.
10-18-2021 @ 16:17:19 - Row :30 - Parsing item.
10-18-2021 @ 16:17:19 - Row :30 - Processing item.
10-18-2021 @ 16:17:19 - Found order object. ID:86905
10-18-2021 @ 16:17:20 - Row :30 - Order imported successfully.
10-18-2021 @ 16:17:21 - Row :31 - Parsing item.
10-18-2021 @ 16:17:21 - Row :31 - Processing item.
10-18-2021 @ 16:17:21 - Found order object. ID:86906
10-18-2021 @ 16:17:22 - Row :31 - Order imported successfully.
10-18-2021 @ 16:17:22 - Row :32 - Parsing item.
10-18-2021 @ 16:17:22 - Row :32 - Processing item.
10-18-2021 @ 16:17:22 - Found order object. ID:86907
10-18-2021 @ 16:17:23 - Row :32 - Order imported successfully.
10-18-2021 @ 16:17:23 - Row :33 - Parsing item.
10-18-2021 @ 16:17:23 - Row :33 - Processing item.
10-18-2021 @ 16:17:23 - Found order object. ID:86908
10-18-2021 @ 16:17:25 - Row :33 - Order imported successfully.
10-18-2021 @ 16:17:25 - Row :34 - Parsing item.
10-18-2021 @ 16:17:25 - Row :34 - Processing item.
10-18-2021 @ 16:17:25 - Found order object. ID:86909
10-18-2021 @ 16:17:26 - Row :34 - Order imported successfully.
10-18-2021 @ 16:17:26 - Row :35 - Parsing item.
10-18-2021 @ 16:17:26 - Row :35 - Processing item.
10-18-2021 @ 16:17:26 - Found order object. ID:86910
10-18-2021 @ 16:17:28 - Row :35 - Order imported successfully.
10-18-2021 @ 16:17:28 - Row :36 - Parsing item.
10-18-2021 @ 16:17:28 - Row :36 - Processing item.
10-18-2021 @ 16:17:28 - Found order object. ID:86911
10-18-2021 @ 16:17:30 - Row :36 - Order imported successfully.
10-18-2021 @ 16:17:30 - Row :37 - Parsing item.
10-18-2021 @ 16:17:30 - Row :37 - Processing item.
10-18-2021 @ 16:17:30 - Found order object. ID:86912
10-18-2021 @ 16:17:31 - Row :37 - Order imported successfully.
10-18-2021 @ 16:17:31 - Row :38 - Parsing item.
10-18-2021 @ 16:17:31 - Row :38 - Processing item.
10-18-2021 @ 16:17:31 - Found order object. ID:86913
10-18-2021 @ 16:17:33 - Row :38 - Order imported successfully.
10-18-2021 @ 16:17:33 - Row :39 - Parsing item.
10-18-2021 @ 16:17:33 - Row :39 - Processing item.
10-18-2021 @ 16:17:33 - Found order object. ID:86914
10-18-2021 @ 16:17:33 - Row :39 - Order imported successfully.
10-18-2021 @ 16:17:33 - Row :40 - Parsing item.
10-18-2021 @ 16:17:33 - Row :40 - Processing item.
10-18-2021 @ 16:17:33 - Found order object. ID:86915
10-18-2021 @ 16:17:35 - Row :40 - Order imported successfully.
10-18-2021 @ 16:17:35 - Row :41 - Parsing item.
10-18-2021 @ 16:17:35 - Row :41 - Processing item.
10-18-2021 @ 16:17:35 - Found order object. ID:86916
10-18-2021 @ 16:17:36 - Row :41 - Order imported successfully.
10-18-2021 @ 16:17:36 - Row :42 - Parsing item.
10-18-2021 @ 16:17:36 - Row :42 - Processing item.
10-18-2021 @ 16:17:36 - Found order object. ID:86917
10-18-2021 @ 16:17:36 - Row :42 - Order imported successfully.
10-18-2021 @ 16:17:36 - Row :43 - Parsing item.
10-18-2021 @ 16:17:36 - Row :43 - Processing item.
10-18-2021 @ 16:17:36 - Found order object. ID:86918
10-18-2021 @ 16:17:37 - Row :43 - Order imported successfully.
10-18-2021 @ 16:17:37 - Row :44 - Parsing item.
10-18-2021 @ 16:17:37 - Row :44 - Processing item.
10-18-2021 @ 16:17:37 - Found order object. ID:86919
10-18-2021 @ 16:17:39 - Row :44 - Order imported successfully.
10-18-2021 @ 16:17:39 - Row :45 - Parsing item.
10-18-2021 @ 16:17:39 - Row :45 - Processing item.
10-18-2021 @ 16:17:39 - Found order object. ID:86920
10-18-2021 @ 16:17:41 - Row :45 - Order imported successfully.
10-18-2021 @ 16:17:41 - Row :46 - Parsing item.
10-18-2021 @ 16:17:41 - Row :46 - Processing item.
10-18-2021 @ 16:17:41 - Found order object. ID:86921
10-18-2021 @ 16:17:41 - Row :46 - Order imported successfully.
10-18-2021 @ 16:17:41 - Row :47 - Parsing item.
10-18-2021 @ 16:17:41 - Row :47 - Processing item.
10-18-2021 @ 16:17:41 - Found order object. ID:86922
10-18-2021 @ 16:17:42 - Row :47 - Order imported successfully.
10-18-2021 @ 16:17:42 - Row :48 - Parsing item.
10-18-2021 @ 16:17:42 - Row :48 - Processing item.
10-18-2021 @ 16:17:43 - Found order object. ID:86923
10-18-2021 @ 16:17:44 - Row :48 - Order imported successfully.
10-18-2021 @ 16:17:44 - Row :49 - Parsing item.
10-18-2021 @ 16:17:44 - Row :49 - Processing item.
10-18-2021 @ 16:17:44 - Found order object. ID:86924
10-18-2021 @ 16:17:45 - Row :49 - Order imported successfully.
10-18-2021 @ 16:17:45 - Row :50 - Parsing item.
10-18-2021 @ 16:17:45 - Row :50 - Processing item.
10-18-2021 @ 16:17:46 - Found order object. ID:86925
10-18-2021 @ 16:17:48 - Row :50 - Order imported successfully.
10-18-2021 @ 16:17:48 - Row :51 - Parsing item.
10-18-2021 @ 16:17:48 - Row :51 - Processing item.
10-18-2021 @ 16:17:48 - Found order object. ID:86926
10-18-2021 @ 16:17:49 - Row :51 - Order imported successfully.
10-18-2021 @ 16:17:49 - Row :52 - Parsing item.
10-18-2021 @ 16:17:49 - Row :52 - Processing item.
10-18-2021 @ 16:17:49 - Found order object. ID:86927
10-18-2021 @ 16:17:50 - Row :52 - Order imported successfully.
10-18-2021 @ 16:17:50 - Row :53 - Parsing item.
10-18-2021 @ 16:17:50 - Row :53 - Processing item.
10-18-2021 @ 16:17:50 - Found order object. ID:86928
10-18-2021 @ 16:17:52 - Row :53 - Order imported successfully.
10-18-2021 @ 16:17:52 - Row :54 - Parsing item.
10-18-2021 @ 16:17:52 - Row :54 - Processing item.
10-18-2021 @ 16:17:52 - Found order object. ID:86929
10-18-2021 @ 16:17:53 - Row :54 - Order imported successfully.
10-18-2021 @ 16:17:53 - Row :55 - Parsing item.
10-18-2021 @ 16:17:53 - Row :55 - Processing item.
10-18-2021 @ 16:17:53 - Found order object. ID:86930
10-18-2021 @ 16:17:55 - Row :55 - Order imported successfully.
10-18-2021 @ 16:17:55 - Row :56 - Parsing item.
10-18-2021 @ 16:17:55 - Row :56 - Processing item.
10-18-2021 @ 16:17:55 - Found order object. ID:86931
10-18-2021 @ 16:17:56 - Row :56 - Order imported successfully.
10-18-2021 @ 16:17:56 - Row :57 - Parsing item.
10-18-2021 @ 16:17:56 - Row :57 - Processing item.
10-18-2021 @ 16:17:56 - Found order object. ID:86932
10-18-2021 @ 16:17:58 - Row :57 - Order imported successfully.
10-18-2021 @ 16:17:58 - Row :58 - Parsing item.
10-18-2021 @ 16:17:59 - Row :58 - Processing item.
10-18-2021 @ 16:17:59 - Found order object. ID:86933
10-18-2021 @ 16:17:59 - Row :58 - Order imported successfully.
10-18-2021 @ 16:17:59 - Row :59 - Parsing item.
10-18-2021 @ 16:17:59 - Row :59 - Processing item.
10-18-2021 @ 16:17:59 - Found order object. ID:86934
10-18-2021 @ 16:18:01 - Row :59 - Order imported successfully.
10-18-2021 @ 16:18:01 - Row :60 - Parsing item.
10-18-2021 @ 16:18:01 - Row :60 - Processing item.
10-18-2021 @ 16:18:01 - Found order object. ID:86935
10-18-2021 @ 16:18:02 - Row :60 - Order imported successfully.
10-18-2021 @ 16:18:02 - Row :61 - Parsing item.
10-18-2021 @ 16:18:02 - Row :61 - Processing item.
10-18-2021 @ 16:18:02 - Found order object. ID:86936
10-18-2021 @ 16:18:04 - Row :61 - Order imported successfully.
10-18-2021 @ 16:18:04 - Row :62 - Parsing item.
10-18-2021 @ 16:18:04 - Row :62 - Processing item.
10-18-2021 @ 16:18:04 - Found order object. ID:86937
10-18-2021 @ 16:18:05 - Row :62 - Order imported successfully.
10-18-2021 @ 16:18:05 - Row :63 - Parsing item.
10-18-2021 @ 16:18:05 - Row :63 - Processing item.
10-18-2021 @ 16:18:05 - Found order object. ID:86938
10-18-2021 @ 16:18:06 - Row :63 - Order imported successfully.
10-18-2021 @ 16:18:06 - Row :64 - Parsing item.
10-18-2021 @ 16:18:06 - Row :64 - Processing item.
10-18-2021 @ 16:18:06 - Found order object. ID:86939
10-18-2021 @ 16:18:08 - Row :64 - Order imported successfully.
10-18-2021 @ 16:18:08 - Row :65 - Parsing item.
10-18-2021 @ 16:18:08 - Row :65 - Processing item.
10-18-2021 @ 16:18:08 - Found order object. ID:86940
10-18-2021 @ 16:18:10 - Row :65 - Order imported successfully.
10-18-2021 @ 16:18:10 - Row :66 - Parsing item.
10-18-2021 @ 16:18:10 - Row :66 - Processing item.
10-18-2021 @ 16:18:10 - Found order object. ID:86941
10-18-2021 @ 16:18:12 - Row :66 - Order imported successfully.
10-18-2021 @ 16:18:12 - Row :67 - Parsing item.
10-18-2021 @ 16:18:12 - Row :67 - Processing item.
10-18-2021 @ 16:18:12 - Found order object. ID:86942
10-18-2021 @ 16:18:14 - Row :67 - Order imported successfully.
10-18-2021 @ 16:18:14 - Row :68 - Parsing item.
10-18-2021 @ 16:18:14 - Row :68 - Processing item.
10-18-2021 @ 16:18:14 - Found order object. ID:86943
10-18-2021 @ 16:18:14 - Row :68 - Order imported successfully.
10-18-2021 @ 16:18:14 - Row :69 - Parsing item.
10-18-2021 @ 16:18:14 - Row :69 - Processing item.
10-18-2021 @ 16:18:14 - Found order object. ID:86944
10-18-2021 @ 16:18:16 - Row :69 - Order imported successfully.
10-18-2021 @ 16:18:16 - Row :70 - Parsing item.
10-18-2021 @ 16:18:16 - Row :70 - Processing item.
10-18-2021 @ 16:18:16 - Found order object. ID:86945
10-18-2021 @ 16:18:17 - Row :70 - Order imported successfully.
10-18-2021 @ 16:18:17 - Row :71 - Parsing item.
10-18-2021 @ 16:18:17 - Row :71 - Processing item.
10-18-2021 @ 16:18:17 - Found order object. ID:86946
10-18-2021 @ 16:18:20 - Row :71 - Order imported successfully.
10-18-2021 @ 16:18:20 - Row :72 - Parsing item.
10-18-2021 @ 16:18:20 - Row :72 - Processing item.
10-18-2021 @ 16:18:20 - Found order object. ID:86947
10-18-2021 @ 16:18:22 - Row :72 - Order imported successfully.
10-18-2021 @ 16:18:22 - Row :73 - Parsing item.
10-18-2021 @ 16:18:22 - Row :73 - Processing item.
10-18-2021 @ 16:18:22 - Found order object. ID:86948
10-18-2021 @ 16:18:24 - Row :73 - Order imported successfully.
10-18-2021 @ 16:18:24 - Row :74 - Parsing item.
10-18-2021 @ 16:18:24 - Row :74 - Processing item.
10-18-2021 @ 16:18:24 - Found order object. ID:86949
10-18-2021 @ 16:18:25 - Row :74 - Order imported successfully.
10-18-2021 @ 16:18:25 - Row :75 - Parsing item.
10-18-2021 @ 16:18:25 - Row :75 - Processing item.
10-18-2021 @ 16:18:25 - Found order object. ID:86950
10-18-2021 @ 16:18:26 - Row :75 - Order imported successfully.
10-18-2021 @ 16:18:26 - Row :76 - Parsing item.
10-18-2021 @ 16:18:26 - Row :76 - Processing item.
10-18-2021 @ 16:18:26 - Found order object. ID:86951
10-18-2021 @ 16:18:27 - Row :76 - Order imported successfully.
10-18-2021 @ 16:18:27 - Row :77 - Parsing item.
10-18-2021 @ 16:18:27 - Row :77 - Processing item.
10-18-2021 @ 16:18:27 - Found order object. ID:86952
10-18-2021 @ 16:18:29 - Row :77 - Order imported successfully.
10-18-2021 @ 16:18:29 - Row :78 - Parsing item.
10-18-2021 @ 16:18:29 - Row :78 - Processing item.
10-18-2021 @ 16:18:30 - Found order object. ID:86953
10-18-2021 @ 16:18:31 - Row :78 - Order imported successfully.
10-18-2021 @ 16:18:31 - Row :79 - Parsing item.
10-18-2021 @ 16:18:31 - Row :79 - Processing item.
10-18-2021 @ 16:18:31 - Found order object. ID:86954
10-18-2021 @ 16:18:33 - Row :79 - Order imported successfully.
10-18-2021 @ 16:18:33 - Row :80 - Parsing item.
10-18-2021 @ 16:18:33 - Row :80 - Processing item.
10-18-2021 @ 16:18:33 - Found order object. ID:86955
10-18-2021 @ 16:18:34 - Row :80 - Order imported successfully.
10-18-2021 @ 16:18:34 - Row :81 - Parsing item.
10-18-2021 @ 16:18:34 - Row :81 - Processing item.
10-18-2021 @ 16:18:34 - Found order object. ID:86956
10-18-2021 @ 16:18:36 - Row :81 - Order imported successfully.
10-18-2021 @ 16:18:36 - Row :82 - Parsing item.
10-18-2021 @ 16:18:37 - Row :82 - Processing item.
10-18-2021 @ 16:18:37 - Found order object. ID:86957
10-18-2021 @ 16:18:39 - Row :82 - Order imported successfully.
10-18-2021 @ 16:18:39 - Row :83 - Parsing item.
10-18-2021 @ 16:18:39 - Row :83 - Processing item.
10-18-2021 @ 16:18:39 - Found order object. ID:86958
10-18-2021 @ 16:18:40 - Row :83 - Order imported successfully.
10-18-2021 @ 16:18:40 - Row :84 - Parsing item.
10-18-2021 @ 16:18:41 - Row :84 - Processing item.
10-18-2021 @ 16:18:41 - Found order object. ID:86959
10-18-2021 @ 16:18:41 - Row :84 - Order imported successfully.
10-18-2021 @ 16:18:41 - Row :85 - Parsing item.
10-18-2021 @ 16:18:41 - Row :85 - Processing item.
10-18-2021 @ 16:18:41 - Found order object. ID:86960
10-18-2021 @ 16:18:43 - Row :85 - Order imported successfully.
10-18-2021 @ 16:18:43 - Row :86 - Parsing item.
10-18-2021 @ 16:18:43 - Row :86 - Processing item.
10-18-2021 @ 16:18:43 - Found order object. ID:86961
10-18-2021 @ 16:18:43 - Row :86 - Order imported successfully.
10-18-2021 @ 16:18:44 - Row :87 - Parsing item.
10-18-2021 @ 16:18:44 - Row :87 - Processing item.
10-18-2021 @ 16:18:44 - Found order object. ID:86962
10-18-2021 @ 16:18:46 - Row :87 - Order imported successfully.
10-18-2021 @ 16:18:46 - Row :88 - Parsing item.
10-18-2021 @ 16:18:46 - Row :88 - Processing item.
10-18-2021 @ 16:18:46 - Found order object. ID:86963
10-18-2021 @ 16:18:48 - Row :88 - Order imported successfully.
10-18-2021 @ 16:18:48 - Row :89 - Parsing item.
10-18-2021 @ 16:18:48 - Row :89 - Processing item.
10-18-2021 @ 16:18:48 - Found order object. ID:86964
10-18-2021 @ 16:18:49 - Row :89 - Order imported successfully.
10-18-2021 @ 16:18:49 - Row :90 - Parsing item.
10-18-2021 @ 16:18:49 - Row :90 - Processing item.
10-18-2021 @ 16:18:49 - Found order object. ID:86965
10-18-2021 @ 16:18:51 - Row :90 - Order imported successfully.
10-18-2021 @ 16:18:51 - Row :91 - Parsing item.
10-18-2021 @ 16:18:51 - Row :91 - Processing item.
10-18-2021 @ 16:18:51 - Found order object. ID:86966
10-18-2021 @ 16:18:53 - Row :91 - Order imported successfully.
10-18-2021 @ 16:18:53 - Row :92 - Parsing item.
10-18-2021 @ 16:18:53 - Row :92 - Processing item.
10-18-2021 @ 16:18:53 - Found order object. ID:86967
10-18-2021 @ 16:18:55 - Row :92 - Order imported successfully.
10-18-2021 @ 16:18:55 - Row :93 - Parsing item.
10-18-2021 @ 16:18:55 - Row :93 - Processing item.
10-18-2021 @ 16:18:55 - Found order object. ID:86968
10-18-2021 @ 16:18:57 - Row :93 - Order imported successfully.
10-18-2021 @ 16:18:57 - Row :94 - Parsing item.
10-18-2021 @ 16:18:57 - Row :94 - Processing item.
10-18-2021 @ 16:18:57 - Found order object. ID:86969
10-18-2021 @ 16:18:57 - Row :94 - Order imported successfully.
10-18-2021 @ 16:18:57 - Row :95 - Parsing item.
10-18-2021 @ 16:18:57 - Row :95 - Processing item.
10-18-2021 @ 16:18:57 - Found order object. ID:86970
10-18-2021 @ 16:18:58 - Row :95 - Order imported successfully.
10-18-2021 @ 16:18:58 - Row :96 - Parsing item.
10-18-2021 @ 16:18:58 - Row :96 - Processing item.
10-18-2021 @ 16:18:58 - Found order object. ID:86971
10-18-2021 @ 16:19:00 - Row :96 - Order imported successfully.
10-18-2021 @ 16:19:00 - Row :97 - Parsing item.
10-18-2021 @ 16:19:00 - Row :97 - Processing item.
10-18-2021 @ 16:19:00 - Found order object. ID:86972
10-18-2021 @ 16:19:00 - Row :97 - Order imported successfully.
10-18-2021 @ 16:19:00 - Row :98 - Parsing item.
10-18-2021 @ 16:19:00 - Row :98 - Processing item.
10-18-2021 @ 16:19:00 - Found order object. ID:86973
10-18-2021 @ 16:19:01 - Row :98 - Order imported successfully.
10-18-2021 @ 16:19:01 - Row :99 - Parsing item.
10-18-2021 @ 16:19:01 - Row :99 - Processing item.
10-18-2021 @ 16:19:01 - Found order object. ID:86974
10-18-2021 @ 16:19:03 - Row :99 - Order imported successfully.
10-18-2021 @ 16:19:03 - Row :100 - Parsing item.
10-18-2021 @ 16:19:03 - Row :100 - Processing item.
10-18-2021 @ 16:19:03 - Found order object. ID:86975
10-18-2021 @ 16:19:05 - Row :100 - Order imported successfully.
10-18-2021 @ 16:19:05 - Row :101 - Parsing item.
10-18-2021 @ 16:19:05 - Row :101 - Processing item.
10-18-2021 @ 16:19:05 - Found order object. ID:86976
10-18-2021 @ 16:19:06 - Row :101 - Order imported successfully.
10-18-2021 @ 16:19:06 - Row :102 - Parsing item.
10-18-2021 @ 16:19:06 - Row :102 - Processing item.
10-18-2021 @ 16:19:07 - Found order object. ID:86977
10-18-2021 @ 16:19:09 - Row :102 - Order imported successfully.
10-18-2021 @ 16:19:09 - Row :103 - Parsing item.
10-18-2021 @ 16:19:09 - Row :103 - Processing item.
10-18-2021 @ 16:19:09 - Found order object. ID:86978
10-18-2021 @ 16:19:10 - Row :103 - Order imported successfully.
10-18-2021 @ 16:19:10 - Row :104 - Parsing item.
10-18-2021 @ 16:19:10 - Row :104 - Processing item.
10-18-2021 @ 16:19:10 - Found order object. ID:86979
10-18-2021 @ 16:19:13 - Row :104 - Order imported successfully.
10-18-2021 @ 16:19:13 - Row :105 - Parsing item.
10-18-2021 @ 16:19:13 - Row :105 - Processing item.
10-18-2021 @ 16:19:13 - Found order object. ID:86980
10-18-2021 @ 16:19:14 - Row :105 - Order imported successfully.
10-18-2021 @ 16:19:14 - Row :106 - Parsing item.
10-18-2021 @ 16:19:14 - Row :106 - Processing item.
10-18-2021 @ 16:19:14 - Found order object. ID:86981
10-18-2021 @ 16:19:16 - Row :106 - Order imported successfully.
10-18-2021 @ 16:19:16 - Row :107 - Parsing item.
10-18-2021 @ 16:19:16 - Row :107 - Processing item.
10-18-2021 @ 16:19:16 - Found order object. ID:86982
10-18-2021 @ 16:19:17 - Row :107 - Order imported successfully.
10-18-2021 @ 16:19:17 - Row :108 - Parsing item.
10-18-2021 @ 16:19:17 - Row :108 - Processing item.
10-18-2021 @ 16:19:17 - Found order object. ID:86983
10-18-2021 @ 16:19:19 - Row :108 - Order imported successfully.
10-18-2021 @ 16:19:19 - Row :109 - Parsing item.
10-18-2021 @ 16:19:19 - Row :109 - Processing item.
10-18-2021 @ 16:19:19 - Found order object. ID:86984
10-18-2021 @ 16:19:21 - Row :109 - Order imported successfully.
10-18-2021 @ 16:19:21 - Row :110 - Parsing item.
10-18-2021 @ 16:19:21 - Row :110 - Processing item.
10-18-2021 @ 16:19:21 - Found order object. ID:86985
10-18-2021 @ 16:19:22 - Row :110 - Order imported successfully.
10-18-2021 @ 16:19:22 - Row :111 - Parsing item.
10-18-2021 @ 16:19:22 - Row :111 - Processing item.
10-18-2021 @ 16:19:22 - Found order object. ID:86986
10-18-2021 @ 16:19:23 - Row :111 - Order imported successfully.
10-18-2021 @ 16:19:23 - Row :112 - Parsing item.
10-18-2021 @ 16:19:23 - Row :112 - Processing item.
10-18-2021 @ 16:19:23 - Found order object. ID:86987
10-18-2021 @ 16:19:25 - Row :112 - Order imported successfully.
10-18-2021 @ 16:19:25 - Row :113 - Parsing item.
10-18-2021 @ 16:19:25 - Row :113 - Processing item.
10-18-2021 @ 16:19:25 - Found order object. ID:86988
10-18-2021 @ 16:19:27 - Row :113 - Order imported successfully.
10-18-2021 @ 16:19:27 - Row :114 - Parsing item.
10-18-2021 @ 16:19:27 - Row :114 - Processing item.
10-18-2021 @ 16:19:27 - Found order object. ID:86989
10-18-2021 @ 16:19:28 - Row :114 - Order imported successfully.
10-18-2021 @ 16:19:28 - Row :115 - Parsing item.
10-18-2021 @ 16:19:28 - Row :115 - Processing item.
10-18-2021 @ 16:19:28 - Found order object. ID:86990
10-18-2021 @ 16:19:30 - Row :115 - Order imported successfully.
10-18-2021 @ 16:19:30 - Row :116 - Parsing item.
10-18-2021 @ 16:19:30 - Row :116 - Processing item.
10-18-2021 @ 16:19:30 - Found order object. ID:86991
10-18-2021 @ 16:19:31 - Row :116 - Order imported successfully.
10-18-2021 @ 16:19:31 - Row :117 - Parsing item.
10-18-2021 @ 16:19:31 - Row :117 - Processing item.
10-18-2021 @ 16:19:31 - Found order object. ID:86992
10-18-2021 @ 16:19:32 - Row :117 - Order imported successfully.
10-18-2021 @ 16:19:32 - Row :118 - Parsing item.
10-18-2021 @ 16:19:32 - Row :118 - Processing item.
10-18-2021 @ 16:19:32 - Found order object. ID:86993
10-18-2021 @ 16:19:33 - Row :118 - Order imported successfully.
10-18-2021 @ 16:19:33 - Row :119 - Parsing item.
10-18-2021 @ 16:19:33 - Row :119 - Processing item.
10-18-2021 @ 16:19:33 - Found order object. ID:86994
10-18-2021 @ 16:19:33 - Row :119 - Order imported successfully.
10-18-2021 @ 16:19:33 - Row :120 - Parsing item.
10-18-2021 @ 16:19:33 - Row :120 - Processing item.
10-18-2021 @ 16:19:33 - Found order object. ID:86995
10-18-2021 @ 16:19:35 - Row :120 - Order imported successfully.
10-18-2021 @ 16:19:35 - Row :121 - Parsing item.
10-18-2021 @ 16:19:35 - Row :121 - Processing item.
10-18-2021 @ 16:19:36 - Found order object. ID:86996
10-18-2021 @ 16:19:37 - Row :121 - Order imported successfully.
10-18-2021 @ 16:19:37 - Row :122 - Parsing item.
10-18-2021 @ 16:19:37 - Row :122 - Processing item.
10-18-2021 @ 16:19:37 - Found order object. ID:86997
10-18-2021 @ 16:19:38 - Row :122 - Order imported successfully.
10-18-2021 @ 16:19:38 - Row :123 - Parsing item.
10-18-2021 @ 16:19:38 - Row :123 - Processing item.
10-18-2021 @ 16:19:39 - Found order object. ID:86998
10-18-2021 @ 16:19:39 - Row :123 - Order imported successfully.
10-18-2021 @ 16:19:39 - Row :124 - Parsing item.
10-18-2021 @ 16:19:39 - Row :124 - Processing item.
10-18-2021 @ 16:19:39 - Found order object. ID:86999
10-18-2021 @ 16:19:41 - Row :124 - Order imported successfully.
10-18-2021 @ 16:19:41 - Row :125 - Parsing item.
10-18-2021 @ 16:19:41 - Row :125 - Processing item.
10-18-2021 @ 16:19:41 - Found order object. ID:87000
10-18-2021 @ 16:19:42 - Row :125 - Order imported successfully.
10-18-2021 @ 16:19:42 - Row :126 - Parsing item.
10-18-2021 @ 16:19:42 - Row :126 - Processing item.
10-18-2021 @ 16:19:42 - Found order object. ID:87001
10-18-2021 @ 16:19:43 - Row :126 - Order imported successfully.
10-18-2021 @ 16:19:43 - Row :127 - Parsing item.
10-18-2021 @ 16:19:43 - Row :127 - Processing item.
10-18-2021 @ 16:19:43 - Found order object. ID:87002
10-18-2021 @ 16:19:44 - Row :127 - Order imported successfully.
10-18-2021 @ 16:19:44 - Row :128 - Parsing item.
10-18-2021 @ 16:19:44 - Row :128 - Processing item.
10-18-2021 @ 16:19:44 - Found order object. ID:87003
10-18-2021 @ 16:19:45 - Row :128 - Order imported successfully.
10-18-2021 @ 16:19:45 - Row :129 - Parsing item.
10-18-2021 @ 16:19:45 - Row :129 - Processing item.
10-18-2021 @ 16:19:45 - Found order object. ID:87004
10-18-2021 @ 16:19:47 - Row :129 - Order imported successfully.
10-18-2021 @ 16:19:47 - Row :130 - Parsing item.
10-18-2021 @ 16:19:47 - Row :130 - Processing item.
10-18-2021 @ 16:19:47 - Found order object. ID:87005
10-18-2021 @ 16:19:48 - Row :130 - Order imported successfully.
10-18-2021 @ 16:19:48 - Row :131 - Parsing item.
10-18-2021 @ 16:19:48 - Row :131 - Processing item.
10-18-2021 @ 16:19:48 - Found order object. ID:87006
10-18-2021 @ 16:19:49 - Row :131 - Order imported successfully.
10-18-2021 @ 16:19:49 - Row :132 - Parsing item.
10-18-2021 @ 16:19:49 - Row :132 - Processing item.
10-18-2021 @ 16:19:49 - Found order object. ID:87007
10-18-2021 @ 16:19:50 - Row :132 - Order imported successfully.
10-18-2021 @ 16:19:50 - Row :133 - Parsing item.
10-18-2021 @ 16:19:50 - Row :133 - Processing item.
10-18-2021 @ 16:19:50 - Found order object. ID:87008
10-18-2021 @ 16:19:52 - Row :133 - Order imported successfully.
10-18-2021 @ 16:19:52 - Row :134 - Parsing item.
10-18-2021 @ 16:19:52 - Row :134 - Processing item.
10-18-2021 @ 16:19:52 - Found order object. ID:87009
10-18-2021 @ 16:19:53 - Row :134 - Order imported successfully.
10-18-2021 @ 16:19:53 - Row :135 - Parsing item.
10-18-2021 @ 16:19:53 - Row :135 - Processing item.
10-18-2021 @ 16:19:54 - Found order object. ID:87010
10-18-2021 @ 16:19:55 - Row :135 - Order imported successfully.
10-18-2021 @ 16:19:55 - Row :136 - Parsing item.
10-18-2021 @ 16:19:55 - Row :136 - Processing item.
10-18-2021 @ 16:19:55 - Found order object. ID:87011
10-18-2021 @ 16:19:56 - Row :136 - Order imported successfully.
10-18-2021 @ 16:19:56 - Row :137 - Parsing item.
10-18-2021 @ 16:19:56 - Row :137 - Processing item.
10-18-2021 @ 16:19:56 - Found order object. ID:87012
10-18-2021 @ 16:19:58 - Row :137 - Order imported successfully.
10-18-2021 @ 16:19:58 - Row :138 - Parsing item.
10-18-2021 @ 16:19:58 - Row :138 - Processing item.
10-18-2021 @ 16:19:58 - Found order object. ID:87013
10-18-2021 @ 16:20:00 - Row :138 - Order imported successfully.
10-18-2021 @ 16:20:00 - Row :139 - Parsing item.
10-18-2021 @ 16:20:00 - Row :139 - Processing item.
10-18-2021 @ 16:20:00 - Found order object. ID:87014
10-18-2021 @ 16:20:00 - Row :139 - Order imported successfully.
10-18-2021 @ 16:20:00 - Row :140 - Parsing item.
10-18-2021 @ 16:20:00 - Row :140 - Processing item.
10-18-2021 @ 16:20:01 - Found order object. ID:87015
10-18-2021 @ 16:20:03 - Row :140 - Order imported successfully.
10-18-2021 @ 16:20:03 - Row :141 - Parsing item.
10-18-2021 @ 16:20:03 - Row :141 - Processing item.
10-18-2021 @ 16:20:03 - Found order object. ID:87016
10-18-2021 @ 16:20:04 - Row :141 - Order imported successfully.
10-18-2021 @ 16:20:04 - Row :142 - Parsing item.
10-18-2021 @ 16:20:04 - Row :142 - Processing item.
10-18-2021 @ 16:20:04 - Found order object. ID:87017
10-18-2021 @ 16:20:06 - Row :142 - Order imported successfully.
10-18-2021 @ 16:20:06 - Row :143 - Parsing item.
10-18-2021 @ 16:20:06 - Row :143 - Processing item.
10-18-2021 @ 16:20:06 - Found order object. ID:87018
10-18-2021 @ 16:20:08 - Row :143 - Order imported successfully.
10-18-2021 @ 16:20:08 - Row :144 - Parsing item.
10-18-2021 @ 16:20:08 - Row :144 - Processing item.
10-18-2021 @ 16:20:08 - Found order object. ID:87019
10-18-2021 @ 16:20:09 - Row :144 - Order imported successfully.
10-18-2021 @ 16:20:09 - Row :145 - Parsing item.
10-18-2021 @ 16:20:09 - Row :145 - Processing item.
10-18-2021 @ 16:20:09 - Found order object. ID:87020
10-18-2021 @ 16:20:11 - Row :145 - Order imported successfully.
10-18-2021 @ 16:20:11 - Row :146 - Parsing item.
10-18-2021 @ 16:20:11 - Row :146 - Processing item.
10-18-2021 @ 16:20:11 - Found order object. ID:87021
10-18-2021 @ 16:20:13 - Row :146 - Order imported successfully.
10-18-2021 @ 16:20:13 - Row :147 - Parsing item.
10-18-2021 @ 16:20:13 - Row :147 - Processing item.
10-18-2021 @ 16:20:13 - Found order object. ID:87022
10-18-2021 @ 16:20:14 - Row :147 - Order imported successfully.
10-18-2021 @ 16:20:14 - Row :148 - Parsing item.
10-18-2021 @ 16:20:14 - Row :148 - Processing item.
10-18-2021 @ 16:20:14 - Found order object. ID:87023
10-18-2021 @ 16:20:15 - Row :148 - Order imported successfully.
10-18-2021 @ 16:20:15 - Row :149 - Parsing item.
10-18-2021 @ 16:20:15 - Row :149 - Processing item.
10-18-2021 @ 16:20:15 - Found order object. ID:87024
10-18-2021 @ 16:20:16 - Row :149 - Order imported successfully.
10-18-2021 @ 16:20:16 - Row :150 - Parsing item.
10-18-2021 @ 16:20:16 - Row :150 - Processing item.
10-18-2021 @ 16:20:16 - Found order object. ID:87025
10-18-2021 @ 16:20:17 - Row :150 - Order imported successfully.
10-18-2021 @ 16:20:17 - Row :151 - Parsing item.
10-18-2021 @ 16:20:17 - Row :151 - Processing item.
10-18-2021 @ 16:20:17 - Found order object. ID:87026
10-18-2021 @ 16:20:19 - Row :151 - Order imported successfully.
10-18-2021 @ 16:20:19 - Row :152 - Parsing item.
10-18-2021 @ 16:20:19 - Row :152 - Processing item.
10-18-2021 @ 16:20:20 - Found order object. ID:87027
10-18-2021 @ 16:20:21 - Row :152 - Order imported successfully.
10-18-2021 @ 16:20:21 - Row :153 - Parsing item.
10-18-2021 @ 16:20:21 - Row :153 - Processing item.
10-18-2021 @ 16:20:21 - Found order object. ID:87028
10-18-2021 @ 16:20:23 - Row :153 - Order imported successfully.
10-18-2021 @ 16:20:23 - Row :154 - Parsing item.
10-18-2021 @ 16:20:23 - Row :154 - Processing item.
10-18-2021 @ 16:20:23 - Found order object. ID:87029
10-18-2021 @ 16:20:24 - Row :154 - Order imported successfully.
10-18-2021 @ 16:20:24 - Row :155 - Parsing item.
10-18-2021 @ 16:20:24 - Row :155 - Processing item.
10-18-2021 @ 16:20:25 - Found order object. ID:87030
10-18-2021 @ 16:20:25 - Row :155 - Order imported successfully.
10-18-2021 @ 16:20:25 - Row :156 - Parsing item.
10-18-2021 @ 16:20:25 - Row :156 - Processing item.
10-18-2021 @ 16:20:25 - Found order object. ID:87031
10-18-2021 @ 16:20:26 - Row :156 - Order imported successfully.
10-18-2021 @ 16:20:26 - Row :157 - Parsing item.
10-18-2021 @ 16:20:26 - Row :157 - Processing item.
10-18-2021 @ 16:20:26 - Found order object. ID:87032
10-18-2021 @ 16:20:28 - Row :157 - Order imported successfully.
10-18-2021 @ 16:20:28 - Row :158 - Parsing item.
10-18-2021 @ 16:20:28 - Row :158 - Processing item.
10-18-2021 @ 16:20:28 - Found order object. ID:87033
10-18-2021 @ 16:20:30 - Row :158 - Order imported successfully.
10-18-2021 @ 16:20:30 - Row :159 - Parsing item.
10-18-2021 @ 16:20:30 - Row :159 - Processing item.
10-18-2021 @ 16:20:30 - Found order object. ID:87034
10-18-2021 @ 16:20:32 - Row :159 - Order imported successfully.
10-18-2021 @ 16:20:32 - Row :160 - Parsing item.
10-18-2021 @ 16:20:32 - Row :160 - Processing item.
10-18-2021 @ 16:20:32 - Found order object. ID:87035
10-18-2021 @ 16:20:33 - Row :160 - Order imported successfully.
10-18-2021 @ 16:20:33 - Row :161 - Parsing item.
10-18-2021 @ 16:20:34 - Row :161 - Processing item.
10-18-2021 @ 16:20:34 - Found order object. ID:87036
10-18-2021 @ 16:20:35 - Row :161 - Order imported successfully.
10-18-2021 @ 16:20:35 - Row :162 - Parsing item.
10-18-2021 @ 16:20:35 - Row :162 - Processing item.
10-18-2021 @ 16:20:35 - Found order object. ID:87037
10-18-2021 @ 16:20:36 - Row :162 - Order imported successfully.
10-18-2021 @ 16:20:36 - Row :163 - Parsing item.
10-18-2021 @ 16:20:36 - Row :163 - Processing item.
10-18-2021 @ 16:20:36 - Found order object. ID:87038
10-18-2021 @ 16:20:38 - Row :163 - Order imported successfully.
10-18-2021 @ 16:20:38 - Row :164 - Parsing item.
10-18-2021 @ 16:20:38 - Row :164 - Processing item.
10-18-2021 @ 16:20:38 - Found order object. ID:87039
10-18-2021 @ 16:20:40 - Row :164 - Order imported successfully.
10-18-2021 @ 16:20:40 - Row :165 - Parsing item.
10-18-2021 @ 16:20:40 - Row :165 - Processing item.
10-18-2021 @ 16:20:40 - Found order object. ID:87040
10-18-2021 @ 16:20:41 - Row :165 - Order imported successfully.
10-18-2021 @ 16:20:41 - Row :166 - Parsing item.
10-18-2021 @ 16:20:41 - Row :166 - Processing item.
10-18-2021 @ 16:20:41 - Found order object. ID:87041
10-18-2021 @ 16:20:42 - Row :166 - Order imported successfully.
10-18-2021 @ 16:20:42 - Row :167 - Parsing item.
10-18-2021 @ 16:20:42 - Row :167 - Processing item.
10-18-2021 @ 16:20:42 - Found order object. ID:87042
10-18-2021 @ 16:20:43 - Row :167 - Order imported successfully.
10-18-2021 @ 16:20:43 - Row :168 - Parsing item.
10-18-2021 @ 16:20:43 - Row :168 - Processing item.
10-18-2021 @ 16:20:43 - Found order object. ID:87043
10-18-2021 @ 16:20:44 - Row :168 - Order imported successfully.
10-18-2021 @ 16:20:44 - Row :169 - Parsing item.
10-18-2021 @ 16:20:44 - Row :169 - Processing item.
10-18-2021 @ 16:20:44 - Found order object. ID:87044
10-18-2021 @ 16:20:46 - Row :169 - Order imported successfully.
10-18-2021 @ 16:20:46 - Row :170 - Parsing item.
10-18-2021 @ 16:20:46 - Row :170 - Processing item.
10-18-2021 @ 16:20:46 - Found order object. ID:87045
10-18-2021 @ 16:20:47 - Row :170 - Order imported successfully.
10-18-2021 @ 16:20:47 - Row :171 - Parsing item.
10-18-2021 @ 16:20:47 - Row :171 - Processing item.
10-18-2021 @ 16:20:47 - Found order object. ID:87046
10-18-2021 @ 16:20:48 - Row :171 - Order imported successfully.
10-18-2021 @ 16:20:48 - Row :172 - Parsing item.
10-18-2021 @ 16:20:48 - Row :172 - Processing item.
10-18-2021 @ 16:20:48 - Found order object. ID:87047
10-18-2021 @ 16:20:49 - Row :172 - Order imported successfully.
10-18-2021 @ 16:20:49 - Row :173 - Parsing item.
10-18-2021 @ 16:20:49 - Row :173 - Processing item.
10-18-2021 @ 16:20:50 - Found order object. ID:87048
10-18-2021 @ 16:20:52 - Row :173 - Order imported successfully.
10-18-2021 @ 16:20:52 - Row :174 - Parsing item.
10-18-2021 @ 16:20:52 - Row :174 - Processing item.
10-18-2021 @ 16:20:52 - Found order object. ID:87049
10-18-2021 @ 16:20:54 - Row :174 - Order imported successfully.
10-18-2021 @ 16:20:54 - Row :175 - Parsing item.
10-18-2021 @ 16:20:54 - Row :175 - Processing item.
10-18-2021 @ 16:20:54 - Found order object. ID:87050
10-18-2021 @ 16:20:55 - Row :175 - Order imported successfully.
10-18-2021 @ 16:20:55 - Row :176 - Parsing item.
10-18-2021 @ 16:20:55 - Row :176 - Processing item.
10-18-2021 @ 16:20:55 - Found order object. ID:87051
10-18-2021 @ 16:20:56 - Row :176 - Order imported successfully.
10-18-2021 @ 16:20:56 - Row :177 - Parsing item.
10-18-2021 @ 16:20:56 - Row :177 - Processing item.
10-18-2021 @ 16:20:57 - Found order object. ID:87052
10-18-2021 @ 16:20:58 - Row :177 - Order imported successfully.
10-18-2021 @ 16:20:58 - Row :178 - Parsing item.
10-18-2021 @ 16:20:58 - Row :178 - Processing item.
10-18-2021 @ 16:20:58 - Found order object. ID:87053
10-18-2021 @ 16:20:59 - Row :178 - Order imported successfully.
10-18-2021 @ 16:20:59 - Row :179 - Parsing item.
10-18-2021 @ 16:20:59 - Row :179 - Processing item.
10-18-2021 @ 16:20:59 - Found order object. ID:87054
10-18-2021 @ 16:21:01 - Row :179 - Order imported successfully.
10-18-2021 @ 16:21:01 - Row :180 - Parsing item.
10-18-2021 @ 16:21:01 - Row :180 - Processing item.
10-18-2021 @ 16:21:01 - Found order object. ID:87055
10-18-2021 @ 16:21:03 - Row :180 - Order imported successfully.
10-18-2021 @ 16:21:03 - Row :181 - Parsing item.
10-18-2021 @ 16:21:03 - Row :181 - Processing item.
10-18-2021 @ 16:21:03 - Found order object. ID:87056
10-18-2021 @ 16:21:03 - Row :181 - Order imported successfully.
10-18-2021 @ 16:21:03 - Row :182 - Parsing item.
10-18-2021 @ 16:21:03 - Row :182 - Processing item.
10-18-2021 @ 16:21:03 - Found order object. ID:87057
10-18-2021 @ 16:21:05 - Row :182 - Order imported successfully.
10-18-2021 @ 16:21:05 - Row :183 - Parsing item.
10-18-2021 @ 16:21:05 - Row :183 - Processing item.
10-18-2021 @ 16:21:05 - Found order object. ID:87058
10-18-2021 @ 16:21:07 - Row :183 - Order imported successfully.
10-18-2021 @ 16:21:07 - Row :184 - Parsing item.
10-18-2021 @ 16:21:07 - Row :184 - Processing item.
10-18-2021 @ 16:21:07 - Found order object. ID:87059
10-18-2021 @ 16:21:08 - Row :184 - Order imported successfully.
10-18-2021 @ 16:21:08 - Row :185 - Parsing item.
10-18-2021 @ 16:21:08 - Row :185 - Processing item.
10-18-2021 @ 16:21:09 - Found order object. ID:87060
10-18-2021 @ 16:21:11 - Row :185 - Order imported successfully.
10-18-2021 @ 16:21:11 - Row :186 - Parsing item.
10-18-2021 @ 16:21:11 - Row :186 - Processing item.
10-18-2021 @ 16:21:11 - Found order object. ID:87061
10-18-2021 @ 16:21:12 - Row :186 - Order imported successfully.
10-18-2021 @ 16:21:12 - Row :187 - Parsing item.
10-18-2021 @ 16:21:12 - Row :187 - Processing item.
10-18-2021 @ 16:21:12 - Found order object. ID:87062
10-18-2021 @ 16:21:15 - Row :187 - Order imported successfully.
10-18-2021 @ 16:21:15 - Row :188 - Parsing item.
10-18-2021 @ 16:21:15 - Row :188 - Processing item.
10-18-2021 @ 16:21:15 - Found order object. ID:87063
10-18-2021 @ 16:21:16 - Row :188 - Order imported successfully.
10-18-2021 @ 16:21:16 - Row :189 - Parsing item.
10-18-2021 @ 16:21:16 - Row :189 - Processing item.
10-18-2021 @ 16:21:16 - Found order object. ID:87064
10-18-2021 @ 16:21:17 - Row :189 - Order imported successfully.
10-18-2021 @ 16:21:17 - Row :190 - Parsing item.
10-18-2021 @ 16:21:17 - Row :190 - Processing item.
10-18-2021 @ 16:21:17 - Found order object. ID:87065
10-18-2021 @ 16:21:19 - Row :190 - Order imported successfully.
10-18-2021 @ 16:21:19 - Row :191 - Parsing item.
10-18-2021 @ 16:21:19 - Row :191 - Processing item.
10-18-2021 @ 16:21:19 - Found order object. ID:87066
10-18-2021 @ 16:21:21 - Row :191 - Order imported successfully.
10-18-2021 @ 16:21:21 - Row :192 - Parsing item.
10-18-2021 @ 16:21:21 - Row :192 - Processing item.
10-18-2021 @ 16:21:21 - Found order object. ID:87067
10-18-2021 @ 16:21:23 - Row :192 - Order imported successfully.
10-18-2021 @ 16:21:23 - Row :193 - Parsing item.
10-18-2021 @ 16:21:23 - Row :193 - Processing item.
10-18-2021 @ 16:21:23 - Found order object. ID:87068
10-18-2021 @ 16:21:25 - Row :193 - Order imported successfully.
10-18-2021 @ 16:21:25 - Row :194 - Parsing item.
10-18-2021 @ 16:21:25 - Row :194 - Processing item.
10-18-2021 @ 16:21:25 - Found order object. ID:87069
10-18-2021 @ 16:21:27 - Row :194 - Order imported successfully.
10-18-2021 @ 16:21:27 - Row :195 - Parsing item.
10-18-2021 @ 16:21:27 - Row :195 - Processing item.
10-18-2021 @ 16:21:28 - Found order object. ID:87070
10-18-2021 @ 16:21:28 - Row :195 - Order imported successfully.
10-18-2021 @ 16:21:28 - Row :196 - Parsing item.
10-18-2021 @ 16:21:28 - Row :196 - Processing item.
10-18-2021 @ 16:21:28 - Found order object. ID:87071
10-18-2021 @ 16:21:29 - Row :196 - Order imported successfully.
10-18-2021 @ 16:21:29 - Row :197 - Parsing item.
10-18-2021 @ 16:21:29 - Row :197 - Processing item.
10-18-2021 @ 16:21:29 - Found order object. ID:87072
10-18-2021 @ 16:21:31 - Row :197 - Order imported successfully.
10-18-2021 @ 16:21:31 - Row :198 - Parsing item.
10-18-2021 @ 16:21:31 - Row :198 - Processing item.
10-18-2021 @ 16:21:31 - Found order object. ID:87073
10-18-2021 @ 16:21:32 - Row :198 - Order imported successfully.
10-18-2021 @ 16:21:32 - Row :199 - Parsing item.
10-18-2021 @ 16:21:32 - Row :199 - Processing item.
10-18-2021 @ 16:21:32 - Found order object. ID:87074
10-18-2021 @ 16:21:34 - Row :199 - Order imported successfully.
10-18-2021 @ 16:21:34 - Row :200 - Parsing item.
10-18-2021 @ 16:21:34 - Row :200 - Processing item.
10-18-2021 @ 16:21:34 - Found order object. ID:87075
10-18-2021 @ 16:21:35 - Row :200 - Order imported successfully.
10-18-2021 @ 16:21:35 - Row :201 - Parsing item.
10-18-2021 @ 16:21:35 - Row :201 - Processing item.
10-18-2021 @ 16:21:35 - Found order object. ID:87076
10-18-2021 @ 16:21:36 - Row :201 - Order imported successfully.
10-18-2021 @ 16:21:36 - Row :202 - Parsing item.
10-18-2021 @ 16:21:36 - Row :202 - Processing item.
10-18-2021 @ 16:21:36 - Found order object. ID:87077
10-18-2021 @ 16:21:37 - Row :202 - Order imported successfully.
10-18-2021 @ 16:21:37 - Row :203 - Parsing item.
10-18-2021 @ 16:21:37 - Row :203 - Processing item.
10-18-2021 @ 16:21:37 - Found order object. ID:87078
10-18-2021 @ 16:21:38 - Row :203 - Order imported successfully.
10-18-2021 @ 16:21:38 - Row :204 - Parsing item.
10-18-2021 @ 16:21:38 - Row :204 - Processing item.
10-18-2021 @ 16:21:38 - Found order object. ID:87079
10-18-2021 @ 16:21:40 - Row :204 - Order imported successfully.
10-18-2021 @ 16:21:40 - Row :205 - Parsing item.
10-18-2021 @ 16:21:40 - Row :205 - Processing item.
10-18-2021 @ 16:21:40 - Found order object. ID:87080
10-18-2021 @ 16:21:42 - Row :205 - Order imported successfully.
10-18-2021 @ 16:21:42 - Row :206 - Parsing item.
10-18-2021 @ 16:21:42 - Row :206 - Processing item.
10-18-2021 @ 16:21:42 - Found order object. ID:87081
10-18-2021 @ 16:21:44 - Row :206 - Order imported successfully.
10-18-2021 @ 16:21:44 - Row :207 - Parsing item.
10-18-2021 @ 16:21:44 - Row :207 - Processing item.
10-18-2021 @ 16:21:44 - Found order object. ID:87082
10-18-2021 @ 16:21:46 - Row :207 - Order imported successfully.
10-18-2021 @ 16:21:46 - Row :208 - Parsing item.
10-18-2021 @ 16:21:46 - Row :208 - Processing item.
10-18-2021 @ 16:21:46 - Found order object. ID:87083
10-18-2021 @ 16:21:46 - Row :208 - Order imported successfully.
10-18-2021 @ 16:21:46 - Row :209 - Parsing item.
10-18-2021 @ 16:21:46 - Row :209 - Processing item.
10-18-2021 @ 16:21:46 - Found order object. ID:87084
10-18-2021 @ 16:21:48 - Row :209 - Order imported successfully.
10-18-2021 @ 16:21:48 - Row :210 - Parsing item.
10-18-2021 @ 16:21:48 - Row :210 - Processing item.
10-18-2021 @ 16:21:48 - Found order object. ID:87085
10-18-2021 @ 16:21:49 - Row :210 - Order imported successfully.
10-18-2021 @ 16:21:49 - Row :211 - Parsing item.
10-18-2021 @ 16:21:49 - Row :211 - Processing item.
10-18-2021 @ 16:21:49 - Found order object. ID:87086
10-18-2021 @ 16:21:51 - Row :211 - Order imported successfully.
10-18-2021 @ 16:21:51 - Row :212 - Parsing item.
10-18-2021 @ 16:21:51 - Row :212 - Processing item.
10-18-2021 @ 16:21:51 - Found order object. ID:87087
10-18-2021 @ 16:21:51 - Row :212 - Order imported successfully.
10-18-2021 @ 16:21:51 - Row :213 - Parsing item.
10-18-2021 @ 16:21:51 - Row :213 - Processing item.
10-18-2021 @ 16:21:51 - Found order object. ID:87088
10-18-2021 @ 16:21:53 - Row :213 - Order imported successfully.
10-18-2021 @ 16:21:53 - Row :214 - Parsing item.
10-18-2021 @ 16:21:53 - Row :214 - Processing item.
10-18-2021 @ 16:21:53 - Found order object. ID:87089
10-18-2021 @ 16:21:54 - Row :214 - Order imported successfully.
10-18-2021 @ 16:21:54 - Row :215 - Parsing item.
10-18-2021 @ 16:21:54 - Row :215 - Processing item.
10-18-2021 @ 16:21:54 - Found order object. ID:87090
10-18-2021 @ 16:21:55 - Row :215 - Order imported successfully.
10-18-2021 @ 16:21:55 - Row :216 - Parsing item.
10-18-2021 @ 16:21:55 - Row :216 - Processing item.
10-18-2021 @ 16:21:55 - Found order object. ID:87091
10-18-2021 @ 16:21:56 - Row :216 - Order imported successfully.
10-18-2021 @ 16:21:56 - Row :217 - Parsing item.
10-18-2021 @ 16:21:56 - Row :217 - Processing item.
10-18-2021 @ 16:21:56 - Found order object. ID:87092
10-18-2021 @ 16:21:57 - Row :217 - Order imported successfully.
10-18-2021 @ 16:21:57 - Row :218 - Parsing item.
10-18-2021 @ 16:21:57 - Row :218 - Processing item.
10-18-2021 @ 16:21:57 - Found order object. ID:87093
10-18-2021 @ 16:21:57 - Row :218 - Order imported successfully.
10-18-2021 @ 16:21:57 - Row :219 - Parsing item.
10-18-2021 @ 16:21:57 - Row :219 - Processing item.
10-18-2021 @ 16:21:57 - Found order object. ID:87094
10-18-2021 @ 16:22:00 - Row :219 - Order imported successfully.
10-18-2021 @ 16:22:00 - Row :220 - Parsing item.
10-18-2021 @ 16:22:00 - Row :220 - Processing item.
10-18-2021 @ 16:22:00 - Found order object. ID:87095
10-18-2021 @ 16:22:01 - Row :220 - Order imported successfully.
10-18-2021 @ 16:22:01 - Row :221 - Parsing item.
10-18-2021 @ 16:22:01 - Row :221 - Processing item.
10-18-2021 @ 16:22:01 - Found order object. ID:87096
10-18-2021 @ 16:22:02 - Row :221 - Order imported successfully.
10-18-2021 @ 16:22:02 - Row :222 - Parsing item.
10-18-2021 @ 16:22:02 - Row :222 - Processing item.
10-18-2021 @ 16:22:02 - Found order object. ID:87097
10-18-2021 @ 16:22:03 - Row :222 - Order imported successfully.
10-18-2021 @ 16:22:03 - Row :223 - Parsing item.
10-18-2021 @ 16:22:03 - Row :223 - Processing item.
10-18-2021 @ 16:22:03 - Found order object. ID:87098
10-18-2021 @ 16:22:04 - Row :223 - Order imported successfully.
10-18-2021 @ 16:22:04 - Row :224 - Parsing item.
10-18-2021 @ 16:22:05 - Row :224 - Processing item.
10-18-2021 @ 16:22:05 - Found order object. ID:87099
10-18-2021 @ 16:22:07 - Row :224 - Order imported successfully.
10-18-2021 @ 16:22:07 - Row :225 - Parsing item.
10-18-2021 @ 16:22:07 - Row :225 - Processing item.
10-18-2021 @ 16:22:07 - Found order object. ID:87100
10-18-2021 @ 16:22:08 - Row :225 - Order imported successfully.
10-18-2021 @ 16:22:08 - Row :226 - Parsing item.
10-18-2021 @ 16:22:08 - Row :226 - Processing item.
10-18-2021 @ 16:22:08 - Found order object. ID:87101
10-18-2021 @ 16:22:11 - Row :226 - Order imported successfully.
10-18-2021 @ 16:22:11 - Row :227 - Parsing item.
10-18-2021 @ 16:22:11 - Row :227 - Processing item.
10-18-2021 @ 16:22:11 - Found order object. ID:87102
10-18-2021 @ 16:22:12 - Row :227 - Order imported successfully.
10-18-2021 @ 16:22:12 - Row :228 - Parsing item.
10-18-2021 @ 16:22:12 - Row :228 - Processing item.
10-18-2021 @ 16:22:12 - Found order object. ID:87103
10-18-2021 @ 16:22:13 - Row :228 - Order imported successfully.
10-18-2021 @ 16:22:13 - Row :229 - Parsing item.
10-18-2021 @ 16:22:13 - Row :229 - Processing item.
10-18-2021 @ 16:22:14 - Found order object. ID:87104
10-18-2021 @ 16:22:16 - Row :229 - Order imported successfully.
10-18-2021 @ 16:22:16 - Row :230 - Parsing item.
10-18-2021 @ 16:22:16 - Row :230 - Processing item.
10-18-2021 @ 16:22:16 - Found order object. ID:87105
10-18-2021 @ 16:22:16 - Row :230 - Order imported successfully.
10-18-2021 @ 16:22:16 - Row :231 - Parsing item.
10-18-2021 @ 16:22:16 - Row :231 - Processing item.
10-18-2021 @ 16:22:17 - Found order object. ID:87106
10-18-2021 @ 16:22:19 - Row :231 - Order imported successfully.
10-18-2021 @ 16:22:19 - Row :232 - Parsing item.
10-18-2021 @ 16:22:19 - Row :232 - Processing item.
10-18-2021 @ 16:22:19 - Found order object. ID:87107
10-18-2021 @ 16:22:20 - Row :232 - Order imported successfully.
10-18-2021 @ 16:22:20 - Row :233 - Parsing item.
10-18-2021 @ 16:22:20 - Row :233 - Processing item.
10-18-2021 @ 16:22:20 - Found order object. ID:87108
10-18-2021 @ 16:22:22 - Row :233 - Order imported successfully.
10-18-2021 @ 16:22:22 - Row :234 - Parsing item.
10-18-2021 @ 16:22:22 - Row :234 - Processing item.
10-18-2021 @ 16:22:22 - Found order object. ID:87109
10-18-2021 @ 16:22:22 - Row :234 - Order imported successfully.
10-18-2021 @ 16:22:22 - Row :235 - Parsing item.
10-18-2021 @ 16:22:22 - Row :235 - Processing item.
10-18-2021 @ 16:22:22 - Found order object. ID:87110
10-18-2021 @ 16:22:24 - Row :235 - Order imported successfully.
10-18-2021 @ 16:22:24 - Row :236 - Parsing item.
10-18-2021 @ 16:22:24 - Row :236 - Processing item.
10-18-2021 @ 16:22:24 - Found order object. ID:87111
10-18-2021 @ 16:22:25 - Row :236 - Order imported successfully.
10-18-2021 @ 16:22:25 - Row :237 - Parsing item.
10-18-2021 @ 16:22:25 - Row :237 - Processing item.
10-18-2021 @ 16:22:25 - Found order object. ID:87112
10-18-2021 @ 16:22:27 - Row :237 - Order imported successfully.
10-18-2021 @ 16:22:27 - Row :238 - Parsing item.
10-18-2021 @ 16:22:27 - Row :238 - Processing item.
10-18-2021 @ 16:22:27 - Found order object. ID:87113
10-18-2021 @ 16:22:29 - Row :238 - Order imported successfully.
10-18-2021 @ 16:22:29 - Row :239 - Parsing item.
10-18-2021 @ 16:22:29 - Row :239 - Processing item.
10-18-2021 @ 16:22:29 - Found order object. ID:87114
10-18-2021 @ 16:22:30 - Row :239 - Order imported successfully.
10-18-2021 @ 16:22:30 - Row :240 - Parsing item.
10-18-2021 @ 16:22:30 - Row :240 - Processing item.
10-18-2021 @ 16:22:30 - Found order object. ID:87115
10-18-2021 @ 16:22:32 - Row :240 - Order imported successfully.
10-18-2021 @ 16:22:32 - Row :241 - Parsing item.
10-18-2021 @ 16:22:32 - Row :241 - Processing item.
10-18-2021 @ 16:22:32 - Found order object. ID:87116
10-18-2021 @ 16:22:33 - Row :241 - Order imported successfully.
10-18-2021 @ 16:22:33 - Row :242 - Parsing item.
10-18-2021 @ 16:22:33 - Row :242 - Processing item.
10-18-2021 @ 16:22:33 - Found order object. ID:87117
10-18-2021 @ 16:22:35 - Row :242 - Order imported successfully.
10-18-2021 @ 16:22:35 - Row :243 - Parsing item.
10-18-2021 @ 16:22:35 - Row :243 - Processing item.
10-18-2021 @ 16:22:35 - Found order object. ID:87118
10-18-2021 @ 16:22:36 - Row :243 - Order imported successfully.
10-18-2021 @ 16:22:36 - Row :244 - Parsing item.
10-18-2021 @ 16:22:36 - Row :244 - Processing item.
10-18-2021 @ 16:22:36 - Found order object. ID:87119
10-18-2021 @ 16:22:37 - Row :244 - Order imported successfully.
10-18-2021 @ 16:22:37 - Row :245 - Parsing item.
10-18-2021 @ 16:22:37 - Row :245 - Processing item.
10-18-2021 @ 16:22:37 - Found order object. ID:87120
10-18-2021 @ 16:22:39 - Row :245 - Order imported successfully.
10-18-2021 @ 16:22:39 - Row :246 - Parsing item.
10-18-2021 @ 16:22:39 - Row :246 - Processing item.
10-18-2021 @ 16:22:39 - Found order object. ID:87121
10-18-2021 @ 16:22:41 - Row :246 - Order imported successfully.
10-18-2021 @ 16:22:41 - Row :247 - Parsing item.
10-18-2021 @ 16:22:41 - Row :247 - Processing item.
10-18-2021 @ 16:22:41 - Found order object. ID:87122
10-18-2021 @ 16:22:42 - Row :247 - Order imported successfully.
10-18-2021 @ 16:22:42 - Row :248 - Parsing item.
10-18-2021 @ 16:22:42 - Row :248 - Processing item.
10-18-2021 @ 16:22:42 - Found order object. ID:87123
10-18-2021 @ 16:22:44 - Row :248 - Order imported successfully.
10-18-2021 @ 16:22:44 - Row :249 - Parsing item.
10-18-2021 @ 16:22:44 - Row :249 - Processing item.
10-18-2021 @ 16:22:44 - Found order object. ID:87124
10-18-2021 @ 16:22:44 - Row :249 - Order imported successfully.
10-18-2021 @ 16:22:44 - Row :250 - Parsing item.
10-18-2021 @ 16:22:44 - Row :250 - Processing item.
10-18-2021 @ 16:22:44 - Found order object. ID:87125
10-18-2021 @ 16:22:46 - Row :250 - Order imported successfully.
10-18-2021 @ 16:22:46 - Row :251 - Parsing item.
10-18-2021 @ 16:22:46 - Row :251 - Processing item.
10-18-2021 @ 16:22:46 - Found order object. ID:87126
10-18-2021 @ 16:22:47 - Row :251 - Order imported successfully.
10-18-2021 @ 16:22:47 - Row :252 - Parsing item.
10-18-2021 @ 16:22:47 - Row :252 - Processing item.
10-18-2021 @ 16:22:47 - Found order object. ID:87127
10-18-2021 @ 16:22:48 - Row :252 - Order imported successfully.
10-18-2021 @ 16:22:48 - Row :253 - Parsing item.
10-18-2021 @ 16:22:48 - Row :253 - Processing item.
10-18-2021 @ 16:22:48 - Found order object. ID:87128
10-18-2021 @ 16:22:48 - Row :253 - Order imported successfully.
10-18-2021 @ 16:22:48 - Row :254 - Parsing item.
10-18-2021 @ 16:22:48 - Row :254 - Processing item.
10-18-2021 @ 16:22:49 - Found order object. ID:87129
10-18-2021 @ 16:22:49 - Row :254 - Order imported successfully.
10-18-2021 @ 16:22:49 - Row :255 - Parsing item.
10-18-2021 @ 16:22:49 - Row :255 - Processing item.
10-18-2021 @ 16:22:49 - Found order object. ID:87130
10-18-2021 @ 16:22:50 - Row :255 - Order imported successfully.
10-18-2021 @ 16:22:50 - Row :256 - Parsing item.
10-18-2021 @ 16:22:50 - Row :256 - Processing item.
10-18-2021 @ 16:22:50 - Found order object. ID:87131
10-18-2021 @ 16:22:51 - Row :256 - Order imported successfully.
10-18-2021 @ 16:22:51 - Row :257 - Parsing item.
10-18-2021 @ 16:22:51 - Row :257 - Processing item.
10-18-2021 @ 16:22:51 - Found order object. ID:87132
10-18-2021 @ 16:22:52 - Row :257 - Order imported successfully.
10-18-2021 @ 16:22:52 - Row :258 - Parsing item.
10-18-2021 @ 16:22:52 - Row :258 - Processing item.
10-18-2021 @ 16:22:52 - Found order object. ID:87133
10-18-2021 @ 16:22:54 - Row :258 - Order imported successfully.
10-18-2021 @ 16:22:54 - Row :259 - Parsing item.
10-18-2021 @ 16:22:54 - Row :259 - Processing item.
10-18-2021 @ 16:22:54 - Found order object. ID:87134
10-18-2021 @ 16:22:55 - Row :259 - Order imported successfully.
10-18-2021 @ 16:22:56 - Row :260 - Parsing item.
10-18-2021 @ 16:22:56 - Row :260 - Processing item.
10-18-2021 @ 16:22:56 - Found order object. ID:87135
10-18-2021 @ 16:22:56 - Row :260 - Order imported successfully.
10-18-2021 @ 16:22:56 - Row :261 - Parsing item.
10-18-2021 @ 16:22:56 - Row :261 - Processing item.
10-18-2021 @ 16:22:56 - Found order object. ID:87136
10-18-2021 @ 16:22:57 - Row :261 - Order imported successfully.
10-18-2021 @ 16:22:57 - Row :262 - Parsing item.
10-18-2021 @ 16:22:57 - Row :262 - Processing item.
10-18-2021 @ 16:22:57 - Found order object. ID:87137
10-18-2021 @ 16:22:59 - Row :262 - Order imported successfully.
10-18-2021 @ 16:22:59 - Row :263 - Parsing item.
10-18-2021 @ 16:22:59 - Row :263 - Processing item.
10-18-2021 @ 16:22:59 - Found order object. ID:87138
10-18-2021 @ 16:23:01 - Row :263 - Order imported successfully.
10-18-2021 @ 16:23:01 - Row :264 - Parsing item.
10-18-2021 @ 16:23:01 - Row :264 - Processing item.
10-18-2021 @ 16:23:01 - Found order object. ID:87139
10-18-2021 @ 16:23:02 - Row :264 - Order imported successfully.
10-18-2021 @ 16:23:02 - Row :265 - Parsing item.
10-18-2021 @ 16:23:02 - Row :265 - Processing item.
10-18-2021 @ 16:23:02 - Found order object. ID:87140
10-18-2021 @ 16:23:04 - Row :265 - Order imported successfully.
10-18-2021 @ 16:23:04 - Row :266 - Parsing item.
10-18-2021 @ 16:23:04 - Row :266 - Processing item.
10-18-2021 @ 16:23:04 - Found order object. ID:87141
10-18-2021 @ 16:23:06 - Row :266 - Order imported successfully.
10-18-2021 @ 16:23:06 - Row :267 - Parsing item.
10-18-2021 @ 16:23:06 - Row :267 - Processing item.
10-18-2021 @ 16:23:06 - Found order object. ID:87142
10-18-2021 @ 16:23:07 - Row :267 - Order imported successfully.
10-18-2021 @ 16:23:07 - Row :268 - Parsing item.
10-18-2021 @ 16:23:07 - Row :268 - Processing item.
10-18-2021 @ 16:23:08 - Found order object. ID:87143
10-18-2021 @ 16:23:09 - Row :268 - Order imported successfully.
10-18-2021 @ 16:23:09 - Row :269 - Parsing item.
10-18-2021 @ 16:23:09 - Row :269 - Processing item.
10-18-2021 @ 16:23:09 - Found order object. ID:87144
10-18-2021 @ 16:23:10 - Row :269 - Order imported successfully.
10-18-2021 @ 16:23:10 - Row :270 - Parsing item.
10-18-2021 @ 16:23:10 - Row :270 - Processing item.
10-18-2021 @ 16:23:10 - Found order object. ID:87145
10-18-2021 @ 16:23:12 - Row :270 - Order imported successfully.
10-18-2021 @ 16:23:12 - Row :271 - Parsing item.
10-18-2021 @ 16:23:12 - Row :271 - Processing item.
10-18-2021 @ 16:23:12 - Found order object. ID:87146
10-18-2021 @ 16:23:14 - Row :271 - Order imported successfully.
10-18-2021 @ 16:23:14 - Row :272 - Parsing item.
10-18-2021 @ 16:23:14 - Row :272 - Processing item.
10-18-2021 @ 16:23:14 - Found order object. ID:87147
10-18-2021 @ 16:23:15 - Row :272 - Order imported successfully.
10-18-2021 @ 16:23:15 - Row :273 - Parsing item.
10-18-2021 @ 16:23:15 - Row :273 - Processing item.
10-18-2021 @ 16:23:15 - Found order object. ID:87148
10-18-2021 @ 16:23:16 - Row :273 - Order imported successfully.
10-18-2021 @ 16:23:16 - Row :274 - Parsing item.
10-18-2021 @ 16:23:16 - Row :274 - Processing item.
10-18-2021 @ 16:23:16 - Found order object. ID:87149
10-18-2021 @ 16:23:18 - Row :274 - Order imported successfully.
10-18-2021 @ 16:23:18 - Row :275 - Parsing item.
10-18-2021 @ 16:23:18 - Row :275 - Processing item.
10-18-2021 @ 16:23:18 - Found order object. ID:87150
10-18-2021 @ 16:23:20 - Row :275 - Order imported successfully.
10-18-2021 @ 16:23:20 - Row :276 - Parsing item.
10-18-2021 @ 16:23:20 - Row :276 - Processing item.
10-18-2021 @ 16:23:20 - Found order object. ID:87151
10-18-2021 @ 16:23:22 - Row :276 - Order imported successfully.
10-18-2021 @ 16:23:22 - Row :277 - Parsing item.
10-18-2021 @ 16:23:22 - Row :277 - Processing item.
10-18-2021 @ 16:23:22 - Found order object. ID:87152
10-18-2021 @ 16:23:23 - Row :277 - Order imported successfully.
10-18-2021 @ 16:23:23 - Row :278 - Parsing item.
10-18-2021 @ 16:23:23 - Row :278 - Processing item.
10-18-2021 @ 16:23:23 - Found order object. ID:87153
10-18-2021 @ 16:23:24 - Row :278 - Order imported successfully.
10-18-2021 @ 16:23:24 - Row :279 - Parsing item.
10-18-2021 @ 16:23:24 - Row :279 - Processing item.
10-18-2021 @ 16:23:24 - Found order object. ID:87154
10-18-2021 @ 16:23:27 - Row :279 - Order imported successfully.
10-18-2021 @ 16:23:27 - Row :280 - Parsing item.
10-18-2021 @ 16:23:27 - Row :280 - Processing item.
10-18-2021 @ 16:23:27 - Found order object. ID:87155
10-18-2021 @ 16:23:28 - Row :280 - Order imported successfully.
10-18-2021 @ 16:23:28 - Row :281 - Parsing item.
10-18-2021 @ 16:23:28 - Row :281 - Processing item.
10-18-2021 @ 16:23:28 - Found order object. ID:87156
10-18-2021 @ 16:23:29 - Row :281 - Order imported successfully.
10-18-2021 @ 16:23:29 - Row :282 - Parsing item.
10-18-2021 @ 16:23:29 - Row :282 - Processing item.
10-18-2021 @ 16:23:29 - Found order object. ID:87157
10-18-2021 @ 16:23:30 - Row :282 - Order imported successfully.
10-18-2021 @ 16:23:30 - Row :283 - Parsing item.
10-18-2021 @ 16:23:30 - Row :283 - Processing item.
10-18-2021 @ 16:23:30 - Found order object. ID:87158
10-18-2021 @ 16:23:31 - Row :283 - Order imported successfully.
10-18-2021 @ 16:23:31 - Row :284 - Parsing item.
10-18-2021 @ 16:23:31 - Row :284 - Processing item.
10-18-2021 @ 16:23:31 - Found order object. ID:87159
10-18-2021 @ 16:23:32 - Row :284 - Order imported successfully.
10-18-2021 @ 16:23:32 - Row :285 - Parsing item.
10-18-2021 @ 16:23:32 - Row :285 - Processing item.
10-18-2021 @ 16:23:32 - Found order object. ID:87160
10-18-2021 @ 16:23:34 - Row :285 - Order imported successfully.
10-18-2021 @ 16:23:34 - Row :286 - Parsing item.
10-18-2021 @ 16:23:34 - Row :286 - Processing item.
10-18-2021 @ 16:23:34 - Found order object. ID:87161
10-18-2021 @ 16:23:37 - Row :286 - Order imported successfully.
10-18-2021 @ 16:23:37 - Row :287 - Parsing item.
10-18-2021 @ 16:23:37 - Row :287 - Processing item.
10-18-2021 @ 16:23:37 - Found order object. ID:87162
10-18-2021 @ 16:23:38 - Row :287 - Order imported successfully.
10-18-2021 @ 16:23:38 - Row :288 - Parsing item.
10-18-2021 @ 16:23:38 - Row :288 - Processing item.
10-18-2021 @ 16:23:38 - Found order object. ID:87163
10-18-2021 @ 16:23:39 - Row :288 - Order imported successfully.
10-18-2021 @ 16:23:39 - Row :289 - Parsing item.
10-18-2021 @ 16:23:39 - Row :289 - Processing item.
10-18-2021 @ 16:23:40 - Found order object. ID:87164
10-18-2021 @ 16:23:41 - Row :289 - Order imported successfully.
10-18-2021 @ 16:23:41 - Row :290 - Parsing item.
10-18-2021 @ 16:23:41 - Row :290 - Processing item.
10-18-2021 @ 16:23:41 - Found order object. ID:87165
10-18-2021 @ 16:23:42 - Row :290 - Order imported successfully.
10-18-2021 @ 16:23:42 - Row :291 - Parsing item.
10-18-2021 @ 16:23:42 - Row :291 - Processing item.
10-18-2021 @ 16:23:42 - Found order object. ID:87166
10-18-2021 @ 16:23:44 - Row :291 - Order imported successfully.
10-18-2021 @ 16:23:44 - Row :292 - Parsing item.
10-18-2021 @ 16:23:44 - Row :292 - Processing item.
10-18-2021 @ 16:23:44 - Found order object. ID:87167
10-18-2021 @ 16:23:44 - Row :292 - Order imported successfully.
10-18-2021 @ 16:23:44 - Row :293 - Parsing item.
10-18-2021 @ 16:23:44 - Row :293 - Processing item.
10-18-2021 @ 16:23:44 - Found order object. ID:87168
10-18-2021 @ 16:23:45 - Row :293 - Order imported successfully.
10-18-2021 @ 16:23:45 - Row :294 - Parsing item.
10-18-2021 @ 16:23:45 - Row :294 - Processing item.
10-18-2021 @ 16:23:45 - Found order object. ID:87169
10-18-2021 @ 16:23:47 - Row :294 - Order imported successfully.
10-18-2021 @ 16:23:47 - Row :295 - Parsing item.
10-18-2021 @ 16:23:47 - Row :295 - Processing item.
10-18-2021 @ 16:23:47 - Found order object. ID:87170
10-18-2021 @ 16:23:49 - Row :295 - Order imported successfully.
10-18-2021 @ 16:23:49 - Row :296 - Parsing item.
10-18-2021 @ 16:23:49 - Row :296 - Processing item.
10-18-2021 @ 16:23:49 - Found order object. ID:87171
10-18-2021 @ 16:23:50 - Row :296 - Order imported successfully.
10-18-2021 @ 16:23:50 - Row :297 - Parsing item.
10-18-2021 @ 16:23:50 - Row :297 - Processing item.
10-18-2021 @ 16:23:50 - Found order object. ID:87172
10-18-2021 @ 16:23:51 - Row :297 - Order imported successfully.
10-18-2021 @ 16:23:51 - Row :298 - Parsing item.
10-18-2021 @ 16:23:51 - Row :298 - Processing item.
10-18-2021 @ 16:23:51 - Found order object. ID:87173
10-18-2021 @ 16:23:52 - Row :298 - Order imported successfully.
10-18-2021 @ 16:23:52 - Row :299 - Parsing item.
10-18-2021 @ 16:23:52 - Row :299 - Processing item.
10-18-2021 @ 16:23:52 - Found order object. ID:87174
10-18-2021 @ 16:23:53 - Row :299 - Order imported successfully.
10-18-2021 @ 16:23:53 - Row :300 - Parsing item.
10-18-2021 @ 16:23:54 - Row :300 - Processing item.
10-18-2021 @ 16:23:54 - Found order object. ID:87175
10-18-2021 @ 16:23:55 - Row :300 - Order imported successfully.
10-18-2021 @ 16:23:55 - Row :301 - Parsing item.
10-18-2021 @ 16:23:55 - Row :301 - Processing item.
10-18-2021 @ 16:23:55 - Found order object. ID:87176
10-18-2021 @ 16:23:57 - Row :301 - Order imported successfully.
10-18-2021 @ 16:23:57 - Row :302 - Parsing item.
10-18-2021 @ 16:23:57 - Row :302 - Processing item.
10-18-2021 @ 16:23:57 - Found order object. ID:87177
10-18-2021 @ 16:23:59 - Row :302 - Order imported successfully.
10-18-2021 @ 16:23:59 - Row :303 - Parsing item.
10-18-2021 @ 16:23:59 - Row :303 - Processing item.
10-18-2021 @ 16:23:59 - Found order object. ID:87178
10-18-2021 @ 16:24:00 - Row :303 - Order imported successfully.
10-18-2021 @ 16:24:00 - Row :304 - Parsing item.
10-18-2021 @ 16:24:00 - Row :304 - Processing item.
10-18-2021 @ 16:24:00 - Found order object. ID:87179
10-18-2021 @ 16:24:02 - Row :304 - Order imported successfully.
10-18-2021 @ 16:24:02 - Row :305 - Parsing item.
10-18-2021 @ 16:24:02 - Row :305 - Processing item.
10-18-2021 @ 16:24:02 - Found order object. ID:87180
10-18-2021 @ 16:24:04 - Row :305 - Order imported successfully.
10-18-2021 @ 16:24:04 - Row :306 - Parsing item.
10-18-2021 @ 16:24:04 - Row :306 - Processing item.
10-18-2021 @ 16:24:04 - Found order object. ID:87181
10-18-2021 @ 16:24:06 - Row :306 - Order imported successfully.
10-18-2021 @ 16:24:06 - Row :307 - Parsing item.
10-18-2021 @ 16:24:06 - Row :307 - Processing item.
10-18-2021 @ 16:24:06 - Found order object. ID:87182
10-18-2021 @ 16:24:09 - Row :307 - Order imported successfully.
10-18-2021 @ 16:24:09 - Row :308 - Parsing item.
10-18-2021 @ 16:24:09 - Row :308 - Processing item.
10-18-2021 @ 16:24:09 - Found order object. ID:87183
10-18-2021 @ 16:24:11 - Row :308 - Order imported successfully.
10-18-2021 @ 16:24:11 - Row :309 - Parsing item.
10-18-2021 @ 16:24:11 - Row :309 - Processing item.
10-18-2021 @ 16:24:11 - Found order object. ID:87184
10-18-2021 @ 16:24:12 - Row :309 - Order imported successfully.
10-18-2021 @ 16:24:12 - Row :310 - Parsing item.
10-18-2021 @ 16:24:12 - Row :310 - Processing item.
10-18-2021 @ 16:24:12 - Found order object. ID:87185
10-18-2021 @ 16:24:14 - Row :310 - Order imported successfully.
10-18-2021 @ 16:24:14 - Row :311 - Parsing item.
10-18-2021 @ 16:24:14 - Row :311 - Processing item.
10-18-2021 @ 16:24:14 - Found order object. ID:87186
10-18-2021 @ 16:24:14 - Row :311 - Order imported successfully.
10-18-2021 @ 16:24:14 - Row :312 - Parsing item.
10-18-2021 @ 16:24:14 - Row :312 - Processing item.
10-18-2021 @ 16:24:14 - Found order object. ID:87187
10-18-2021 @ 16:24:15 - Row :312 - Order imported successfully.
10-18-2021 @ 16:24:15 - Row :313 - Parsing item.
10-18-2021 @ 16:24:15 - Row :313 - Processing item.
10-18-2021 @ 16:24:16 - Found order object. ID:87188
10-18-2021 @ 16:24:17 - Row :313 - Order imported successfully.
10-18-2021 @ 16:24:17 - Row :314 - Parsing item.
10-18-2021 @ 16:24:17 - Row :314 - Processing item.
10-18-2021 @ 16:24:17 - Found order object. ID:87189
10-18-2021 @ 16:24:19 - Row :314 - Order imported successfully.
10-18-2021 @ 16:24:19 - Row :315 - Parsing item.
10-18-2021 @ 16:24:19 - Row :315 - Processing item.
10-18-2021 @ 16:24:19 - Found order object. ID:87190
10-18-2021 @ 16:24:20 - Row :315 - Order imported successfully.
10-18-2021 @ 16:24:20 - Row :316 - Parsing item.
10-18-2021 @ 16:24:20 - Row :316 - Processing item.
10-18-2021 @ 16:24:20 - Found order object. ID:87191
10-18-2021 @ 16:24:22 - Row :316 - Order imported successfully.
10-18-2021 @ 16:24:22 - Row :317 - Parsing item.
10-18-2021 @ 16:24:22 - Row :317 - Processing item.
10-18-2021 @ 16:24:22 - Found order object. ID:87192
10-18-2021 @ 16:24:23 - Row :317 - Order imported successfully.
10-18-2021 @ 16:24:23 - Row :318 - Parsing item.
10-18-2021 @ 16:24:23 - Row :318 - Processing item.
10-18-2021 @ 16:24:24 - Found order object. ID:87193
10-18-2021 @ 16:24:25 - Row :318 - Order imported successfully.
10-18-2021 @ 16:24:25 - Row :319 - Parsing item.
10-18-2021 @ 16:24:25 - Row :319 - Processing item.
10-18-2021 @ 16:24:25 - Found order object. ID:87194
10-18-2021 @ 16:24:27 - Row :319 - Order imported successfully.
10-18-2021 @ 16:24:27 - Row :320 - Parsing item.
10-18-2021 @ 16:24:27 - Row :320 - Processing item.
10-18-2021 @ 16:24:27 - Found order object. ID:87195
10-18-2021 @ 16:24:30 - Row :320 - Order imported successfully.
10-18-2021 @ 16:24:30 - Row :321 - Parsing item.
10-18-2021 @ 16:24:30 - Row :321 - Processing item.
10-18-2021 @ 16:24:30 - Found order object. ID:87196
10-18-2021 @ 16:24:32 - Row :321 - Order imported successfully.
10-18-2021 @ 16:24:32 - Row :322 - Parsing item.
10-18-2021 @ 16:24:32 - Row :322 - Processing item.
10-18-2021 @ 16:24:32 - Found order object. ID:87197
10-18-2021 @ 16:24:32 - Row :322 - Order imported successfully.
10-18-2021 @ 16:24:32 - Row :323 - Parsing item.
10-18-2021 @ 16:24:32 - Row :323 - Processing item.
10-18-2021 @ 16:24:33 - Found order object. ID:87198
10-18-2021 @ 16:24:34 - Row :323 - Order imported successfully.
10-18-2021 @ 16:24:34 - Row :324 - Parsing item.
10-18-2021 @ 16:24:34 - Row :324 - Processing item.
10-18-2021 @ 16:24:34 - Found order object. ID:87199
10-18-2021 @ 16:24:35 - Row :324 - Order imported successfully.
10-18-2021 @ 16:24:35 - Row :325 - Parsing item.
10-18-2021 @ 16:24:35 - Row :325 - Processing item.
10-18-2021 @ 16:24:36 - Found order object. ID:87200
10-18-2021 @ 16:24:37 - Row :325 - Order imported successfully.
10-18-2021 @ 16:24:37 - Row :326 - Parsing item.
10-18-2021 @ 16:24:37 - Row :326 - Processing item.
10-18-2021 @ 16:24:37 - Found order object. ID:87201
10-18-2021 @ 16:24:39 - Row :326 - Order imported successfully.
10-18-2021 @ 16:24:39 - Row :327 - Parsing item.
10-18-2021 @ 16:24:39 - Row :327 - Processing item.
10-18-2021 @ 16:24:39 - Found order object. ID:87202
10-18-2021 @ 16:24:41 - Row :327 - Order imported successfully.
10-18-2021 @ 16:24:41 - Row :328 - Parsing item.
10-18-2021 @ 16:24:41 - Row :328 - Processing item.
10-18-2021 @ 16:24:41 - Found order object. ID:87203
10-18-2021 @ 16:24:42 - Row :328 - Order imported successfully.
10-18-2021 @ 16:24:42 - Row :329 - Parsing item.
10-18-2021 @ 16:24:42 - Row :329 - Processing item.
10-18-2021 @ 16:24:42 - Found order object. ID:87204
10-18-2021 @ 16:24:43 - Row :329 - Order imported successfully.
10-18-2021 @ 16:24:43 - Row :330 - Parsing item.
10-18-2021 @ 16:24:43 - Row :330 - Processing item.
10-18-2021 @ 16:24:43 - Found order object. ID:87205
10-18-2021 @ 16:24:43 - Row :330 - Order imported successfully.
10-18-2021 @ 16:24:43 - Row :331 - Parsing item.
10-18-2021 @ 16:24:43 - Row :331 - Processing item.
10-18-2021 @ 16:24:43 - Found order object. ID:87206
10-18-2021 @ 16:24:45 - Row :331 - Order imported successfully.
10-18-2021 @ 16:24:45 - Row :332 - Parsing item.
10-18-2021 @ 16:24:45 - Row :332 - Processing item.
10-18-2021 @ 16:24:45 - Found order object. ID:87207
10-18-2021 @ 16:24:47 - Row :332 - Order imported successfully.
10-18-2021 @ 16:24:47 - Row :333 - Parsing item.
10-18-2021 @ 16:24:47 - Row :333 - Processing item.
10-18-2021 @ 16:24:47 - Found order object. ID:87208
10-18-2021 @ 16:24:49 - Row :333 - Order imported successfully.
10-18-2021 @ 16:24:49 - Row :334 - Parsing item.
10-18-2021 @ 16:24:49 - Row :334 - Processing item.
10-18-2021 @ 16:24:49 - Found order object. ID:87209
10-18-2021 @ 16:24:50 - Row :334 - Order imported successfully.
10-18-2021 @ 16:24:50 - Row :335 - Parsing item.
10-18-2021 @ 16:24:50 - Row :335 - Processing item.
10-18-2021 @ 16:24:50 - Found order object. ID:87210
10-18-2021 @ 16:24:51 - Row :335 - Order imported successfully.
10-18-2021 @ 16:24:51 - Row :336 - Parsing item.
10-18-2021 @ 16:24:51 - Row :336 - Processing item.
10-18-2021 @ 16:24:52 - Found order object. ID:87211
10-18-2021 @ 16:24:53 - Row :336 - Order imported successfully.
10-18-2021 @ 16:24:53 - Row :337 - Parsing item.
10-18-2021 @ 16:24:53 - Row :337 - Processing item.
10-18-2021 @ 16:24:53 - Found order object. ID:87212
10-18-2021 @ 16:24:54 - Row :337 - Order imported successfully.
10-18-2021 @ 16:24:54 - Row :338 - Parsing item.
10-18-2021 @ 16:24:54 - Row :338 - Processing item.
10-18-2021 @ 16:24:55 - Found order object. ID:87213
10-18-2021 @ 16:24:57 - Row :338 - Order imported successfully.
10-18-2021 @ 16:24:57 - Row :339 - Parsing item.
10-18-2021 @ 16:24:57 - Row :339 - Processing item.
10-18-2021 @ 16:24:57 - Found order object. ID:87214
10-18-2021 @ 16:24:59 - Row :339 - Order imported successfully.
10-18-2021 @ 16:24:59 - Row :340 - Parsing item.
10-18-2021 @ 16:24:59 - Row :340 - Processing item.
10-18-2021 @ 16:24:59 - Found order object. ID:87215
10-18-2021 @ 16:25:01 - Row :340 - Order imported successfully.
10-18-2021 @ 16:25:01 - Row :341 - Parsing item.
10-18-2021 @ 16:25:01 - Row :341 - Processing item.
10-18-2021 @ 16:25:01 - Found order object. ID:87216
10-18-2021 @ 16:25:02 - Row :341 - Order imported successfully.
10-18-2021 @ 16:25:02 - Row :342 - Parsing item.
10-18-2021 @ 16:25:02 - Row :342 - Processing item.
10-18-2021 @ 16:25:02 - Found order object. ID:87217
10-18-2021 @ 16:25:04 - Row :342 - Order imported successfully.
10-18-2021 @ 16:25:04 - Row :343 - Parsing item.
10-18-2021 @ 16:25:04 - Row :343 - Processing item.
10-18-2021 @ 16:25:04 - Found order object. ID:87218
10-18-2021 @ 16:25:04 - Row :343 - Order imported successfully.
10-18-2021 @ 16:25:04 - Row :344 - Parsing item.
10-18-2021 @ 16:25:04 - Row :344 - Processing item.
10-18-2021 @ 16:25:05 - Found order object. ID:87219
10-18-2021 @ 16:25:06 - Row :344 - Order imported successfully.
10-18-2021 @ 16:25:06 - Row :345 - Parsing item.
10-18-2021 @ 16:25:06 - Row :345 - Processing item.
10-18-2021 @ 16:25:06 - Found order object. ID:87220
10-18-2021 @ 16:25:07 - Row :345 - Order imported successfully.
10-18-2021 @ 16:25:07 - Row :346 - Parsing item.
10-18-2021 @ 16:25:07 - Row :346 - Processing item.
10-18-2021 @ 16:25:07 - Found order object. ID:87221
10-18-2021 @ 16:25:10 - Row :346 - Order imported successfully.
10-18-2021 @ 16:25:10 - Row :347 - Parsing item.
10-18-2021 @ 16:25:10 - Row :347 - Processing item.
10-18-2021 @ 16:25:10 - Found order object. ID:87222
10-18-2021 @ 16:25:11 - Row :347 - Order imported successfully.
10-18-2021 @ 16:25:11 - Row :348 - Parsing item.
10-18-2021 @ 16:25:11 - Row :348 - Processing item.
10-18-2021 @ 16:25:11 - Found order object. ID:87223
10-18-2021 @ 16:25:13 - Row :348 - Order imported successfully.
10-18-2021 @ 16:25:13 - Row :349 - Parsing item.
10-18-2021 @ 16:25:13 - Row :349 - Processing item.
10-18-2021 @ 16:25:14 - Found order object. ID:87224
10-18-2021 @ 16:25:15 - Row :349 - Order imported successfully.
10-18-2021 @ 16:25:15 - Row :350 - Parsing item.
10-18-2021 @ 16:25:15 - Row :350 - Processing item.
10-18-2021 @ 16:25:15 - Found order object. ID:87225
10-18-2021 @ 16:25:17 - Row :350 - Order imported successfully.
10-18-2021 @ 16:25:17 - Row :351 - Parsing item.
10-18-2021 @ 16:25:17 - Row :351 - Processing item.
10-18-2021 @ 16:25:17 - Found order object. ID:87226
10-18-2021 @ 16:25:20 - Row :351 - Order imported successfully.
10-18-2021 @ 16:25:20 - Row :352 - Parsing item.
10-18-2021 @ 16:25:20 - Row :352 - Processing item.
10-18-2021 @ 16:25:20 - Found order object. ID:87227
10-18-2021 @ 16:25:20 - Row :352 - Order imported successfully.
10-18-2021 @ 16:25:20 - Row :353 - Parsing item.
10-18-2021 @ 16:25:20 - Row :353 - Processing item.
10-18-2021 @ 16:25:20 - Found order object. ID:87228
10-18-2021 @ 16:25:22 - Row :353 - Order imported successfully.
10-18-2021 @ 16:25:22 - Row :354 - Parsing item.
10-18-2021 @ 16:25:22 - Row :354 - Processing item.
10-18-2021 @ 16:25:22 - Found order object. ID:87229
10-18-2021 @ 16:25:23 - Row :354 - Order imported successfully.
10-18-2021 @ 16:25:23 - Row :355 - Parsing item.
10-18-2021 @ 16:25:23 - Row :355 - Processing item.
10-18-2021 @ 16:25:24 - Found order object. ID:87230
10-18-2021 @ 16:25:25 - Row :355 - Order imported successfully.
10-18-2021 @ 16:25:25 - Row :356 - Parsing item.
10-18-2021 @ 16:25:25 - Row :356 - Processing item.
10-18-2021 @ 16:25:25 - Found order object. ID:87231
10-18-2021 @ 16:25:27 - Row :356 - Order imported successfully.
10-18-2021 @ 16:25:27 - Row :357 - Parsing item.
10-18-2021 @ 16:25:27 - Row :357 - Processing item.
10-18-2021 @ 16:25:27 - Found order object. ID:87232
10-18-2021 @ 16:25:29 - Row :357 - Order imported successfully.
10-18-2021 @ 16:25:29 - Row :358 - Parsing item.
10-18-2021 @ 16:25:29 - Row :358 - Processing item.
10-18-2021 @ 16:25:29 - Found order object. ID:87233
10-18-2021 @ 16:25:31 - Row :358 - Order imported successfully.
10-18-2021 @ 16:25:31 - Row :359 - Parsing item.
10-18-2021 @ 16:25:31 - Row :359 - Processing item.
10-18-2021 @ 16:25:31 - Found order object. ID:87234
10-18-2021 @ 16:25:33 - Row :359 - Order imported successfully.
10-18-2021 @ 16:25:33 - Row :360 - Parsing item.
10-18-2021 @ 16:25:33 - Row :360 - Processing item.
10-18-2021 @ 16:25:33 - Found order object. ID:87235
10-18-2021 @ 16:25:35 - Row :360 - Order imported successfully.
10-18-2021 @ 16:25:35 - Row :361 - Parsing item.
10-18-2021 @ 16:25:35 - Row :361 - Processing item.
10-18-2021 @ 16:25:35 - Found order object. ID:87236
10-18-2021 @ 16:25:37 - Row :361 - Order imported successfully.
10-18-2021 @ 16:25:37 - Row :362 - Parsing item.
10-18-2021 @ 16:25:37 - Row :362 - Processing item.
10-18-2021 @ 16:25:37 - Found order object. ID:87237
10-18-2021 @ 16:25:38 - Row :362 - Order imported successfully.
10-18-2021 @ 16:25:38 - Row :363 - Parsing item.
10-18-2021 @ 16:25:38 - Row :363 - Processing item.
10-18-2021 @ 16:25:38 - Found order object. ID:87238
10-18-2021 @ 16:25:39 - Row :363 - Order imported successfully.
10-18-2021 @ 16:25:39 - Row :364 - Parsing item.
10-18-2021 @ 16:25:39 - Row :364 - Processing item.
10-18-2021 @ 16:25:39 - Found order object. ID:87239
10-18-2021 @ 16:25:41 - Row :364 - Order imported successfully.
10-18-2021 @ 16:25:41 - Row :365 - Parsing item.
10-18-2021 @ 16:25:41 - Row :365 - Processing item.
10-18-2021 @ 16:25:41 - Found order object. ID:87240
10-18-2021 @ 16:25:43 - Row :365 - Order imported successfully.
10-18-2021 @ 16:25:43 - Row :366 - Parsing item.
10-18-2021 @ 16:25:43 - Row :366 - Processing item.
10-18-2021 @ 16:25:43 - Found order object. ID:87241
10-18-2021 @ 16:25:43 - Row :366 - Order imported successfully.
10-18-2021 @ 16:25:43 - Row :367 - Parsing item.
10-18-2021 @ 16:25:43 - Row :367 - Processing item.
10-18-2021 @ 16:25:43 - Found order object. ID:87242
10-18-2021 @ 16:25:46 - Row :367 - Order imported successfully.
10-18-2021 @ 16:25:46 - Row :368 - Parsing item.
10-18-2021 @ 16:25:46 - Row :368 - Processing item.
10-18-2021 @ 16:25:46 - Found order object. ID:87243
10-18-2021 @ 16:25:47 - Row :368 - Order imported successfully.
10-18-2021 @ 16:25:47 - Row :369 - Parsing item.
10-18-2021 @ 16:25:47 - Row :369 - Processing item.
10-18-2021 @ 16:25:47 - Found order object. ID:87244
10-18-2021 @ 16:25:48 - Row :369 - Order imported successfully.
10-18-2021 @ 16:25:48 - Row :370 - Parsing item.
10-18-2021 @ 16:25:48 - Row :370 - Processing item.
10-18-2021 @ 16:25:48 - Found order object. ID:87245
10-18-2021 @ 16:25:49 - Row :370 - Order imported successfully.
10-18-2021 @ 16:25:49 - Row :371 - Parsing item.
10-18-2021 @ 16:25:49 - Row :371 - Processing item.
10-18-2021 @ 16:25:49 - Found order object. ID:87246
10-18-2021 @ 16:25:51 - Row :371 - Order imported successfully.
10-18-2021 @ 16:25:51 - Row :372 - Parsing item.
10-18-2021 @ 16:25:51 - Row :372 - Processing item.
10-18-2021 @ 16:25:51 - Found order object. ID:87247
10-18-2021 @ 16:25:52 - Row :372 - Order imported successfully.
10-18-2021 @ 16:25:52 - Row :373 - Parsing item.
10-18-2021 @ 16:25:52 - Row :373 - Processing item.
10-18-2021 @ 16:25:52 - Found order object. ID:87248
10-18-2021 @ 16:25:54 - Row :373 - Order imported successfully.
10-18-2021 @ 16:25:54 - Row :374 - Parsing item.
10-18-2021 @ 16:25:54 - Row :374 - Processing item.
10-18-2021 @ 16:25:54 - Found order object. ID:87249
10-18-2021 @ 16:25:55 - Row :374 - Order imported successfully.
10-18-2021 @ 16:25:55 - Row :375 - Parsing item.
10-18-2021 @ 16:25:55 - Row :375 - Processing item.
10-18-2021 @ 16:25:55 - Found order object. ID:87250
10-18-2021 @ 16:25:57 - Row :375 - Order imported successfully.
10-18-2021 @ 16:25:57 - Row :376 - Parsing item.
10-18-2021 @ 16:25:57 - Row :376 - Processing item.
10-18-2021 @ 16:25:57 - Found order object. ID:87251
10-18-2021 @ 16:25:58 - Row :376 - Order imported successfully.
10-18-2021 @ 16:25:58 - Row :377 - Parsing item.
10-18-2021 @ 16:25:58 - Row :377 - Processing item.
10-18-2021 @ 16:25:58 - Found order object. ID:87252
10-18-2021 @ 16:26:00 - Row :377 - Order imported successfully.
10-18-2021 @ 16:26:01 - Row :378 - Parsing item.
10-18-2021 @ 16:26:01 - Row :378 - Processing item.
10-18-2021 @ 16:26:01 - Found order object. ID:87253
10-18-2021 @ 16:26:02 - Row :378 - Order imported successfully.
10-18-2021 @ 16:26:02 - Row :379 - Parsing item.
10-18-2021 @ 16:26:02 - Row :379 - Processing item.
10-18-2021 @ 16:26:02 - Found order object. ID:87254
10-18-2021 @ 16:26:03 - Row :379 - Order imported successfully.
10-18-2021 @ 16:26:03 - Row :380 - Parsing item.
10-18-2021 @ 16:26:03 - Row :380 - Processing item.
10-18-2021 @ 16:26:03 - Found order object. ID:87255
10-18-2021 @ 16:26:05 - Row :380 - Order imported successfully.
10-18-2021 @ 16:26:05 - Row :381 - Parsing item.
10-18-2021 @ 16:26:05 - Row :381 - Processing item.
10-18-2021 @ 16:26:05 - Found order object. ID:87256
10-18-2021 @ 16:26:06 - Row :381 - Order imported successfully.
10-18-2021 @ 16:26:06 - Row :382 - Parsing item.
10-18-2021 @ 16:26:06 - Row :382 - Processing item.
10-18-2021 @ 16:26:06 - Found order object. ID:87257
10-18-2021 @ 16:26:07 - Row :382 - Order imported successfully.
10-18-2021 @ 16:26:07 - Row :383 - Parsing item.
10-18-2021 @ 16:26:07 - Row :383 - Processing item.
10-18-2021 @ 16:26:07 - Found order object. ID:87258
10-18-2021 @ 16:26:07 - Row :383 - Order imported successfully.
10-18-2021 @ 16:26:07 - Row :384 - Parsing item.
10-18-2021 @ 16:26:07 - Row :384 - Processing item.
10-18-2021 @ 16:26:07 - Found order object. ID:87259
10-18-2021 @ 16:26:09 - Row :384 - Order imported successfully.
10-18-2021 @ 16:26:09 - Row :385 - Parsing item.
10-18-2021 @ 16:26:09 - Row :385 - Processing item.
10-18-2021 @ 16:26:09 - Found order object. ID:87260
10-18-2021 @ 16:26:09 - Row :385 - Order imported successfully.
10-18-2021 @ 16:26:09 - Row :386 - Parsing item.
10-18-2021 @ 16:26:09 - Row :386 - Processing item.
10-18-2021 @ 16:26:10 - Found order object. ID:87261
10-18-2021 @ 16:26:12 - Row :386 - Order imported successfully.
10-18-2021 @ 16:26:12 - Row :387 - Parsing item.
10-18-2021 @ 16:26:12 - Row :387 - Processing item.
10-18-2021 @ 16:26:12 - Found order object. ID:87262
10-18-2021 @ 16:26:14 - Row :387 - Order imported successfully.
10-18-2021 @ 16:26:14 - Row :388 - Parsing item.
10-18-2021 @ 16:26:14 - Row :388 - Processing item.
10-18-2021 @ 16:26:14 - Found order object. ID:87263
10-18-2021 @ 16:26:16 - Row :388 - Order imported successfully.
10-18-2021 @ 16:26:16 - Row :389 - Parsing item.
10-18-2021 @ 16:26:16 - Row :389 - Processing item.
10-18-2021 @ 16:26:16 - Found order object. ID:87264
10-18-2021 @ 16:26:17 - Row :389 - Order imported successfully.
10-18-2021 @ 16:26:17 - Row :390 - Parsing item.
10-18-2021 @ 16:26:17 - Row :390 - Processing item.
10-18-2021 @ 16:26:17 - Found order object. ID:87265
10-18-2021 @ 16:26:17 - Row :390 - Order imported successfully.
10-18-2021 @ 16:26:17 - Row :391 - Parsing item.
10-18-2021 @ 16:26:17 - Row :391 - Processing item.
10-18-2021 @ 16:26:18 - Found order object. ID:87266
10-18-2021 @ 16:26:19 - Row :391 - Order imported successfully.
10-18-2021 @ 16:26:19 - Row :392 - Parsing item.
10-18-2021 @ 16:26:19 - Row :392 - Processing item.
10-18-2021 @ 16:26:19 - Found order object. ID:87267
10-18-2021 @ 16:26:20 - Row :392 - Order imported successfully.
10-18-2021 @ 16:26:20 - Row :393 - Parsing item.
10-18-2021 @ 16:26:20 - Row :393 - Processing item.
10-18-2021 @ 16:26:20 - Found order object. ID:87268
10-18-2021 @ 16:26:23 - Row :393 - Order imported successfully.
10-18-2021 @ 16:26:23 - Row :394 - Parsing item.
10-18-2021 @ 16:26:23 - Row :394 - Processing item.
10-18-2021 @ 16:26:23 - Found order object. ID:87269
10-18-2021 @ 16:26:23 - Row :394 - Order imported successfully.
10-18-2021 @ 16:26:23 - Row :395 - Parsing item.
10-18-2021 @ 16:26:23 - Row :395 - Processing item.
10-18-2021 @ 16:26:23 - Found order object. ID:87270
10-18-2021 @ 16:26:26 - Row :395 - Order imported successfully.
10-18-2021 @ 16:26:26 - Row :396 - Parsing item.
10-18-2021 @ 16:26:26 - Row :396 - Processing item.
10-18-2021 @ 16:26:26 - Found order object. ID:87271
10-18-2021 @ 16:26:27 - Row :396 - Order imported successfully.
10-18-2021 @ 16:26:27 - Row :397 - Parsing item.
10-18-2021 @ 16:26:27 - Row :397 - Processing item.
10-18-2021 @ 16:26:27 - Found order object. ID:87272
10-18-2021 @ 16:26:28 - Row :397 - Order imported successfully.
10-18-2021 @ 16:26:28 - Row :398 - Parsing item.
10-18-2021 @ 16:26:29 - Row :398 - Processing item.
10-18-2021 @ 16:26:29 - Found order object. ID:87273
