10-18-2021 @ 16:32:26 - ---[ New import started at 2021-10-18 08:32:26 ] PHP Memory: 512 Mo, WP Memory: 40 Mo
10-18-2021 @ 16:32:26 - Preparing for import.
10-18-2021 @ 16:32:26 - Row :1 - Parsing item.
10-18-2021 @ 16:32:26 - Row :1 - Processing item.
10-18-2021 @ 16:32:26 - Found order object. ID:87274
10-18-2021 @ 16:32:26 - Row :1 - Order imported successfully.
10-18-2021 @ 16:32:26 - Row :2 - Parsing item.
10-18-2021 @ 16:32:26 - Row :2 - Processing item.
10-18-2021 @ 16:32:26 - Found order object. ID:87275
10-18-2021 @ 16:32:29 - Row :2 - Order imported successfully.
10-18-2021 @ 16:32:29 - Row :3 - Parsing item.
10-18-2021 @ 16:32:29 - Row :3 - Processing item.
10-18-2021 @ 16:32:29 - Found order object. ID:87276
10-18-2021 @ 16:32:30 - Row :3 - Order imported successfully.
10-18-2021 @ 16:32:30 - Row :4 - Parsing item.
10-18-2021 @ 16:32:30 - Row :4 - Processing item.
10-18-2021 @ 16:32:30 - Found order object. ID:87277
10-18-2021 @ 16:32:31 - Row :4 - Order imported successfully.
10-18-2021 @ 16:32:31 - Row :5 - Parsing item.
10-18-2021 @ 16:32:31 - Row :5 - Processing item.
10-18-2021 @ 16:32:31 - Found order object. ID:87278
10-18-2021 @ 16:32:33 - Row :5 - Order imported successfully.
10-18-2021 @ 16:32:33 - Row :6 - Parsing item.
10-18-2021 @ 16:32:33 - Row :6 - Processing item.
10-18-2021 @ 16:32:33 - Found order object. ID:87279
10-18-2021 @ 16:32:34 - Row :6 - Order imported successfully.
10-18-2021 @ 16:32:34 - Row :7 - Parsing item.
10-18-2021 @ 16:32:34 - Row :7 - Processing item.
10-18-2021 @ 16:32:34 - Found order object. ID:87280
10-18-2021 @ 16:32:36 - Row :7 - Order imported successfully.
10-18-2021 @ 16:32:36 - Row :8 - Parsing item.
10-18-2021 @ 16:32:36 - Row :8 - Processing item.
10-18-2021 @ 16:32:36 - Found order object. ID:87281
10-18-2021 @ 16:32:38 - Row :8 - Order imported successfully.
10-18-2021 @ 16:32:38 - Row :9 - Parsing item.
10-18-2021 @ 16:32:38 - Row :9 - Processing item.
10-18-2021 @ 16:32:38 - Found order object. ID:87282
10-18-2021 @ 16:32:40 - Row :9 - Order imported successfully.
10-18-2021 @ 16:32:40 - Row :10 - Parsing item.
10-18-2021 @ 16:32:40 - Row :10 - Processing item.
10-18-2021 @ 16:32:40 - Found order object. ID:87283
10-18-2021 @ 16:32:41 - Row :10 - Order imported successfully.
10-18-2021 @ 16:32:41 - Row :11 - Parsing item.
10-18-2021 @ 16:32:41 - Row :11 - Processing item.
10-18-2021 @ 16:32:41 - Found order object. ID:87284
10-18-2021 @ 16:32:44 - Row :11 - Order imported successfully.
10-18-2021 @ 16:32:44 - Row :12 - Parsing item.
10-18-2021 @ 16:32:44 - Row :12 - Processing item.
10-18-2021 @ 16:32:44 - Found order object. ID:87285
10-18-2021 @ 16:32:46 - Row :12 - Order imported successfully.
10-18-2021 @ 16:32:46 - Row :13 - Parsing item.
10-18-2021 @ 16:32:46 - Row :13 - Processing item.
10-18-2021 @ 16:32:46 - Found order object. ID:87286
10-18-2021 @ 16:32:48 - Row :13 - Order imported successfully.
10-18-2021 @ 16:32:48 - Row :14 - Parsing item.
10-18-2021 @ 16:32:48 - Row :14 - Processing item.
10-18-2021 @ 16:32:48 - Found order object. ID:87287
10-18-2021 @ 16:32:50 - Row :14 - Order imported successfully.
10-18-2021 @ 16:32:50 - Row :15 - Parsing item.
10-18-2021 @ 16:32:50 - Row :15 - Processing item.
10-18-2021 @ 16:32:50 - Found order object. ID:87288
10-18-2021 @ 16:32:52 - Row :15 - Order imported successfully.
10-18-2021 @ 16:32:52 - Row :16 - Parsing item.
10-18-2021 @ 16:32:52 - Row :16 - Processing item.
10-18-2021 @ 16:32:53 - Found order object. ID:87289
10-18-2021 @ 16:32:55 - Row :16 - Order imported successfully.
10-18-2021 @ 16:32:55 - Row :17 - Parsing item.
10-18-2021 @ 16:32:55 - Row :17 - Processing item.
10-18-2021 @ 16:32:55 - Found order object. ID:87290
10-18-2021 @ 16:32:57 - Row :17 - Order imported successfully.
10-18-2021 @ 16:32:57 - Row :18 - Parsing item.
10-18-2021 @ 16:32:57 - Row :18 - Processing item.
10-18-2021 @ 16:32:57 - Found order object. ID:87291
10-18-2021 @ 16:32:59 - Row :18 - Order imported successfully.
10-18-2021 @ 16:32:59 - Row :19 - Parsing item.
10-18-2021 @ 16:32:59 - Row :19 - Processing item.
10-18-2021 @ 16:32:59 - Found order object. ID:87292
10-18-2021 @ 16:33:00 - Row :19 - Order imported successfully.
10-18-2021 @ 16:33:00 - Row :20 - Parsing item.
10-18-2021 @ 16:33:00 - Row :20 - Processing item.
10-18-2021 @ 16:33:00 - Found order object. ID:87293
10-18-2021 @ 16:33:01 - Row :20 - Order imported successfully.
10-18-2021 @ 16:33:01 - Row :21 - Parsing item.
10-18-2021 @ 16:33:01 - Row :21 - Processing item.
10-18-2021 @ 16:33:01 - Found order object. ID:87294
10-18-2021 @ 16:33:03 - Row :21 - Order imported successfully.
10-18-2021 @ 16:33:03 - Row :22 - Parsing item.
10-18-2021 @ 16:33:03 - Row :22 - Processing item.
10-18-2021 @ 16:33:03 - Found order object. ID:87295
10-18-2021 @ 16:33:04 - Row :22 - Order imported successfully.
10-18-2021 @ 16:33:04 - Row :23 - Parsing item.
10-18-2021 @ 16:33:04 - Row :23 - Processing item.
10-18-2021 @ 16:33:05 - Found order object. ID:87296
10-18-2021 @ 16:33:05 - Row :23 - Order imported successfully.
10-18-2021 @ 16:33:05 - Row :24 - Parsing item.
10-18-2021 @ 16:33:05 - Row :24 - Processing item.
10-18-2021 @ 16:33:05 - Found order object. ID:87297
10-18-2021 @ 16:33:07 - Row :24 - Order imported successfully.
10-18-2021 @ 16:33:07 - Row :25 - Parsing item.
10-18-2021 @ 16:33:07 - Row :25 - Processing item.
10-18-2021 @ 16:33:07 - Found order object. ID:87298
10-18-2021 @ 16:33:09 - Row :25 - Order imported successfully.
10-18-2021 @ 16:33:09 - Row :26 - Parsing item.
10-18-2021 @ 16:33:09 - Row :26 - Processing item.
10-18-2021 @ 16:33:09 - Found order object. ID:87299
10-18-2021 @ 16:33:10 - Row :26 - Order imported successfully.
10-18-2021 @ 16:33:10 - Row :27 - Parsing item.
10-18-2021 @ 16:33:10 - Row :27 - Processing item.
10-18-2021 @ 16:33:10 - Found order object. ID:87300
10-18-2021 @ 16:33:12 - Row :27 - Order imported successfully.
10-18-2021 @ 16:33:12 - Row :28 - Parsing item.
10-18-2021 @ 16:33:12 - Row :28 - Processing item.
10-18-2021 @ 16:33:12 - Found order object. ID:87301
10-18-2021 @ 16:33:12 - Row :28 - Order imported successfully.
10-18-2021 @ 16:33:12 - Row :29 - Parsing item.
10-18-2021 @ 16:33:12 - Row :29 - Processing item.
10-18-2021 @ 16:33:13 - Found order object. ID:87302
10-18-2021 @ 16:33:15 - Row :29 - Order imported successfully.
10-18-2021 @ 16:33:15 - Row :30 - Parsing item.
10-18-2021 @ 16:33:15 - Row :30 - Processing item.
10-18-2021 @ 16:33:15 - Found order object. ID:87303
10-18-2021 @ 16:33:16 - Row :30 - Order imported successfully.
10-18-2021 @ 16:33:16 - Row :31 - Parsing item.
10-18-2021 @ 16:33:16 - Row :31 - Processing item.
10-18-2021 @ 16:33:17 - Found order object. ID:87304
10-18-2021 @ 16:33:18 - Row :31 - Order imported successfully.
10-18-2021 @ 16:33:18 - Row :32 - Parsing item.
10-18-2021 @ 16:33:18 - Row :32 - Processing item.
10-18-2021 @ 16:33:18 - Found order object. ID:87305
10-18-2021 @ 16:33:19 - Row :32 - Order imported successfully.
10-18-2021 @ 16:33:19 - Row :33 - Parsing item.
10-18-2021 @ 16:33:19 - Row :33 - Processing item.
10-18-2021 @ 16:33:19 - Found order object. ID:87306
10-18-2021 @ 16:33:20 - Row :33 - Order imported successfully.
10-18-2021 @ 16:33:20 - Row :34 - Parsing item.
10-18-2021 @ 16:33:20 - Row :34 - Processing item.
10-18-2021 @ 16:33:20 - Found order object. ID:87307
10-18-2021 @ 16:33:22 - Row :34 - Order imported successfully.
10-18-2021 @ 16:33:22 - Row :35 - Parsing item.
10-18-2021 @ 16:33:22 - Row :35 - Processing item.
10-18-2021 @ 16:33:22 - Found order object. ID:87308
10-18-2021 @ 16:33:22 - Row :35 - Order imported successfully.
10-18-2021 @ 16:33:22 - Row :36 - Parsing item.
10-18-2021 @ 16:33:22 - Row :36 - Processing item.
10-18-2021 @ 16:33:23 - Found order object. ID:87309
10-18-2021 @ 16:33:24 - Row :36 - Order imported successfully.
10-18-2021 @ 16:33:24 - Row :37 - Parsing item.
10-18-2021 @ 16:33:24 - Row :37 - Processing item.
10-18-2021 @ 16:33:24 - Found order object. ID:87310
10-18-2021 @ 16:33:24 - Row :37 - Order imported successfully.
10-18-2021 @ 16:33:24 - Row :38 - Parsing item.
10-18-2021 @ 16:33:24 - Row :38 - Processing item.
10-18-2021 @ 16:33:25 - Found order object. ID:87311
10-18-2021 @ 16:33:26 - Row :38 - Order imported successfully.
10-18-2021 @ 16:33:26 - Row :39 - Parsing item.
10-18-2021 @ 16:33:26 - Row :39 - Processing item.
10-18-2021 @ 16:33:26 - Found order object. ID:87312
10-18-2021 @ 16:33:27 - Row :39 - Order imported successfully.
10-18-2021 @ 16:33:27 - Row :40 - Parsing item.
10-18-2021 @ 16:33:27 - Row :40 - Processing item.
10-18-2021 @ 16:33:27 - Found order object. ID:87313
10-18-2021 @ 16:33:29 - Row :40 - Order imported successfully.
10-18-2021 @ 16:33:29 - Row :41 - Parsing item.
10-18-2021 @ 16:33:29 - Row :41 - Processing item.
10-18-2021 @ 16:33:29 - Found order object. ID:87314
10-18-2021 @ 16:33:31 - Row :41 - Order imported successfully.
10-18-2021 @ 16:33:31 - Row :42 - Parsing item.
10-18-2021 @ 16:33:31 - Row :42 - Processing item.
10-18-2021 @ 16:33:31 - Found order object. ID:87315
10-18-2021 @ 16:33:32 - Row :42 - Order imported successfully.
10-18-2021 @ 16:33:32 - Row :43 - Parsing item.
10-18-2021 @ 16:33:32 - Row :43 - Processing item.
10-18-2021 @ 16:33:32 - Found order object. ID:87316
10-18-2021 @ 16:33:33 - Row :43 - Order imported successfully.
10-18-2021 @ 16:33:33 - Row :44 - Parsing item.
10-18-2021 @ 16:33:33 - Row :44 - Processing item.
10-18-2021 @ 16:33:33 - Found order object. ID:87317
10-18-2021 @ 16:33:34 - Row :44 - Order imported successfully.
10-18-2021 @ 16:33:34 - Row :45 - Parsing item.
10-18-2021 @ 16:33:34 - Row :45 - Processing item.
10-18-2021 @ 16:33:34 - Found order object. ID:87318
10-18-2021 @ 16:33:36 - Row :45 - Order imported successfully.
10-18-2021 @ 16:33:36 - Row :46 - Parsing item.
10-18-2021 @ 16:33:36 - Row :46 - Processing item.
10-18-2021 @ 16:33:37 - Found order object. ID:87319
10-18-2021 @ 16:33:38 - Row :46 - Order imported successfully.
10-18-2021 @ 16:33:38 - Row :47 - Parsing item.
10-18-2021 @ 16:33:38 - Row :47 - Processing item.
10-18-2021 @ 16:33:38 - Found order object. ID:87320
10-18-2021 @ 16:33:39 - Row :47 - Order imported successfully.
10-18-2021 @ 16:33:39 - Row :48 - Parsing item.
10-18-2021 @ 16:33:39 - Row :48 - Processing item.
10-18-2021 @ 16:33:39 - Found order object. ID:87321
10-18-2021 @ 16:33:41 - Row :48 - Order imported successfully.
10-18-2021 @ 16:33:41 - Row :49 - Parsing item.
10-18-2021 @ 16:33:41 - Row :49 - Processing item.
10-18-2021 @ 16:33:42 - Found order object. ID:87322
10-18-2021 @ 16:33:44 - Row :49 - Order imported successfully.
10-18-2021 @ 16:33:44 - Row :50 - Parsing item.
10-18-2021 @ 16:33:44 - Row :50 - Processing item.
10-18-2021 @ 16:33:44 - Found order object. ID:87323
10-18-2021 @ 16:33:45 - Row :50 - Order imported successfully.
10-18-2021 @ 16:33:45 - Row :51 - Parsing item.
10-18-2021 @ 16:33:45 - Row :51 - Processing item.
10-18-2021 @ 16:33:45 - Found order object. ID:87324
10-18-2021 @ 16:33:47 - Row :51 - Order imported successfully.
10-18-2021 @ 16:33:47 - Row :52 - Parsing item.
10-18-2021 @ 16:33:47 - Row :52 - Processing item.
10-18-2021 @ 16:33:47 - Found order object. ID:87325
10-18-2021 @ 16:33:50 - Row :52 - Order imported successfully.
10-18-2021 @ 16:33:50 - Row :53 - Parsing item.
10-18-2021 @ 16:33:50 - Row :53 - Processing item.
10-18-2021 @ 16:33:50 - Found order object. ID:87326
10-18-2021 @ 16:33:52 - Row :53 - Order imported successfully.
10-18-2021 @ 16:33:52 - Row :54 - Parsing item.
10-18-2021 @ 16:33:52 - Row :54 - Processing item.
10-18-2021 @ 16:33:52 - Found order object. ID:87327
10-18-2021 @ 16:33:53 - Row :54 - Order imported successfully.
10-18-2021 @ 16:33:53 - Row :55 - Parsing item.
10-18-2021 @ 16:33:53 - Row :55 - Processing item.
10-18-2021 @ 16:33:53 - Found order object. ID:87328
10-18-2021 @ 16:33:55 - Row :55 - Order imported successfully.
10-18-2021 @ 16:33:55 - Row :56 - Parsing item.
10-18-2021 @ 16:33:55 - Row :56 - Processing item.
10-18-2021 @ 16:33:55 - Found order object. ID:87329
10-18-2021 @ 16:33:56 - Row :56 - Order imported successfully.
10-18-2021 @ 16:33:56 - Row :57 - Parsing item.
10-18-2021 @ 16:33:56 - Row :57 - Processing item.
10-18-2021 @ 16:33:56 - Found order object. ID:87330
10-18-2021 @ 16:33:57 - Row :57 - Order imported successfully.
10-18-2021 @ 16:33:57 - Row :58 - Parsing item.
10-18-2021 @ 16:33:57 - Row :58 - Processing item.
10-18-2021 @ 16:33:58 - Found order object. ID:87331
10-18-2021 @ 16:33:59 - Row :58 - Order imported successfully.
10-18-2021 @ 16:33:59 - Row :59 - Parsing item.
10-18-2021 @ 16:33:59 - Row :59 - Processing item.
10-18-2021 @ 16:33:59 - Found order object. ID:87332
10-18-2021 @ 16:34:00 - Row :59 - Order imported successfully.
10-18-2021 @ 16:34:00 - Row :60 - Parsing item.
10-18-2021 @ 16:34:00 - Row :60 - Processing item.
10-18-2021 @ 16:34:00 - Found order object. ID:87333
10-18-2021 @ 16:34:02 - Row :60 - Order imported successfully.
10-18-2021 @ 16:34:02 - Row :61 - Parsing item.
10-18-2021 @ 16:34:02 - Row :61 - Processing item.
10-18-2021 @ 16:34:02 - Found order object. ID:87334
10-18-2021 @ 16:34:03 - Row :61 - Order imported successfully.
10-18-2021 @ 16:34:03 - Row :62 - Parsing item.
10-18-2021 @ 16:34:03 - Row :62 - Processing item.
10-18-2021 @ 16:34:03 - Found order object. ID:87335
10-18-2021 @ 16:34:04 - Row :62 - Order imported successfully.
10-18-2021 @ 16:34:04 - Row :63 - Parsing item.
10-18-2021 @ 16:34:04 - Row :63 - Processing item.
10-18-2021 @ 16:34:05 - Found order object. ID:87336
10-18-2021 @ 16:34:07 - Row :63 - Order imported successfully.
10-18-2021 @ 16:34:07 - Row :64 - Parsing item.
10-18-2021 @ 16:34:07 - Row :64 - Processing item.
10-18-2021 @ 16:34:07 - Found order object. ID:87337
10-18-2021 @ 16:34:08 - Row :64 - Order imported successfully.
10-18-2021 @ 16:34:08 - Row :65 - Parsing item.
10-18-2021 @ 16:34:08 - Row :65 - Processing item.
10-18-2021 @ 16:34:08 - Found order object. ID:87338
10-18-2021 @ 16:34:10 - Row :65 - Order imported successfully.
10-18-2021 @ 16:34:10 - Row :66 - Parsing item.
10-18-2021 @ 16:34:10 - Row :66 - Processing item.
10-18-2021 @ 16:34:10 - Found order object. ID:87339
10-18-2021 @ 16:34:10 - Row :66 - Order imported successfully.
10-18-2021 @ 16:34:10 - Row :67 - Parsing item.
10-18-2021 @ 16:34:10 - Row :67 - Processing item.
10-18-2021 @ 16:34:10 - Found order object. ID:87340
10-18-2021 @ 16:34:12 - Row :67 - Order imported successfully.
10-18-2021 @ 16:34:12 - Row :68 - Parsing item.
10-18-2021 @ 16:34:12 - Row :68 - Processing item.
10-18-2021 @ 16:34:12 - Found order object. ID:87341
10-18-2021 @ 16:34:13 - Row :68 - Order imported successfully.
10-18-2021 @ 16:34:13 - Row :69 - Parsing item.
10-18-2021 @ 16:34:13 - Row :69 - Processing item.
10-18-2021 @ 16:34:13 - Found order object. ID:87342
10-18-2021 @ 16:34:15 - Row :69 - Order imported successfully.
10-18-2021 @ 16:34:15 - Row :70 - Parsing item.
10-18-2021 @ 16:34:15 - Row :70 - Processing item.
10-18-2021 @ 16:34:15 - Found order object. ID:87343
10-18-2021 @ 16:34:16 - Row :70 - Order imported successfully.
10-18-2021 @ 16:34:16 - Row :71 - Parsing item.
10-18-2021 @ 16:34:16 - Row :71 - Processing item.
10-18-2021 @ 16:34:16 - Found order object. ID:87344
10-18-2021 @ 16:34:18 - Row :71 - Order imported successfully.
10-18-2021 @ 16:34:18 - Row :72 - Parsing item.
10-18-2021 @ 16:34:18 - Row :72 - Processing item.
10-18-2021 @ 16:34:19 - Found order object. ID:87345
10-18-2021 @ 16:34:19 - Row :72 - Order imported successfully.
10-18-2021 @ 16:34:19 - Row :73 - Parsing item.
10-18-2021 @ 16:34:19 - Row :73 - Processing item.
10-18-2021 @ 16:34:19 - Found order object. ID:87346
10-18-2021 @ 16:34:21 - Row :73 - Order imported successfully.
10-18-2021 @ 16:34:21 - Row :74 - Parsing item.
10-18-2021 @ 16:34:21 - Row :74 - Processing item.
10-18-2021 @ 16:34:21 - Found order object. ID:87347
10-18-2021 @ 16:34:23 - Row :74 - Order imported successfully.
10-18-2021 @ 16:34:23 - Row :75 - Parsing item.
10-18-2021 @ 16:34:23 - Row :75 - Processing item.
10-18-2021 @ 16:34:23 - Found order object. ID:87348
10-18-2021 @ 16:34:24 - Row :75 - Order imported successfully.
10-18-2021 @ 16:34:24 - Row :76 - Parsing item.
10-18-2021 @ 16:34:24 - Row :76 - Processing item.
10-18-2021 @ 16:34:25 - Found order object. ID:87349
10-18-2021 @ 16:34:26 - Row :76 - Order imported successfully.
10-18-2021 @ 16:34:26 - Row :77 - Parsing item.
10-18-2021 @ 16:34:26 - Row :77 - Processing item.
10-18-2021 @ 16:34:26 - Found order object. ID:87350
10-18-2021 @ 16:34:27 - Row :77 - Order imported successfully.
10-18-2021 @ 16:34:27 - Row :78 - Parsing item.
10-18-2021 @ 16:34:27 - Row :78 - Processing item.
10-18-2021 @ 16:34:27 - Found order object. ID:87351
10-18-2021 @ 16:34:29 - Row :78 - Order imported successfully.
10-18-2021 @ 16:34:29 - Row :79 - Parsing item.
10-18-2021 @ 16:34:29 - Row :79 - Processing item.
10-18-2021 @ 16:34:29 - Found order object. ID:87352
10-18-2021 @ 16:34:31 - Row :79 - Order imported successfully.
10-18-2021 @ 16:34:31 - Row :80 - Parsing item.
10-18-2021 @ 16:34:31 - Row :80 - Processing item.
10-18-2021 @ 16:34:31 - Found order object. ID:87353
10-18-2021 @ 16:34:32 - Row :80 - Order imported successfully.
10-18-2021 @ 16:34:32 - Row :81 - Parsing item.
10-18-2021 @ 16:34:32 - Row :81 - Processing item.
10-18-2021 @ 16:34:32 - Found order object. ID:87354
10-18-2021 @ 16:34:34 - Row :81 - Order imported successfully.
10-18-2021 @ 16:34:34 - Row :82 - Parsing item.
10-18-2021 @ 16:34:34 - Row :82 - Processing item.
10-18-2021 @ 16:34:34 - Found order object. ID:87355
10-18-2021 @ 16:34:35 - Row :82 - Order imported successfully.
10-18-2021 @ 16:34:35 - Row :83 - Parsing item.
10-18-2021 @ 16:34:35 - Row :83 - Processing item.
10-18-2021 @ 16:34:35 - Found order object. ID:87356
10-18-2021 @ 16:34:37 - Row :83 - Order imported successfully.
10-18-2021 @ 16:34:37 - Row :84 - Parsing item.
10-18-2021 @ 16:34:37 - Row :84 - Processing item.
10-18-2021 @ 16:34:37 - Found order object. ID:87357
10-18-2021 @ 16:34:37 - Row :84 - Order imported successfully.
10-18-2021 @ 16:34:37 - Row :85 - Parsing item.
10-18-2021 @ 16:34:37 - Row :85 - Processing item.
10-18-2021 @ 16:34:37 - Found order object. ID:87358
10-18-2021 @ 16:34:38 - Row :85 - Order imported successfully.
10-18-2021 @ 16:34:38 - Row :86 - Parsing item.
10-18-2021 @ 16:34:38 - Row :86 - Processing item.
10-18-2021 @ 16:34:38 - Found order object. ID:87359
10-18-2021 @ 16:34:39 - Row :86 - Order imported successfully.
10-18-2021 @ 16:34:39 - Row :87 - Parsing item.
10-18-2021 @ 16:34:39 - Row :87 - Processing item.
10-18-2021 @ 16:34:39 - Found order object. ID:87360
10-18-2021 @ 16:34:40 - Row :87 - Order imported successfully.
10-18-2021 @ 16:34:40 - Row :88 - Parsing item.
10-18-2021 @ 16:34:40 - Row :88 - Processing item.
10-18-2021 @ 16:34:40 - Found order object. ID:87361
10-18-2021 @ 16:34:41 - Row :88 - Order imported successfully.
10-18-2021 @ 16:34:41 - Row :89 - Parsing item.
10-18-2021 @ 16:34:41 - Row :89 - Processing item.
10-18-2021 @ 16:34:41 - Found order object. ID:87362
10-18-2021 @ 16:34:42 - Row :89 - Order imported successfully.
10-18-2021 @ 16:34:42 - Row :90 - Parsing item.
10-18-2021 @ 16:34:42 - Row :90 - Processing item.
10-18-2021 @ 16:34:42 - Found order object. ID:87363
10-18-2021 @ 16:34:44 - Row :90 - Order imported successfully.
10-18-2021 @ 16:34:44 - Row :91 - Parsing item.
10-18-2021 @ 16:34:44 - Row :91 - Processing item.
10-18-2021 @ 16:34:44 - Found order object. ID:87364
10-18-2021 @ 16:34:45 - Row :91 - Order imported successfully.
10-18-2021 @ 16:34:45 - Row :92 - Parsing item.
10-18-2021 @ 16:34:45 - Row :92 - Processing item.
10-18-2021 @ 16:34:45 - Found order object. ID:87365
10-18-2021 @ 16:34:47 - Row :92 - Order imported successfully.
10-18-2021 @ 16:34:47 - Row :93 - Parsing item.
10-18-2021 @ 16:34:47 - Row :93 - Processing item.
10-18-2021 @ 16:34:47 - Found order object. ID:87366
10-18-2021 @ 16:34:47 - Row :93 - Order imported successfully.
10-18-2021 @ 16:34:47 - Row :94 - Parsing item.
10-18-2021 @ 16:34:47 - Row :94 - Processing item.
10-18-2021 @ 16:34:47 - Found order object. ID:87367
10-18-2021 @ 16:34:48 - Row :94 - Order imported successfully.
10-18-2021 @ 16:34:48 - Row :95 - Parsing item.
10-18-2021 @ 16:34:48 - Row :95 - Processing item.
10-18-2021 @ 16:34:49 - Found order object. ID:87368
10-18-2021 @ 16:34:50 - Row :95 - Order imported successfully.
10-18-2021 @ 16:34:50 - Row :96 - Parsing item.
10-18-2021 @ 16:34:50 - Row :96 - Processing item.
10-18-2021 @ 16:34:50 - Found order object. ID:87369
10-18-2021 @ 16:34:51 - Row :96 - Order imported successfully.
10-18-2021 @ 16:34:51 - Row :97 - Parsing item.
10-18-2021 @ 16:34:51 - Row :97 - Processing item.
10-18-2021 @ 16:34:51 - Found order object. ID:87370
10-18-2021 @ 16:34:53 - Row :97 - Order imported successfully.
10-18-2021 @ 16:34:53 - Row :98 - Parsing item.
10-18-2021 @ 16:34:53 - Row :98 - Processing item.
10-18-2021 @ 16:34:53 - Found order object. ID:87371
10-18-2021 @ 16:34:54 - Row :98 - Order imported successfully.
10-18-2021 @ 16:34:54 - Row :99 - Parsing item.
10-18-2021 @ 16:34:54 - Row :99 - Processing item.
10-18-2021 @ 16:34:54 - Found order object. ID:87372
10-18-2021 @ 16:34:55 - Row :99 - Order imported successfully.
10-18-2021 @ 16:34:55 - Row :100 - Parsing item.
10-18-2021 @ 16:34:55 - Row :100 - Processing item.
10-18-2021 @ 16:34:55 - Found order object. ID:87373
10-18-2021 @ 16:34:57 - Row :100 - Order imported successfully.
10-18-2021 @ 16:34:57 - Row :101 - Parsing item.
10-18-2021 @ 16:34:57 - Row :101 - Processing item.
10-18-2021 @ 16:34:57 - Found order object. ID:87374
10-18-2021 @ 16:34:59 - Row :101 - Order imported successfully.
10-18-2021 @ 16:34:59 - Row :102 - Parsing item.
10-18-2021 @ 16:34:59 - Row :102 - Processing item.
10-18-2021 @ 16:34:59 - Found order object. ID:87375
10-18-2021 @ 16:35:00 - Row :102 - Order imported successfully.
10-18-2021 @ 16:35:00 - Row :103 - Parsing item.
10-18-2021 @ 16:35:01 - Row :103 - Processing item.
10-18-2021 @ 16:35:01 - Found order object. ID:87376
10-18-2021 @ 16:35:03 - Row :103 - Order imported successfully.
10-18-2021 @ 16:35:03 - Row :104 - Parsing item.
10-18-2021 @ 16:35:03 - Row :104 - Processing item.
10-18-2021 @ 16:35:03 - Found order object. ID:87377
10-18-2021 @ 16:35:04 - Row :104 - Order imported successfully.
10-18-2021 @ 16:35:04 - Row :105 - Parsing item.
10-18-2021 @ 16:35:04 - Row :105 - Processing item.
10-18-2021 @ 16:35:04 - Found order object. ID:87378
10-18-2021 @ 16:35:05 - Row :105 - Order imported successfully.
10-18-2021 @ 16:35:05 - Row :106 - Parsing item.
10-18-2021 @ 16:35:05 - Row :106 - Processing item.
10-18-2021 @ 16:35:05 - Found order object. ID:87379
10-18-2021 @ 16:35:07 - Row :106 - Order imported successfully.
10-18-2021 @ 16:35:07 - Row :107 - Parsing item.
10-18-2021 @ 16:35:07 - Row :107 - Processing item.
10-18-2021 @ 16:35:07 - Found order object. ID:87380
10-18-2021 @ 16:35:09 - Row :107 - Order imported successfully.
10-18-2021 @ 16:35:09 - Row :108 - Parsing item.
10-18-2021 @ 16:35:09 - Row :108 - Processing item.
10-18-2021 @ 16:35:09 - Found order object. ID:87381
10-18-2021 @ 16:35:12 - Row :108 - Order imported successfully.
10-18-2021 @ 16:35:12 - Row :109 - Parsing item.
10-18-2021 @ 16:35:12 - Row :109 - Processing item.
10-18-2021 @ 16:35:12 - Found order object. ID:87382
10-18-2021 @ 16:35:14 - Row :109 - Order imported successfully.
10-18-2021 @ 16:35:14 - Row :110 - Parsing item.
10-18-2021 @ 16:35:14 - Row :110 - Processing item.
10-18-2021 @ 16:35:14 - Found order object. ID:87383
10-18-2021 @ 16:35:15 - Row :110 - Order imported successfully.
10-18-2021 @ 16:35:15 - Row :111 - Parsing item.
10-18-2021 @ 16:35:15 - Row :111 - Processing item.
10-18-2021 @ 16:35:15 - Found order object. ID:87384
10-18-2021 @ 16:35:17 - Row :111 - Order imported successfully.
10-18-2021 @ 16:35:17 - Row :112 - Parsing item.
10-18-2021 @ 16:35:17 - Row :112 - Processing item.
10-18-2021 @ 16:35:18 - Found order object. ID:87385
10-18-2021 @ 16:35:19 - Row :112 - Order imported successfully.
10-18-2021 @ 16:35:19 - Row :113 - Parsing item.
10-18-2021 @ 16:35:19 - Row :113 - Processing item.
10-18-2021 @ 16:35:19 - Found order object. ID:87386
10-18-2021 @ 16:35:20 - Row :113 - Order imported successfully.
10-18-2021 @ 16:35:20 - Row :114 - Parsing item.
10-18-2021 @ 16:35:20 - Row :114 - Processing item.
10-18-2021 @ 16:35:20 - Found order object. ID:87387
10-18-2021 @ 16:35:23 - Row :114 - Order imported successfully.
10-18-2021 @ 16:35:23 - Row :115 - Parsing item.
10-18-2021 @ 16:35:23 - Row :115 - Processing item.
10-18-2021 @ 16:35:23 - Found order object. ID:87388
10-18-2021 @ 16:35:24 - Row :115 - Order imported successfully.
10-18-2021 @ 16:35:24 - Row :116 - Parsing item.
10-18-2021 @ 16:35:24 - Row :116 - Processing item.
10-18-2021 @ 16:35:24 - Found order object. ID:87389
10-18-2021 @ 16:35:25 - Row :116 - Order imported successfully.
10-18-2021 @ 16:35:25 - Row :117 - Parsing item.
10-18-2021 @ 16:35:25 - Row :117 - Processing item.
10-18-2021 @ 16:35:26 - Found order object. ID:87390
10-18-2021 @ 16:35:26 - Row :117 - Order imported successfully.
10-18-2021 @ 16:35:26 - Row :118 - Parsing item.
10-18-2021 @ 16:35:26 - Row :118 - Processing item.
10-18-2021 @ 16:35:26 - Found order object. ID:87391
10-18-2021 @ 16:35:27 - Row :118 - Order imported successfully.
10-18-2021 @ 16:35:28 - Row :119 - Parsing item.
10-18-2021 @ 16:35:28 - Row :119 - Processing item.
10-18-2021 @ 16:35:28 - Found order object. ID:87392
10-18-2021 @ 16:35:28 - Row :119 - Order imported successfully.
10-18-2021 @ 16:35:28 - Row :120 - Parsing item.
10-18-2021 @ 16:35:28 - Row :120 - Processing item.
10-18-2021 @ 16:35:28 - Found order object. ID:87393
10-18-2021 @ 16:35:29 - Row :120 - Order imported successfully.
10-18-2021 @ 16:35:29 - Row :121 - Parsing item.
10-18-2021 @ 16:35:29 - Row :121 - Processing item.
10-18-2021 @ 16:35:29 - Found order object. ID:87394
10-18-2021 @ 16:35:31 - Row :121 - Order imported successfully.
10-18-2021 @ 16:35:31 - Row :122 - Parsing item.
10-18-2021 @ 16:35:31 - Row :122 - Processing item.
10-18-2021 @ 16:35:31 - Found order object. ID:87395
10-18-2021 @ 16:35:33 - Row :122 - Order imported successfully.
10-18-2021 @ 16:35:33 - Row :123 - Parsing item.
10-18-2021 @ 16:35:33 - Row :123 - Processing item.
10-18-2021 @ 16:35:34 - Found order object. ID:87396
10-18-2021 @ 16:35:35 - Row :123 - Order imported successfully.
10-18-2021 @ 16:35:35 - Row :124 - Parsing item.
10-18-2021 @ 16:35:35 - Row :124 - Processing item.
10-18-2021 @ 16:35:35 - Found order object. ID:87397
10-18-2021 @ 16:35:36 - Row :124 - Order imported successfully.
10-18-2021 @ 16:35:36 - Row :125 - Parsing item.
10-18-2021 @ 16:35:36 - Row :125 - Processing item.
10-18-2021 @ 16:35:37 - Found order object. ID:87398
10-18-2021 @ 16:35:38 - Row :125 - Order imported successfully.
10-18-2021 @ 16:35:38 - Row :126 - Parsing item.
10-18-2021 @ 16:35:38 - Row :126 - Processing item.
10-18-2021 @ 16:35:38 - Found order object. ID:87399
10-18-2021 @ 16:35:39 - Row :126 - Order imported successfully.
10-18-2021 @ 16:35:40 - Row :127 - Parsing item.
10-18-2021 @ 16:35:40 - Row :127 - Processing item.
10-18-2021 @ 16:35:40 - Found order object. ID:87400
10-18-2021 @ 16:35:40 - Row :127 - Order imported successfully.
10-18-2021 @ 16:35:40 - Row :128 - Parsing item.
10-18-2021 @ 16:35:40 - Row :128 - Processing item.
10-18-2021 @ 16:35:40 - Found order object. ID:87401
10-18-2021 @ 16:35:42 - Row :128 - Order imported successfully.
10-18-2021 @ 16:35:42 - Row :129 - Parsing item.
10-18-2021 @ 16:35:42 - Row :129 - Processing item.
10-18-2021 @ 16:35:42 - Found order object. ID:87402
10-18-2021 @ 16:35:44 - Row :129 - Order imported successfully.
10-18-2021 @ 16:35:44 - Row :130 - Parsing item.
10-18-2021 @ 16:35:44 - Row :130 - Processing item.
10-18-2021 @ 16:35:44 - Found order object. ID:87403
10-18-2021 @ 16:35:44 - Row :130 - Order imported successfully.
10-18-2021 @ 16:35:44 - Row :131 - Parsing item.
10-18-2021 @ 16:35:44 - Row :131 - Processing item.
10-18-2021 @ 16:35:44 - Found order object. ID:87404
10-18-2021 @ 16:35:46 - Row :131 - Order imported successfully.
10-18-2021 @ 16:35:46 - Row :132 - Parsing item.
10-18-2021 @ 16:35:46 - Row :132 - Processing item.
10-18-2021 @ 16:35:46 - Found order object. ID:87405
10-18-2021 @ 16:35:48 - Row :132 - Order imported successfully.
10-18-2021 @ 16:35:48 - Row :133 - Parsing item.
10-18-2021 @ 16:35:48 - Row :133 - Processing item.
10-18-2021 @ 16:35:48 - Found order object. ID:87406
10-18-2021 @ 16:35:49 - Row :133 - Order imported successfully.
10-18-2021 @ 16:35:49 - Row :134 - Parsing item.
10-18-2021 @ 16:35:49 - Row :134 - Processing item.
10-18-2021 @ 16:35:49 - Found order object. ID:87407
10-18-2021 @ 16:35:50 - Row :134 - Order imported successfully.
10-18-2021 @ 16:35:50 - Row :135 - Parsing item.
10-18-2021 @ 16:35:50 - Row :135 - Processing item.
10-18-2021 @ 16:35:50 - Found order object. ID:87408
10-18-2021 @ 16:35:52 - Row :135 - Order imported successfully.
10-18-2021 @ 16:35:52 - Row :136 - Parsing item.
10-18-2021 @ 16:35:52 - Row :136 - Processing item.
10-18-2021 @ 16:35:52 - Found order object. ID:87409
10-18-2021 @ 16:35:53 - Row :136 - Order imported successfully.
10-18-2021 @ 16:35:53 - Row :137 - Parsing item.
10-18-2021 @ 16:35:53 - Row :137 - Processing item.
10-18-2021 @ 16:35:53 - Found order object. ID:87410
10-18-2021 @ 16:35:54 - Row :137 - Order imported successfully.
10-18-2021 @ 16:35:54 - Row :138 - Parsing item.
10-18-2021 @ 16:35:54 - Row :138 - Processing item.
10-18-2021 @ 16:35:54 - Found order object. ID:87411
10-18-2021 @ 16:35:55 - Row :138 - Order imported successfully.
10-18-2021 @ 16:35:55 - Row :139 - Parsing item.
10-18-2021 @ 16:35:55 - Row :139 - Processing item.
10-18-2021 @ 16:35:55 - Found order object. ID:87412
10-18-2021 @ 16:35:56 - Row :139 - Order imported successfully.
10-18-2021 @ 16:35:56 - Row :140 - Parsing item.
10-18-2021 @ 16:35:56 - Row :140 - Processing item.
10-18-2021 @ 16:35:56 - Found order object. ID:87413
10-18-2021 @ 16:35:57 - Row :140 - Order imported successfully.
10-18-2021 @ 16:35:57 - Row :141 - Parsing item.
10-18-2021 @ 16:35:57 - Row :141 - Processing item.
10-18-2021 @ 16:35:57 - Found order object. ID:87414
10-18-2021 @ 16:35:58 - Row :141 - Order imported successfully.
10-18-2021 @ 16:35:58 - Row :142 - Parsing item.
10-18-2021 @ 16:35:58 - Row :142 - Processing item.
10-18-2021 @ 16:35:58 - Found order object. ID:87415
10-18-2021 @ 16:36:00 - Row :142 - Order imported successfully.
10-18-2021 @ 16:36:00 - Row :143 - Parsing item.
10-18-2021 @ 16:36:00 - Row :143 - Processing item.
10-18-2021 @ 16:36:00 - Found order object. ID:87416
10-18-2021 @ 16:36:01 - Row :143 - Order imported successfully.
10-18-2021 @ 16:36:01 - Row :144 - Parsing item.
10-18-2021 @ 16:36:01 - Row :144 - Processing item.
10-18-2021 @ 16:36:01 - Found order object. ID:87417
10-18-2021 @ 16:36:01 - Row :144 - Order imported successfully.
10-18-2021 @ 16:36:01 - Row :145 - Parsing item.
10-18-2021 @ 16:36:01 - Row :145 - Processing item.
10-18-2021 @ 16:36:01 - Found order object. ID:87418
10-18-2021 @ 16:36:18 - ---[ New import started at 2021-10-18 08:36:18 ] PHP Memory: 512 Mo, WP Memory: 40 Mo
10-18-2021 @ 16:36:18 - Preparing for import.
10-18-2021 @ 16:36:18 - Row :1 - Parsing item.
10-18-2021 @ 16:36:18 - Row :1 - Processing item.
10-18-2021 @ 16:36:18 - Found order object. ID:87419
10-18-2021 @ 16:36:20 - Row :1 - Order imported successfully.
10-18-2021 @ 16:36:20 - Row :2 - Parsing item.
10-18-2021 @ 16:36:20 - Row :2 - Processing item.
10-18-2021 @ 16:36:20 - Found order object. ID:87420
10-18-2021 @ 16:36:21 - Row :2 - Order imported successfully.
10-18-2021 @ 16:36:21 - Row :3 - Parsing item.
10-18-2021 @ 16:36:21 - Row :3 - Processing item.
10-18-2021 @ 16:36:21 - Found order object. ID:87421
10-18-2021 @ 16:36:22 - Row :3 - Order imported successfully.
10-18-2021 @ 16:36:22 - Row :4 - Parsing item.
10-18-2021 @ 16:36:22 - Row :4 - Processing item.
10-18-2021 @ 16:36:22 - Found order object. ID:87422
10-18-2021 @ 16:36:24 - Row :4 - Order imported successfully.
10-18-2021 @ 16:36:24 - Row :5 - Parsing item.
10-18-2021 @ 16:36:24 - Row :5 - Processing item.
10-18-2021 @ 16:36:24 - Found order object. ID:87423
10-18-2021 @ 16:36:26 - Row :5 - Order imported successfully.
10-18-2021 @ 16:36:26 - Row :6 - Parsing item.
10-18-2021 @ 16:36:26 - Row :6 - Processing item.
10-18-2021 @ 16:36:26 - Found order object. ID:87424
10-18-2021 @ 16:36:28 - Row :6 - Order imported successfully.
10-18-2021 @ 16:36:28 - Row :7 - Parsing item.
10-18-2021 @ 16:36:28 - Row :7 - Processing item.
10-18-2021 @ 16:36:28 - Found order object. ID:87425
10-18-2021 @ 16:36:29 - Row :7 - Order imported successfully.
10-18-2021 @ 16:36:29 - Row :8 - Parsing item.
10-18-2021 @ 16:36:29 - Row :8 - Processing item.
10-18-2021 @ 16:36:30 - Found order object. ID:87426
10-18-2021 @ 16:36:30 - Row :8 - Order imported successfully.
10-18-2021 @ 16:36:30 - Row :9 - Parsing item.
10-18-2021 @ 16:36:30 - Row :9 - Processing item.
10-18-2021 @ 16:36:30 - Found order object. ID:87427
10-18-2021 @ 16:36:32 - Row :9 - Order imported successfully.
10-18-2021 @ 16:36:32 - Row :10 - Parsing item.
10-18-2021 @ 16:36:32 - Row :10 - Processing item.
10-18-2021 @ 16:36:32 - Found order object. ID:87428
10-18-2021 @ 16:36:34 - Row :10 - Order imported successfully.
10-18-2021 @ 16:36:34 - Row :11 - Parsing item.
10-18-2021 @ 16:36:34 - Row :11 - Processing item.
10-18-2021 @ 16:36:34 - Found order object. ID:87429
10-18-2021 @ 16:36:35 - Row :11 - Order imported successfully.
10-18-2021 @ 16:36:35 - Row :12 - Parsing item.
10-18-2021 @ 16:36:35 - Row :12 - Processing item.
10-18-2021 @ 16:36:35 - Found order object. ID:87430
10-18-2021 @ 16:36:37 - Row :12 - Order imported successfully.
10-18-2021 @ 16:36:37 - Row :13 - Parsing item.
10-18-2021 @ 16:36:37 - Row :13 - Processing item.
10-18-2021 @ 16:36:37 - Found order object. ID:87431
10-18-2021 @ 16:36:39 - Row :13 - Order imported successfully.
10-18-2021 @ 16:36:39 - Row :14 - Parsing item.
10-18-2021 @ 16:36:39 - Row :14 - Processing item.
10-18-2021 @ 16:36:39 - Found order object. ID:87432
