10-19-2021 @ 08:14:30 - ---[ New import started at 2021-10-19 00:14:30 ] PHP Memory: 1 Go, WP Memory: 40 Mo
10-19-2021 @ 08:14:30 - Preparing for import.
10-19-2021 @ 08:14:30 - Row :1 - Parsing item.
10-19-2021 @ 08:14:30 - Row :1 - Parsing failed. Reason: Importing Order(ID) conflicts with an existing post. ID: 3
10-19-2021 @ 08:14:30 - Row :2 - Parsing item.
10-19-2021 @ 08:14:30 - Row :2 - Parsing failed. Reason: Order with same ID already exists. ID: 4
10-19-2021 @ 08:14:30 - Row :3 - Parsing item.
10-19-2021 @ 08:14:30 - Row :3 - Parsing failed. Reason: Importing Order(ID) conflicts with an existing post. ID: 5
10-19-2021 @ 08:14:30 - Row :4 - Parsing item.
10-19-2021 @ 08:14:30 - Row :4 - Parsing failed. Reason: Importing Order(ID) conflicts with an existing post. ID: 6
10-19-2021 @ 08:14:31 - Row :5 - Parsing item.
10-19-2021 @ 08:14:31 - Row :5 - Parsing failed. Reason: Importing Order(ID) conflicts with an existing post. ID: 7
10-19-2021 @ 08:14:31 - Row :6 - Parsing item.
10-19-2021 @ 08:14:31 - Row :6 - Parsing failed. Reason: Importing Order(ID) conflicts with an existing post. ID: 8
10-19-2021 @ 08:14:31 - Row :7 - Parsing item.
10-19-2021 @ 08:14:31 - Row :7 - Parsing failed. Reason: Importing Order(ID) conflicts with an existing post. ID: 9
10-19-2021 @ 08:14:31 - Row :8 - Parsing item.
10-19-2021 @ 08:14:31 - Row :8 - Parsing failed. Reason: Order with same ID already exists. ID: 10
10-19-2021 @ 08:14:31 - Row :9 - Parsing item.
10-19-2021 @ 08:14:31 - Row :9 - Parsing failed. Reason: Order with same ID already exists. ID: 11
10-19-2021 @ 08:14:31 - Row :10 - Parsing item.
10-19-2021 @ 08:14:31 - Row :10 - Parsing failed. Reason: Importing Order(ID) conflicts with an existing post. ID: 13
10-19-2021 @ 08:14:31 - Row :11 - Parsing item.
10-19-2021 @ 08:14:31 - Row :11 - Parsing failed. Reason: Importing Order(ID) conflicts with an existing post. ID: 14
10-19-2021 @ 08:14:31 - Row :12 - Parsing item.
10-19-2021 @ 08:14:31 - Row :12 - Parsing failed. Reason: Order with same ID already exists. ID: 15
10-19-2021 @ 08:14:31 - Row :13 - Parsing item.
10-19-2021 @ 08:14:31 - Row :13 - Parsing failed. Reason: Order with same ID already exists. ID: 18
10-19-2021 @ 08:14:31 - Row :14 - Parsing item.
10-19-2021 @ 08:14:31 - Row :14 - Parsing failed. Reason: Order with same ID already exists. ID: 19
10-19-2021 @ 08:14:31 - Row :15 - Parsing item.
10-19-2021 @ 08:14:31 - Row :15 - Parsing failed. Reason: Order with same ID already exists. ID: 20
10-19-2021 @ 08:14:31 - Row :16 - Parsing item.
10-19-2021 @ 08:14:31 - Row :16 - Parsing failed. Reason: Order with same ID already exists. ID: 21
10-19-2021 @ 08:14:31 - Row :17 - Parsing item.
10-19-2021 @ 08:14:31 - Row :17 - Parsing failed. Reason: Order with same ID already exists. ID: 22
10-19-2021 @ 08:14:31 - Row :18 - Parsing item.
10-19-2021 @ 08:14:31 - Row :18 - Parsing failed. Reason: Order with same ID already exists. ID: 23
10-19-2021 @ 08:14:31 - Row :19 - Parsing item.
10-19-2021 @ 08:14:31 - Row :19 - Parsing failed. Reason: Order with same ID already exists. ID: 24
10-19-2021 @ 08:14:31 - Row :20 - Parsing item.
10-19-2021 @ 08:14:31 - Row :20 - Parsing failed. Reason: Order with same ID already exists. ID: 25
10-19-2021 @ 08:14:31 - Row :21 - Parsing item.
10-19-2021 @ 08:14:31 - Row :21 - Parsing failed. Reason: Order with same ID already exists. ID: 26
10-19-2021 @ 08:14:31 - Row :22 - Parsing item.
10-19-2021 @ 08:14:31 - Row :22 - Parsing failed. Reason: Order with same ID already exists. ID: 27
10-19-2021 @ 08:14:31 - Row :23 - Parsing item.
10-19-2021 @ 08:14:31 - Row :23 - Parsing failed. Reason: Order with same ID already exists. ID: 31
10-19-2021 @ 08:14:31 - Row :24 - Parsing item.
10-19-2021 @ 08:14:31 - Row :24 - Parsing failed. Reason: Order with same ID already exists. ID: 32
10-19-2021 @ 08:14:31 - Row :25 - Parsing item.
10-19-2021 @ 08:14:31 - Row :25 - Parsing failed. Reason: Order with same ID already exists. ID: 33
10-19-2021 @ 08:14:31 - Row :26 - Parsing item.
10-19-2021 @ 08:14:31 - Row :26 - Parsing failed. Reason: Order with same ID already exists. ID: 34
10-19-2021 @ 08:14:31 - Row :27 - Parsing item.
10-19-2021 @ 08:14:31 - Row :27 - Parsing failed. Reason: Order with same ID already exists. ID: 35
10-19-2021 @ 08:14:31 - Row :28 - Parsing item.
10-19-2021 @ 08:14:31 - Row :28 - Parsing failed. Reason: Order with same ID already exists. ID: 36
10-19-2021 @ 08:14:31 - Row :29 - Parsing item.
10-19-2021 @ 08:14:31 - Row :29 - Parsing failed. Reason: Order with same ID already exists. ID: 37
10-19-2021 @ 08:14:31 - Row :30 - Parsing item.
10-19-2021 @ 08:14:31 - Row :30 - Parsing failed. Reason: Order with same ID already exists. ID: 38
10-19-2021 @ 08:14:31 - Row :31 - Parsing item.
10-19-2021 @ 08:14:31 - Row :31 - Parsing failed. Reason: Order with same ID already exists. ID: 39
10-19-2021 @ 08:14:31 - Row :32 - Parsing item.
10-19-2021 @ 08:14:31 - Row :32 - Parsing failed. Reason: Order with same ID already exists. ID: 40
10-19-2021 @ 08:14:31 - Row :33 - Parsing item.
10-19-2021 @ 08:14:31 - Row :33 - Parsing failed. Reason: Order with same ID already exists. ID: 41
10-19-2021 @ 08:14:31 - Row :34 - Parsing item.
10-19-2021 @ 08:14:31 - Row :34 - Parsing failed. Reason: Order with same ID already exists. ID: 42
10-19-2021 @ 08:14:31 - Row :35 - Parsing item.
10-19-2021 @ 08:14:31 - Row :35 - Parsing failed. Reason: Order with same ID already exists. ID: 43
10-19-2021 @ 08:14:31 - Row :36 - Parsing item.
10-19-2021 @ 08:14:31 - Row :36 - Parsing failed. Reason: Order with same ID already exists. ID: 44
10-19-2021 @ 08:14:31 - Row :37 - Parsing item.
10-19-2021 @ 08:14:31 - Row :37 - Parsing failed. Reason: Importing Order(ID) conflicts with an existing post. ID: 45
10-19-2021 @ 08:14:31 - Row :38 - Parsing item.
10-19-2021 @ 08:14:31 - Row :38 - Parsing failed. Reason: Order with same ID already exists. ID: 46
10-19-2021 @ 08:14:31 - Row :39 - Parsing item.
10-19-2021 @ 08:14:31 - Row :39 - Parsing failed. Reason: Importing Order(ID) conflicts with an existing post. ID: 47
10-19-2021 @ 08:14:31 - Row :40 - Parsing item.
10-19-2021 @ 08:14:31 - Row :40 - Parsing failed. Reason: Order with same ID already exists. ID: 48
10-19-2021 @ 08:14:31 - Row :41 - Parsing item.
10-19-2021 @ 08:14:31 - Row :41 - Parsing failed. Reason: Order with same ID already exists. ID: 49
10-19-2021 @ 08:14:31 - Row :42 - Parsing item.
10-19-2021 @ 08:14:31 - Row :42 - Parsing failed. Reason: Order with same ID already exists. ID: 50
10-19-2021 @ 08:14:31 - Row :43 - Parsing item.
10-19-2021 @ 08:14:31 - Row :43 - Parsing failed. Reason: Order with same ID already exists. ID: 51
10-19-2021 @ 08:14:31 - Row :44 - Parsing item.
10-19-2021 @ 08:14:31 - Row :44 - Parsing failed. Reason: Importing Order(ID) conflicts with an existing post. ID: 52
10-19-2021 @ 08:14:31 - Row :45 - Parsing item.
10-19-2021 @ 08:14:31 - Row :45 - Parsing failed. Reason: Order with same ID already exists. ID: 53
10-19-2021 @ 08:14:32 - Row :46 - Parsing item.
10-19-2021 @ 08:14:32 - Row :46 - Parsing failed. Reason: Order with same ID already exists. ID: 54
10-19-2021 @ 08:14:32 - Row :47 - Parsing item.
10-19-2021 @ 08:14:32 - Row :47 - Parsing failed. Reason: Order with same ID already exists. ID: 55
10-19-2021 @ 08:14:32 - Row :48 - Parsing item.
10-19-2021 @ 08:14:32 - Row :48 - Parsing failed. Reason: Order with same ID already exists. ID: 56
10-19-2021 @ 08:14:32 - Row :49 - Parsing item.
10-19-2021 @ 08:14:32 - Row :49 - Parsing failed. Reason: Order with same ID already exists. ID: 57
10-19-2021 @ 08:14:32 - Row :50 - Parsing item.
10-19-2021 @ 08:14:32 - Row :50 - Parsing failed. Reason: Order with same ID already exists. ID: 58
10-19-2021 @ 08:14:32 - Row :51 - Parsing item.
10-19-2021 @ 08:14:32 - Row :51 - Parsing failed. Reason: Order with same ID already exists. ID: 59
10-19-2021 @ 08:14:32 - Row :52 - Parsing item.
10-19-2021 @ 08:14:32 - Row :52 - Parsing failed. Reason: Order with same ID already exists. ID: 60
10-19-2021 @ 08:14:32 - Row :53 - Parsing item.
10-19-2021 @ 08:14:32 - Row :53 - Parsing failed. Reason: Order with same ID already exists. ID: 61
10-19-2021 @ 08:14:32 - Row :54 - Parsing item.
10-19-2021 @ 08:14:32 - Row :54 - Parsing failed. Reason: Order with same ID already exists. ID: 62
10-19-2021 @ 08:14:32 - Row :55 - Parsing item.
10-19-2021 @ 08:14:32 - Row :55 - Parsing failed. Reason: Importing Order(ID) conflicts with an existing post. ID: 63
10-19-2021 @ 08:14:32 - Row :56 - Parsing item.
10-19-2021 @ 08:14:32 - Row :56 - Parsing failed. Reason: Order with same ID already exists. ID: 64
10-19-2021 @ 08:14:32 - Row :57 - Parsing item.
10-19-2021 @ 08:14:32 - Row :57 - Parsing failed. Reason: Order with same ID already exists. ID: 65
10-19-2021 @ 08:14:32 - Row :58 - Parsing item.
10-19-2021 @ 08:14:32 - Row :58 - Parsing failed. Reason: Order with same ID already exists. ID: 66
10-19-2021 @ 08:14:32 - Row :59 - Parsing item.
10-19-2021 @ 08:14:32 - Row :59 - Parsing failed. Reason: Order with same ID already exists. ID: 67
10-19-2021 @ 08:14:32 - Row :60 - Parsing item.
10-19-2021 @ 08:14:32 - Row :60 - Parsing failed. Reason: Order with same ID already exists. ID: 68
10-19-2021 @ 08:14:32 - Row :61 - Parsing item.
10-19-2021 @ 08:14:32 - Row :61 - Parsing failed. Reason: Order with same ID already exists. ID: 69
10-19-2021 @ 08:14:32 - Row :62 - Parsing item.
10-19-2021 @ 08:14:32 - Row :62 - Parsing failed. Reason: Importing Order(ID) conflicts with an existing post. ID: 70
10-19-2021 @ 08:14:32 - Row :63 - Parsing item.
10-19-2021 @ 08:14:32 - Row :63 - Parsing failed. Reason: Importing Order(ID) conflicts with an existing post. ID: 71
10-19-2021 @ 08:14:32 - Row :64 - Parsing item.
10-19-2021 @ 08:14:32 - Row :64 - Parsing failed. Reason: Importing Order(ID) conflicts with an existing post. ID: 72
10-19-2021 @ 08:14:32 - Row :65 - Parsing item.
10-19-2021 @ 08:14:32 - Row :65 - Parsing failed. Reason: Order with same ID already exists. ID: 73
10-19-2021 @ 08:14:32 - Row :66 - Parsing item.
10-19-2021 @ 08:14:32 - Row :66 - Parsing failed. Reason: Order with same ID already exists. ID: 74
10-19-2021 @ 08:14:32 - Row :67 - Parsing item.
10-19-2021 @ 08:14:32 - Row :67 - Parsing failed. Reason: Order with same ID already exists. ID: 75
10-19-2021 @ 08:14:32 - Row :68 - Parsing item.
10-19-2021 @ 08:14:32 - Row :68 - Parsing failed. Reason: Order with same ID already exists. ID: 76
10-19-2021 @ 08:14:32 - Row :69 - Parsing item.
10-19-2021 @ 08:14:32 - Row :69 - Parsing failed. Reason: Order with same ID already exists. ID: 77
10-19-2021 @ 08:14:32 - Row :70 - Parsing item.
10-19-2021 @ 08:14:32 - Row :70 - Parsing failed. Reason: Order with same ID already exists. ID: 78
10-19-2021 @ 08:14:32 - Row :71 - Parsing item.
10-19-2021 @ 08:14:32 - Row :71 - Parsing failed. Reason: Order with same ID already exists. ID: 79
10-19-2021 @ 08:14:32 - Row :72 - Parsing item.
10-19-2021 @ 08:14:32 - Row :72 - Parsing failed. Reason: Order with same ID already exists. ID: 80
10-19-2021 @ 08:14:32 - Row :73 - Parsing item.
10-19-2021 @ 08:14:32 - Row :73 - Parsing failed. Reason: Order with same ID already exists. ID: 81
10-19-2021 @ 08:14:32 - Row :74 - Parsing item.
10-19-2021 @ 08:14:32 - Row :74 - Parsing failed. Reason: Order with same ID already exists. ID: 82
10-19-2021 @ 08:14:32 - Row :75 - Parsing item.
10-19-2021 @ 08:14:32 - Row :75 - Parsing failed. Reason: Importing Order(ID) conflicts with an existing post. ID: 83
10-19-2021 @ 08:14:32 - Row :76 - Parsing item.
10-19-2021 @ 08:14:32 - Row :76 - Parsing failed. Reason: Order with same ID already exists. ID: 84
10-19-2021 @ 08:14:32 - Row :77 - Parsing item.
10-19-2021 @ 08:14:32 - Row :77 - Parsing failed. Reason: Order with same ID already exists. ID: 85
10-19-2021 @ 08:14:32 - Row :78 - Parsing item.
10-19-2021 @ 08:14:32 - Row :78 - Parsing failed. Reason: Importing Order(ID) conflicts with an existing post. ID: 86
10-19-2021 @ 08:14:32 - Row :79 - Parsing item.
10-19-2021 @ 08:14:32 - Row :79 - Parsing failed. Reason: Order with same ID already exists. ID: 87
10-19-2021 @ 08:14:32 - Row :80 - Parsing item.
10-19-2021 @ 08:14:32 - Row :80 - Parsing failed. Reason: Order with same ID already exists. ID: 88
10-19-2021 @ 08:14:32 - Row :81 - Parsing item.
10-19-2021 @ 08:14:32 - Row :81 - Parsing failed. Reason: Order with same ID already exists. ID: 89
10-19-2021 @ 08:14:32 - Row :82 - Parsing item.
10-19-2021 @ 08:14:32 - Row :82 - Parsing failed. Reason: Importing Order(ID) conflicts with an existing post. ID: 90
10-19-2021 @ 08:14:33 - Row :83 - Parsing item.
10-19-2021 @ 08:14:33 - Row :83 - Parsing failed. Reason: Order with same ID already exists. ID: 91
10-19-2021 @ 08:14:33 - Row :84 - Parsing item.
10-19-2021 @ 08:14:33 - Row :84 - Parsing failed. Reason: Order with same ID already exists. ID: 92
10-19-2021 @ 08:14:33 - Row :85 - Parsing item.
10-19-2021 @ 08:14:33 - Row :85 - Parsing failed. Reason: Order with same ID already exists. ID: 93
10-19-2021 @ 08:14:33 - Row :86 - Parsing item.
10-19-2021 @ 08:14:33 - Row :86 - Parsing failed. Reason: Order with same ID already exists. ID: 94
10-19-2021 @ 08:14:33 - Row :87 - Parsing item.
10-19-2021 @ 08:14:33 - Row :87 - Parsing failed. Reason: Order with same ID already exists. ID: 95
10-19-2021 @ 08:14:33 - Row :88 - Parsing item.
10-19-2021 @ 08:14:33 - Row :88 - Parsing failed. Reason: Order with same ID already exists. ID: 96
10-19-2021 @ 08:14:33 - Row :89 - Parsing item.
10-19-2021 @ 08:14:33 - Row :89 - Parsing failed. Reason: Order with same ID already exists. ID: 97
10-19-2021 @ 08:14:33 - Row :90 - Parsing item.
10-19-2021 @ 08:14:33 - Row :90 - Parsing failed. Reason: Order with same ID already exists. ID: 98
10-19-2021 @ 08:14:33 - Row :91 - Parsing item.
10-19-2021 @ 08:14:33 - Row :91 - Parsing failed. Reason: Order with same ID already exists. ID: 99
10-19-2021 @ 08:14:33 - Row :92 - Parsing item.
10-19-2021 @ 08:14:33 - Row :92 - Parsing failed. Reason: Order with same ID already exists. ID: 100
10-19-2021 @ 08:14:33 - Row :93 - Parsing item.
10-19-2021 @ 08:14:33 - Row :93 - Parsing failed. Reason: Order with same ID already exists. ID: 101
10-19-2021 @ 08:14:33 - Row :94 - Parsing item.
10-19-2021 @ 08:14:33 - Row :94 - Parsing failed. Reason: Order with same ID already exists. ID: 102
10-19-2021 @ 08:14:33 - Row :95 - Parsing item.
10-19-2021 @ 08:14:33 - Row :95 - Parsing failed. Reason: Order with same ID already exists. ID: 103
10-19-2021 @ 08:14:33 - Row :96 - Parsing item.
10-19-2021 @ 08:14:33 - Row :96 - Parsing failed. Reason: Order with same ID already exists. ID: 106
10-19-2021 @ 08:14:33 - Row :97 - Parsing item.
10-19-2021 @ 08:14:33 - Row :97 - Parsing failed. Reason: Importing Order(ID) conflicts with an existing post. ID: 107
10-19-2021 @ 08:14:33 - Row :98 - Parsing item.
10-19-2021 @ 08:14:33 - Row :98 - Parsing failed. Reason: Order with same ID already exists. ID: 108
10-19-2021 @ 08:14:33 - Row :99 - Parsing item.
10-19-2021 @ 08:14:33 - Row :99 - Parsing failed. Reason: Importing Order(ID) conflicts with an existing post. ID: 109
10-19-2021 @ 08:14:33 - Row :100 - Parsing item.
10-19-2021 @ 08:14:33 - Row :100 - Parsing failed. Reason: Order with same ID already exists. ID: 110
10-19-2021 @ 08:14:33 - Row :101 - Parsing item.
10-19-2021 @ 08:14:33 - Row :101 - Parsing failed. Reason: Importing Order(ID) conflicts with an existing post. ID: 111
10-19-2021 @ 08:14:33 - Row :102 - Parsing item.
10-19-2021 @ 08:14:33 - Row :102 - Parsing failed. Reason: Importing Order(ID) conflicts with an existing post. ID: 112
10-19-2021 @ 08:14:33 - Row :103 - Parsing item.
10-19-2021 @ 08:14:33 - Row :103 - Parsing failed. Reason: Order with same ID already exists. ID: 113
10-19-2021 @ 08:14:33 - Row :104 - Parsing item.
10-19-2021 @ 08:14:33 - Row :104 - Parsing failed. Reason: Order with same ID already exists. ID: 114
10-19-2021 @ 08:14:33 - Row :105 - Parsing item.
10-19-2021 @ 08:14:33 - Row :105 - Parsing failed. Reason: Order with same ID already exists. ID: 115
10-19-2021 @ 08:14:33 - Row :106 - Parsing item.
10-19-2021 @ 08:14:33 - Row :106 - Parsing failed. Reason: Order with same ID already exists. ID: 116
10-19-2021 @ 08:14:33 - Row :107 - Parsing item.
10-19-2021 @ 08:14:33 - Row :107 - Parsing failed. Reason: Order with same ID already exists. ID: 117
10-19-2021 @ 08:14:33 - Row :108 - Parsing item.
10-19-2021 @ 08:14:33 - Row :108 - Parsing failed. Reason: Importing Order(ID) conflicts with an existing post. ID: 118
10-19-2021 @ 08:14:33 - Row :109 - Parsing item.
10-19-2021 @ 08:14:33 - Row :109 - Parsing failed. Reason: Order with same ID already exists. ID: 119
10-19-2021 @ 08:14:33 - Row :110 - Parsing item.
10-19-2021 @ 08:14:33 - Row :110 - Parsing failed. Reason: Order with same ID already exists. ID: 120
10-19-2021 @ 08:14:33 - Row :111 - Parsing item.
10-19-2021 @ 08:14:33 - Row :111 - Parsing failed. Reason: Importing Order(ID) conflicts with an existing post. ID: 121
10-19-2021 @ 08:14:33 - Row :112 - Parsing item.
10-19-2021 @ 08:14:33 - Row :112 - Parsing failed. Reason: Order with same ID already exists. ID: 122
10-19-2021 @ 08:14:33 - Row :113 - Parsing item.
10-19-2021 @ 08:14:33 - Row :113 - Parsing failed. Reason: Importing Order(ID) conflicts with an existing post. ID: 123
10-19-2021 @ 08:14:33 - Row :114 - Parsing item.
10-19-2021 @ 08:14:33 - Row :114 - Parsing failed. Reason: Importing Order(ID) conflicts with an existing post. ID: 124
10-19-2021 @ 08:14:33 - Row :115 - Parsing item.
10-19-2021 @ 08:14:33 - Row :115 - Parsing failed. Reason: Order with same ID already exists. ID: 125
10-19-2021 @ 08:14:33 - Row :116 - Parsing item.
10-19-2021 @ 08:14:33 - Row :116 - Parsing failed. Reason: Order with same ID already exists. ID: 126
10-19-2021 @ 08:14:33 - Row :117 - Parsing item.
10-19-2021 @ 08:14:33 - Row :117 - Parsing failed. Reason: Importing Order(ID) conflicts with an existing post. ID: 127
10-19-2021 @ 08:14:33 - Row :118 - Parsing item.
10-19-2021 @ 08:14:33 - Row :118 - Parsing failed. Reason: Order with same ID already exists. ID: 128
10-19-2021 @ 08:14:33 - Row :119 - Parsing item.
10-19-2021 @ 08:14:33 - Row :119 - Parsing failed. Reason: Order with same ID already exists. ID: 129
10-19-2021 @ 08:14:33 - Row :120 - Parsing item.
10-19-2021 @ 08:14:33 - Row :120 - Parsing failed. Reason: Order with same ID already exists. ID: 130
10-19-2021 @ 08:14:33 - Row :121 - Parsing item.
10-19-2021 @ 08:14:33 - Row :121 - Parsing failed. Reason: Order with same ID already exists. ID: 131
10-19-2021 @ 08:14:33 - Row :122 - Parsing item.
10-19-2021 @ 08:14:33 - Row :122 - Parsing failed. Reason: Order with same ID already exists. ID: 132
10-19-2021 @ 08:14:33 - Row :123 - Parsing item.
10-19-2021 @ 08:14:33 - Row :123 - Parsing failed. Reason: Order with same ID already exists. ID: 133
10-19-2021 @ 08:14:33 - Row :124 - Parsing item.
10-19-2021 @ 08:14:33 - Row :124 - Parsing failed. Reason: Order with same ID already exists. ID: 134
10-19-2021 @ 08:14:33 - Row :125 - Parsing item.
10-19-2021 @ 08:14:33 - Row :125 - Parsing failed. Reason: Order with same ID already exists. ID: 135
10-19-2021 @ 08:14:33 - Row :126 - Parsing item.
10-19-2021 @ 08:14:34 - Row :126 - Parsing failed. Reason: Order with same ID already exists. ID: 136
10-19-2021 @ 08:14:34 - Row :127 - Parsing item.
10-19-2021 @ 08:14:34 - Row :127 - Parsing failed. Reason: Order with same ID already exists. ID: 137
10-19-2021 @ 08:14:34 - Row :128 - Parsing item.
10-19-2021 @ 08:14:34 - Row :128 - Parsing failed. Reason: Order with same ID already exists. ID: 138
10-19-2021 @ 08:14:34 - Row :129 - Parsing item.
10-19-2021 @ 08:14:34 - Row :129 - Parsing failed. Reason: Importing Order(ID) conflicts with an existing post. ID: 139
10-19-2021 @ 08:14:34 - Row :130 - Parsing item.
10-19-2021 @ 08:14:34 - Row :130 - Parsing failed. Reason: Importing Order(ID) conflicts with an existing post. ID: 140
10-19-2021 @ 08:14:34 - Row :131 - Parsing item.
10-19-2021 @ 08:14:34 - Row :131 - Parsing failed. Reason: Order with same ID already exists. ID: 141
10-19-2021 @ 08:14:34 - Row :132 - Parsing item.
10-19-2021 @ 08:14:34 - Row :132 - Parsing failed. Reason: Importing Order(ID) conflicts with an existing post. ID: 142
10-19-2021 @ 08:14:34 - Row :133 - Parsing item.
10-19-2021 @ 08:14:34 - Row :133 - Parsing failed. Reason: Order with same ID already exists. ID: 143
10-19-2021 @ 08:14:34 - Row :134 - Parsing item.
10-19-2021 @ 08:14:34 - Row :134 - Parsing failed. Reason: Importing Order(ID) conflicts with an existing post. ID: 144
10-19-2021 @ 08:14:34 - Row :135 - Parsing item.
10-19-2021 @ 08:14:34 - Row :135 - Parsing failed. Reason: Importing Order(ID) conflicts with an existing post. ID: 145
10-19-2021 @ 08:14:34 - Row :136 - Parsing item.
10-19-2021 @ 08:14:34 - Row :136 - Parsing failed. Reason: Importing Order(ID) conflicts with an existing post. ID: 146
10-19-2021 @ 08:14:34 - Row :137 - Parsing item.
10-19-2021 @ 08:14:34 - Row :137 - Parsing failed. Reason: Importing Order(ID) conflicts with an existing post. ID: 147
10-19-2021 @ 08:14:34 - Row :138 - Parsing item.
10-19-2021 @ 08:14:34 - Row :138 - Parsing failed. Reason: Importing Order(ID) conflicts with an existing post. ID: 148
10-19-2021 @ 08:14:34 - Row :139 - Parsing item.
10-19-2021 @ 08:14:34 - Row :139 - Parsing failed. Reason: Importing Order(ID) conflicts with an existing post. ID: 149
10-19-2021 @ 08:14:34 - Row :140 - Parsing item.
10-19-2021 @ 08:14:34 - Row :140 - Parsing failed. Reason: Order with same ID already exists. ID: 150
10-19-2021 @ 08:14:34 - Row :141 - Parsing item.
10-19-2021 @ 08:14:34 - Row :141 - Parsing failed. Reason: Order with same ID already exists. ID: 151
10-19-2021 @ 08:14:34 - Row :142 - Parsing item.
10-19-2021 @ 08:14:34 - Row :142 - Parsing failed. Reason: Order with same ID already exists. ID: 152
10-19-2021 @ 08:14:34 - Row :143 - Parsing item.
10-19-2021 @ 08:14:34 - Row :143 - Parsing failed. Reason: Order with same ID already exists. ID: 153
10-19-2021 @ 08:14:34 - Row :144 - Parsing item.
10-19-2021 @ 08:14:34 - Row :144 - Parsing failed. Reason: Order with same ID already exists. ID: 154
10-19-2021 @ 08:14:34 - Row :145 - Parsing item.
10-19-2021 @ 08:14:34 - Row :145 - Parsing failed. Reason: Order with same ID already exists. ID: 155
10-19-2021 @ 08:14:34 - Row :146 - Parsing item.
10-19-2021 @ 08:14:34 - Row :146 - Parsing failed. Reason: Importing Order(ID) conflicts with an existing post. ID: 156
10-19-2021 @ 08:14:34 - Row :147 - Parsing item.
10-19-2021 @ 08:14:34 - Row :147 - Parsing failed. Reason: Importing Order(ID) conflicts with an existing post. ID: 157
10-19-2021 @ 08:14:34 - Row :148 - Parsing item.
10-19-2021 @ 08:14:34 - Row :148 - Parsing failed. Reason: Importing Order(ID) conflicts with an existing post. ID: 158
10-19-2021 @ 08:14:34 - Row :149 - Parsing item.
10-19-2021 @ 08:14:34 - Row :149 - Parsing failed. Reason: Importing Order(ID) conflicts with an existing post. ID: 159
10-19-2021 @ 08:14:34 - Row :150 - Parsing item.
10-19-2021 @ 08:14:34 - Row :150 - Parsing failed. Reason: Importing Order(ID) conflicts with an existing post. ID: 160
10-19-2021 @ 08:14:34 - Row :151 - Parsing item.
10-19-2021 @ 08:14:34 - Row :151 - Parsing failed. Reason: Importing Order(ID) conflicts with an existing post. ID: 161
10-19-2021 @ 08:14:34 - Row :152 - Parsing item.
10-19-2021 @ 08:14:34 - Row :152 - Parsing failed. Reason: Order with same ID already exists. ID: 162
10-19-2021 @ 08:14:34 - Row :153 - Parsing item.
10-19-2021 @ 08:14:34 - Row :153 - Parsing failed. Reason: Order with same ID already exists. ID: 163
10-19-2021 @ 08:14:34 - Row :154 - Parsing item.
10-19-2021 @ 08:14:34 - Row :154 - Parsing failed. Reason: Order with same ID already exists. ID: 164
10-19-2021 @ 08:14:34 - Row :155 - Parsing item.
10-19-2021 @ 08:14:34 - Row :155 - Parsing failed. Reason: Order with same ID already exists. ID: 165
10-19-2021 @ 08:14:34 - Row :156 - Parsing item.
10-19-2021 @ 08:14:34 - Row :156 - Parsing failed. Reason: Order with same ID already exists. ID: 166
10-19-2021 @ 08:14:34 - Row :157 - Parsing item.
10-19-2021 @ 08:14:34 - Row :157 - Parsing failed. Reason: Order with same ID already exists. ID: 167
10-19-2021 @ 08:14:34 - Row :158 - Parsing item.
10-19-2021 @ 08:14:34 - Row :158 - Parsing failed. Reason: Order with same ID already exists. ID: 168
10-19-2021 @ 08:14:34 - Row :159 - Parsing item.
10-19-2021 @ 08:14:34 - Row :159 - Parsing failed. Reason: Order with same ID already exists. ID: 169
10-19-2021 @ 08:14:34 - Row :160 - Parsing item.
10-19-2021 @ 08:14:34 - Row :160 - Parsing failed. Reason: Order with same ID already exists. ID: 170
10-19-2021 @ 08:14:34 - Row :161 - Parsing item.
10-19-2021 @ 08:14:34 - Row :161 - Parsing failed. Reason: Order with same ID already exists. ID: 171
10-19-2021 @ 08:14:34 - Row :162 - Parsing item.
10-19-2021 @ 08:14:34 - Row :162 - Parsing failed. Reason: Order with same ID already exists. ID: 172
10-19-2021 @ 08:14:34 - Row :163 - Parsing item.
10-19-2021 @ 08:14:34 - Row :163 - Parsing failed. Reason: Order with same ID already exists. ID: 173
10-19-2021 @ 08:14:34 - Row :164 - Parsing item.
10-19-2021 @ 08:14:34 - Row :164 - Parsing failed. Reason: Order with same ID already exists. ID: 174
10-19-2021 @ 08:14:34 - Row :165 - Parsing item.
10-19-2021 @ 08:14:34 - Row :165 - Parsing failed. Reason: Order with same ID already exists. ID: 175
10-19-2021 @ 08:14:34 - Row :166 - Parsing item.
10-19-2021 @ 08:14:34 - Row :166 - Parsing failed. Reason: Order with same ID already exists. ID: 176
10-19-2021 @ 08:14:34 - Row :167 - Parsing item.
10-19-2021 @ 08:14:34 - Row :167 - Parsing failed. Reason: Importing Order(ID) conflicts with an existing post. ID: 177
10-19-2021 @ 08:14:34 - Row :168 - Parsing item.
10-19-2021 @ 08:14:34 - Row :168 - Parsing failed. Reason: Order with same ID already exists. ID: 178
10-19-2021 @ 08:14:34 - Row :169 - Parsing item.
10-19-2021 @ 08:14:34 - Row :169 - Parsing failed. Reason: Order with same ID already exists. ID: 179
10-19-2021 @ 08:14:34 - Row :170 - Parsing item.
10-19-2021 @ 08:14:34 - Row :170 - Parsing failed. Reason: Order with same ID already exists. ID: 180
10-19-2021 @ 08:14:35 - Row :171 - Parsing item.
10-19-2021 @ 08:14:35 - Row :171 - Parsing failed. Reason: Order with same ID already exists. ID: 181
10-19-2021 @ 08:14:35 - Row :172 - Parsing item.
10-19-2021 @ 08:14:35 - Row :172 - Parsing failed. Reason: Order with same ID already exists. ID: 182
10-19-2021 @ 08:14:35 - Row :173 - Parsing item.
10-19-2021 @ 08:14:35 - Row :173 - Parsing failed. Reason: Order with same ID already exists. ID: 183
10-19-2021 @ 08:14:35 - Row :174 - Parsing item.
10-19-2021 @ 08:14:35 - Row :174 - Parsing failed. Reason: Importing Order(ID) conflicts with an existing post. ID: 184
10-19-2021 @ 08:14:35 - Row :175 - Parsing item.
10-19-2021 @ 08:14:35 - Row :175 - Parsing failed. Reason: Order with same ID already exists. ID: 185
10-19-2021 @ 08:14:35 - Row :176 - Parsing item.
10-19-2021 @ 08:14:35 - Row :176 - Parsing failed. Reason: Order with same ID already exists. ID: 186
10-19-2021 @ 08:14:35 - Row :177 - Parsing item.
10-19-2021 @ 08:14:35 - Row :177 - Parsing failed. Reason: Order with same ID already exists. ID: 187
10-19-2021 @ 08:14:35 - Row :178 - Parsing item.
10-19-2021 @ 08:14:35 - Row :178 - Parsing failed. Reason: Order with same ID already exists. ID: 188
10-19-2021 @ 08:14:35 - Row :179 - Parsing item.
10-19-2021 @ 08:14:35 - Row :179 - Parsing failed. Reason: Order with same ID already exists. ID: 189
10-19-2021 @ 08:14:35 - Row :180 - Parsing item.
10-19-2021 @ 08:14:35 - Row :180 - Parsing failed. Reason: Order with same ID already exists. ID: 190
10-19-2021 @ 08:14:35 - Row :181 - Parsing item.
10-19-2021 @ 08:14:35 - Row :181 - Parsing failed. Reason: Order with same ID already exists. ID: 191
10-19-2021 @ 08:14:35 - Row :182 - Parsing item.
10-19-2021 @ 08:14:35 - Row :182 - Parsing failed. Reason: Importing Order(ID) conflicts with an existing post. ID: 192
10-19-2021 @ 08:14:35 - Row :183 - Parsing item.
10-19-2021 @ 08:14:35 - Row :183 - Parsing failed. Reason: Order with same ID already exists. ID: 193
10-19-2021 @ 08:14:35 - Row :184 - Parsing item.
10-19-2021 @ 08:14:35 - Row :184 - Parsing failed. Reason: Order with same ID already exists. ID: 194
10-19-2021 @ 08:14:35 - Row :185 - Parsing item.
10-19-2021 @ 08:14:35 - Row :185 - Parsing failed. Reason: Order with same ID already exists. ID: 195
10-19-2021 @ 08:14:35 - Row :186 - Parsing item.
10-19-2021 @ 08:14:35 - Row :186 - Parsing failed. Reason: Order with same ID already exists. ID: 196
10-19-2021 @ 08:14:35 - Row :187 - Parsing item.
10-19-2021 @ 08:14:35 - Row :187 - Parsing failed. Reason: Importing Order(ID) conflicts with an existing post. ID: 197
10-19-2021 @ 08:14:35 - Row :188 - Parsing item.
10-19-2021 @ 08:14:35 - Row :188 - Parsing failed. Reason: Importing Order(ID) conflicts with an existing post. ID: 198
10-19-2021 @ 08:14:35 - Row :189 - Parsing item.
10-19-2021 @ 08:14:35 - Row :189 - Parsing failed. Reason: Order with same ID already exists. ID: 199
10-19-2021 @ 08:14:35 - Row :190 - Parsing item.
10-19-2021 @ 08:14:35 - Row :190 - Parsing failed. Reason: Order with same ID already exists. ID: 200
10-19-2021 @ 08:14:35 - Row :191 - Parsing item.
10-19-2021 @ 08:14:35 - Row :191 - Parsing failed. Reason: Order with same ID already exists. ID: 201
10-19-2021 @ 08:14:35 - Row :192 - Parsing item.
10-19-2021 @ 08:14:35 - Row :192 - Parsing failed. Reason: Order with same ID already exists. ID: 202
10-19-2021 @ 08:14:35 - Row :193 - Parsing item.
10-19-2021 @ 08:14:35 - Row :193 - Parsing failed. Reason: Order with same ID already exists. ID: 203
10-19-2021 @ 08:14:35 - Row :194 - Parsing item.
10-19-2021 @ 08:14:35 - Row :194 - Parsing failed. Reason: Order with same ID already exists. ID: 204
10-19-2021 @ 08:14:35 - Row :195 - Parsing item.
10-19-2021 @ 08:14:35 - Importing as new order ID:205
10-19-2021 @ 08:14:35 - Row :195 - Processing item.
10-19-2021 @ 08:14:35 - Found order object. ID:205
10-19-2021 @ 08:14:36 - Row :195 - Order imported successfully.
10-19-2021 @ 08:14:37 - Row :196 - Parsing item.
10-19-2021 @ 08:14:37 - Importing as new order ID:206
10-19-2021 @ 08:14:37 - Row :196 - Processing item.
10-19-2021 @ 08:14:37 - Found order object. ID:206
10-19-2021 @ 08:14:37 - Row :196 - Order imported successfully.
10-19-2021 @ 08:14:37 - Row :197 - Parsing item.
10-19-2021 @ 08:14:37 - Row :197 - Parsing failed. Reason: Order with same ID already exists. ID: 207
10-19-2021 @ 08:14:37 - Row :198 - Parsing item.
10-19-2021 @ 08:14:37 - Importing as new order ID:208
10-19-2021 @ 08:14:37 - Row :198 - Processing item.
10-19-2021 @ 08:14:37 - Found order object. ID:208
10-19-2021 @ 08:14:38 - Row :198 - Order imported successfully.
10-19-2021 @ 08:14:38 - Row :199 - Parsing item.
10-19-2021 @ 08:14:39 - Importing as new order ID:209
10-19-2021 @ 08:14:39 - Row :199 - Processing item.
10-19-2021 @ 08:14:39 - Found order object. ID:209
10-19-2021 @ 08:14:40 - Row :199 - Order imported successfully.
10-19-2021 @ 08:14:40 - Row :200 - Parsing item.
10-19-2021 @ 08:14:40 - Row :200 - Parsing failed. Reason: Order with same ID already exists. ID: 210
10-19-2021 @ 08:14:40 - Row :201 - Parsing item.
10-19-2021 @ 08:14:40 - Importing as new order ID:211
10-19-2021 @ 08:14:40 - Row :201 - Processing item.
10-19-2021 @ 08:14:40 - Found order object. ID:211
10-19-2021 @ 08:14:42 - Row :201 - Order imported successfully.
10-19-2021 @ 08:14:42 - Row :202 - Parsing item.
10-19-2021 @ 08:14:42 - Row :202 - Parsing failed. Reason: Order with same ID already exists. ID: 212
10-19-2021 @ 08:14:42 - Row :203 - Parsing item.
10-19-2021 @ 08:14:42 - Importing as new order ID:213
10-19-2021 @ 08:14:42 - Row :203 - Processing item.
10-19-2021 @ 08:14:42 - Found order object. ID:213
10-19-2021 @ 08:14:45 - Row :203 - Order imported successfully.
10-19-2021 @ 08:14:45 - Row :204 - Parsing item.
10-19-2021 @ 08:14:45 - Row :204 - Parsing failed. Reason: Order with same ID already exists. ID: 214
10-19-2021 @ 08:14:45 - Row :205 - Parsing item.
10-19-2021 @ 08:14:45 - Row :205 - Parsing failed. Reason: Order with same ID already exists. ID: 215
10-19-2021 @ 08:14:45 - Row :206 - Parsing item.
10-19-2021 @ 08:14:45 - Importing as new order ID:216
10-19-2021 @ 08:14:45 - Row :206 - Processing item.
10-19-2021 @ 08:14:45 - Found order object. ID:216
10-19-2021 @ 08:14:47 - Row :206 - Order imported successfully.
10-19-2021 @ 08:14:47 - Row :207 - Parsing item.
10-19-2021 @ 08:14:47 - Row :207 - Parsing failed. Reason: Order with same ID already exists. ID: 217
10-19-2021 @ 08:14:47 - Row :208 - Parsing item.
10-19-2021 @ 08:14:47 - Importing as new order ID:218
10-19-2021 @ 08:14:47 - Row :208 - Processing item.
10-19-2021 @ 08:14:47 - Found order object. ID:218
10-19-2021 @ 08:14:49 - Row :208 - Order imported successfully.
10-19-2021 @ 08:14:49 - Row :209 - Parsing item.
10-19-2021 @ 08:14:49 - Row :209 - Parsing failed. Reason: Order with same ID already exists. ID: 219
10-19-2021 @ 08:14:49 - Row :210 - Parsing item.
10-19-2021 @ 08:14:49 - Row :210 - Parsing failed. Reason: Order with same ID already exists. ID: 220
10-19-2021 @ 08:14:49 - Row :211 - Parsing item.
10-19-2021 @ 08:14:49 - Importing as new order ID:221
10-19-2021 @ 08:14:49 - Row :211 - Processing item.
10-19-2021 @ 08:14:49 - Found order object. ID:221
10-19-2021 @ 08:14:50 - Row :211 - Order imported successfully.
10-19-2021 @ 08:14:50 - Row :212 - Parsing item.
10-19-2021 @ 08:14:50 - Row :212 - Parsing failed. Reason: Order with same ID already exists. ID: 222
10-19-2021 @ 08:14:50 - Row :213 - Parsing item.
10-19-2021 @ 08:14:50 - Importing as new order ID:223
10-19-2021 @ 08:14:50 - Row :213 - Processing item.
10-19-2021 @ 08:14:50 - Found order object. ID:223
10-19-2021 @ 08:14:51 - Row :213 - Order imported successfully.
10-19-2021 @ 08:14:51 - Row :214 - Parsing item.
10-19-2021 @ 08:14:51 - Importing as new order ID:224
10-19-2021 @ 08:14:51 - Row :214 - Processing item.
10-19-2021 @ 08:14:52 - Found order object. ID:224
10-19-2021 @ 08:14:53 - Row :214 - Order imported successfully.
10-19-2021 @ 08:14:53 - Row :215 - Parsing item.
10-19-2021 @ 08:14:53 - Row :215 - Parsing failed. Reason: Order with same ID already exists. ID: 226
10-19-2021 @ 08:14:53 - Row :216 - Parsing item.
10-19-2021 @ 08:14:53 - Row :216 - Parsing failed. Reason: Impossible d’insérer la publication dans la base de données
10-19-2021 @ 08:14:53 - Row :217 - Parsing item.
10-19-2021 @ 08:14:53 - Importing as new order ID:228
10-19-2021 @ 08:14:53 - Row :217 - Processing item.
10-19-2021 @ 08:14:53 - Found order object. ID:228
10-19-2021 @ 08:14:54 - Row :217 - Order imported successfully.
10-19-2021 @ 08:14:54 - Row :218 - Parsing item.
10-19-2021 @ 08:14:54 - Row :218 - Parsing failed. Reason: Order with same ID already exists. ID: 229
10-19-2021 @ 08:14:54 - Row :219 - Parsing item.
10-19-2021 @ 08:14:54 - Importing as new order ID:230
10-19-2021 @ 08:14:54 - Row :219 - Processing item.
10-19-2021 @ 08:14:55 - Found order object. ID:230
10-19-2021 @ 08:14:56 - Row :219 - Order imported successfully.
10-19-2021 @ 08:14:56 - Row :220 - Parsing item.
10-19-2021 @ 08:14:56 - Row :220 - Parsing failed. Reason: Order with same ID already exists. ID: 231
10-19-2021 @ 08:14:56 - Row :221 - Parsing item.
10-19-2021 @ 08:14:56 - Importing as new order ID:232
10-19-2021 @ 08:14:56 - Row :221 - Processing item.
10-19-2021 @ 08:14:56 - Found order object. ID:232
10-19-2021 @ 08:14:57 - Row :221 - Order imported successfully.
10-19-2021 @ 08:14:57 - Row :222 - Parsing item.
10-19-2021 @ 08:14:57 - Importing as new order ID:233
10-19-2021 @ 08:14:57 - Row :222 - Processing item.
10-19-2021 @ 08:14:57 - Found order object. ID:233
10-19-2021 @ 08:14:59 - Row :222 - Order imported successfully.
10-19-2021 @ 08:14:59 - Row :223 - Parsing item.
10-19-2021 @ 08:14:59 - Row :223 - Parsing failed. Reason: Order with same ID already exists. ID: 234
10-19-2021 @ 08:14:59 - Row :224 - Parsing item.
10-19-2021 @ 08:14:59 - Importing as new order ID:235
10-19-2021 @ 08:14:59 - Row :224 - Processing item.
10-19-2021 @ 08:14:59 - Found order object. ID:235
10-19-2021 @ 08:15:00 - Row :224 - Order imported successfully.
10-19-2021 @ 08:15:00 - Row :225 - Parsing item.
10-19-2021 @ 08:15:00 - Row :225 - Parsing failed. Reason: Order with same ID already exists. ID: 236
10-19-2021 @ 08:15:00 - Row :226 - Parsing item.
10-19-2021 @ 08:15:00 - Importing as new order ID:237
10-19-2021 @ 08:15:00 - Row :226 - Processing item.
10-19-2021 @ 08:15:00 - Found order object. ID:237
10-19-2021 @ 08:15:02 - Row :226 - Order imported successfully.
10-19-2021 @ 08:15:02 - Row :227 - Parsing item.
10-19-2021 @ 08:15:02 - Row :227 - Parsing failed. Reason: Order with same ID already exists. ID: 238
10-19-2021 @ 08:15:02 - Row :228 - Parsing item.
10-19-2021 @ 08:15:02 - Row :228 - Parsing failed. Reason: Importing Order(ID) conflicts with an existing post. ID: 239
10-19-2021 @ 08:15:02 - Row :229 - Parsing item.
10-19-2021 @ 08:15:02 - Row :229 - Parsing failed. Reason: Importing Order(ID) conflicts with an existing post. ID: 240
10-19-2021 @ 08:15:02 - Row :230 - Parsing item.
10-19-2021 @ 08:15:02 - Row :230 - Parsing failed. Reason: Importing Order(ID) conflicts with an existing post. ID: 241
10-19-2021 @ 08:15:02 - Row :231 - Parsing item.
10-19-2021 @ 08:15:02 - Row :231 - Parsing failed. Reason: Importing Order(ID) conflicts with an existing post. ID: 242
10-19-2021 @ 08:15:02 - Row :232 - Parsing item.
10-19-2021 @ 08:15:02 - Row :232 - Parsing failed. Reason: Importing Order(ID) conflicts with an existing post. ID: 243
10-19-2021 @ 08:15:02 - Row :233 - Parsing item.
10-19-2021 @ 08:15:02 - Row :233 - Parsing failed. Reason: Importing Order(ID) conflicts with an existing post. ID: 244
10-19-2021 @ 08:15:02 - Row :234 - Parsing item.
10-19-2021 @ 08:15:02 - Importing as new order ID:245
10-19-2021 @ 08:15:02 - Row :234 - Processing item.
10-19-2021 @ 08:15:02 - Found order object. ID:245
10-19-2021 @ 08:15:03 - Row :234 - Order imported successfully.
10-19-2021 @ 08:15:03 - Row :235 - Parsing item.
10-19-2021 @ 08:15:03 - Row :235 - Parsing failed. Reason: Importing Order(ID) conflicts with an existing post. ID: 246
10-19-2021 @ 08:15:03 - Row :236 - Parsing item.
10-19-2021 @ 08:15:03 - Row :236 - Parsing failed. Reason: Importing Order(ID) conflicts with an existing post. ID: 247
10-19-2021 @ 08:15:03 - Row :237 - Parsing item.
10-19-2021 @ 08:15:03 - Row :237 - Parsing failed. Reason: Importing Order(ID) conflicts with an existing post. ID: 248
10-19-2021 @ 08:15:03 - Row :238 - Parsing item.
10-19-2021 @ 08:15:03 - Row :238 - Parsing failed. Reason: Importing Order(ID) conflicts with an existing post. ID: 249
10-19-2021 @ 08:15:03 - Row :239 - Parsing item.
10-19-2021 @ 08:15:03 - Row :239 - Parsing failed. Reason: Importing Order(ID) conflicts with an existing post. ID: 250
10-19-2021 @ 08:15:03 - Row :240 - Parsing item.
10-19-2021 @ 08:15:03 - Row :240 - Parsing failed. Reason: Importing Order(ID) conflicts with an existing post. ID: 251
10-19-2021 @ 08:15:03 - Row :241 - Parsing item.
10-19-2021 @ 08:15:03 - Row :241 - Parsing failed. Reason: Importing Order(ID) conflicts with an existing post. ID: 252
10-19-2021 @ 08:15:03 - Row :242 - Parsing item.
10-19-2021 @ 08:15:03 - Row :242 - Parsing failed. Reason: Importing Order(ID) conflicts with an existing post. ID: 253
10-19-2021 @ 08:15:03 - Row :243 - Parsing item.
10-19-2021 @ 08:15:03 - Row :243 - Parsing failed. Reason: Importing Order(ID) conflicts with an existing post. ID: 254
10-19-2021 @ 08:15:03 - Row :244 - Parsing item.
10-19-2021 @ 08:15:03 - Row :244 - Parsing failed. Reason: Importing Order(ID) conflicts with an existing post. ID: 255
10-19-2021 @ 08:15:03 - Row :245 - Parsing item.
10-19-2021 @ 08:15:03 - Row :245 - Parsing failed. Reason: Importing Order(ID) conflicts with an existing post. ID: 256
10-19-2021 @ 08:15:03 - Row :246 - Parsing item.
10-19-2021 @ 08:15:03 - Row :246 - Parsing failed. Reason: Importing Order(ID) conflicts with an existing post. ID: 257
10-19-2021 @ 08:15:03 - Row :247 - Parsing item.
10-19-2021 @ 08:15:03 - Row :247 - Parsing failed. Reason: Importing Order(ID) conflicts with an existing post. ID: 258
10-19-2021 @ 08:15:03 - Row :248 - Parsing item.
10-19-2021 @ 08:15:03 - Row :248 - Parsing failed. Reason: Importing Order(ID) conflicts with an existing post. ID: 259
10-19-2021 @ 08:15:03 - Row :249 - Parsing item.
10-19-2021 @ 08:15:03 - Row :249 - Parsing failed. Reason: Importing Order(ID) conflicts with an existing post. ID: 260
10-19-2021 @ 08:15:03 - Row :250 - Parsing item.
10-19-2021 @ 08:15:03 - Importing as new order ID:261
10-19-2021 @ 08:15:03 - Row :250 - Processing item.
10-19-2021 @ 08:15:03 - Found order object. ID:261
10-19-2021 @ 08:15:05 - Row :250 - Order imported successfully.
10-19-2021 @ 08:15:05 - Row :251 - Parsing item.
10-19-2021 @ 08:15:05 - Row :251 - Parsing failed. Reason: Importing Order(ID) conflicts with an existing post. ID: 262
10-19-2021 @ 08:15:05 - Row :252 - Parsing item.
10-19-2021 @ 08:15:05 - Row :252 - Parsing failed. Reason: Order with same ID already exists. ID: 263
10-19-2021 @ 08:15:05 - Row :253 - Parsing item.
10-19-2021 @ 08:15:05 - Row :253 - Parsing failed. Reason: Importing Order(ID) conflicts with an existing post. ID: 264
10-19-2021 @ 08:15:05 - Row :254 - Parsing item.
10-19-2021 @ 08:15:05 - Row :254 - Parsing failed. Reason: Importing Order(ID) conflicts with an existing post. ID: 265
10-19-2021 @ 08:15:05 - Row :255 - Parsing item.
10-19-2021 @ 08:15:05 - Importing as new order ID:266
10-19-2021 @ 08:15:05 - Row :255 - Processing item.
10-19-2021 @ 08:15:05 - Found order object. ID:266
10-19-2021 @ 08:15:06 - Row :255 - Order imported successfully.
10-19-2021 @ 08:15:06 - Row :256 - Parsing item.
10-19-2021 @ 08:15:06 - Row :256 - Parsing failed. Reason: Importing Order(ID) conflicts with an existing post. ID: 267
10-19-2021 @ 08:15:06 - Row :257 - Parsing item.
10-19-2021 @ 08:15:06 - Row :257 - Parsing failed. Reason: Importing Order(ID) conflicts with an existing post. ID: 268
10-19-2021 @ 08:15:06 - Row :258 - Parsing item.
10-19-2021 @ 08:15:06 - Row :258 - Parsing failed. Reason: Importing Order(ID) conflicts with an existing post. ID: 269
10-19-2021 @ 08:15:06 - Row :259 - Parsing item.
10-19-2021 @ 08:15:06 - Row :259 - Parsing failed. Reason: Order with same ID already exists. ID: 270
10-19-2021 @ 08:15:06 - Row :260 - Parsing item.
10-19-2021 @ 08:15:06 - Row :260 - Parsing failed. Reason: Importing Order(ID) conflicts with an existing post. ID: 271
10-19-2021 @ 08:15:06 - Row :261 - Parsing item.
10-19-2021 @ 08:15:06 - Row :261 - Parsing failed. Reason: Importing Order(ID) conflicts with an existing post. ID: 272
10-19-2021 @ 08:15:06 - Row :262 - Parsing item.
10-19-2021 @ 08:15:06 - Importing as new order ID:273
10-19-2021 @ 08:15:06 - Row :262 - Processing item.
10-19-2021 @ 08:15:06 - Found order object. ID:273
10-19-2021 @ 08:15:09 - Row :262 - Order imported successfully.
10-19-2021 @ 08:15:09 - Row :263 - Parsing item.
10-19-2021 @ 08:15:09 - Row :263 - Parsing failed. Reason: Importing Order(ID) conflicts with an existing post. ID: 274
10-19-2021 @ 08:15:09 - Row :264 - Parsing item.
10-19-2021 @ 08:15:09 - Row :264 - Parsing failed. Reason: Importing Order(ID) conflicts with an existing post. ID: 275
10-19-2021 @ 08:15:09 - Row :265 - Parsing item.
10-19-2021 @ 08:15:09 - Row :265 - Parsing failed. Reason: Importing Order(ID) conflicts with an existing post. ID: 276
10-19-2021 @ 08:15:09 - Row :266 - Parsing item.
10-19-2021 @ 08:15:09 - Row :266 - Parsing failed. Reason: Importing Order(ID) conflicts with an existing post. ID: 277
10-19-2021 @ 08:15:09 - Row :267 - Parsing item.
10-19-2021 @ 08:15:09 - Row :267 - Parsing failed. Reason: Importing Order(ID) conflicts with an existing post. ID: 278
10-19-2021 @ 08:15:09 - Row :268 - Parsing item.
10-19-2021 @ 08:15:09 - Row :268 - Parsing failed. Reason: Order with same ID already exists. ID: 279
10-19-2021 @ 08:15:09 - Row :269 - Parsing item.
10-19-2021 @ 08:15:09 - Row :269 - Parsing failed. Reason: Importing Order(ID) conflicts with an existing post. ID: 280
10-19-2021 @ 08:15:09 - Row :270 - Parsing item.
10-19-2021 @ 08:15:09 - Row :270 - Parsing failed. Reason: Importing Order(ID) conflicts with an existing post. ID: 281
10-19-2021 @ 08:15:09 - Row :271 - Parsing item.
10-19-2021 @ 08:15:09 - Row :271 - Parsing failed. Reason: Importing Order(ID) conflicts with an existing post. ID: 282
10-19-2021 @ 08:15:09 - Row :272 - Parsing item.
10-19-2021 @ 08:15:09 - Importing as new order ID:283
10-19-2021 @ 08:15:09 - Row :272 - Processing item.
10-19-2021 @ 08:15:09 - Found order object. ID:283
10-19-2021 @ 08:15:11 - Row :272 - Order imported successfully.
10-19-2021 @ 08:15:11 - Row :273 - Parsing item.
10-19-2021 @ 08:15:11 - Row :273 - Parsing failed. Reason: Importing Order(ID) conflicts with an existing post. ID: 284
10-19-2021 @ 08:15:11 - Row :274 - Parsing item.
10-19-2021 @ 08:15:11 - Row :274 - Parsing failed. Reason: Order with same ID already exists. ID: 285
10-19-2021 @ 08:15:11 - Row :275 - Parsing item.
10-19-2021 @ 08:15:11 - Row :275 - Parsing failed. Reason: Importing Order(ID) conflicts with an existing post. ID: 286
10-19-2021 @ 08:15:11 - Row :276 - Parsing item.
10-19-2021 @ 08:15:11 - Row :276 - Parsing failed. Reason: Importing Order(ID) conflicts with an existing post. ID: 287
10-19-2021 @ 08:15:11 - Row :277 - Parsing item.
10-19-2021 @ 08:15:11 - Row :277 - Parsing failed. Reason: Importing Order(ID) conflicts with an existing post. ID: 288
10-19-2021 @ 08:15:11 - Row :278 - Parsing item.
10-19-2021 @ 08:15:11 - Row :278 - Parsing failed. Reason: Importing Order(ID) conflicts with an existing post. ID: 289
10-19-2021 @ 08:15:11 - Row :279 - Parsing item.
10-19-2021 @ 08:15:11 - Row :279 - Parsing failed. Reason: Importing Order(ID) conflicts with an existing post. ID: 290
10-19-2021 @ 08:15:11 - Row :280 - Parsing item.
10-19-2021 @ 08:15:11 - Importing as new order ID:291
10-19-2021 @ 08:15:11 - Row :280 - Processing item.
10-19-2021 @ 08:15:11 - Found order object. ID:291
10-19-2021 @ 08:15:13 - Row :280 - Order imported successfully.
10-19-2021 @ 08:15:13 - Row :281 - Parsing item.
10-19-2021 @ 08:15:13 - Row :281 - Parsing failed. Reason: Importing Order(ID) conflicts with an existing post. ID: 292
10-19-2021 @ 08:15:13 - Row :282 - Parsing item.
10-19-2021 @ 08:15:13 - Row :282 - Parsing failed. Reason: Importing Order(ID) conflicts with an existing post. ID: 293
10-19-2021 @ 08:15:13 - Row :283 - Parsing item.
10-19-2021 @ 08:15:13 - Row :283 - Parsing failed. Reason: Order with same ID already exists. ID: 294
10-19-2021 @ 08:15:13 - Row :284 - Parsing item.
10-19-2021 @ 08:15:13 - Row :284 - Parsing failed. Reason: Importing Order(ID) conflicts with an existing post. ID: 295
10-19-2021 @ 08:15:13 - Row :285 - Parsing item.
10-19-2021 @ 08:15:13 - Row :285 - Parsing failed. Reason: Order with same ID already exists. ID: 296
10-19-2021 @ 08:15:13 - Row :286 - Parsing item.
10-19-2021 @ 08:15:13 - Row :286 - Parsing failed. Reason: Importing Order(ID) conflicts with an existing post. ID: 297
10-19-2021 @ 08:15:13 - Row :287 - Parsing item.
10-19-2021 @ 08:15:13 - Row :287 - Parsing failed. Reason: Importing Order(ID) conflicts with an existing post. ID: 298
10-19-2021 @ 08:15:13 - Row :288 - Parsing item.
10-19-2021 @ 08:15:13 - Importing as new order ID:299
10-19-2021 @ 08:15:13 - Row :288 - Processing item.
10-19-2021 @ 08:15:13 - Found order object. ID:299
10-19-2021 @ 08:15:15 - Row :288 - Order imported successfully.
10-19-2021 @ 08:15:15 - Row :289 - Parsing item.
10-19-2021 @ 08:15:15 - Row :289 - Parsing failed. Reason: Importing Order(ID) conflicts with an existing post. ID: 300
10-19-2021 @ 08:15:15 - Row :290 - Parsing item.
10-19-2021 @ 08:15:15 - Row :290 - Parsing failed. Reason: Order with same ID already exists. ID: 301
10-19-2021 @ 08:15:15 - Row :291 - Parsing item.
10-19-2021 @ 08:15:15 - Row :291 - Parsing failed. Reason: Importing Order(ID) conflicts with an existing post. ID: 302
10-19-2021 @ 08:15:15 - Row :292 - Parsing item.
10-19-2021 @ 08:15:15 - Importing as new order ID:303
10-19-2021 @ 08:15:15 - Row :292 - Processing item.
10-19-2021 @ 08:15:15 - Found order object. ID:303
10-19-2021 @ 08:15:16 - Row :292 - Order imported successfully.
10-19-2021 @ 08:15:16 - Row :293 - Parsing item.
10-19-2021 @ 08:15:16 - Row :293 - Parsing failed. Reason: Importing Order(ID) conflicts with an existing post. ID: 304
10-19-2021 @ 08:15:16 - Row :294 - Parsing item.
10-19-2021 @ 08:15:16 - Importing as new order ID:305
10-19-2021 @ 08:15:16 - Row :294 - Processing item.
10-19-2021 @ 08:15:16 - Found order object. ID:305
10-19-2021 @ 08:15:17 - Row :294 - Order imported successfully.
10-19-2021 @ 08:15:17 - Row :295 - Parsing item.
10-19-2021 @ 08:15:17 - Row :295 - Parsing failed. Reason: Order with same ID already exists. ID: 306
10-19-2021 @ 08:15:17 - Row :296 - Parsing item.
10-19-2021 @ 08:15:17 - Importing as new order ID:307
10-19-2021 @ 08:15:17 - Row :296 - Processing item.
10-19-2021 @ 08:15:17 - Found order object. ID:307
10-19-2021 @ 08:15:19 - Row :296 - Order imported successfully.
10-19-2021 @ 08:15:19 - Row :297 - Parsing item.
10-19-2021 @ 08:15:19 - Row :297 - Parsing failed. Reason: Order with same ID already exists. ID: 308
10-19-2021 @ 08:15:19 - Row :298 - Parsing item.
10-19-2021 @ 08:15:19 - Importing as new order ID:309
10-19-2021 @ 08:15:19 - Row :298 - Processing item.
10-19-2021 @ 08:15:19 - Found order object. ID:309
10-19-2021 @ 08:15:19 - Row :298 - Order imported successfully.
10-19-2021 @ 08:15:19 - Row :299 - Parsing item.
10-19-2021 @ 08:15:19 - Importing as new order ID:310
10-19-2021 @ 08:15:19 - Row :299 - Processing item.
10-19-2021 @ 08:15:19 - Found order object. ID:310
10-19-2021 @ 08:15:21 - Row :299 - Order imported successfully.
10-19-2021 @ 08:15:21 - Row :300 - Parsing item.
10-19-2021 @ 08:15:21 - Row :300 - Parsing failed. Reason: Order with same ID already exists. ID: 311
10-19-2021 @ 08:15:21 - Row :301 - Parsing item.
10-19-2021 @ 08:15:21 - Importing as new order ID:312
10-19-2021 @ 08:15:21 - Row :301 - Processing item.
10-19-2021 @ 08:15:21 - Found order object. ID:312
10-19-2021 @ 08:15:21 - Row :301 - Order imported successfully.
10-19-2021 @ 08:15:21 - Row :302 - Parsing item.
10-19-2021 @ 08:15:21 - Importing as new order ID:313
10-19-2021 @ 08:15:21 - Row :302 - Processing item.
10-19-2021 @ 08:15:21 - Found order object. ID:313
10-19-2021 @ 08:15:23 - Row :302 - Order imported successfully.
10-19-2021 @ 08:15:23 - Row :303 - Parsing item.
10-19-2021 @ 08:15:23 - Row :303 - Parsing failed. Reason: Order with same ID already exists. ID: 314
10-19-2021 @ 08:15:23 - Row :304 - Parsing item.
10-19-2021 @ 08:15:23 - Row :304 - Parsing failed. Reason: Order with same ID already exists. ID: 315
10-19-2021 @ 08:15:23 - Row :305 - Parsing item.
10-19-2021 @ 08:15:23 - Importing as new order ID:316
10-19-2021 @ 08:15:23 - Row :305 - Processing item.
10-19-2021 @ 08:15:23 - Found order object. ID:316
10-19-2021 @ 08:15:23 - Row :305 - Order imported successfully.
10-19-2021 @ 08:15:23 - Row :306 - Parsing item.
10-19-2021 @ 08:15:23 - Importing as new order ID:317
10-19-2021 @ 08:15:23 - Row :306 - Processing item.
10-19-2021 @ 08:15:23 - Found order object. ID:317
10-19-2021 @ 08:15:26 - Row :306 - Order imported successfully.
10-19-2021 @ 08:15:26 - Row :307 - Parsing item.
10-19-2021 @ 08:15:26 - Row :307 - Parsing failed. Reason: Order with same ID already exists. ID: 318
10-19-2021 @ 08:15:26 - Row :308 - Parsing item.
10-19-2021 @ 08:15:26 - Importing as new order ID:319
10-19-2021 @ 08:15:26 - Row :308 - Processing item.
10-19-2021 @ 08:15:26 - Found order object. ID:319
10-19-2021 @ 08:15:26 - Row :308 - Order imported successfully.
10-19-2021 @ 08:15:26 - Row :309 - Parsing item.
10-19-2021 @ 08:15:26 - Importing as new order ID:320
10-19-2021 @ 08:15:26 - Row :309 - Processing item.
10-19-2021 @ 08:15:26 - Found order object. ID:320
10-19-2021 @ 08:15:27 - Row :309 - Order imported successfully.
10-19-2021 @ 08:15:27 - Row :310 - Parsing item.
10-19-2021 @ 08:15:27 - Row :310 - Parsing failed. Reason: Order with same ID already exists. ID: 321
10-19-2021 @ 08:15:27 - Row :311 - Parsing item.
10-19-2021 @ 08:15:28 - Importing as new order ID:322
10-19-2021 @ 08:15:28 - Row :311 - Processing item.
10-19-2021 @ 08:15:28 - Found order object. ID:322
10-19-2021 @ 08:15:28 - Row :311 - Order imported successfully.
10-19-2021 @ 08:15:28 - Row :312 - Parsing item.
10-19-2021 @ 08:15:28 - Importing as new order ID:323
10-19-2021 @ 08:15:28 - Row :312 - Processing item.
10-19-2021 @ 08:15:28 - Found order object. ID:323
10-19-2021 @ 08:15:30 - Row :312 - Order imported successfully.
10-19-2021 @ 08:15:30 - Row :313 - Parsing item.
10-19-2021 @ 08:15:30 - Row :313 - Parsing failed. Reason: Order with same ID already exists. ID: 324
10-19-2021 @ 08:15:30 - Row :314 - Parsing item.
10-19-2021 @ 08:15:30 - Row :314 - Parsing failed. Reason: Order with same ID already exists. ID: 325
10-19-2021 @ 08:15:30 - Row :315 - Parsing item.
10-19-2021 @ 08:15:30 - Importing as new order ID:326
10-19-2021 @ 08:15:31 - Row :315 - Processing item.
10-19-2021 @ 08:15:31 - Found order object. ID:326
10-19-2021 @ 08:15:32 - Row :315 - Order imported successfully.
10-19-2021 @ 08:15:32 - Row :316 - Parsing item.
10-19-2021 @ 08:15:32 - Row :316 - Parsing failed. Reason: Order with same ID already exists. ID: 327
10-19-2021 @ 08:15:32 - Row :317 - Parsing item.
10-19-2021 @ 08:15:32 - Importing as new order ID:328
10-19-2021 @ 08:15:32 - Row :317 - Processing item.
10-19-2021 @ 08:15:32 - Found order object. ID:328
10-19-2021 @ 08:15:33 - Row :317 - Order imported successfully.
10-19-2021 @ 08:15:33 - Row :318 - Parsing item.
10-19-2021 @ 08:15:33 - Row :318 - Parsing failed. Reason: Order with same ID already exists. ID: 329
10-19-2021 @ 08:15:33 - Row :319 - Parsing item.
10-19-2021 @ 08:15:33 - Row :319 - Parsing failed. Reason: Importing Order(ID) conflicts with an existing post. ID: 330
10-19-2021 @ 08:15:33 - Row :320 - Parsing item.
10-19-2021 @ 08:15:33 - Importing as new order ID:331
10-19-2021 @ 08:15:33 - Row :320 - Processing item.
10-19-2021 @ 08:15:34 - Found order object. ID:331
10-19-2021 @ 08:15:35 - Row :320 - Order imported successfully.
10-19-2021 @ 08:15:35 - Row :321 - Parsing item.
10-19-2021 @ 08:15:35 - Row :321 - Parsing failed. Reason: Order with same ID already exists. ID: 332
10-19-2021 @ 08:15:35 - Row :322 - Parsing item.
10-19-2021 @ 08:15:35 - Row :322 - Parsing failed. Reason: Order with same ID already exists. ID: 333
10-19-2021 @ 08:15:35 - Row :323 - Parsing item.
10-19-2021 @ 08:15:35 - Importing as new order ID:334
10-19-2021 @ 08:15:35 - Row :323 - Processing item.
10-19-2021 @ 08:15:35 - Found order object. ID:334
10-19-2021 @ 08:15:37 - Row :323 - Order imported successfully.
10-19-2021 @ 08:15:37 - Row :324 - Parsing item.
10-19-2021 @ 08:15:37 - Importing as new order ID:335
10-19-2021 @ 08:15:37 - Row :324 - Processing item.
10-19-2021 @ 08:15:37 - Found order object. ID:335
10-19-2021 @ 08:15:38 - Row :324 - Order imported successfully.
10-19-2021 @ 08:15:38 - Row :325 - Parsing item.
10-19-2021 @ 08:15:38 - Row :325 - Parsing failed. Reason: Importing Order(ID) conflicts with an existing post. ID: 336
10-19-2021 @ 08:15:38 - Row :326 - Parsing item.
10-19-2021 @ 08:15:38 - Row :326 - Parsing failed. Reason: Importing Order(ID) conflicts with an existing post. ID: 337
10-19-2021 @ 08:15:38 - Row :327 - Parsing item.
10-19-2021 @ 08:15:38 - Row :327 - Parsing failed. Reason: Order with same ID already exists. ID: 338
10-19-2021 @ 08:15:38 - Row :328 - Parsing item.
10-19-2021 @ 08:15:38 - Row :328 - Parsing failed. Reason: Importing Order(ID) conflicts with an existing post. ID: 339
10-19-2021 @ 08:15:38 - Row :329 - Parsing item.
10-19-2021 @ 08:15:38 - Row :329 - Parsing failed. Reason: Importing Order(ID) conflicts with an existing post. ID: 340
10-19-2021 @ 08:15:38 - Row :330 - Parsing item.
10-19-2021 @ 08:15:38 - Row :330 - Parsing failed. Reason: Importing Order(ID) conflicts with an existing post. ID: 341
10-19-2021 @ 08:15:38 - Row :331 - Parsing item.
10-19-2021 @ 08:15:38 - Row :331 - Parsing failed. Reason: Importing Order(ID) conflicts with an existing post. ID: 342
10-19-2021 @ 08:15:38 - Row :332 - Parsing item.
10-19-2021 @ 08:15:38 - Row :332 - Parsing failed. Reason: Importing Order(ID) conflicts with an existing post. ID: 343
10-19-2021 @ 08:15:38 - Row :333 - Parsing item.
10-19-2021 @ 08:15:38 - Row :333 - Parsing failed. Reason: Order with same ID already exists. ID: 345
10-19-2021 @ 08:15:38 - Row :334 - Parsing item.
10-19-2021 @ 08:15:38 - Row :334 - Parsing failed. Reason: Importing Order(ID) conflicts with an existing post. ID: 346
10-19-2021 @ 08:15:38 - Row :335 - Parsing item.
10-19-2021 @ 08:15:38 - Row :335 - Parsing failed. Reason: Importing Order(ID) conflicts with an existing post. ID: 347
10-19-2021 @ 08:15:38 - Row :336 - Parsing item.
10-19-2021 @ 08:15:38 - Row :336 - Parsing failed. Reason: Importing Order(ID) conflicts with an existing post. ID: 348
10-19-2021 @ 08:15:38 - Row :337 - Parsing item.
10-19-2021 @ 08:15:38 - Row :337 - Parsing failed. Reason: Importing Order(ID) conflicts with an existing post. ID: 349
10-19-2021 @ 08:15:38 - Row :338 - Parsing item.
10-19-2021 @ 08:15:38 - Importing as new order ID:350
10-19-2021 @ 08:15:38 - Row :338 - Processing item.
10-19-2021 @ 08:15:38 - Found order object. ID:350
10-19-2021 @ 08:15:39 - Row :338 - Order imported successfully.
10-19-2021 @ 08:15:39 - Row :339 - Parsing item.
10-19-2021 @ 08:15:39 - Row :339 - Parsing failed. Reason: Importing Order(ID) conflicts with an existing post. ID: 351
10-19-2021 @ 08:15:39 - Row :340 - Parsing item.
10-19-2021 @ 08:15:39 - Row :340 - Parsing failed. Reason: Order with same ID already exists. ID: 352
10-19-2021 @ 08:15:39 - Row :341 - Parsing item.
10-19-2021 @ 08:15:39 - Row :341 - Parsing failed. Reason: Importing Order(ID) conflicts with an existing post. ID: 353
10-19-2021 @ 08:15:39 - Row :342 - Parsing item.
10-19-2021 @ 08:15:39 - Importing as new order ID:354
10-19-2021 @ 08:15:39 - Row :342 - Processing item.
10-19-2021 @ 08:15:40 - Found order object. ID:354
10-19-2021 @ 08:15:40 - Row :342 - Order imported successfully.
10-19-2021 @ 08:15:40 - Row :343 - Parsing item.
10-19-2021 @ 08:15:40 - Row :343 - Parsing failed. Reason: Importing Order(ID) conflicts with an existing post. ID: 355
10-19-2021 @ 08:15:40 - Row :344 - Parsing item.
10-19-2021 @ 08:15:40 - Row :344 - Parsing failed. Reason: Importing Order(ID) conflicts with an existing post. ID: 356
10-19-2021 @ 08:15:40 - Row :345 - Parsing item.
10-19-2021 @ 08:15:40 - Row :345 - Parsing failed. Reason: Order with same ID already exists. ID: 357
10-19-2021 @ 08:15:40 - Row :346 - Parsing item.
10-19-2021 @ 08:15:40 - Row :346 - Parsing failed. Reason: Importing Order(ID) conflicts with an existing post. ID: 358
10-19-2021 @ 08:15:40 - Row :347 - Parsing item.
10-19-2021 @ 08:15:40 - Row :347 - Parsing failed. Reason: Importing Order(ID) conflicts with an existing post. ID: 359
10-19-2021 @ 08:15:40 - Row :348 - Parsing item.
10-19-2021 @ 08:15:40 - Row :348 - Parsing failed. Reason: Importing Order(ID) conflicts with an existing post. ID: 360
10-19-2021 @ 08:15:40 - Row :349 - Parsing item.
10-19-2021 @ 08:15:40 - Importing as new order ID:361
10-19-2021 @ 08:15:40 - Row :349 - Processing item.
10-19-2021 @ 08:15:40 - Found order object. ID:361
10-19-2021 @ 08:15:42 - Row :349 - Order imported successfully.
10-19-2021 @ 08:15:42 - Row :350 - Parsing item.
10-19-2021 @ 08:15:42 - Row :350 - Parsing failed. Reason: Importing Order(ID) conflicts with an existing post. ID: 362
10-19-2021 @ 08:15:42 - Row :351 - Parsing item.
10-19-2021 @ 08:15:42 - Row :351 - Parsing failed. Reason: Order with same ID already exists. ID: 363
10-19-2021 @ 08:15:42 - Row :352 - Parsing item.
10-19-2021 @ 08:15:42 - Row :352 - Parsing failed. Reason: Importing Order(ID) conflicts with an existing post. ID: 364
10-19-2021 @ 08:15:42 - Row :353 - Parsing item.
10-19-2021 @ 08:15:42 - Row :353 - Parsing failed. Reason: Order with same ID already exists. ID: 365
10-19-2021 @ 08:15:42 - Row :354 - Parsing item.
10-19-2021 @ 08:15:42 - Row :354 - Parsing failed. Reason: Importing Order(ID) conflicts with an existing post. ID: 366
10-19-2021 @ 08:15:42 - Row :355 - Parsing item.
10-19-2021 @ 08:15:43 - Importing as new order ID:367
10-19-2021 @ 08:15:43 - Row :355 - Processing item.
10-19-2021 @ 08:15:43 - Found order object. ID:367
10-19-2021 @ 08:15:45 - Row :355 - Order imported successfully.
10-19-2021 @ 08:15:45 - Row :356 - Parsing item.
10-19-2021 @ 08:15:45 - Row :356 - Parsing failed. Reason: Importing Order(ID) conflicts with an existing post. ID: 368
10-19-2021 @ 08:15:45 - Row :357 - Parsing item.
10-19-2021 @ 08:15:45 - Row :357 - Parsing failed. Reason: Order with same ID already exists. ID: 369
10-19-2021 @ 08:15:45 - Row :358 - Parsing item.
10-19-2021 @ 08:15:45 - Row :358 - Parsing failed. Reason: Importing Order(ID) conflicts with an existing post. ID: 370
10-19-2021 @ 08:15:45 - Row :359 - Parsing item.
10-19-2021 @ 08:15:45 - Row :359 - Parsing failed. Reason: Importing Order(ID) conflicts with an existing post. ID: 371
10-19-2021 @ 08:15:45 - Row :360 - Parsing item.
10-19-2021 @ 08:15:45 - Row :360 - Parsing failed. Reason: Order with same ID already exists. ID: 372
10-19-2021 @ 08:15:45 - Row :361 - Parsing item.
10-19-2021 @ 08:15:45 - Importing as new order ID:373
10-19-2021 @ 08:15:45 - Row :361 - Processing item.
10-19-2021 @ 08:15:45 - Found order object. ID:373
10-19-2021 @ 08:15:47 - Row :361 - Order imported successfully.
10-19-2021 @ 08:15:47 - Row :362 - Parsing item.
10-19-2021 @ 08:15:47 - Row :362 - Parsing failed. Reason: Order with same ID already exists. ID: 374
10-19-2021 @ 08:15:47 - Row :363 - Parsing item.
10-19-2021 @ 08:15:47 - Importing as new order ID:375
10-19-2021 @ 08:15:47 - Row :363 - Processing item.
10-19-2021 @ 08:15:47 - Found order object. ID:375
10-19-2021 @ 08:15:50 - Row :363 - Order imported successfully.
10-19-2021 @ 08:15:50 - Row :364 - Parsing item.
10-19-2021 @ 08:15:50 - Row :364 - Parsing failed. Reason: Order with same ID already exists. ID: 376
10-19-2021 @ 08:15:50 - Row :365 - Parsing item.
10-19-2021 @ 08:15:50 - Importing as new order ID:377
10-19-2021 @ 08:15:50 - Row :365 - Processing item.
10-19-2021 @ 08:15:50 - Found order object. ID:377
10-19-2021 @ 08:15:52 - Row :365 - Order imported successfully.
10-19-2021 @ 08:15:52 - Row :366 - Parsing item.
10-19-2021 @ 08:15:52 - Row :366 - Parsing failed. Reason: Order with same ID already exists. ID: 378
10-19-2021 @ 08:15:52 - Row :367 - Parsing item.
10-19-2021 @ 08:15:52 - Importing as new order ID:379
10-19-2021 @ 08:15:52 - Row :367 - Processing item.
10-19-2021 @ 08:15:52 - Found order object. ID:379
10-19-2021 @ 08:15:52 - Row :367 - Order imported successfully.
10-19-2021 @ 08:15:52 - Row :368 - Parsing item.
10-19-2021 @ 08:15:53 - Row :368 - Parsing failed. Reason: Order with same ID already exists. ID: 380
10-19-2021 @ 08:15:53 - Row :369 - Parsing item.
10-19-2021 @ 08:15:53 - Importing as new order ID:381
10-19-2021 @ 08:15:53 - Row :369 - Processing item.
10-19-2021 @ 08:15:53 - Found order object. ID:381
10-19-2021 @ 08:15:54 - Row :369 - Order imported successfully.
10-19-2021 @ 08:15:54 - Row :370 - Parsing item.
10-19-2021 @ 08:15:54 - Importing as new order ID:382
10-19-2021 @ 08:15:54 - Row :370 - Processing item.
10-19-2021 @ 08:15:54 - Found order object. ID:382
10-19-2021 @ 08:15:56 - Row :370 - Order imported successfully.
10-19-2021 @ 08:15:56 - Row :371 - Parsing item.
10-19-2021 @ 08:15:56 - Row :371 - Parsing failed. Reason: Order with same ID already exists. ID: 383
10-19-2021 @ 08:15:56 - Row :372 - Parsing item.
10-19-2021 @ 08:15:56 - Importing as new order ID:384
10-19-2021 @ 08:15:56 - Row :372 - Processing item.
10-19-2021 @ 08:15:56 - Found order object. ID:384
10-19-2021 @ 08:15:58 - Row :372 - Order imported successfully.
10-19-2021 @ 08:15:58 - Row :373 - Parsing item.
10-19-2021 @ 08:15:58 - Importing as new order ID:385
10-19-2021 @ 08:15:58 - Row :373 - Processing item.
10-19-2021 @ 08:15:58 - Found order object. ID:385
10-19-2021 @ 08:15:59 - Row :373 - Order imported successfully.
10-19-2021 @ 08:15:59 - Row :374 - Parsing item.
10-19-2021 @ 08:15:59 - Row :374 - Parsing failed. Reason: Order with same ID already exists. ID: 386
10-19-2021 @ 08:15:59 - Row :375 - Parsing item.
10-19-2021 @ 08:15:59 - Importing as new order ID:387
10-19-2021 @ 08:15:59 - Row :375 - Processing item.
10-19-2021 @ 08:15:59 - Found order object. ID:387
10-19-2021 @ 08:16:00 - Row :375 - Order imported successfully.
10-19-2021 @ 08:16:00 - Row :376 - Parsing item.
10-19-2021 @ 08:16:00 - Importing as new order ID:393
10-19-2021 @ 08:16:00 - Row :376 - Processing item.
10-19-2021 @ 08:16:00 - Found order object. ID:393
10-19-2021 @ 08:16:01 - Row :376 - Order imported successfully.
10-19-2021 @ 08:16:01 - Row :377 - Parsing item.
10-19-2021 @ 08:16:01 - Row :377 - Parsing failed. Reason: Order with same ID already exists. ID: 394
10-19-2021 @ 08:16:01 - Row :378 - Parsing item.
10-19-2021 @ 08:16:01 - Row :378 - Parsing failed. Reason: Order with same ID already exists. ID: 395
10-19-2021 @ 08:16:01 - Row :379 - Parsing item.
10-19-2021 @ 08:16:01 - Importing as new order ID:396
10-19-2021 @ 08:16:01 - Row :379 - Processing item.
10-19-2021 @ 08:16:01 - Found order object. ID:396
10-19-2021 @ 08:16:04 - Row :379 - Order imported successfully.
10-19-2021 @ 08:16:04 - Row :380 - Parsing item.
10-19-2021 @ 08:16:04 - Row :380 - Parsing failed. Reason: Order with same ID already exists. ID: 397
10-19-2021 @ 08:16:04 - Row :381 - Parsing item.
10-19-2021 @ 08:16:04 - Row :381 - Parsing failed. Reason: Order with same ID already exists. ID: 398
10-19-2021 @ 08:16:04 - Row :382 - Parsing item.
10-19-2021 @ 08:16:04 - Importing as new order ID:399
10-19-2021 @ 08:16:04 - Row :382 - Processing item.
10-19-2021 @ 08:16:04 - Found order object. ID:399
10-19-2021 @ 08:16:04 - Row :382 - Order imported successfully.
10-19-2021 @ 08:16:04 - Row :383 - Parsing item.
10-19-2021 @ 08:16:04 - Row :383 - Parsing failed. Reason: Order with same ID already exists. ID: 400
10-19-2021 @ 08:16:04 - Row :384 - Parsing item.
10-19-2021 @ 08:16:04 - Importing as new order ID:401
10-19-2021 @ 08:16:04 - Row :384 - Processing item.
10-19-2021 @ 08:16:04 - Found order object. ID:401
10-19-2021 @ 08:16:06 - Row :384 - Order imported successfully.
10-19-2021 @ 08:16:06 - Row :385 - Parsing item.
10-19-2021 @ 08:16:06 - Importing as new order ID:402
10-19-2021 @ 08:16:06 - Row :385 - Processing item.
10-19-2021 @ 08:16:06 - Found order object. ID:402
10-19-2021 @ 08:16:08 - Row :385 - Order imported successfully.
10-19-2021 @ 08:16:08 - Row :386 - Parsing item.
10-19-2021 @ 08:16:08 - Row :386 - Parsing failed. Reason: Order with same ID already exists. ID: 403
10-19-2021 @ 08:16:08 - Row :387 - Parsing item.
10-19-2021 @ 08:16:08 - Row :387 - Parsing failed. Reason: Order with same ID already exists. ID: 404
10-19-2021 @ 08:16:08 - Row :388 - Parsing item.
10-19-2021 @ 08:16:08 - Importing as new order ID:405
10-19-2021 @ 08:16:08 - Row :388 - Processing item.
10-19-2021 @ 08:16:08 - Found order object. ID:405
10-19-2021 @ 08:16:09 - Row :388 - Order imported successfully.
10-19-2021 @ 08:16:09 - Row :389 - Parsing item.
10-19-2021 @ 08:16:09 - Importing as new order ID:406
10-19-2021 @ 08:16:09 - Row :389 - Processing item.
10-19-2021 @ 08:16:09 - Found order object. ID:406
10-19-2021 @ 08:16:09 - Row :389 - Order imported successfully.
10-19-2021 @ 08:16:09 - Row :390 - Parsing item.
10-19-2021 @ 08:16:09 - Importing as new order ID:407
10-19-2021 @ 08:16:09 - Row :390 - Processing item.
10-19-2021 @ 08:16:09 - Found order object. ID:407
10-19-2021 @ 08:16:10 - Row :390 - Order imported successfully.
10-19-2021 @ 08:16:10 - Row :391 - Parsing item.
10-19-2021 @ 08:16:10 - Importing as new order ID:408
10-19-2021 @ 08:16:10 - Row :391 - Processing item.
10-19-2021 @ 08:16:10 - Found order object. ID:408
10-19-2021 @ 08:16:12 - Row :391 - Order imported successfully.
10-19-2021 @ 08:16:12 - Row :392 - Parsing item.
10-19-2021 @ 08:16:12 - Row :392 - Parsing failed. Reason: Order with same ID already exists. ID: 409
10-19-2021 @ 08:16:12 - Row :393 - Parsing item.
10-19-2021 @ 08:16:12 - Row :393 - Parsing failed. Reason: Order with same ID already exists. ID: 410
10-19-2021 @ 08:16:12 - Row :394 - Parsing item.
10-19-2021 @ 08:16:12 - Row :394 - Parsing failed. Reason: Order with same ID already exists. ID: 411
10-19-2021 @ 08:16:12 - Row :395 - Parsing item.
10-19-2021 @ 08:16:12 - Importing as new order ID:412
10-19-2021 @ 08:16:12 - Row :395 - Processing item.
10-19-2021 @ 08:16:12 - Found order object. ID:412
10-19-2021 @ 08:16:13 - Row :395 - Order imported successfully.
10-19-2021 @ 08:16:13 - Row :396 - Parsing item.
10-19-2021 @ 08:16:13 - Importing as new order ID:413
10-19-2021 @ 08:16:13 - Row :396 - Processing item.
10-19-2021 @ 08:16:13 - Found order object. ID:413
10-19-2021 @ 08:16:15 - Row :396 - Order imported successfully.
10-19-2021 @ 08:16:15 - Row :397 - Parsing item.
10-19-2021 @ 08:16:15 - Row :397 - Parsing failed. Reason: Order with same ID already exists. ID: 414
10-19-2021 @ 08:16:15 - Row :398 - Parsing item.
10-19-2021 @ 08:16:15 - Row :398 - Parsing failed. Reason: Order with same ID already exists. ID: 415
10-19-2021 @ 08:16:15 - Row :399 - Parsing item.
10-19-2021 @ 08:16:15 - Importing as new order ID:416
10-19-2021 @ 08:16:15 - Row :399 - Processing item.
10-19-2021 @ 08:16:15 - Found order object. ID:416
10-19-2021 @ 08:16:16 - Row :399 - Order imported successfully.
10-19-2021 @ 08:16:16 - Row :400 - Parsing item.
10-19-2021 @ 08:16:16 - Importing as new order ID:417
10-19-2021 @ 08:16:16 - Row :400 - Processing item.
10-19-2021 @ 08:16:16 - Found order object. ID:417
10-19-2021 @ 08:16:17 - Row :400 - Order imported successfully.
10-19-2021 @ 08:16:17 - Row :401 - Parsing item.
10-19-2021 @ 08:16:17 - Row :401 - Parsing failed. Reason: Order with same ID already exists. ID: 418
10-19-2021 @ 08:16:17 - Row :402 - Parsing item.
10-19-2021 @ 08:16:17 - Importing as new order ID:419
10-19-2021 @ 08:16:17 - Row :402 - Processing item.
10-19-2021 @ 08:16:17 - Found order object. ID:419
10-19-2021 @ 08:16:18 - Row :402 - Order imported successfully.
10-19-2021 @ 08:16:18 - Row :403 - Parsing item.
10-19-2021 @ 08:16:18 - Importing as new order ID:420
10-19-2021 @ 08:16:18 - Row :403 - Processing item.
10-19-2021 @ 08:16:18 - Found order object. ID:420
10-19-2021 @ 08:16:19 - Row :403 - Order imported successfully.
10-19-2021 @ 08:16:19 - Row :404 - Parsing item.
10-19-2021 @ 08:16:19 - Row :404 - Parsing failed. Reason: Order with same ID already exists. ID: 421
10-19-2021 @ 08:16:19 - Row :405 - Parsing item.
10-19-2021 @ 08:16:19 - Importing as new order ID:422
10-19-2021 @ 08:16:19 - Row :405 - Processing item.
10-19-2021 @ 08:16:19 - Found order object. ID:422
10-19-2021 @ 08:16:21 - Row :405 - Order imported successfully.
10-19-2021 @ 08:16:21 - Row :406 - Parsing item.
10-19-2021 @ 08:16:21 - Row :406 - Parsing failed. Reason: Order with same ID already exists. ID: 423
10-19-2021 @ 08:16:21 - Row :407 - Parsing item.
10-19-2021 @ 08:16:21 - Importing as new order ID:424
10-19-2021 @ 08:16:21 - Row :407 - Processing item.
10-19-2021 @ 08:16:21 - Found order object. ID:424
10-19-2021 @ 08:16:22 - Row :407 - Order imported successfully.
10-19-2021 @ 08:16:22 - Row :408 - Parsing item.
10-19-2021 @ 08:16:22 - Row :408 - Parsing failed. Reason: Order with same ID already exists. ID: 425
10-19-2021 @ 08:16:22 - Row :409 - Parsing item.
10-19-2021 @ 08:16:22 - Importing as new order ID:426
10-19-2021 @ 08:16:22 - Row :409 - Processing item.
10-19-2021 @ 08:16:22 - Found order object. ID:426
10-19-2021 @ 08:16:24 - Row :409 - Order imported successfully.
10-19-2021 @ 08:16:24 - Row :410 - Parsing item.
10-19-2021 @ 08:16:24 - Row :410 - Parsing failed. Reason: Order with same ID already exists. ID: 427
10-19-2021 @ 08:16:24 - Row :411 - Parsing item.
10-19-2021 @ 08:16:24 - Importing as new order ID:428
10-19-2021 @ 08:16:24 - Row :411 - Processing item.
10-19-2021 @ 08:16:24 - Found order object. ID:428
10-19-2021 @ 08:16:25 - Row :411 - Order imported successfully.
10-19-2021 @ 08:16:25 - Row :412 - Parsing item.
10-19-2021 @ 08:16:25 - Row :412 - Parsing failed. Reason: Order with same ID already exists. ID: 429
10-19-2021 @ 08:16:25 - Row :413 - Parsing item.
10-19-2021 @ 08:16:25 - Importing as new order ID:430
10-19-2021 @ 08:16:25 - Row :413 - Processing item.
10-19-2021 @ 08:16:25 - Found order object. ID:430
10-19-2021 @ 08:16:28 - Row :413 - Order imported successfully.
10-19-2021 @ 08:16:28 - Row :414 - Parsing item.
10-19-2021 @ 08:16:28 - Row :414 - Parsing failed. Reason: Order with same ID already exists. ID: 431
10-19-2021 @ 08:16:28 - Row :415 - Parsing item.
10-19-2021 @ 08:16:28 - Row :415 - Parsing failed. Reason: Order with same ID already exists. ID: 432
10-19-2021 @ 08:16:28 - Row :416 - Parsing item.
10-19-2021 @ 08:16:28 - Row :416 - Parsing failed. Reason: Order with same ID already exists. ID: 433
10-19-2021 @ 08:16:28 - Row :417 - Parsing item.
10-19-2021 @ 08:16:28 - Importing as new order ID:434
10-19-2021 @ 08:16:28 - Row :417 - Processing item.
10-19-2021 @ 08:16:28 - Found order object. ID:434
10-19-2021 @ 08:16:28 - Row :417 - Order imported successfully.
10-19-2021 @ 08:16:28 - Row :418 - Parsing item.
10-19-2021 @ 08:16:28 - Row :418 - Parsing failed. Reason: Order with same ID already exists. ID: 435
10-19-2021 @ 08:16:28 - Row :419 - Parsing item.
10-19-2021 @ 08:16:28 - Importing as new order ID:436
10-19-2021 @ 08:16:28 - Row :419 - Processing item.
10-19-2021 @ 08:16:28 - Found order object. ID:436
10-19-2021 @ 08:16:30 - Row :419 - Order imported successfully.
10-19-2021 @ 08:16:30 - Row :420 - Parsing item.
10-19-2021 @ 08:16:30 - Importing as new order ID:437
10-19-2021 @ 08:16:30 - Row :420 - Processing item.
10-19-2021 @ 08:16:30 - Found order object. ID:437
10-19-2021 @ 08:16:32 - Row :420 - Order imported successfully.
10-19-2021 @ 08:16:32 - Row :421 - Parsing item.
10-19-2021 @ 08:16:32 - Row :421 - Parsing failed. Reason: Order with same ID already exists. ID: 438
10-19-2021 @ 08:16:32 - Row :422 - Parsing item.
10-19-2021 @ 08:16:32 - Row :422 - Parsing failed. Reason: Order with same ID already exists. ID: 439
10-19-2021 @ 08:16:32 - Row :423 - Parsing item.
10-19-2021 @ 08:16:32 - Row :423 - Parsing failed. Reason: Order with same ID already exists. ID: 440
10-19-2021 @ 08:16:32 - Row :424 - Parsing item.
10-19-2021 @ 08:16:32 - Importing as new order ID:441
10-19-2021 @ 08:16:32 - Row :424 - Processing item.
10-19-2021 @ 08:16:32 - Found order object. ID:441
10-19-2021 @ 08:16:33 - Row :424 - Order imported successfully.
10-19-2021 @ 08:16:33 - Row :425 - Parsing item.
10-19-2021 @ 08:16:33 - Row :425 - Parsing failed. Reason: Order with same ID already exists. ID: 442
10-19-2021 @ 08:16:33 - Row :426 - Parsing item.
10-19-2021 @ 08:16:33 - Importing as new order ID:443
10-19-2021 @ 08:16:33 - Row :426 - Processing item.
10-19-2021 @ 08:16:34 - Found order object. ID:443
10-19-2021 @ 08:16:36 - Row :426 - Order imported successfully.
10-19-2021 @ 08:16:36 - Row :427 - Parsing item.
10-19-2021 @ 08:16:36 - Row :427 - Parsing failed. Reason: Order with same ID already exists. ID: 444
10-19-2021 @ 08:16:36 - Row :428 - Parsing item.
10-19-2021 @ 08:16:36 - Importing as new order ID:92059
10-19-2021 @ 08:16:36 - Row :428 - Processing item.
10-19-2021 @ 08:16:36 - Found order object. ID:92059
10-19-2021 @ 08:16:36 - Row :428 - Order imported successfully.
10-19-2021 @ 08:16:36 - Row :429 - Parsing item.
10-19-2021 @ 08:16:36 - Importing as new order ID:446
10-19-2021 @ 08:16:36 - Row :429 - Processing item.
10-19-2021 @ 08:16:36 - Found order object. ID:446
10-19-2021 @ 08:16:38 - Row :429 - Order imported successfully.
10-19-2021 @ 08:16:38 - Row :430 - Parsing item.
10-19-2021 @ 08:16:38 - Row :430 - Parsing failed. Reason: Order with same ID already exists. ID: 447
10-19-2021 @ 08:16:38 - Row :431 - Parsing item.
10-19-2021 @ 08:16:38 - Importing as new order ID:448
10-19-2021 @ 08:16:38 - Row :431 - Processing item.
10-19-2021 @ 08:16:38 - Found order object. ID:448
10-19-2021 @ 08:16:39 - Row :431 - Order imported successfully.
10-19-2021 @ 08:16:39 - Row :432 - Parsing item.
10-19-2021 @ 08:16:39 - Importing as new order ID:449
10-19-2021 @ 08:16:39 - Row :432 - Processing item.
10-19-2021 @ 08:16:39 - Found order object. ID:449
10-19-2021 @ 08:16:39 - Row :432 - Order imported successfully.
10-19-2021 @ 08:16:39 - Row :433 - Parsing item.
10-19-2021 @ 08:16:39 - Row :433 - Parsing failed. Reason: Order with same ID already exists. ID: 450
10-19-2021 @ 08:16:39 - Row :434 - Parsing item.
10-19-2021 @ 08:16:39 - Importing as new order ID:451
10-19-2021 @ 08:16:39 - Row :434 - Processing item.
10-19-2021 @ 08:16:39 - Found order object. ID:451
10-19-2021 @ 08:16:42 - Row :434 - Order imported successfully.
10-19-2021 @ 08:16:42 - Row :435 - Parsing item.
10-19-2021 @ 08:16:42 - Row :435 - Parsing failed. Reason: Order with same ID already exists. ID: 452
10-19-2021 @ 08:16:42 - Row :436 - Parsing item.
10-19-2021 @ 08:16:42 - Importing as new order ID:453
10-19-2021 @ 08:16:42 - Row :436 - Processing item.
10-19-2021 @ 08:16:42 - Found order object. ID:453
10-19-2021 @ 08:16:43 - Row :436 - Order imported successfully.
10-19-2021 @ 08:16:43 - Row :437 - Parsing item.
10-19-2021 @ 08:16:43 - Row :437 - Parsing failed. Reason: Order with same ID already exists. ID: 454
10-19-2021 @ 08:16:43 - Row :438 - Parsing item.
10-19-2021 @ 08:16:43 - Importing as new order ID:455
10-19-2021 @ 08:16:43 - Row :438 - Processing item.
10-19-2021 @ 08:16:43 - Found order object. ID:455
10-19-2021 @ 08:16:44 - Row :438 - Order imported successfully.
10-19-2021 @ 08:16:44 - Row :439 - Parsing item.
10-19-2021 @ 08:16:44 - Importing as new order ID:456
10-19-2021 @ 08:16:44 - Row :439 - Processing item.
10-19-2021 @ 08:16:44 - Found order object. ID:456
10-19-2021 @ 08:16:44 - Row :439 - Order imported successfully.
10-19-2021 @ 08:16:44 - Row :440 - Parsing item.
10-19-2021 @ 08:16:44 - Importing as new order ID:457
10-19-2021 @ 08:16:44 - Row :440 - Processing item.
10-19-2021 @ 08:16:44 - Found order object. ID:457
10-19-2021 @ 08:16:45 - Row :440 - Order imported successfully.
10-19-2021 @ 08:16:45 - Row :441 - Parsing item.
10-19-2021 @ 08:16:45 - Row :441 - Parsing failed. Reason: Order with same ID already exists. ID: 458
10-19-2021 @ 08:16:45 - Row :442 - Parsing item.
10-19-2021 @ 08:16:45 - Importing as new order ID:459
10-19-2021 @ 08:16:46 - Row :442 - Processing item.
10-19-2021 @ 08:16:46 - Found order object. ID:459
10-19-2021 @ 08:16:48 - Row :442 - Order imported successfully.
10-19-2021 @ 08:16:48 - Row :443 - Parsing item.
10-19-2021 @ 08:16:48 - Row :443 - Parsing failed. Reason: Order with same ID already exists. ID: 460
10-19-2021 @ 08:16:48 - Row :444 - Parsing item.
10-19-2021 @ 08:16:48 - Row :444 - Parsing failed. Reason: Order with same ID already exists. ID: 461
10-19-2021 @ 08:16:48 - Row :445 - Parsing item.
10-19-2021 @ 08:16:48 - Row :445 - Parsing failed. Reason: Order with same ID already exists. ID: 462
10-19-2021 @ 08:16:48 - Row :446 - Parsing item.
10-19-2021 @ 08:16:48 - Importing as new order ID:463
10-19-2021 @ 08:16:48 - Row :446 - Processing item.
10-19-2021 @ 08:16:48 - Found order object. ID:463
10-19-2021 @ 08:16:48 - Row :446 - Order imported successfully.
10-19-2021 @ 08:16:48 - Row :447 - Parsing item.
10-19-2021 @ 08:16:48 - Importing as new order ID:464
10-19-2021 @ 08:16:48 - Row :447 - Processing item.
10-19-2021 @ 08:16:48 - Found order object. ID:464
10-19-2021 @ 08:16:51 - Row :447 - Order imported successfully.
10-19-2021 @ 08:16:51 - Row :448 - Parsing item.
10-19-2021 @ 08:16:51 - Row :448 - Parsing failed. Reason: Order with same ID already exists. ID: 465
10-19-2021 @ 08:16:51 - Row :449 - Parsing item.
10-19-2021 @ 08:16:51 - Importing as new order ID:466
10-19-2021 @ 08:16:51 - Row :449 - Processing item.
10-19-2021 @ 08:16:51 - Found order object. ID:466
10-19-2021 @ 08:16:53 - Row :449 - Order imported successfully.
10-19-2021 @ 08:16:53 - Row :450 - Parsing item.
10-19-2021 @ 08:16:53 - Row :450 - Parsing failed. Reason: Order with same ID already exists. ID: 467
10-19-2021 @ 08:16:53 - Row :451 - Parsing item.
10-19-2021 @ 08:16:53 - Row :451 - Parsing failed. Reason: Order with same ID already exists. ID: 468
10-19-2021 @ 08:16:53 - Row :452 - Parsing item.
10-19-2021 @ 08:16:53 - Importing as new order ID:469
10-19-2021 @ 08:16:53 - Row :452 - Processing item.
10-19-2021 @ 08:16:53 - Found order object. ID:469
10-19-2021 @ 08:16:53 - Row :452 - Order imported successfully.
10-19-2021 @ 08:16:53 - Row :453 - Parsing item.
10-19-2021 @ 08:16:54 - Row :453 - Parsing failed. Reason: Order with same ID already exists. ID: 470
10-19-2021 @ 08:16:54 - Row :454 - Parsing item.
10-19-2021 @ 08:16:54 - Importing as new order ID:471
10-19-2021 @ 08:16:54 - Row :454 - Processing item.
10-19-2021 @ 08:16:54 - Found order object. ID:471
10-19-2021 @ 08:16:55 - Row :454 - Order imported successfully.
10-19-2021 @ 08:16:55 - Row :455 - Parsing item.
10-19-2021 @ 08:16:55 - Importing as new order ID:472
10-19-2021 @ 08:16:55 - Row :455 - Processing item.
10-19-2021 @ 08:16:55 - Found order object. ID:472
10-19-2021 @ 08:16:56 - Row :455 - Order imported successfully.
10-19-2021 @ 08:16:56 - Row :456 - Parsing item.
10-19-2021 @ 08:16:56 - Row :456 - Parsing failed. Reason: Order with same ID already exists. ID: 473
10-19-2021 @ 08:16:56 - Row :457 - Parsing item.
10-19-2021 @ 08:16:56 - Importing as new order ID:474
10-19-2021 @ 08:16:56 - Row :457 - Processing item.
10-19-2021 @ 08:16:56 - Found order object. ID:474
10-19-2021 @ 08:16:58 - Row :457 - Order imported successfully.
10-19-2021 @ 08:16:58 - Row :458 - Parsing item.
10-19-2021 @ 08:16:58 - Row :458 - Parsing failed. Reason: Order with same ID already exists. ID: 475
10-19-2021 @ 08:16:58 - Row :459 - Parsing item.
10-19-2021 @ 08:16:58 - Row :459 - Parsing failed. Reason: Order with same ID already exists. ID: 476
10-19-2021 @ 08:16:58 - Row :460 - Parsing item.
10-19-2021 @ 08:16:58 - Importing as new order ID:477
10-19-2021 @ 08:16:58 - Row :460 - Processing item.
10-19-2021 @ 08:16:58 - Found order object. ID:477
10-19-2021 @ 08:17:00 - Row :460 - Order imported successfully.
10-19-2021 @ 08:17:00 - Row :461 - Parsing item.
10-19-2021 @ 08:17:00 - Row :461 - Parsing failed. Reason: Order with same ID already exists. ID: 478
10-19-2021 @ 08:17:00 - Row :462 - Parsing item.
10-19-2021 @ 08:17:00 - Importing as new order ID:479
10-19-2021 @ 08:17:00 - Row :462 - Processing item.
10-19-2021 @ 08:17:00 - Found order object. ID:479
10-19-2021 @ 08:17:01 - Row :462 - Order imported successfully.
10-19-2021 @ 08:17:01 - Row :463 - Parsing item.
10-19-2021 @ 08:17:01 - Row :463 - Parsing failed. Reason: Order with same ID already exists. ID: 480
10-19-2021 @ 08:17:01 - Row :464 - Parsing item.
10-19-2021 @ 08:17:01 - Row :464 - Parsing failed. Reason: Order with same ID already exists. ID: 481
10-19-2021 @ 08:17:01 - Row :465 - Parsing item.
10-19-2021 @ 08:17:01 - Importing as new order ID:482
10-19-2021 @ 08:17:02 - Row :465 - Processing item.
10-19-2021 @ 08:17:02 - Found order object. ID:482
10-19-2021 @ 08:17:03 - Row :465 - Order imported successfully.
10-19-2021 @ 08:17:03 - Row :466 - Parsing item.
10-19-2021 @ 08:17:03 - Row :466 - Parsing failed. Reason: Order with same ID already exists. ID: 483
10-19-2021 @ 08:17:03 - Row :467 - Parsing item.
10-19-2021 @ 08:17:03 - Importing as new order ID:484
10-19-2021 @ 08:17:03 - Row :467 - Processing item.
10-19-2021 @ 08:17:03 - Found order object. ID:484
10-19-2021 @ 08:17:04 - Row :467 - Order imported successfully.
10-19-2021 @ 08:17:04 - Row :468 - Parsing item.
10-19-2021 @ 08:17:04 - Row :468 - Parsing failed. Reason: Order with same ID already exists. ID: 485
10-19-2021 @ 08:17:04 - Row :469 - Parsing item.
10-19-2021 @ 08:17:04 - Row :469 - Parsing failed. Reason: Order with same ID already exists. ID: 486
10-19-2021 @ 08:17:04 - Row :470 - Parsing item.
10-19-2021 @ 08:17:04 - Row :470 - Parsing failed. Reason: Importing Order(ID) conflicts with an existing post. ID: 487
10-19-2021 @ 08:17:04 - Row :471 - Parsing item.
10-19-2021 @ 08:17:04 - Importing as new order ID:488
10-19-2021 @ 08:17:04 - Row :471 - Processing item.
10-19-2021 @ 08:17:04 - Found order object. ID:488
10-19-2021 @ 08:17:07 - Row :471 - Order imported successfully.
10-19-2021 @ 08:17:07 - Row :472 - Parsing item.
10-19-2021 @ 08:17:07 - Row :472 - Parsing failed. Reason: Order with same ID already exists. ID: 489
10-19-2021 @ 08:17:07 - Row :473 - Parsing item.
10-19-2021 @ 08:17:07 - Row :473 - Parsing failed. Reason: Order with same ID already exists. ID: 490
10-19-2021 @ 08:17:07 - Row :474 - Parsing item.
10-19-2021 @ 08:17:07 - Row :474 - Parsing failed. Reason: Order with same ID already exists. ID: 517
10-19-2021 @ 08:17:07 - Row :475 - Parsing item.
10-19-2021 @ 08:17:07 - Importing as new order ID:518
10-19-2021 @ 08:17:07 - Row :475 - Processing item.
10-19-2021 @ 08:17:07 - Found order object. ID:518
10-19-2021 @ 08:17:07 - Row :475 - Order imported successfully.
10-19-2021 @ 08:17:07 - Row :476 - Parsing item.
10-19-2021 @ 08:17:07 - Importing as new order ID:519
10-19-2021 @ 08:17:07 - Row :476 - Processing item.
10-19-2021 @ 08:17:07 - Found order object. ID:519
10-19-2021 @ 08:17:09 - Row :476 - Order imported successfully.
10-19-2021 @ 08:17:09 - Row :477 - Parsing item.
10-19-2021 @ 08:17:10 - Row :477 - Parsing failed. Reason: Order with same ID already exists. ID: 520
10-19-2021 @ 08:17:10 - Row :478 - Parsing item.
10-19-2021 @ 08:17:10 - Row :478 - Parsing failed. Reason: Order with same ID already exists. ID: 521
10-19-2021 @ 08:17:10 - Row :479 - Parsing item.
10-19-2021 @ 08:17:10 - Row :479 - Parsing failed. Reason: Order with same ID already exists. ID: 522
10-19-2021 @ 08:17:10 - Row :480 - Parsing item.
10-19-2021 @ 08:17:10 - Row :480 - Parsing failed. Reason: Importing Order(ID) conflicts with an existing post. ID: 523
10-19-2021 @ 08:17:10 - Row :481 - Parsing item.
10-19-2021 @ 08:17:10 - Importing as new order ID:524
10-19-2021 @ 08:17:10 - Row :481 - Processing item.
10-19-2021 @ 08:17:10 - Found order object. ID:524
10-19-2021 @ 08:17:11 - Row :481 - Order imported successfully.
10-19-2021 @ 08:17:11 - Row :482 - Parsing item.
10-19-2021 @ 08:17:11 - Row :482 - Parsing failed. Reason: Order with same ID already exists. ID: 525
10-19-2021 @ 08:17:11 - Row :483 - Parsing item.
10-19-2021 @ 08:17:11 - Row :483 - Parsing failed. Reason: Importing Order(ID) conflicts with an existing post. ID: 526
10-19-2021 @ 08:17:11 - Row :484 - Parsing item.
10-19-2021 @ 08:17:11 - Row :484 - Parsing failed. Reason: Importing Order(ID) conflicts with an existing post. ID: 527
10-19-2021 @ 08:17:11 - Row :485 - Parsing item.
10-19-2021 @ 08:17:11 - Row :485 - Parsing failed. Reason: Importing Order(ID) conflicts with an existing post. ID: 528
10-19-2021 @ 08:17:11 - Row :486 - Parsing item.
10-19-2021 @ 08:17:11 - Importing as new order ID:529
10-19-2021 @ 08:17:11 - Row :486 - Processing item.
10-19-2021 @ 08:17:11 - Found order object. ID:529
10-19-2021 @ 08:17:13 - Row :486 - Order imported successfully.
10-19-2021 @ 08:17:13 - Row :487 - Parsing item.
10-19-2021 @ 08:17:13 - Row :487 - Parsing failed. Reason: Importing Order(ID) conflicts with an existing post. ID: 530
10-19-2021 @ 08:17:13 - Row :488 - Parsing item.
10-19-2021 @ 08:17:13 - Row :488 - Parsing failed. Reason: Importing Order(ID) conflicts with an existing post. ID: 531
10-19-2021 @ 08:17:13 - Row :489 - Parsing item.
10-19-2021 @ 08:17:13 - Row :489 - Parsing failed. Reason: Importing Order(ID) conflicts with an existing post. ID: 532
10-19-2021 @ 08:17:13 - Row :490 - Parsing item.
10-19-2021 @ 08:17:13 - Row :490 - Parsing failed. Reason: Importing Order(ID) conflicts with an existing post. ID: 533
10-19-2021 @ 08:17:13 - Row :491 - Parsing item.
10-19-2021 @ 08:17:13 - Row :491 - Parsing failed. Reason: Importing Order(ID) conflicts with an existing post. ID: 534
10-19-2021 @ 08:17:13 - Row :492 - Parsing item.
10-19-2021 @ 08:17:13 - Row :492 - Parsing failed. Reason: Importing Order(ID) conflicts with an existing post. ID: 535
10-19-2021 @ 08:17:13 - Row :493 - Parsing item.
10-19-2021 @ 08:17:13 - Row :493 - Parsing failed. Reason: Order with same ID already exists. ID: 536
10-19-2021 @ 08:17:13 - Row :494 - Parsing item.
10-19-2021 @ 08:17:13 - Row :494 - Parsing failed. Reason: Importing Order(ID) conflicts with an existing post. ID: 537
10-19-2021 @ 08:17:13 - Row :495 - Parsing item.
10-19-2021 @ 08:17:14 - Importing as new order ID:538
10-19-2021 @ 08:17:14 - Row :495 - Processing item.
10-19-2021 @ 08:17:14 - Found order object. ID:538
10-19-2021 @ 08:17:16 - Row :495 - Order imported successfully.
10-19-2021 @ 08:17:16 - Row :496 - Parsing item.
10-19-2021 @ 08:17:16 - Row :496 - Parsing failed. Reason: Importing Order(ID) conflicts with an existing post. ID: 539
10-19-2021 @ 08:17:16 - Row :497 - Parsing item.
10-19-2021 @ 08:17:16 - Row :497 - Parsing failed. Reason: Order with same ID already exists. ID: 540
10-19-2021 @ 08:17:16 - Row :498 - Parsing item.
10-19-2021 @ 08:17:16 - Importing as new order ID:541
10-19-2021 @ 08:17:16 - Row :498 - Processing item.
10-19-2021 @ 08:17:16 - Found order object. ID:541
10-19-2021 @ 08:17:17 - Row :498 - Order imported successfully.
10-19-2021 @ 08:17:17 - Row :499 - Parsing item.
10-19-2021 @ 08:17:17 - Row :499 - Parsing failed. Reason: Order with same ID already exists. ID: 542
10-19-2021 @ 08:17:17 - Row :500 - Parsing item.
10-19-2021 @ 08:17:17 - Importing as new order ID:543
10-19-2021 @ 08:17:17 - Row :500 - Processing item.
10-19-2021 @ 08:17:17 - Found order object. ID:543
10-19-2021 @ 08:17:18 - Row :500 - Order imported successfully.
